6.699,27.778,0
6.699,27.851,0
6.699,27.923,0
6.699,27.995,0
6.699,28.068,0
6.699,28.14,0
6.699,28.213,0
6.699,28.285,0
6.699,28.357,0
6.699,28.43,0
6.699,28.502,0
6.699,28.575,0
6.699,28.647,0
6.699,28.719,0
6.699,28.792,0
6.699,28.864,0
6.699,28.937,0
6.699,29.009,0
6.699,29.081,0
6.699,29.154,0
6.699,29.226,0
6.699,29.299,0
6.699,29.371,0
6.699,29.444,0
6.699,29.516,0
6.699,29.588,0
6.699,29.661,0
6.699,29.733,0
6.699,29.806,0
6.699,29.878,0
6.699,29.95,0
6.699,30.023,0
6.699,30.095,0
6.699,30.168,0
6.699,30.24,0
6.699,30.312,0
6.699,30.385,0
6.699,30.457,0
6.699,30.53,0
6.699,30.602,0
6.7368,27.778,0
6.7368,27.851,0
6.7368,27.923,0
6.7368,27.995,0
6.7368,28.068,0
6.7368,28.14,0
6.7368,28.213,0
6.7368,28.285,0
6.7368,28.357,0
6.7368,28.43,0
6.7368,28.502,0
6.7368,28.575,0
6.7368,28.647,0
6.7368,28.719,0
6.7368,28.792,0
6.7368,28.864,0
6.7368,28.937,0
6.7368,29.009,0
6.7368,29.081,0
6.7368,29.154,0
6.7368,29.226,0
6.7368,29.299,0
6.7368,29.371,0
6.7368,29.444,0
6.7368,29.516,0
6.7368,29.588,0
6.7368,29.661,0
6.7368,29.733,0
6.7368,29.806,0
6.7368,29.878,0
6.7368,29.95,0
6.7368,30.023,0
6.7368,30.095,0
6.7368,30.168,0
6.7368,30.24,0
6.7368,30.312,0
6.7368,30.385,0
6.7368,30.457,0
6.7368,30.53,0
6.7368,30.602,0
6.7747,27.778,0
6.7747,27.851,0
6.7747,27.923,0
6.7747,27.995,0
6.7747,28.068,0
6.7747,28.14,0
6.7747,28.213,0
6.7747,28.285,0
6.7747,28.357,0
6.7747,28.43,0
6.7747,28.502,0
6.7747,28.575,0
6.7747,28.647,0
6.7747,28.719,0
6.7747,28.792,0
6.7747,28.864,0
6.7747,28.937,0
6.7747,29.009,0
6.7747,29.081,0
6.7747,29.154,0
6.7747,29.226,0
6.7747,29.299,0
6.7747,29.371,0
6.7747,29.444,0
6.7747,29.516,0
6.7747,29.588,0
6.7747,29.661,0
6.7747,29.733,0
6.7747,29.806,0
6.7747,29.878,0
6.7747,29.95,0
6.7747,30.023,0
6.7747,30.095,0
6.7747,30.168,0
6.7747,30.24,0
6.7747,30.312,0
6.7747,30.385,0
6.7747,30.457,0
6.7747,30.53,0
6.7747,30.602,0
6.8126,27.778,0
6.8126,27.851,0
6.8126,27.923,0
6.8126,27.995,0
6.8126,28.068,0
6.8126,28.14,0
6.8126,28.213,0
6.8126,28.285,0
6.8126,28.357,0
6.8126,28.43,0
6.8126,28.502,0
6.8126,28.575,0
6.8126,28.647,0
6.8126,28.719,0
6.8126,28.792,0
6.8126,28.864,0
6.8126,28.937,0
6.8126,29.009,0
6.8126,29.081,0
6.8126,29.154,0
6.8126,29.226,0
6.8126,29.299,0
6.8126,29.371,0
6.8126,29.444,0
6.8126,29.516,0
6.8126,29.588,0
6.8126,29.661,0
6.8126,29.733,0
6.8126,29.806,0
6.8126,29.878,0
6.8126,29.95,0
6.8126,30.023,0
6.8126,30.095,0
6.8126,30.168,0
6.8126,30.24,0
6.8126,30.312,0
6.8126,30.385,0
6.8126,30.457,0
6.8126,30.53,0
6.8126,30.602,0
6.8505,27.778,0
6.8505,27.851,0
6.8505,27.923,0
6.8505,27.995,0
6.8505,28.068,0
6.8505,28.14,0
6.8505,28.213,0
6.8505,28.285,0
6.8505,28.357,0
6.8505,28.43,0
6.8505,28.502,0
6.8505,28.575,0
6.8505,28.647,0
6.8505,28.719,0
6.8505,28.792,0
6.8505,28.864,0
6.8505,28.937,0
6.8505,29.009,0
6.8505,29.081,0
6.8505,29.154,0
6.8505,29.226,0
6.8505,29.299,0
6.8505,29.371,0
6.8505,29.444,0
6.8505,29.516,0
6.8505,29.588,0
6.8505,29.661,0
6.8505,29.733,0
6.8505,29.806,0
6.8505,29.878,0
6.8505,29.95,0
6.8505,30.023,0
6.8505,30.095,0
6.8505,30.168,0
6.8505,30.24,0
6.8505,30.312,0
6.8505,30.385,0
6.8505,30.457,0
6.8505,30.53,0
6.8505,30.602,0
6.8884,27.778,0
6.8884,27.851,0
6.8884,27.923,0
6.8884,27.995,0
6.8884,28.068,0
6.8884,28.14,0
6.8884,28.213,0
6.8884,28.285,0
6.8884,28.357,0
6.8884,28.43,0
6.8884,28.502,0
6.8884,28.575,0
6.8884,28.647,0
6.8884,28.719,0
6.8884,28.792,0
6.8884,28.864,0
6.8884,28.937,0
6.8884,29.009,0
6.8884,29.081,0
6.8884,29.154,0
6.8884,29.226,0
6.8884,29.299,0
6.8884,29.371,0
6.8884,29.444,0
6.8884,29.516,0
6.8884,29.588,0
6.8884,29.661,0
6.8884,29.733,0
6.8884,29.806,0
6.8884,29.878,0
6.8884,29.95,0
6.8884,30.023,0
6.8884,30.095,0
6.8884,30.168,0
6.8884,30.24,0
6.8884,30.312,0
6.8884,30.385,0
6.8884,30.457,0
6.8884,30.53,0
6.8884,30.602,0
6.9262,27.778,0
6.9262,27.851,0
6.9262,27.923,0
6.9262,27.995,0
6.9262,28.068,0
6.9262,28.14,0
6.9262,28.213,0
6.9262,28.285,0
6.9262,28.357,0
6.9262,28.43,0
6.9262,28.502,0
6.9262,28.575,0
6.9262,28.647,0
6.9262,28.719,0
6.9262,28.792,0
6.9262,28.864,0
6.9262,28.937,0
6.9262,29.009,0
6.9262,29.081,0
6.9262,29.154,0
6.9262,29.226,0
6.9262,29.299,0
6.9262,29.371,0
6.9262,29.444,0
6.9262,29.516,0
6.9262,29.588,0
6.9262,29.661,0
6.9262,29.733,0
6.9262,29.806,0
6.9262,29.878,0
6.9262,29.95,0
6.9262,30.023,0
6.9262,30.095,0
6.9262,30.168,0
6.9262,30.24,0
6.9262,30.312,0
6.9262,30.385,0
6.9262,30.457,0
6.9262,30.53,0
6.9262,30.602,0
6.9641,27.778,0
6.9641,27.851,0
6.9641,27.923,0
6.9641,27.995,0
6.9641,28.068,0
6.9641,28.14,0
6.9641,28.213,0
6.9641,28.285,0
6.9641,28.357,0
6.9641,28.43,0
6.9641,28.502,0
6.9641,28.575,0
6.9641,28.647,0
6.9641,28.719,0
6.9641,28.792,0
6.9641,28.864,0
6.9641,28.937,0
6.9641,29.009,0
6.9641,29.081,0
6.9641,29.154,0
6.9641,29.226,0
6.9641,29.299,0
6.9641,29.371,0
6.9641,29.444,0
6.9641,29.516,0
6.9641,29.588,0
6.9641,29.661,0
6.9641,29.733,0
6.9641,29.806,0
6.9641,29.878,0
6.9641,29.95,0
6.9641,30.023,0
6.9641,30.095,0
6.9641,30.168,0
6.9641,30.24,0
6.9641,30.312,0
6.9641,30.385,0
6.9641,30.457,0
6.9641,30.53,0
6.9641,30.602,0
7.002,27.778,0
7.002,27.851,0
7.002,27.923,0
7.002,27.995,0
7.002,28.068,0
7.002,28.14,0
7.002,28.213,0
7.002,28.285,0
7.002,28.357,0
7.002,28.43,0
7.002,28.502,0
7.002,28.575,0
7.002,28.647,0
7.002,28.719,0
7.002,28.792,0
7.002,28.864,0
7.002,28.937,0
7.002,29.009,0
7.002,29.081,0
7.002,29.154,0
7.002,29.226,0
7.002,29.299,0
7.002,29.371,0
7.002,29.444,0
7.002,29.516,0
7.002,29.588,0
7.002,29.661,0
7.002,29.733,0
7.002,29.806,0
7.002,29.878,0
7.002,29.95,0
7.002,30.023,0
7.002,30.095,0
7.002,30.168,0
7.002,30.24,0
7.002,30.312,0
7.002,30.385,0
7.002,30.457,0
7.002,30.53,0
7.002,30.602,0
7.0399,27.778,0
7.0399,27.851,0
7.0399,27.923,0
7.0399,27.995,0
7.0399,28.068,0
7.0399,28.14,0
7.0399,28.213,0
7.0399,28.285,0
7.0399,28.357,0
7.0399,28.43,0
7.0399,28.502,0
7.0399,28.575,0
7.0399,28.647,0
7.0399,28.719,0
7.0399,28.792,0
7.0399,28.864,0
7.0399,28.937,0
7.0399,29.009,0
7.0399,29.081,0
7.0399,29.154,0
7.0399,29.226,0
7.0399,29.299,0
7.0399,29.371,0
7.0399,29.444,0
7.0399,29.516,0
7.0399,29.588,0
7.0399,29.661,0
7.0399,29.733,0
7.0399,29.806,0
7.0399,29.878,0
7.0399,29.95,0
7.0399,30.023,0
7.0399,30.095,0
7.0399,30.168,0
7.0399,30.24,0
7.0399,30.312,0
7.0399,30.385,0
7.0399,30.457,0
7.0399,30.53,0
7.0399,30.602,0
7.0778,27.778,0
7.0778,27.851,0
7.0778,27.923,0
7.0778,27.995,0
7.0778,28.068,0
7.0778,28.14,0
7.0778,28.213,0
7.0778,28.285,0
7.0778,28.357,0
7.0778,28.43,0
7.0778,28.502,0
7.0778,28.575,0
7.0778,28.647,0
7.0778,28.719,0
7.0778,28.792,0
7.0778,28.864,0
7.0778,28.937,0
7.0778,29.009,0
7.0778,29.081,0
7.0778,29.154,0
7.0778,29.226,0
7.0778,29.299,0
7.0778,29.371,0
7.0778,29.444,0
7.0778,29.516,0
7.0778,29.588,0
7.0778,29.661,0
7.0778,29.733,0
7.0778,29.806,0
7.0778,29.878,0
7.0778,29.95,0
7.0778,30.023,0
7.0778,30.095,0
7.0778,30.168,0
7.0778,30.24,0
7.0778,30.312,0
7.0778,30.385,0
7.0778,30.457,0
7.0778,30.53,0
7.0778,30.602,0
7.1156,27.778,0
7.1156,27.851,0
7.1156,27.923,0
7.1156,27.995,0
7.1156,28.068,0
7.1156,28.14,0
7.1156,28.213,0
7.1156,28.285,0
7.1156,28.357,0
7.1156,28.43,0
7.1156,28.502,0
7.1156,28.575,0
7.1156,28.647,0
7.1156,28.719,0
7.1156,28.792,0
7.1156,28.864,0
7.1156,28.937,0
7.1156,29.009,0
7.1156,29.081,0
7.1156,29.154,0
7.1156,29.226,0
7.1156,29.299,0
7.1156,29.371,0
7.1156,29.444,0
7.1156,29.516,0
7.1156,29.588,0
7.1156,29.661,0
7.1156,29.733,0
7.1156,29.806,0
7.1156,29.878,0
7.1156,29.95,0
7.1156,30.023,0
7.1156,30.095,0
7.1156,30.168,0
7.1156,30.24,0
7.1156,30.312,0
7.1156,30.385,0
7.1156,30.457,0
7.1156,30.53,0
7.1156,30.602,0
7.1535,27.778,0
7.1535,27.851,0
7.1535,27.923,0
7.1535,27.995,0
7.1535,28.068,0
7.1535,28.14,0
7.1535,28.213,0
7.1535,28.285,0
7.1535,28.357,0
7.1535,28.43,0
7.1535,28.502,0
7.1535,28.575,0
7.1535,28.647,0
7.1535,28.719,0
7.1535,28.792,0
7.1535,28.864,0
7.1535,28.937,0
7.1535,29.009,0
7.1535,29.081,0
7.1535,29.154,0
7.1535,29.226,0
7.1535,29.299,0
7.1535,29.371,0
7.1535,29.444,0
7.1535,29.516,0
7.1535,29.588,0
7.1535,29.661,0
7.1535,29.733,0
7.1535,29.806,0
7.1535,29.878,0
7.1535,29.95,0
7.1535,30.023,0
7.1535,30.095,0
7.1535,30.168,0
7.1535,30.24,0
7.1535,30.312,0
7.1535,30.385,0
7.1535,30.457,0
7.1535,30.53,0
7.1535,30.602,0
7.1914,27.778,0
7.1914,27.851,0
7.1914,27.923,0
7.1914,27.995,0
7.1914,28.068,0
7.1914,28.14,0
7.1914,28.213,0
7.1914,28.285,0
7.1914,28.357,0
7.1914,28.43,0
7.1914,28.502,0
7.1914,28.575,0
7.1914,28.647,0
7.1914,28.719,0
7.1914,28.792,0
7.1914,28.864,0
7.1914,28.937,0
7.1914,29.009,0
7.1914,29.081,0
7.1914,29.154,0
7.1914,29.226,0
7.1914,29.299,0
7.1914,29.371,0
7.1914,29.444,0
7.1914,29.516,0
7.1914,29.588,0
7.1914,29.661,0
7.1914,29.733,0
7.1914,29.806,0
7.1914,29.878,0
7.1914,29.95,0
7.1914,30.023,0
7.1914,30.095,0
7.1914,30.168,0
7.1914,30.24,0
7.1914,30.312,0
7.1914,30.385,0
7.1914,30.457,0
7.1914,30.53,0
7.1914,30.602,0
7.2293,27.778,0
7.2293,27.851,0
7.2293,27.923,0
7.2293,27.995,0
7.2293,28.068,0
7.2293,28.14,0
7.2293,28.213,0
7.2293,28.285,0
7.2293,28.357,0
7.2293,28.43,0
7.2293,28.502,0
7.2293,28.575,0
7.2293,28.647,0
7.2293,28.719,0
7.2293,28.792,0
7.2293,28.864,0
7.2293,28.937,0
7.2293,29.009,0
7.2293,29.081,0
7.2293,29.154,0
7.2293,29.226,0
7.2293,29.299,0
7.2293,29.371,0
7.2293,29.444,0
7.2293,29.516,0
7.2293,29.588,0
7.2293,29.661,0
7.2293,29.733,0
7.2293,29.806,0
7.2293,29.878,0
7.2293,29.95,0
7.2293,30.023,0
7.2293,30.095,0
7.2293,30.168,0
7.2293,30.24,0
7.2293,30.312,0
7.2293,30.385,0
7.2293,30.457,0
7.2293,30.53,0
7.2293,30.602,0
7.2671,27.778,0
7.2671,27.851,0
7.2671,27.923,0
7.2671,27.995,0
7.2671,28.068,0
7.2671,28.14,0
7.2671,28.213,0
7.2671,28.285,0
7.2671,28.357,0
7.2671,28.43,0
7.2671,28.502,0
7.2671,28.575,0
7.2671,28.647,0
7.2671,28.719,0
7.2671,28.792,0
7.2671,28.864,0
7.2671,28.937,0
7.2671,29.009,0
7.2671,29.081,0
7.2671,29.154,0
7.2671,29.226,0
7.2671,29.299,0
7.2671,29.371,0
7.2671,29.444,0
7.2671,29.516,0
7.2671,29.588,0
7.2671,29.661,0
7.2671,29.733,0
7.2671,29.806,0
7.2671,29.878,0
7.2671,29.95,0
7.2671,30.023,0
7.2671,30.095,0
7.2671,30.168,0
7.2671,30.24,0
7.2671,30.312,0
7.2671,30.385,0
7.2671,30.457,0
7.2671,30.53,0
7.2671,30.602,0
7.305,27.778,0
7.305,27.851,0
7.305,27.923,0
7.305,27.995,0
7.305,28.068,0
7.305,28.14,0
7.305,28.213,0
7.305,28.285,0
7.305,28.357,0
7.305,28.43,0
7.305,28.502,0
7.305,28.575,0
7.305,28.647,0
7.305,28.719,0
7.305,28.792,0
7.305,28.864,0
7.305,28.937,0
7.305,29.009,0
7.305,29.081,0
7.305,29.154,0
7.305,29.226,0
7.305,29.299,0
7.305,29.371,0
7.305,29.444,0
7.305,29.516,0
7.305,29.588,0
7.305,29.661,0
7.305,29.733,0
7.305,29.806,0
7.305,29.878,0
7.305,29.95,0
7.305,30.023,0
7.305,30.095,0
7.305,30.168,0
7.305,30.24,0
7.305,30.312,0
7.305,30.385,0
7.305,30.457,0
7.305,30.53,0
7.305,30.602,0
7.3429,27.778,0
7.3429,27.851,0
7.3429,27.923,0
7.3429,27.995,0
7.3429,28.068,0
7.3429,28.14,0
7.3429,28.213,0
7.3429,28.285,0
7.3429,28.357,0
7.3429,28.43,0
7.3429,28.502,0
7.3429,28.575,0
7.3429,28.647,0
7.3429,28.719,0
7.3429,28.792,0
7.3429,28.864,0
7.3429,28.937,0
7.3429,29.009,0
7.3429,29.081,0
7.3429,29.154,0
7.3429,29.226,0
7.3429,29.299,0
7.3429,29.371,0
7.3429,29.444,0
7.3429,29.516,0
7.3429,29.588,0
7.3429,29.661,0
7.3429,29.733,0
7.3429,29.806,0
7.3429,29.878,0
7.3429,29.95,0
7.3429,30.023,0
7.3429,30.095,0
7.3429,30.168,0
7.3429,30.24,0
7.3429,30.312,0
7.3429,30.385,0
7.3429,30.457,0
7.3429,30.53,0
7.3429,30.602,0
7.3808,27.778,0
7.3808,27.851,0
7.3808,27.923,0
7.3808,27.995,0
7.3808,28.068,0
7.3808,28.14,0
7.3808,28.213,0
7.3808,28.285,0
7.3808,28.357,0
7.3808,28.43,0
7.3808,28.502,0
7.3808,28.575,0
7.3808,28.647,0
7.3808,28.719,0
7.3808,28.792,0
7.3808,28.864,0
7.3808,28.937,0
7.3808,29.009,0
7.3808,29.081,0
7.3808,29.154,0
7.3808,29.226,0
7.3808,29.299,0
7.3808,29.371,0
7.3808,29.444,0
7.3808,29.516,0
7.3808,29.588,0
7.3808,29.661,0
7.3808,29.733,0
7.3808,29.806,0
7.3808,29.878,0
7.3808,29.95,0
7.3808,30.023,0
7.3808,30.095,0
7.3808,30.168,0
7.3808,30.24,0
7.3808,30.312,0
7.3808,30.385,0
7.3808,30.457,0
7.3808,30.53,0
7.3808,30.602,0
7.4187,27.778,0
7.4187,27.851,0
7.4187,27.923,0
7.4187,27.995,0
7.4187,28.068,0
7.4187,28.14,0
7.4187,28.213,0
7.4187,28.285,0
7.4187,28.357,0
7.4187,28.43,0
7.4187,28.502,0
7.4187,28.575,0
7.4187,28.647,0
7.4187,28.719,0
7.4187,28.792,0
7.4187,28.864,0
7.4187,28.937,0
7.4187,29.009,0
7.4187,29.081,0
7.4187,29.154,0
7.4187,29.226,0
7.4187,29.299,0
7.4187,29.371,0
7.4187,29.444,0
7.4187,29.516,0
7.4187,29.588,0
7.4187,29.661,0
7.4187,29.733,0
7.4187,29.806,0
7.4187,29.878,0
7.4187,29.95,0
7.4187,30.023,0
7.4187,30.095,0
7.4187,30.168,0
7.4187,30.24,0
7.4187,30.312,0
7.4187,30.385,0
7.4187,30.457,0
7.4187,30.53,0
7.4187,30.602,0
7.4565,27.778,0
7.4565,27.851,0
7.4565,27.923,0
7.4565,27.995,0
7.4565,28.068,0
7.4565,28.14,0
7.4565,28.213,0
7.4565,28.285,0
7.4565,28.357,0
7.4565,28.43,0
7.4565,28.502,0
7.4565,28.575,0
7.4565,28.647,0
7.4565,28.719,0
7.4565,28.792,0
7.4565,28.864,0
7.4565,28.937,0
7.4565,29.009,0
7.4565,29.081,0
7.4565,29.154,0
7.4565,29.226,0
7.4565,29.299,0
7.4565,29.371,0
7.4565,29.444,0
7.4565,29.516,0
7.4565,29.588,0
7.4565,29.661,0
7.4565,29.733,0
7.4565,29.806,0
7.4565,29.878,0
7.4565,29.95,0
7.4565,30.023,0
7.4565,30.095,0
7.4565,30.168,0
7.4565,30.24,0
7.4565,30.312,0
7.4565,30.385,0
7.4565,30.457,0
7.4565,30.53,0
7.4565,30.602,0
7.4944,27.778,0
7.4944,27.851,0
7.4944,27.923,0
7.4944,27.995,0
7.4944,28.068,0
7.4944,28.14,0
7.4944,28.213,0
7.4944,28.285,0
7.4944,28.357,0
7.4944,28.43,0
7.4944,28.502,0
7.4944,28.575,0
7.4944,28.647,0
7.4944,28.719,0
7.4944,28.792,0
7.4944,28.864,0
7.4944,28.937,0
7.4944,29.009,0
7.4944,29.081,0
7.4944,29.154,0
7.4944,29.226,0
7.4944,29.299,0
7.4944,29.371,0
7.4944,29.444,0
7.4944,29.516,0
7.4944,29.588,0
7.4944,29.661,0
7.4944,29.733,0
7.4944,29.806,0
7.4944,29.878,0
7.4944,29.95,0
7.4944,30.023,0
7.4944,30.095,0
7.4944,30.168,0
7.4944,30.24,0
7.4944,30.312,0
7.4944,30.385,0
7.4944,30.457,0
7.4944,30.53,0
7.4944,30.602,0
7.5323,27.778,0
7.5323,27.851,0
7.5323,27.923,0
7.5323,27.995,0
7.5323,28.068,0
7.5323,28.14,0
7.5323,28.213,0
7.5323,28.285,0
7.5323,28.357,0
7.5323,28.43,0
7.5323,28.502,0
7.5323,28.575,0
7.5323,28.647,0
7.5323,28.719,0
7.5323,28.792,0
7.5323,28.864,0
7.5323,28.937,0
7.5323,29.009,0
7.5323,29.081,0
7.5323,29.154,0
7.5323,29.226,0
7.5323,29.299,0
7.5323,29.371,0
7.5323,29.444,0
7.5323,29.516,0
7.5323,29.588,0
7.5323,29.661,0
7.5323,29.733,0
7.5323,29.806,0
7.5323,29.878,0
7.5323,29.95,0
7.5323,30.023,0
7.5323,30.095,0
7.5323,30.168,0
7.5323,30.24,0
7.5323,30.312,0
7.5323,30.385,0
7.5323,30.457,0
7.5323,30.53,0
7.5323,30.602,0
7.5702,27.778,0
7.5702,27.851,0
7.5702,27.923,0
7.5702,27.995,0
7.5702,28.068,0
7.5702,28.14,0
7.5702,28.213,0
7.5702,28.285,0
7.5702,28.357,0
7.5702,28.43,0
7.5702,28.502,0
7.5702,28.575,0
7.5702,28.647,0
7.5702,28.719,0
7.5702,28.792,0
7.5702,28.864,0
7.5702,28.937,0
7.5702,29.009,0
7.5702,29.081,0
7.5702,29.154,0
7.5702,29.226,0
7.5702,29.299,0
7.5702,29.371,0
7.5702,29.444,0
7.5702,29.516,0
7.5702,29.588,0
7.5702,29.661,0
7.5702,29.733,0
7.5702,29.806,0
7.5702,29.878,0
7.5702,29.95,0
7.5702,30.023,0
7.5702,30.095,0
7.5702,30.168,0
7.5702,30.24,0
7.5702,30.312,0
7.5702,30.385,0
7.5702,30.457,0
7.5702,30.53,0
7.5702,30.602,0
7.608,27.778,0
7.608,27.851,0
7.608,27.923,0
7.608,27.995,0
7.608,28.068,0
7.608,28.14,0
7.608,28.213,0
7.608,28.285,0
7.608,28.357,0
7.608,28.43,0
7.608,28.502,0
7.608,28.575,0
7.608,28.647,0
7.608,28.719,0
7.608,28.792,0
7.608,28.864,0
7.608,28.937,0
7.608,29.009,0
7.608,29.081,0
7.608,29.154,0
7.608,29.226,0
7.608,29.299,0
7.608,29.371,0
7.608,29.444,0
7.608,29.516,0
7.608,29.588,0
7.608,29.661,0
7.608,29.733,0
7.608,29.806,0
7.608,29.878,0
7.608,29.95,0
7.608,30.023,0
7.608,30.095,0
7.608,30.168,0
7.608,30.24,0
7.608,30.312,0
7.608,30.385,0
7.608,30.457,0
7.608,30.53,0
7.608,30.602,0
7.6459,27.778,0
7.6459,27.851,0
7.6459,27.923,0
7.6459,27.995,0
7.6459,28.068,0
7.6459,28.14,0
7.6459,28.213,0
7.6459,28.285,0
7.6459,28.357,0
7.6459,28.43,0
7.6459,28.502,0
7.6459,28.575,0
7.6459,28.647,0
7.6459,28.719,0
7.6459,28.792,0
7.6459,28.864,0
7.6459,28.937,0
7.6459,29.009,0
7.6459,29.081,0
7.6459,29.154,0
7.6459,29.226,0
7.6459,29.299,0
7.6459,29.371,0
7.6459,29.444,0
7.6459,29.516,0
7.6459,29.588,0
7.6459,29.661,0
7.6459,29.733,0
7.6459,29.806,0
7.6459,29.878,0
7.6459,29.95,0
7.6459,30.023,0
7.6459,30.095,0
7.6459,30.168,0
7.6459,30.24,0
7.6459,30.312,0
7.6459,30.385,0
7.6459,30.457,0
7.6459,30.53,0
7.6459,30.602,0
7.6838,27.778,0
7.6838,27.851,0
7.6838,27.923,0
7.6838,27.995,0
7.6838,28.068,0
7.6838,28.14,0
7.6838,28.213,0
7.6838,28.285,0
7.6838,28.357,0
7.6838,28.43,0
7.6838,28.502,0
7.6838,28.575,0
7.6838,28.647,0
7.6838,28.719,0
7.6838,28.792,0
7.6838,28.864,0
7.6838,28.937,0
7.6838,29.009,0
7.6838,29.081,0
7.6838,29.154,0
7.6838,29.226,0
7.6838,29.299,0
7.6838,29.371,0
7.6838,29.444,0
7.6838,29.516,0
7.6838,29.588,0
7.6838,29.661,0
7.6838,29.733,0
7.6838,29.806,0
7.6838,29.878,0
7.6838,29.95,0
7.6838,30.023,0
7.6838,30.095,0
7.6838,30.168,0
7.6838,30.24,0
7.6838,30.312,0
7.6838,30.385,0
7.6838,30.457,0
7.6838,30.53,0
7.6838,30.602,0
7.7217,27.778,0
7.7217,27.851,0
7.7217,27.923,0
7.7217,27.995,0
7.7217,28.068,0
7.7217,28.14,0
7.7217,28.213,0
7.7217,28.285,0
7.7217,28.357,0
7.7217,28.43,0
7.7217,28.502,0
7.7217,28.575,0
7.7217,28.647,0
7.7217,28.719,0
7.7217,28.792,0
7.7217,28.864,0
7.7217,28.937,0
7.7217,29.009,0
7.7217,29.081,0
7.7217,29.154,0
7.7217,29.226,0
7.7217,29.299,0
7.7217,29.371,0
7.7217,29.444,0
7.7217,29.516,0
7.7217,29.588,0
7.7217,29.661,0
7.7217,29.733,0
7.7217,29.806,0
7.7217,29.878,0
7.7217,29.95,0
7.7217,30.023,0
7.7217,30.095,0
7.7217,30.168,0
7.7217,30.24,0
7.7217,30.312,0
7.7217,30.385,0
7.7217,30.457,0
7.7217,30.53,0
7.7217,30.602,0
7.7596,27.778,0
7.7596,27.851,0
7.7596,27.923,0
7.7596,27.995,0
7.7596,28.068,0
7.7596,28.14,0
7.7596,28.213,0
7.7596,28.285,0
7.7596,28.357,0
7.7596,28.43,0
7.7596,28.502,0
7.7596,28.575,0
7.7596,28.647,0
7.7596,28.719,0
7.7596,28.792,0
7.7596,28.864,0
7.7596,28.937,0
7.7596,29.009,0
7.7596,29.081,0
7.7596,29.154,0
7.7596,29.226,0
7.7596,29.299,0
7.7596,29.371,0
7.7596,29.444,0
7.7596,29.516,0
7.7596,29.588,0
7.7596,29.661,0
7.7596,29.733,0
7.7596,29.806,0
7.7596,29.878,0
7.7596,29.95,0
7.7596,30.023,0
7.7596,30.095,0
7.7596,30.168,0
7.7596,30.24,0
7.7596,30.312,0
7.7596,30.385,0
7.7596,30.457,0
7.7596,30.53,0
7.7596,30.602,0
7.7974,27.778,0
7.7974,27.851,0
7.7974,27.923,0
7.7974,27.995,0
7.7974,28.068,0
7.7974,28.14,0
7.7974,28.213,0
7.7974,28.285,0
7.7974,28.357,0
7.7974,28.43,0
7.7974,28.502,0
7.7974,28.575,0
7.7974,28.647,0
7.7974,28.719,0
7.7974,28.792,0
7.7974,28.864,0
7.7974,28.937,0
7.7974,29.009,0
7.7974,29.081,0
7.7974,29.154,0
7.7974,29.226,0
7.7974,29.299,0
7.7974,29.371,0
7.7974,29.444,0
7.7974,29.516,0
7.7974,29.588,0
7.7974,29.661,0
7.7974,29.733,0
7.7974,29.806,0
7.7974,29.878,0
7.7974,29.95,0
7.7974,30.023,0
7.7974,30.095,0
7.7974,30.168,0
7.7974,30.24,0
7.7974,30.312,0
7.7974,30.385,0
7.7974,30.457,0
7.7974,30.53,0
7.7974,30.602,0
7.8353,27.778,0
7.8353,27.851,0
7.8353,27.923,0
7.8353,27.995,0
7.8353,28.068,0
7.8353,28.14,0
7.8353,28.213,0
7.8353,28.285,0
7.8353,28.357,0
7.8353,28.43,0
7.8353,28.502,0
7.8353,28.575,0
7.8353,28.647,0
7.8353,28.719,0
7.8353,28.792,0
7.8353,28.864,0
7.8353,28.937,0
7.8353,29.009,0
7.8353,29.081,0
7.8353,29.154,0
7.8353,29.226,0
7.8353,29.299,0
7.8353,29.371,0
7.8353,29.444,0
7.8353,29.516,0
7.8353,29.588,0
7.8353,29.661,0
7.8353,29.733,0
7.8353,29.806,0
7.8353,29.878,0
7.8353,29.95,0
7.8353,30.023,0
7.8353,30.095,0
7.8353,30.168,0
7.8353,30.24,0
7.8353,30.312,0
7.8353,30.385,0
7.8353,30.457,0
7.8353,30.53,0
7.8353,30.602,0
7.8732,27.778,0
7.8732,27.851,0
7.8732,27.923,0
7.8732,27.995,0
7.8732,28.068,0
7.8732,28.14,0
7.8732,28.213,0
7.8732,28.285,0
7.8732,28.357,0
7.8732,28.43,0
7.8732,28.502,0
7.8732,28.575,0
7.8732,28.647,0
7.8732,28.719,0
7.8732,28.792,0
7.8732,28.864,0
7.8732,28.937,0
7.8732,29.009,0
7.8732,29.081,0
7.8732,29.154,0
7.8732,29.226,0
7.8732,29.299,0
7.8732,29.371,0
7.8732,29.444,0
7.8732,29.516,0
7.8732,29.588,0
7.8732,29.661,0
7.8732,29.733,0
7.8732,29.806,0
7.8732,29.878,0
7.8732,29.95,0
7.8732,30.023,0
7.8732,30.095,0
7.8732,30.168,0
7.8732,30.24,0
7.8732,30.312,0
7.8732,30.385,0
7.8732,30.457,0
7.8732,30.53,0
7.8732,30.602,0
7.9111,27.778,0
7.9111,27.851,0
7.9111,27.923,0
7.9111,27.995,0
7.9111,28.068,0
7.9111,28.14,0
7.9111,28.213,0
7.9111,28.285,0
7.9111,28.357,0
7.9111,28.43,0
7.9111,28.502,0
7.9111,28.575,0
7.9111,28.647,0
7.9111,28.719,0
7.9111,28.792,0
7.9111,28.864,0
7.9111,28.937,0
7.9111,29.009,0
7.9111,29.081,0
7.9111,29.154,0
7.9111,29.226,0
7.9111,29.299,0
7.9111,29.371,0
7.9111,29.444,0
7.9111,29.516,0
7.9111,29.588,0
7.9111,29.661,0
7.9111,29.733,0
7.9111,29.806,0
7.9111,29.878,0
7.9111,29.95,0
7.9111,30.023,0
7.9111,30.095,0
7.9111,30.168,0
7.9111,30.24,0
7.9111,30.312,0
7.9111,30.385,0
7.9111,30.457,0
7.9111,30.53,0
7.9111,30.602,0
7.9489,27.778,0
7.9489,27.851,0
7.9489,27.923,0
7.9489,27.995,0
7.9489,28.068,0
7.9489,28.14,0
7.9489,28.213,0
7.9489,28.285,0
7.9489,28.357,0
7.9489,28.43,0
7.9489,28.502,0
7.9489,28.575,0
7.9489,28.647,0
7.9489,28.719,0
7.9489,28.792,0
7.9489,28.864,0
7.9489,28.937,0
7.9489,29.009,0
7.9489,29.081,0
7.9489,29.154,0
7.9489,29.226,0
7.9489,29.299,0
7.9489,29.371,0
7.9489,29.444,0
7.9489,29.516,0
7.9489,29.588,0
7.9489,29.661,0
7.9489,29.733,0
7.9489,29.806,0
7.9489,29.878,0
7.9489,29.95,0
7.9489,30.023,0
7.9489,30.095,0
7.9489,30.168,0
7.9489,30.24,0
7.9489,30.312,0
7.9489,30.385,0
7.9489,30.457,0
7.9489,30.53,0
7.9489,30.602,0
7.9868,27.778,0
7.9868,27.851,0
7.9868,27.923,0
7.9868,27.995,0
7.9868,28.068,0
7.9868,28.14,0
7.9868,28.213,0
7.9868,28.285,0
7.9868,28.357,0
7.9868,28.43,0
7.9868,28.502,0
7.9868,28.575,0
7.9868,28.647,0
7.9868,28.719,0
7.9868,28.792,0
7.9868,28.864,0
7.9868,28.937,0
7.9868,29.009,0
7.9868,29.081,0
7.9868,29.154,0
7.9868,29.226,0
7.9868,29.299,0
7.9868,29.371,0
7.9868,29.444,0
7.9868,29.516,0
7.9868,29.588,0
7.9868,29.661,0
7.9868,29.733,0
7.9868,29.806,0
7.9868,29.878,0
7.9868,29.95,0
7.9868,30.023,0
7.9868,30.095,0
7.9868,30.168,0
7.9868,30.24,0
7.9868,30.312,0
7.9868,30.385,0
7.9868,30.457,0
7.9868,30.53,0
7.9868,30.602,0
8.0247,27.778,0
8.0247,27.851,0
8.0247,27.923,0
8.0247,27.995,0
8.0247,28.068,0
8.0247,28.14,0
8.0247,28.213,0
8.0247,28.285,0
8.0247,28.357,0
8.0247,28.43,0
8.0247,28.502,0
8.0247,28.575,0
8.0247,28.647,0
8.0247,28.719,0
8.0247,28.792,0
8.0247,28.864,0
8.0247,28.937,0
8.0247,29.009,0
8.0247,29.081,0
8.0247,29.154,0
8.0247,29.226,0
8.0247,29.299,0
8.0247,29.371,0
8.0247,29.444,0
8.0247,29.516,0
8.0247,29.588,0
8.0247,29.661,0
8.0247,29.733,0
8.0247,29.806,0
8.0247,29.878,0
8.0247,29.95,0
8.0247,30.023,0
8.0247,30.095,0
8.0247,30.168,0
8.0247,30.24,0
8.0247,30.312,0
8.0247,30.385,0
8.0247,30.457,0
8.0247,30.53,0
8.0247,30.602,0
8.0626,27.778,0
8.0626,27.851,0
8.0626,27.923,0
8.0626,27.995,0
8.0626,28.068,0
8.0626,28.14,0
8.0626,28.213,0
8.0626,28.285,0
8.0626,28.357,0
8.0626,28.43,0
8.0626,28.502,0
8.0626,28.575,0
8.0626,28.647,0
8.0626,28.719,0
8.0626,28.792,0
8.0626,28.864,0
8.0626,28.937,0
8.0626,29.009,0
8.0626,29.081,0
8.0626,29.154,0
8.0626,29.226,0
8.0626,29.299,0
8.0626,29.371,0
8.0626,29.444,0
8.0626,29.516,0
8.0626,29.588,0
8.0626,29.661,0
8.0626,29.733,0
8.0626,29.806,0
8.0626,29.878,0
8.0626,29.95,0
8.0626,30.023,0
8.0626,30.095,0
8.0626,30.168,0
8.0626,30.24,0
8.0626,30.312,0
8.0626,30.385,0
8.0626,30.457,0
8.0626,30.53,0
8.0626,30.602,0
8.1005,27.778,0
8.1005,27.851,0
8.1005,27.923,0
8.1005,27.995,0
8.1005,28.068,0
8.1005,28.14,0
8.1005,28.213,0
8.1005,28.285,0
8.1005,28.357,0
8.1005,28.43,0
8.1005,28.502,0
8.1005,28.575,0
8.1005,28.647,0
8.1005,28.719,0
8.1005,28.792,0
8.1005,28.864,0
8.1005,28.937,0
8.1005,29.009,0
8.1005,29.081,0
8.1005,29.154,0
8.1005,29.226,0
8.1005,29.299,0
8.1005,29.371,0
8.1005,29.444,0
8.1005,29.516,0
8.1005,29.588,0
8.1005,29.661,0
8.1005,29.733,0
8.1005,29.806,0
8.1005,29.878,0
8.1005,29.95,0
8.1005,30.023,0
8.1005,30.095,0
8.1005,30.168,0
8.1005,30.24,0
8.1005,30.312,0
8.1005,30.385,0
8.1005,30.457,0
8.1005,30.53,0
8.1005,30.602,0
8.1383,27.778,0
8.1383,27.851,0
8.1383,27.923,0
8.1383,27.995,0
8.1383,28.068,0
8.1383,28.14,0
8.1383,28.213,0
8.1383,28.285,0
8.1383,28.357,0
8.1383,28.43,0
8.1383,28.502,0
8.1383,28.575,0
8.1383,28.647,0
8.1383,28.719,0
8.1383,28.792,0
8.1383,28.864,0
8.1383,28.937,0
8.1383,29.009,0
8.1383,29.081,0
8.1383,29.154,0
8.1383,29.226,0
8.1383,29.299,0
8.1383,29.371,0
8.1383,29.444,0
8.1383,29.516,0
8.1383,29.588,0
8.1383,29.661,0
8.1383,29.733,0
8.1383,29.806,0
8.1383,29.878,0
8.1383,29.95,0
8.1383,30.023,0
8.1383,30.095,0
8.1383,30.168,0
8.1383,30.24,0
8.1383,30.312,0
8.1383,30.385,0
8.1383,30.457,0
8.1383,30.53,0
8.1383,30.602,0
8.1762,27.778,0
8.1762,27.851,0
8.1762,27.923,0
8.1762,27.995,0
8.1762,28.068,0
8.1762,28.14,0
8.1762,28.213,0
8.1762,28.285,0
8.1762,28.357,0
8.1762,28.43,0
8.1762,28.502,0
8.1762,28.575,0
8.1762,28.647,0
8.1762,28.719,0
8.1762,28.792,0
8.1762,28.864,0
8.1762,28.937,0
8.1762,29.009,0
8.1762,29.081,0
8.1762,29.154,0
8.1762,29.226,0
8.1762,29.299,0
8.1762,29.371,0
8.1762,29.444,0
8.1762,29.516,0
8.1762,29.588,0
8.1762,29.661,0
8.1762,29.733,0
8.1762,29.806,0
8.1762,29.878,0
8.1762,29.95,0
8.1762,30.023,0
8.1762,30.095,0
8.1762,30.168,0
8.1762,30.24,0
8.1762,30.312,0
8.1762,30.385,0
8.1762,30.457,0
8.1762,30.53,0
8.1762,30.602,0
8.2141,27.778,0
8.2141,27.851,0
8.2141,27.923,0
8.2141,27.995,0
8.2141,28.068,0
8.2141,28.14,0
8.2141,28.213,0
8.2141,28.285,0
8.2141,28.357,0
8.2141,28.43,0
8.2141,28.502,0
8.2141,28.575,0
8.2141,28.647,0
8.2141,28.719,0
8.2141,28.792,0
8.2141,28.864,0
8.2141,28.937,0
8.2141,29.009,0
8.2141,29.081,0
8.2141,29.154,0
8.2141,29.226,0
8.2141,29.299,0
8.2141,29.371,0
8.2141,29.444,0
8.2141,29.516,0
8.2141,29.588,0
8.2141,29.661,0
8.2141,29.733,0
8.2141,29.806,0
8.2141,29.878,0
8.2141,29.95,0
8.2141,30.023,0
8.2141,30.095,0
8.2141,30.168,0
8.2141,30.24,0
8.2141,30.312,0
8.2141,30.385,0
8.2141,30.457,0
8.2141,30.53,0
8.2141,30.602,0
8.252,27.778,0
8.252,27.851,0
8.252,27.923,0
8.252,27.995,0
8.252,28.068,0
8.252,28.14,0
8.252,28.213,0
8.252,28.285,0
8.252,28.357,0
8.252,28.43,0
8.252,28.502,0
8.252,28.575,0
8.252,28.647,0
8.252,28.719,0
8.252,28.792,0
8.252,28.864,0
8.252,28.937,0
8.252,29.009,0
8.252,29.081,0
8.252,29.154,0
8.252,29.226,0
8.252,29.299,0
8.252,29.371,0
8.252,29.444,0
8.252,29.516,0
8.252,29.588,0
8.252,29.661,0
8.252,29.733,0
8.252,29.806,0
8.252,29.878,0
8.252,29.95,0
8.252,30.023,0
8.252,30.095,0
8.252,30.168,0
8.252,30.24,0
8.252,30.312,0
8.252,30.385,0
8.252,30.457,0
8.252,30.53,0
8.252,30.602,0
8.2898,27.778,0
8.2898,27.851,0
8.2898,27.923,0
8.2898,27.995,0
8.2898,28.068,0
8.2898,28.14,0
8.2898,28.213,0
8.2898,28.285,0
8.2898,28.357,0
8.2898,28.43,0
8.2898,28.502,0
8.2898,28.575,0
8.2898,28.647,0
8.2898,28.719,0
8.2898,28.792,0
8.2898,28.864,0
8.2898,28.937,0
8.2898,29.009,0
8.2898,29.081,0
8.2898,29.154,0
8.2898,29.226,0
8.2898,29.299,0
8.2898,29.371,0
8.2898,29.444,0
8.2898,29.516,0
8.2898,29.588,0
8.2898,29.661,0
8.2898,29.733,0
8.2898,29.806,0
8.2898,29.878,0
8.2898,29.95,0
8.2898,30.023,0
8.2898,30.095,0
8.2898,30.168,0
8.2898,30.24,0
8.2898,30.312,0
8.2898,30.385,0
8.2898,30.457,0
8.2898,30.53,0
8.2898,30.602,0
8.3277,27.778,0
8.3277,27.851,0
8.3277,27.923,0
8.3277,27.995,0
8.3277,28.068,0
8.3277,28.14,0
8.3277,28.213,0
8.3277,28.285,0
8.3277,28.357,0
8.3277,28.43,0
8.3277,28.502,0
8.3277,28.575,0
8.3277,28.647,0
8.3277,28.719,0
8.3277,28.792,0
8.3277,28.864,0
8.3277,28.937,0
8.3277,29.009,0
8.3277,29.081,0
8.3277,29.154,0
8.3277,29.226,0
8.3277,29.299,0
8.3277,29.371,0
8.3277,29.444,0
8.3277,29.516,0
8.3277,29.588,0
8.3277,29.661,0
8.3277,29.733,0
8.3277,29.806,0
8.3277,29.878,0
8.3277,29.95,0
8.3277,30.023,0
8.3277,30.095,0
8.3277,30.168,0
8.3277,30.24,0
8.3277,30.312,0
8.3277,30.385,0
8.3277,30.457,0
8.3277,30.53,0
8.3277,30.602,0
8.3656,27.778,0
8.3656,27.851,0
8.3656,27.923,0
8.3656,27.995,0
8.3656,28.068,0
8.3656,28.14,0
8.3656,28.213,0
8.3656,28.285,0
8.3656,28.357,0
8.3656,28.43,0
8.3656,28.502,0
8.3656,28.575,0
8.3656,28.647,0
8.3656,28.719,0
8.3656,28.792,0
8.3656,28.864,0
8.3656,28.937,0
8.3656,29.009,0
8.3656,29.081,0
8.3656,29.154,0
8.3656,29.226,0
8.3656,29.299,0
8.3656,29.371,0
8.3656,29.444,0
8.3656,29.516,0
8.3656,29.588,0
8.3656,29.661,0
8.3656,29.733,0
8.3656,29.806,0
8.3656,29.878,0
8.3656,29.95,0
8.3656,30.023,0
8.3656,30.095,0
8.3656,30.168,0
8.3656,30.24,0
8.3656,30.312,0
8.3656,30.385,0
8.3656,30.457,0
8.3656,30.53,0
8.3656,30.602,0
8.4035,27.778,0
8.4035,27.851,0
8.4035,27.923,0
8.4035,27.995,0
8.4035,28.068,0
8.4035,28.14,0
8.4035,28.213,0
8.4035,28.285,0
8.4035,28.357,0
8.4035,28.43,0
8.4035,28.502,0
8.4035,28.575,0
8.4035,28.647,0
8.4035,28.719,0
8.4035,28.792,0
8.4035,28.864,0
8.4035,28.937,0
8.4035,29.009,0
8.4035,29.081,0
8.4035,29.154,0
8.4035,29.226,0
8.4035,29.299,0
8.4035,29.371,0
8.4035,29.444,0
8.4035,29.516,0
8.4035,29.588,0
8.4035,29.661,0
8.4035,29.733,0
8.4035,29.806,0
8.4035,29.878,0
8.4035,29.95,0
8.4035,30.023,0
8.4035,30.095,0
8.4035,30.168,0
8.4035,30.24,0
8.4035,30.312,0
8.4035,30.385,0
8.4035,30.457,0
8.4035,30.53,0
8.4035,30.602,0
8.4414,27.778,0
8.4414,27.851,0
8.4414,27.923,0
8.4414,27.995,0
8.4414,28.068,0
8.4414,28.14,0
8.4414,28.213,0
8.4414,28.285,0
8.4414,28.357,0
8.4414,28.43,0
8.4414,28.502,0
8.4414,28.575,0
8.4414,28.647,0
8.4414,28.719,0
8.4414,28.792,0
8.4414,28.864,0
8.4414,28.937,0
8.4414,29.009,0
8.4414,29.081,0
8.4414,29.154,0
8.4414,29.226,0
8.4414,29.299,0
8.4414,29.371,0
8.4414,29.444,0
8.4414,29.516,0
8.4414,29.588,0
8.4414,29.661,0
8.4414,29.733,0
8.4414,29.806,0
8.4414,29.878,0
8.4414,29.95,0
8.4414,30.023,0
8.4414,30.095,0
8.4414,30.168,0
8.4414,30.24,0
8.4414,30.312,0
8.4414,30.385,0
8.4414,30.457,0
8.4414,30.53,0
8.4414,30.602,0
8.4792,27.778,0
8.4792,27.851,0
8.4792,27.923,0
8.4792,27.995,0
8.4792,28.068,0
8.4792,28.14,0
8.4792,28.213,0
8.4792,28.285,0
8.4792,28.357,0
8.4792,28.43,0
8.4792,28.502,0
8.4792,28.575,0
8.4792,28.647,0
8.4792,28.719,0
8.4792,28.792,0
8.4792,28.864,0
8.4792,28.937,0
8.4792,29.009,0
8.4792,29.081,0
8.4792,29.154,0
8.4792,29.226,0
8.4792,29.299,0
8.4792,29.371,0
8.4792,29.444,0
8.4792,29.516,0
8.4792,29.588,0
8.4792,29.661,0
8.4792,29.733,0
8.4792,29.806,0
8.4792,29.878,0
8.4792,29.95,0
8.4792,30.023,0
8.4792,30.095,0
8.4792,30.168,0
8.4792,30.24,0
8.4792,30.312,0
8.4792,30.385,0
8.4792,30.457,0
8.4792,30.53,0
8.4792,30.602,0
8.5171,27.778,0
8.5171,27.851,0
8.5171,27.923,0
8.5171,27.995,0
8.5171,28.068,0
8.5171,28.14,0
8.5171,28.213,0
8.5171,28.285,0
8.5171,28.357,0
8.5171,28.43,0
8.5171,28.502,0
8.5171,28.575,0
8.5171,28.647,0
8.5171,28.719,0
8.5171,28.792,0
8.5171,28.864,0
8.5171,28.937,0
8.5171,29.009,0
8.5171,29.081,0
8.5171,29.154,0
8.5171,29.226,0
8.5171,29.299,0
8.5171,29.371,0
8.5171,29.444,0
8.5171,29.516,0
8.5171,29.588,0
8.5171,29.661,0
8.5171,29.733,0
8.5171,29.806,0
8.5171,29.878,0
8.5171,29.95,0
8.5171,30.023,0
8.5171,30.095,0
8.5171,30.168,0
8.5171,30.24,0
8.5171,30.312,0
8.5171,30.385,0
8.5171,30.457,0
8.5171,30.53,0
8.5171,30.602,0
8.555,27.778,0
8.555,27.851,0
8.555,27.923,0
8.555,27.995,0
8.555,28.068,0
8.555,28.14,0
8.555,28.213,0
8.555,28.285,0
8.555,28.357,0
8.555,28.43,0
8.555,28.502,0
8.555,28.575,0
8.555,28.647,0
8.555,28.719,0
8.555,28.792,0
8.555,28.864,0
8.555,28.937,0
8.555,29.009,0
8.555,29.081,0
8.555,29.154,0
8.555,29.226,0
8.555,29.299,0
8.555,29.371,0
8.555,29.444,0
8.555,29.516,0
8.555,29.588,0
8.555,29.661,0
8.555,29.733,0
8.555,29.806,0
8.555,29.878,0
8.555,29.95,0
8.555,30.023,0
8.555,30.095,0
8.555,30.168,0
8.555,30.24,0
8.555,30.312,0
8.555,30.385,0
8.555,30.457,0
8.555,30.53,0
8.555,30.602,0
8.5929,27.778,0
8.5929,27.851,0
8.5929,27.923,0
8.5929,27.995,0
8.5929,28.068,0
8.5929,28.14,0
8.5929,28.213,0
8.5929,28.285,0
8.5929,28.357,0
8.5929,28.43,0
8.5929,28.502,0
8.5929,28.575,0
8.5929,28.647,0
8.5929,28.719,0
8.5929,28.792,0
8.5929,28.864,0
8.5929,28.937,0
8.5929,29.009,0
8.5929,29.081,0
8.5929,29.154,0
8.5929,29.226,0
8.5929,29.299,0
8.5929,29.371,0
8.5929,29.444,0
8.5929,29.516,0
8.5929,29.588,0
8.5929,29.661,0
8.5929,29.733,0
8.5929,29.806,0
8.5929,29.878,0
8.5929,29.95,0
8.5929,30.023,0
8.5929,30.095,0
8.5929,30.168,0
8.5929,30.24,0
8.5929,30.312,0
8.5929,30.385,0
8.5929,30.457,0
8.5929,30.53,0
8.5929,30.602,0
8.6307,27.778,0
8.6307,27.851,0
8.6307,27.923,0
8.6307,27.995,0
8.6307,28.068,0
8.6307,28.14,0
8.6307,28.213,0
8.6307,28.285,0
8.6307,28.357,0
8.6307,28.43,0
8.6307,28.502,0
8.6307,28.575,0
8.6307,28.647,0
8.6307,28.719,0
8.6307,28.792,0
8.6307,28.864,0
8.6307,28.937,0
8.6307,29.009,0
8.6307,29.081,0
8.6307,29.154,0
8.6307,29.226,0
8.6307,29.299,0
8.6307,29.371,0
8.6307,29.444,0
8.6307,29.516,0
8.6307,29.588,0
8.6307,29.661,0
8.6307,29.733,0
8.6307,29.806,0
8.6307,29.878,0
8.6307,29.95,0
8.6307,30.023,0
8.6307,30.095,0
8.6307,30.168,0
8.6307,30.24,0
8.6307,30.312,0
8.6307,30.385,0
8.6307,30.457,0
8.6307,30.53,0
8.6307,30.602,0
8.6686,27.778,0
8.6686,27.851,0
8.6686,27.923,0
8.6686,27.995,0
8.6686,28.068,0
8.6686,28.14,0
8.6686,28.213,0
8.6686,28.285,0
8.6686,28.357,0
8.6686,28.43,0
8.6686,28.502,0
8.6686,28.575,0
8.6686,28.647,0
8.6686,28.719,0
8.6686,28.792,0
8.6686,28.864,0
8.6686,28.937,0
8.6686,29.009,0
8.6686,29.081,0
8.6686,29.154,0
8.6686,29.226,0
8.6686,29.299,0
8.6686,29.371,0
8.6686,29.444,0
8.6686,29.516,0
8.6686,29.588,0
8.6686,29.661,0
8.6686,29.733,0
8.6686,29.806,0
8.6686,29.878,0
8.6686,29.95,0
8.6686,30.023,0
8.6686,30.095,0
8.6686,30.168,0
8.6686,30.24,0
8.6686,30.312,0
8.6686,30.385,0
8.6686,30.457,0
8.6686,30.53,0
8.6686,30.602,0
8.7065,27.778,0
8.7065,27.851,0
8.7065,27.923,0
8.7065,27.995,0
8.7065,28.068,0
8.7065,28.14,0
8.7065,28.213,0
8.7065,28.285,0
8.7065,28.357,0
8.7065,28.43,0
8.7065,28.502,0
8.7065,28.575,0
8.7065,28.647,0
8.7065,28.719,0
8.7065,28.792,0
8.7065,28.864,0
8.7065,28.937,0
8.7065,29.009,0
8.7065,29.081,0
8.7065,29.154,0
8.7065,29.226,0
8.7065,29.299,0
8.7065,29.371,0
8.7065,29.444,0
8.7065,29.516,0
8.7065,29.588,0
8.7065,29.661,0
8.7065,29.733,0
8.7065,29.806,0
8.7065,29.878,0
8.7065,29.95,0
8.7065,30.023,0
8.7065,30.095,0
8.7065,30.168,0
8.7065,30.24,0
8.7065,30.312,0
8.7065,30.385,0
8.7065,30.457,0
8.7065,30.53,0
8.7065,30.602,0
8.7444,27.778,0
8.7444,27.851,0
8.7444,27.923,0
8.7444,27.995,0
8.7444,28.068,0
8.7444,28.14,0
8.7444,28.213,0
8.7444,28.285,0
8.7444,28.357,0
8.7444,28.43,0
8.7444,28.502,0
8.7444,28.575,0
8.7444,28.647,0
8.7444,28.719,0
8.7444,28.792,0
8.7444,28.864,0
8.7444,28.937,0
8.7444,29.009,0
8.7444,29.081,0
8.7444,29.154,0
8.7444,29.226,0
8.7444,29.299,0
8.7444,29.371,0
8.7444,29.444,0
8.7444,29.516,0
8.7444,29.588,0
8.7444,29.661,0
8.7444,29.733,0
8.7444,29.806,0
8.7444,29.878,0
8.7444,29.95,0
8.7444,30.023,0
8.7444,30.095,0
8.7444,30.168,0
8.7444,30.24,0
8.7444,30.312,0
8.7444,30.385,0
8.7444,30.457,0
8.7444,30.53,0
8.7444,30.602,0
8.7823,27.778,0
8.7823,27.851,0
8.7823,27.923,0
8.7823,27.995,0
8.7823,28.068,0
8.7823,28.14,0
8.7823,28.213,0
8.7823,28.285,0
8.7823,28.357,0
8.7823,28.43,0
8.7823,28.502,0
8.7823,28.575,0
8.7823,28.647,0
8.7823,28.719,0
8.7823,28.792,0
8.7823,28.864,0
8.7823,28.937,0
8.7823,29.009,0
8.7823,29.081,0
8.7823,29.154,0
8.7823,29.226,0
8.7823,29.299,0
8.7823,29.371,0
8.7823,29.444,0
8.7823,29.516,0
8.7823,29.588,0
8.7823,29.661,0
8.7823,29.733,0
8.7823,29.806,0
8.7823,29.878,0
8.7823,29.95,0
8.7823,30.023,0
8.7823,30.095,0
8.7823,30.168,0
8.7823,30.24,0
8.7823,30.312,0
8.7823,30.385,0
8.7823,30.457,0
8.7823,30.53,0
8.7823,30.602,0
8.8201,27.778,0
8.8201,27.851,0
8.8201,27.923,0
8.8201,27.995,0
8.8201,28.068,0
8.8201,28.14,0
8.8201,28.213,0
8.8201,28.285,0
8.8201,28.357,0
8.8201,28.43,0
8.8201,28.502,0
8.8201,28.575,0
8.8201,28.647,0
8.8201,28.719,0
8.8201,28.792,0
8.8201,28.864,0
8.8201,28.937,0
8.8201,29.009,0
8.8201,29.081,0
8.8201,29.154,0
8.8201,29.226,0
8.8201,29.299,0
8.8201,29.371,0
8.8201,29.444,0
8.8201,29.516,0
8.8201,29.588,0
8.8201,29.661,0
8.8201,29.733,0
8.8201,29.806,0
8.8201,29.878,0
8.8201,29.95,0
8.8201,30.023,0
8.8201,30.095,0
8.8201,30.168,0
8.8201,30.24,0
8.8201,30.312,0
8.8201,30.385,0
8.8201,30.457,0
8.8201,30.53,0
8.8201,30.602,0
8.858,27.778,0
8.858,27.851,0
8.858,27.923,0
8.858,27.995,0
8.858,28.068,0
8.858,28.14,0
8.858,28.213,0
8.858,28.285,0
8.858,28.357,0
8.858,28.43,0
8.858,28.502,0
8.858,28.575,0
8.858,28.647,0
8.858,28.719,0
8.858,28.792,0
8.858,28.864,0
8.858,28.937,0
8.858,29.009,0
8.858,29.081,0
8.858,29.154,0
8.858,29.226,0
8.858,29.299,0
8.858,29.371,0
8.858,29.444,0
8.858,29.516,0
8.858,29.588,0
8.858,29.661,0
8.858,29.733,0
8.858,29.806,0
8.858,29.878,0
8.858,29.95,0
8.858,30.023,0
8.858,30.095,0
8.858,30.168,0
8.858,30.24,0
8.858,30.312,0
8.858,30.385,0
8.858,30.457,0
8.858,30.53,0
8.858,30.602,0
8.8959,27.778,0
8.8959,27.851,0
8.8959,27.923,0
8.8959,27.995,0
8.8959,28.068,0
8.8959,28.14,0
8.8959,28.213,0
8.8959,28.285,0
8.8959,28.357,0
8.8959,28.43,0
8.8959,28.502,0
8.8959,28.575,0
8.8959,28.647,0
8.8959,28.719,0
8.8959,28.792,0
8.8959,28.864,0
8.8959,28.937,0
8.8959,29.009,0
8.8959,29.081,0
8.8959,29.154,0
8.8959,29.226,0
8.8959,29.299,0
8.8959,29.371,0
8.8959,29.444,0
8.8959,29.516,0
8.8959,29.588,0
8.8959,29.661,0
8.8959,29.733,0
8.8959,29.806,0
8.8959,29.878,0
8.8959,29.95,0
8.8959,30.023,0
8.8959,30.095,0
8.8959,30.168,0
8.8959,30.24,0
8.8959,30.312,0
8.8959,30.385,0
8.8959,30.457,0
8.8959,30.53,0
8.8959,30.602,0
8.9338,27.778,0
8.9338,27.851,0
8.9338,27.923,0
8.9338,27.995,0
8.9338,28.068,0
8.9338,28.14,0
8.9338,28.213,0
8.9338,28.285,0
8.9338,28.357,0
8.9338,28.43,0
8.9338,28.502,0
8.9338,28.575,0
8.9338,28.647,0
8.9338,28.719,0
8.9338,28.792,0
8.9338,28.864,0
8.9338,28.937,0
8.9338,29.009,0
8.9338,29.081,0
8.9338,29.154,0
8.9338,29.226,0
8.9338,29.299,0
8.9338,29.371,0
8.9338,29.444,0
8.9338,29.516,0
8.9338,29.588,0
8.9338,29.661,0
8.9338,29.733,0
8.9338,29.806,0
8.9338,29.878,0
8.9338,29.95,0
8.9338,30.023,0
8.9338,30.095,0
8.9338,30.168,0
8.9338,30.24,0
8.9338,30.312,0
8.9338,30.385,0
8.9338,30.457,0
8.9338,30.53,0
8.9338,30.602,0
8.9717,27.778,0
8.9717,27.851,0
8.9717,27.923,0
8.9717,27.995,0
8.9717,28.068,0
8.9717,28.14,0
8.9717,28.213,0
8.9717,28.285,0
8.9717,28.357,0
8.9717,28.43,0
8.9717,28.502,0
8.9717,28.575,0
8.9717,28.647,0
8.9717,28.719,0
8.9717,28.792,0
8.9717,28.864,0
8.9717,28.937,0
8.9717,29.009,0
8.9717,29.081,0
8.9717,29.154,0
8.9717,29.226,0
8.9717,29.299,0
8.9717,29.371,0
8.9717,29.444,0
8.9717,29.516,0
8.9717,29.588,0
8.9717,29.661,0
8.9717,29.733,0
8.9717,29.806,0
8.9717,29.878,0
8.9717,29.95,0
8.9717,30.023,0
8.9717,30.095,0
8.9717,30.168,0
8.9717,30.24,0
8.9717,30.312,0
8.9717,30.385,0
8.9717,30.457,0
8.9717,30.53,0
8.9717,30.602,0
9.0095,27.778,0
9.0095,27.851,0
9.0095,27.923,0
9.0095,27.995,0
9.0095,28.068,0
9.0095,28.14,0
9.0095,28.213,0
9.0095,28.285,0
9.0095,28.357,0
9.0095,28.43,0
9.0095,28.502,0
9.0095,28.575,0
9.0095,28.647,0
9.0095,28.719,0
9.0095,28.792,0
9.0095,28.864,0
9.0095,28.937,0
9.0095,29.009,0
9.0095,29.081,0
9.0095,29.154,0
9.0095,29.226,0
9.0095,29.299,0
9.0095,29.371,0
9.0095,29.444,0
9.0095,29.516,0
9.0095,29.588,0
9.0095,29.661,0
9.0095,29.733,0
9.0095,29.806,0
9.0095,29.878,0
9.0095,29.95,0
9.0095,30.023,0
9.0095,30.095,0
9.0095,30.168,0
9.0095,30.24,0
9.0095,30.312,0
9.0095,30.385,0
9.0095,30.457,0
9.0095,30.53,0
9.0095,30.602,0
9.0474,27.778,0
9.0474,27.851,0
9.0474,27.923,0
9.0474,27.995,0
9.0474,28.068,0
9.0474,28.14,0
9.0474,28.213,0
9.0474,28.285,0
9.0474,28.357,0
9.0474,28.43,0
9.0474,28.502,0
9.0474,28.575,0
9.0474,28.647,0
9.0474,28.719,0
9.0474,28.792,0
9.0474,28.864,0
9.0474,28.937,0
9.0474,29.009,0
9.0474,29.081,0
9.0474,29.154,0
9.0474,29.226,0
9.0474,29.299,0
9.0474,29.371,0
9.0474,29.444,0
9.0474,29.516,0
9.0474,29.588,0
9.0474,29.661,0
9.0474,29.733,0
9.0474,29.806,0
9.0474,29.878,0
9.0474,29.95,0
9.0474,30.023,0
9.0474,30.095,0
9.0474,30.168,0
9.0474,30.24,0
9.0474,30.312,0
9.0474,30.385,0
9.0474,30.457,0
9.0474,30.53,0
9.0474,30.602,0
9.0853,27.778,0
9.0853,27.851,0
9.0853,27.923,0
9.0853,27.995,0
9.0853,28.068,0
9.0853,28.14,0
9.0853,28.213,0
9.0853,28.285,0
9.0853,28.357,0
9.0853,28.43,0
9.0853,28.502,0
9.0853,28.575,0
9.0853,28.647,0
9.0853,28.719,0
9.0853,28.792,0
9.0853,28.864,0
9.0853,28.937,0
9.0853,29.009,0
9.0853,29.081,0
9.0853,29.154,0
9.0853,29.226,0
9.0853,29.299,0
9.0853,29.371,0
9.0853,29.444,0
9.0853,29.516,0
9.0853,29.588,0
9.0853,29.661,0
9.0853,29.733,0
9.0853,29.806,0
9.0853,29.878,0
9.0853,29.95,0
9.0853,30.023,0
9.0853,30.095,0
9.0853,30.168,0
9.0853,30.24,0
9.0853,30.312,0
9.0853,30.385,0
9.0853,30.457,0
9.0853,30.53,0
9.0853,30.602,0
9.1232,27.778,0
9.1232,27.851,0
9.1232,27.923,0
9.1232,27.995,0
9.1232,28.068,0
9.1232,28.14,0
9.1232,28.213,0
9.1232,28.285,0
9.1232,28.357,0
9.1232,28.43,0
9.1232,28.502,0
9.1232,28.575,0
9.1232,28.647,0
9.1232,28.719,0
9.1232,28.792,0
9.1232,28.864,0
9.1232,28.937,0
9.1232,29.009,0
9.1232,29.081,0
9.1232,29.154,0
9.1232,29.226,0
9.1232,29.299,0
9.1232,29.371,0
9.1232,29.444,0
9.1232,29.516,0
9.1232,29.588,0
9.1232,29.661,0
9.1232,29.733,0
9.1232,29.806,0
9.1232,29.878,0
9.1232,29.95,0
9.1232,30.023,0
9.1232,30.095,0
9.1232,30.168,0
9.1232,30.24,0
9.1232,30.312,0
9.1232,30.385,0
9.1232,30.457,0
9.1232,30.53,0
9.1232,30.602,0
9.161,27.778,0
9.161,27.851,0
9.161,27.923,0
9.161,27.995,0
9.161,28.068,0
9.161,28.14,0
9.161,28.213,0
9.161,28.285,0
9.161,28.357,0
9.161,28.43,0
9.161,28.502,0
9.161,28.575,0
9.161,28.647,0
9.161,28.719,0
9.161,28.792,0
9.161,28.864,0
9.161,28.937,0
9.161,29.009,0
9.161,29.081,0
9.161,29.154,0
9.161,29.226,0
9.161,29.299,0
9.161,29.371,0
9.161,29.444,0
9.161,29.516,0
9.161,29.588,0
9.161,29.661,0
9.161,29.733,0
9.161,29.806,0
9.161,29.878,0
9.161,29.95,0
9.161,30.023,0
9.161,30.095,0
9.161,30.168,0
9.161,30.24,0
9.161,30.312,0
9.161,30.385,0
9.161,30.457,0
9.161,30.53,0
9.161,30.602,0
9.1989,27.778,0
9.1989,27.851,0
9.1989,27.923,0
9.1989,27.995,0
9.1989,28.068,0
9.1989,28.14,0
9.1989,28.213,0
9.1989,28.285,0
9.1989,28.357,0
9.1989,28.43,0
9.1989,28.502,0
9.1989,28.575,0
9.1989,28.647,0
9.1989,28.719,0
9.1989,28.792,0
9.1989,28.864,0
9.1989,28.937,0
9.1989,29.009,0
9.1989,29.081,0
9.1989,29.154,0
9.1989,29.226,0
9.1989,29.299,0
9.1989,29.371,0
9.1989,29.444,0
9.1989,29.516,0
9.1989,29.588,0
9.1989,29.661,0
9.1989,29.733,0
9.1989,29.806,0
9.1989,29.878,0
9.1989,29.95,0
9.1989,30.023,0
9.1989,30.095,0
9.1989,30.168,0
9.1989,30.24,0
9.1989,30.312,0
9.1989,30.385,0
9.1989,30.457,0
9.1989,30.53,0
9.1989,30.602,0
9.2368,27.778,10.804
9.2368,27.851,0
9.2368,27.923,10.75
9.2368,27.995,0
9.2368,28.068,10.665
9.2368,28.14,0
9.2368,28.213,0
9.2368,28.285,0
9.2368,28.357,0
9.2368,28.43,0
9.2368,28.502,0
9.2368,28.575,0
9.2368,28.647,0
9.2368,28.719,0
9.2368,28.792,0
9.2368,28.864,0
9.2368,28.937,0
9.2368,29.009,0
9.2368,29.081,0
9.2368,29.154,0
9.2368,29.226,0
9.2368,29.299,0
9.2368,29.371,0
9.2368,29.444,0
9.2368,29.516,0
9.2368,29.588,0
9.2368,29.661,0
9.2368,29.733,0
9.2368,29.806,0
9.2368,29.878,0
9.2368,29.95,0
9.2368,30.023,0
9.2368,30.095,0
9.2368,30.168,0
9.2368,30.24,0
9.2368,30.312,0
9.2368,30.385,0
9.2368,30.457,0
9.2368,30.53,0
9.2368,30.602,0
9.2747,27.778,10.887
9.2747,27.851,10.874
9.2747,27.923,10.842
9.2747,27.995,10.81
9.2747,28.068,10.766
9.2747,28.14,10.715
9.2747,28.213,10.655
9.2747,28.285,0
9.2747,28.357,10.504
9.2747,28.43,0
9.2747,28.502,10.289
9.2747,28.575,0
9.2747,28.647,0
9.2747,28.719,9.8175
9.2747,28.792,0
9.2747,28.864,0
9.2747,28.937,0
9.2747,29.009,0
9.2747,29.081,0
9.2747,29.154,0
9.2747,29.226,0
9.2747,29.299,0
9.2747,29.371,0
9.2747,29.444,0
9.2747,29.516,0
9.2747,29.588,0
9.2747,29.661,0
9.2747,29.733,0
9.2747,29.806,0
9.2747,29.878,0
9.2747,29.95,0
9.2747,30.023,0
9.2747,30.095,0
9.2747,30.168,0
9.2747,30.24,0
9.2747,30.312,0
9.2747,30.385,0
9.2747,30.457,0
9.2747,30.53,0
9.2747,30.602,0
9.3126,27.778,10.975
9.3126,27.851,10.956
9.3126,27.923,10.935
9.3126,27.995,10.903
9.3126,28.068,10.866
9.3126,28.14,10.819
9.3126,28.213,10.763
9.3126,28.285,0
9.3126,28.357,10.625
9.3126,28.43,10.537
9.3126,28.502,10.428
9.3126,28.575,10.301
9.3126,28.647,0
9.3126,28.719,9.9865
9.3126,28.792,0
9.3126,28.864,0
9.3126,28.937,0
9.3126,29.009,0
9.3126,29.081,0
9.3126,29.154,0
9.3126,29.226,0
9.3126,29.299,0
9.3126,29.371,0
9.3126,29.444,0
9.3126,29.516,0
9.3126,29.588,0
9.3126,29.661,0
9.3126,29.733,0
9.3126,29.806,0
9.3126,29.878,0
9.3126,29.95,0
9.3126,30.023,0
9.3126,30.095,0
9.3126,30.168,0
9.3126,30.24,0
9.3126,30.312,0
9.3126,30.385,0
9.3126,30.457,0
9.3126,30.53,0
9.3126,30.602,0
9.3504,27.778,11.061
9.3504,27.851,11.039
9.3504,27.923,11.027
9.3504,27.995,10.996
9.3504,28.068,10.964
9.3504,28.14,10.92
9.3504,28.213,10.869
9.3504,28.285,10.809
9.3504,28.357,10.738
9.3504,28.43,10.659
9.3504,28.502,10.563
9.3504,28.575,10.448
9.3504,28.647,10.309
9.3504,28.719,10.154
9.3504,28.792,9.9717
9.3504,28.864,9.8052
9.3504,28.937,0
9.3504,29.009,0
9.3504,29.081,0
9.3504,29.154,0
9.3504,29.226,0
9.3504,29.299,0
9.3504,29.371,0
9.3504,29.444,0
9.3504,29.516,0
9.3504,29.588,0
9.3504,29.661,0
9.3504,29.733,0
9.3504,29.806,0
9.3504,29.878,0
9.3504,29.95,0
9.3504,30.023,0
9.3504,30.095,0
9.3504,30.168,0
9.3504,30.24,0
9.3504,30.312,0
9.3504,30.385,0
9.3504,30.457,0
9.3504,30.53,0
9.3504,30.602,0
9.3883,27.778,11.147
9.3883,27.851,11.127
9.3883,27.923,11.109
9.3883,27.995,11.088
9.3883,28.068,11.056
9.3883,28.14,11.02
9.3883,28.213,10.973
9.3883,28.285,10.918
9.3883,28.357,10.853
9.3883,28.43,10.78
9.3883,28.502,10.69
9.3883,28.575,10.586
9.3883,28.647,10.459
9.3883,28.719,10.314
9.3883,28.792,10.141
9.3883,28.864,9.9669
9.3883,28.937,0
9.3883,29.009,0
9.3883,29.081,0
9.3883,29.154,0
9.3883,29.226,0
9.3883,29.299,0
9.3883,29.371,0
9.3883,29.444,0
9.3883,29.516,0
9.3883,29.588,0
9.3883,29.661,0
9.3883,29.733,0
9.3883,29.806,0
9.3883,29.878,0
9.3883,29.95,0
9.3883,30.023,0
9.3883,30.095,0
9.3883,30.168,0
9.3883,30.24,0
9.3883,30.312,0
9.3883,30.385,0
9.3883,30.457,0
9.3883,30.53,0
9.3883,30.602,0
9.4262,27.778,11.232
9.4262,27.851,11.214
9.4262,27.923,11.192
9.4262,27.995,11.18
9.4262,28.068,11.149
9.4262,28.14,11.117
9.4262,28.213,11.074
9.4262,28.285,11.024
9.4262,28.357,10.964
9.4262,28.43,10.894
9.4262,28.502,10.816
9.4262,28.575,10.72
9.4262,28.647,10.605
9.4262,28.719,10.467
9.4262,28.792,10.311
9.4262,28.864,10.131
9.4262,28.937,0
9.4262,29.009,0
9.4262,29.081,0
9.4262,29.154,0
9.4262,29.226,0
9.4262,29.299,0
9.4262,29.371,0
9.4262,29.444,0
9.4262,29.516,0
9.4262,29.588,0
9.4262,29.661,0
9.4262,29.733,0
9.4262,29.806,0
9.4262,29.878,0
9.4262,29.95,0
9.4262,30.023,0
9.4262,30.095,0
9.4262,30.168,0
9.4262,30.24,0
9.4262,30.312,0
9.4262,30.385,0
9.4262,30.457,0
9.4262,30.53,0
9.4262,30.602,0
9.4641,27.778,11.315
9.4641,27.851,11.3
9.4641,27.923,11.28
9.4641,27.995,11.261
9.4641,28.068,11.242
9.4641,28.14,11.21
9.4641,28.213,11.174
9.4641,28.285,11.127
9.4641,28.357,11.073
9.4641,28.43,11.008
9.4641,28.502,10.936
9.4641,28.575,10.846
9.4641,28.647,10.743
9.4641,28.719,10.616
9.4641,28.792,10.471
9.4641,28.864,10.301
9.4641,28.937,10.128
9.4641,29.009,9.9675
9.4641,29.081,0
9.4641,29.154,0
9.4641,29.226,0
9.4641,29.299,0
9.4641,29.371,0
9.4641,29.444,0
9.4641,29.516,0
9.4641,29.588,0
9.4641,29.661,0
9.4641,29.733,0
9.4641,29.806,0
9.4641,29.878,0
9.4641,29.95,0
9.4641,30.023,0
9.4641,30.095,0
9.4641,30.168,0
9.4641,30.24,0
9.4641,30.312,0
9.4641,30.385,0
9.4641,30.457,0
9.4641,30.53,0
9.4641,30.602,0
9.5019,27.778,11.401
9.5019,27.851,11.384
9.5019,27.923,11.367
9.5019,27.995,11.345
9.5019,28.068,11.333
9.5019,28.14,11.302
9.5019,28.213,11.271
9.5019,28.285,11.228
9.5019,28.357,11.178
9.5019,28.43,11.119
9.5019,28.502,11.049
9.5019,28.575,10.972
9.5019,28.647,10.876
9.5019,28.719,10.76
9.5019,28.792,10.628
9.5019,28.864,10.47
9.5019,28.937,10.303
9.5019,29.009,10.122
9.5019,29.081,0
9.5019,29.154,0
9.5019,29.226,0
9.5019,29.299,0
9.5019,29.371,0
9.5019,29.444,0
9.5019,29.516,0
9.5019,29.588,0
9.5019,29.661,0
9.5019,29.733,0
9.5019,29.806,0
9.5019,29.878,0
9.5019,29.95,0
9.5019,30.023,0
9.5019,30.095,0
9.5019,30.168,0
9.5019,30.24,0
9.5019,30.312,0
9.5019,30.385,0
9.5019,30.457,0
9.5019,30.53,0
9.5019,30.602,0
9.5398,27.778,11.484
9.5398,27.851,11.468
9.5398,27.923,11.452
9.5398,27.995,11.433
9.5398,28.068,11.413
9.5398,28.14,11.395
9.5398,28.213,11.363
9.5398,28.285,11.328
9.5398,28.357,11.282
9.5398,28.43,11.227
9.5398,28.502,11.163
9.5398,28.575,11.092
9.5398,28.647,11.003
9.5398,28.719,10.901
9.5398,28.792,10.776
9.5398,28.864,10.63
9.5398,28.937,10.459
9.5398,29.009,10.289
9.5398,29.081,0
9.5398,29.154,10.007
9.5398,29.226,0
9.5398,29.299,0
9.5398,29.371,0
9.5398,29.444,0
9.5398,29.516,0
9.5398,29.588,0
9.5398,29.661,0
9.5398,29.733,0
9.5398,29.806,0
9.5398,29.878,0
9.5398,29.95,0
9.5398,30.023,0
9.5398,30.095,0
9.5398,30.168,0
9.5398,30.24,0
9.5398,30.312,0
9.5398,30.385,0
9.5398,30.457,0
9.5398,30.53,0
9.5398,30.602,0
9.5777,27.778,11.566
9.5777,27.851,11.554
9.5777,27.923,11.537
9.5777,27.995,11.52
9.5777,28.068,11.498
9.5777,28.14,11.484
9.5777,28.213,11.456
9.5777,28.285,11.425
9.5777,28.357,11.383
9.5777,28.43,11.333
9.5777,28.502,11.274
9.5777,28.575,11.205
9.5777,28.647,11.128
9.5777,28.719,11.034
9.5777,28.792,10.918
9.5777,28.864,10.786
9.5777,28.937,10.627
9.5777,29.009,10.462
9.5777,29.081,10.286
9.5777,29.154,10.137
9.5777,29.226,10.043
9.5777,29.299,0
9.5777,29.371,0
9.5777,29.444,0
9.5777,29.516,0
9.5777,29.588,0
9.5777,29.661,0
9.5777,29.733,0
9.5777,29.806,0
9.5777,29.878,0
9.5777,29.95,0
9.5777,30.023,0
9.5777,30.095,0
9.5777,30.168,0
9.5777,30.24,0
9.5777,30.312,0
9.5777,30.385,0
9.5777,30.457,0
9.5777,30.53,0
9.5777,30.602,0
9.6156,27.778,11.649
9.6156,27.851,11.637
9.6156,27.923,11.621
9.6156,27.995,11.605
9.6156,28.068,11.586
9.6156,28.14,11.565
9.6156,28.213,11.549
9.6156,28.285,11.516
9.6156,28.357,11.482
9.6156,28.43,11.436
9.6156,28.502,11.382
9.6156,28.575,11.319
9.6156,28.647,11.247
9.6156,28.719,11.16
9.6156,28.792,11.059
9.6156,28.864,10.934
9.6156,28.937,10.791
9.6156,29.009,10.619
9.6156,29.081,10.447
9.6156,29.154,10.283
9.6156,29.226,10.157
9.6156,29.299,10.085
9.6156,29.371,0
9.6156,29.444,0
9.6156,29.516,0
9.6156,29.588,0
9.6156,29.661,0
9.6156,29.733,0
9.6156,29.806,0
9.6156,29.878,0
9.6156,29.95,0
9.6156,30.023,0
9.6156,30.095,0
9.6156,30.168,0
9.6156,30.24,0
9.6156,30.312,0
9.6156,30.385,0
9.6156,30.457,0
9.6156,30.53,0
9.6156,30.602,0
9.6535,27.778,11.729
9.6535,27.851,11.719
9.6535,27.923,11.708
9.6535,27.995,11.69
9.6535,28.068,11.673
9.6535,28.14,11.652
9.6535,28.213,11.637
9.6535,28.285,11.61
9.6535,28.357,11.578
9.6535,28.43,11.537
9.6535,28.502,11.488
9.6535,28.575,11.429
9.6535,28.647,11.36
9.6535,28.719,11.285
9.6535,28.792,11.19
9.6535,28.864,11.076
9.6535,28.937,10.946
9.6535,29.009,10.787
9.6535,29.081,10.618
9.6535,29.154,10.445
9.6535,29.226,10.29
9.6535,29.299,10.192
9.6535,29.371,0
9.6535,29.444,0
9.6535,29.516,0
9.6535,29.588,0
9.6535,29.661,0
9.6535,29.733,0
9.6535,29.806,0
9.6535,29.878,0
9.6535,29.95,0
9.6535,30.023,0
9.6535,30.095,0
9.6535,30.168,0
9.6535,30.24,0
9.6535,30.312,0
9.6535,30.385,0
9.6535,30.457,0
9.6535,30.53,0
9.6535,30.602,0
9.6913,27.778,11.807
9.6913,27.851,11.802
9.6913,27.923,11.789
9.6913,27.995,11.775
9.6913,28.068,11.759
9.6913,28.14,11.74
9.6913,28.213,11.717
9.6913,28.285,11.703
9.6913,28.357,11.67
9.6913,28.43,11.636
9.6913,28.502,11.591
9.6913,28.575,11.538
9.6913,28.647,11.474
9.6913,28.719,11.403
9.6913,28.792,11.317
9.6913,28.864,11.217
9.6913,28.937,11.092
9.6913,29.009,10.951
9.6913,29.081,10.785
9.6913,29.154,10.608
9.6913,29.226,10.443
9.6913,29.299,10.318
9.6913,29.371,10.244
9.6913,29.444,10.178
9.6913,29.516,0
9.6913,29.588,0
9.6913,29.661,0
9.6913,29.733,0
9.6913,29.806,0
9.6913,29.878,0
9.6913,29.95,0
9.6913,30.023,0
9.6913,30.095,0
9.6913,30.168,0
9.6913,30.24,0
9.6913,30.312,0
9.6913,30.385,0
9.6913,30.457,0
9.6913,30.53,0
9.6913,30.602,0
9.7292,27.778,11.885
9.7292,27.851,11.881
9.7292,27.923,11.872
9.7292,27.995,11.861
9.7292,28.068,11.843
9.7292,28.14,11.826
9.7292,28.213,11.806
9.7292,28.285,11.788
9.7292,28.357,11.764
9.7292,28.43,11.732
9.7292,28.502,11.692
9.7292,28.575,11.643
9.7292,28.647,11.585
9.7292,28.719,11.517
9.7292,28.792,11.442
9.7292,28.864,11.348
9.7292,28.937,11.235
9.7292,29.009,11.105
9.7292,29.081,10.95
9.7292,29.154,10.774
9.7292,29.226,10.605
9.7292,29.299,10.451
9.7292,29.371,10.351
9.7292,29.444,10.291
9.7292,29.516,10.218
9.7292,29.588,10.138
9.7292,29.661,0
9.7292,29.733,0
9.7292,29.806,0
9.7292,29.878,0
9.7292,29.95,0
9.7292,30.023,0
9.7292,30.095,0
9.7292,30.168,0
9.7292,30.24,0
9.7292,30.312,0
9.7292,30.385,0
9.7292,30.457,0
9.7292,30.53,0
9.7292,30.602,0
9.7671,27.778,11.962
9.7671,27.851,11.959
9.7671,27.923,11.954
9.7671,27.995,11.942
9.7671,28.068,11.929
9.7671,28.14,11.912
9.7671,28.213,11.894
9.7671,28.285,11.871
9.7671,28.357,11.857
9.7671,28.43,11.825
9.7671,28.502,11.791
9.7671,28.575,11.746
9.7671,28.647,11.693
9.7671,28.719,11.63
9.7671,28.792,11.558
9.7671,28.864,11.474
9.7671,28.937,11.375
9.7671,29.009,11.251
9.7671,29.081,11.112
9.7671,29.154,10.947
9.7671,29.226,10.768
9.7671,29.299,10.595
9.7671,29.371,10.473
9.7671,29.444,10.401
9.7671,29.516,10.33
9.7671,29.588,10.26
9.7671,29.661,0
9.7671,29.733,0
9.7671,29.806,0
9.7671,29.878,0
9.7671,29.95,0
9.7671,30.023,0
9.7671,30.095,0
9.7671,30.168,0
9.7671,30.24,0
9.7671,30.312,0
9.7671,30.385,0
9.7671,30.457,0
9.7671,30.53,0
9.7671,30.602,0
9.805,27.778,12.037
9.805,27.851,12.037
9.805,27.923,12.034
9.805,27.995,12.026
9.805,28.068,12.014
9.805,28.14,11.997
9.805,28.213,11.98
9.805,28.285,11.96
9.805,28.357,11.938
9.805,28.43,11.919
9.805,28.502,11.885
9.805,28.575,11.848
9.805,28.647,11.799
9.805,28.719,11.741
9.805,28.792,11.673
9.805,28.864,11.599
9.805,28.937,11.504
9.805,29.009,11.394
9.805,29.081,11.265
9.805,29.154,11.111
9.805,29.226,10.935
9.805,29.299,10.765
9.805,29.371,10.61
9.805,29.444,10.507
9.805,29.516,10.443
9.805,29.588,10.374
9.805,29.661,10.297
9.805,29.733,0
9.805,29.806,0
9.805,29.878,0
9.805,29.95,0
9.805,30.023,0
9.805,30.095,0
9.805,30.168,0
9.805,30.24,0
9.805,30.312,0
9.805,30.385,0
9.805,30.457,0
9.805,30.53,0
9.805,30.602,0
9.8428,27.778,12.107
9.8428,27.851,12.113
9.8428,27.923,12.112
9.8428,27.995,12.107
9.8428,28.068,12.097
9.8428,28.14,12.085
9.8428,28.213,12.066
9.8428,28.285,12.048
9.8428,28.357,12.025
9.8428,28.43,12.012
9.8428,28.502,11.98
9.8428,28.575,11.946
9.8428,28.647,11.902
9.8428,28.719,11.849
9.8428,28.792,11.787
9.8428,28.864,11.715
9.8428,28.937,11.633
9.8428,29.009,11.535
9.8428,29.081,11.41
9.8428,29.154,11.272
9.8428,29.226,11.108
9.8428,29.299,10.933
9.8428,29.371,10.76
9.8428,29.444,10.63
9.8428,29.516,10.555
9.8428,29.588,10.486
9.8428,29.661,10.413
9.8428,29.733,0
9.8428,29.806,0
9.8428,29.878,0
9.8428,29.95,0
9.8428,30.023,0
9.8428,30.095,0
9.8428,30.168,0
9.8428,30.24,0
9.8428,30.312,0
9.8428,30.385,0
9.8428,30.457,0
9.8428,30.53,0
9.8428,30.602,0
9.8807,27.778,12.17
9.8807,27.851,12.188
9.8807,27.923,12.189
9.8807,27.995,12.186
9.8807,28.068,12.181
9.8807,28.14,12.168
9.8807,28.213,12.152
9.8807,28.285,12.135
9.8807,28.357,12.115
9.8807,28.43,12.092
9.8807,28.502,12.074
9.8807,28.575,12.04
9.8807,28.647,12.004
9.8807,28.719,11.955
9.8807,28.792,11.898
9.8807,28.864,11.831
9.8807,28.937,11.757
9.8807,29.009,11.663
9.8807,29.081,11.555
9.8807,29.154,11.425
9.8807,29.226,11.273
9.8807,29.299,11.098
9.8807,29.371,10.928
9.8807,29.444,10.77
9.8807,29.516,10.66
9.8807,29.588,10.599
9.8807,29.661,10.529
9.8807,29.733,10.455
9.8807,29.806,10.36
9.8807,29.878,0
9.8807,29.95,0
9.8807,30.023,0
9.8807,30.095,0
9.8807,30.168,0
9.8807,30.24,0
9.8807,30.312,0
9.8807,30.385,0
9.8807,30.457,0
9.8807,30.53,0
9.8807,30.602,0
9.9186,27.778,12.242
9.9186,27.851,12.255
9.9186,27.923,12.264
9.9186,27.995,12.264
9.9186,28.068,12.261
9.9186,28.14,12.252
9.9186,28.213,12.24
9.9186,28.285,12.221
9.9186,28.357,12.203
9.9186,28.43,12.181
9.9186,28.502,12.161
9.9186,28.575,12.136
9.9186,28.647,12.102
9.9186,28.719,12.059
9.9186,28.792,12.007
9.9186,28.864,11.945
9.9186,28.937,11.876
9.9186,29.009,11.791
9.9186,29.081,11.694
9.9186,29.154,11.57
9.9186,29.226,11.434
9.9186,29.299,11.27
9.9186,29.371,11.094
9.9186,29.444,10.92
9.9186,29.516,10.783
9.9186,29.588,10.71
9.9186,29.661,10.644
9.9186,29.733,10.575
9.9186,29.806,10.488
9.9186,29.878,0
9.9186,29.95,0
9.9186,30.023,0
9.9186,30.095,0
9.9186,30.168,0
9.9186,30.24,0
9.9186,30.312,0
9.9186,30.385,0
9.9186,30.457,0
9.9186,30.53,0
9.9186,30.602,0
9.9565,27.778,12.309
9.9565,27.851,12.318
9.9565,27.923,12.336
9.9565,27.995,12.34
9.9565,28.068,12.339
9.9565,28.14,12.335
9.9565,28.213,12.322
9.9565,28.285,12.309
9.9565,28.357,12.29
9.9565,28.43,12.271
9.9565,28.502,12.246
9.9565,28.575,12.229
9.9565,28.647,12.196
9.9565,28.719,12.161
9.9565,28.792,12.113
9.9565,28.864,12.056
9.9565,28.937,11.989
9.9565,29.009,11.914
9.9565,29.081,11.822
9.9565,29.154,11.716
9.9565,29.226,11.587
9.9565,29.299,11.435
9.9565,29.371,11.265
9.9565,29.444,11.087
9.9565,29.516,10.933
9.9565,29.588,10.816
9.9565,29.661,10.754
9.9565,29.733,10.688
9.9565,29.806,10.61
9.9565,29.878,0
9.9565,29.95,0
9.9565,30.023,0
9.9565,30.095,0
9.9565,30.168,0
9.9565,30.24,0
9.9565,30.312,0
9.9565,30.385,0
9.9565,30.457,0
9.9565,30.53,0
9.9565,30.602,0
9.9944,27.778,12.367
9.9944,27.851,12.386
9.9944,27.923,12.399
9.9944,27.995,12.408
9.9944,28.068,12.416
9.9944,28.14,12.414
9.9944,28.213,12.407
9.9944,28.285,12.395
9.9944,28.357,12.378
9.9944,28.43,12.359
9.9944,28.502,12.337
9.9944,28.575,12.311
9.9944,28.647,12.293
9.9944,28.719,12.261
9.9944,28.792,12.217
9.9944,28.864,12.165
9.9944,28.937,12.104
9.9944,29.009,12.031
9.9944,29.081,11.951
9.9944,29.154,11.855
9.9944,29.226,11.732
9.9944,29.299,11.596
9.9944,29.371,11.436
9.9944,29.444,11.253
9.9944,29.516,11.082
9.9944,29.588,10.946
9.9944,29.661,10.864
9.9944,29.733,10.799
9.9944,29.806,10.727
9.9944,29.878,10.649
9.9944,29.95,10.542
9.9944,30.023,0
9.9944,30.095,0
9.9944,30.168,0
9.9944,30.24,0
9.9944,30.312,0
9.9944,30.385,0
9.9944,30.457,0
9.9944,30.53,0
9.9944,30.602,0
10.032,27.778,12.414
10.032,27.851,12.441
10.032,27.923,12.461
10.032,27.995,12.471
10.032,28.068,12.488
10.032,28.14,12.492
10.032,28.213,12.489
10.032,28.285,12.479
10.032,28.357,12.467
10.032,28.43,12.447
10.032,28.502,12.428
10.032,28.575,12.404
10.032,28.647,12.386
10.032,28.719,12.355
10.032,28.792,12.319
10.032,28.864,12.272
10.032,28.937,12.215
10.032,29.009,12.149
10.032,29.081,12.077
10.032,29.154,11.984
10.032,29.226,11.878
10.032,29.299,11.749
10.032,29.371,11.598
10.032,29.444,11.428
10.032,29.516,11.254
10.032,29.588,11.091
10.032,29.661,10.974
10.032,29.733,10.911
10.032,29.806,10.84
10.032,29.878,10.769
10.032,29.95,10.677
10.032,30.023,0
10.032,30.095,0
10.032,30.168,0
10.032,30.24,0
10.032,30.312,0
10.032,30.385,0
10.032,30.457,0
10.032,30.53,0
10.032,30.602,0
10.07,27.778,12.372
10.07,27.851,12.461
10.07,27.923,12.512
10.07,27.995,12.538
10.07,28.068,12.549
10.07,28.14,12.567
10.07,28.213,12.567
10.07,28.285,12.563
10.07,28.357,12.552
10.07,28.43,12.536
10.07,28.502,12.517
10.07,28.575,12.496
10.07,28.647,12.469
10.07,28.719,12.452
10.07,28.792,12.417
10.07,28.864,12.376
10.07,28.937,12.325
10.07,29.009,12.264
10.07,29.081,12.192
10.07,29.154,12.113
10.07,29.226,12.018
10.07,29.299,11.898
10.07,29.371,11.762
10.07,29.444,11.597
10.07,29.516,11.423
10.07,29.588,11.248
10.07,29.661,11.108
10.07,29.733,11.021
10.07,29.806,10.952
10.07,29.878,10.886
10.07,29.95,10.806
10.07,30.023,10.706
10.07,30.095,0
10.07,30.168,0
10.07,30.24,0
10.07,30.312,0
10.07,30.385,0
10.07,30.457,0
10.07,30.53,0
10.07,30.602,0
10.108,27.778,0
10.108,27.851,12.408
10.108,27.923,12.532
10.108,27.995,12.582
10.108,28.068,12.61
10.108,28.14,12.628
10.108,28.213,12.639
10.108,28.285,12.643
10.108,28.357,12.638
10.108,28.43,12.625
10.108,28.502,12.606
10.108,28.575,12.587
10.108,28.647,12.563
10.108,28.719,12.537
10.108,28.792,12.515
10.108,28.864,12.48
10.108,28.937,12.433
10.108,29.009,12.377
10.108,29.081,12.311
10.108,29.154,12.236
10.108,29.226,12.147
10.108,29.299,12.043
10.108,29.371,11.916
10.108,29.444,11.765
10.108,29.516,11.591
10.108,29.588,11.415
10.108,29.661,11.257
10.108,29.733,11.131
10.108,29.806,11.067
10.108,29.878,10.999
10.108,29.95,10.926
10.108,30.023,10.841
10.108,30.095,10.718
10.108,30.168,0
10.108,30.24,0
10.108,30.312,0
10.108,30.385,0
10.108,30.457,0
10.108,30.53,0
10.108,30.602,0
10.146,27.778,0
10.146,27.851,0
10.146,27.923,0
10.146,27.995,12.579
10.146,28.068,12.64
10.146,28.14,12.682
10.146,28.213,12.7
10.146,28.285,12.718
10.146,28.357,12.718
10.146,28.43,12.712
10.146,28.502,12.698
10.146,28.575,12.677
10.146,28.647,12.656
10.146,28.719,12.63
10.146,28.792,12.614
10.146,28.864,12.579
10.146,28.937,12.539
10.146,29.009,12.488
10.146,29.081,12.427
10.146,29.154,12.356
10.146,29.226,12.278
10.146,29.299,12.18
10.146,29.371,12.063
10.146,29.444,11.925
10.146,29.516,11.77
10.146,29.588,11.596
10.146,29.661,11.421
10.146,29.733,11.269
10.146,29.806,11.178
10.146,29.878,11.113
10.146,29.95,11.044
10.146,30.023,10.969
10.146,30.095,10.862
10.146,30.168,0
10.146,30.24,0
10.146,30.312,0
10.146,30.385,0
10.146,30.457,0
10.146,30.53,0
10.146,30.602,0
10.184,27.778,0
10.184,27.851,0
10.184,27.923,0
10.184,27.995,0
10.184,28.068,12.553
10.184,28.14,12.665
10.184,28.213,12.753
10.184,28.285,12.777
10.184,28.357,12.794
10.184,28.43,12.793
10.184,28.502,12.787
10.184,28.575,12.771
10.184,28.647,12.749
10.184,28.719,12.725
10.184,28.792,12.701
10.184,28.864,12.678
10.184,28.937,12.641
10.184,29.009,12.597
10.184,29.081,12.541
10.184,29.154,12.476
10.184,29.226,12.401
10.184,29.299,12.314
10.184,29.371,12.211
10.184,29.444,12.084
10.184,29.516,11.94
10.184,29.588,11.767
10.184,29.661,11.589
10.184,29.733,11.417
10.184,29.806,11.284
10.184,29.878,11.228
10.184,29.95,11.161
10.184,30.023,11.089
10.184,30.095,10.998
10.184,30.168,10.891
10.184,30.24,0
10.184,30.312,0
10.184,30.385,0
10.184,30.457,0
10.184,30.53,0
10.184,30.602,0
10.222,27.778,0
10.222,27.851,0
10.222,27.923,0
10.222,27.995,0
10.222,28.068,0
10.222,28.14,0
10.222,28.213,12.654
10.222,28.285,12.817
10.222,28.357,12.851
10.222,28.43,12.868
10.222,28.502,12.869
10.222,28.575,12.862
10.222,28.647,12.844
10.222,28.719,12.819
10.222,28.792,12.794
10.222,28.864,12.767
10.222,28.937,12.742
10.222,29.009,12.704
10.222,29.081,12.654
10.222,29.154,12.594
10.222,29.226,12.523
10.222,29.299,12.446
10.222,29.371,12.349
10.222,29.444,12.233
10.222,29.516,12.099
10.222,29.588,11.938
10.222,29.661,11.765
10.222,29.733,11.584
10.222,29.806,11.434
10.222,29.878,11.334
10.222,29.95,11.278
10.222,30.023,11.206
10.222,30.095,11.127
10.222,30.168,11.036
10.222,30.24,10.906
10.222,30.312,0
10.222,30.385,0
10.222,30.457,0
10.222,30.53,0
10.222,30.602,0
10.26,27.778,0
10.26,27.851,0
10.26,27.923,0
10.26,27.995,0
10.26,28.068,0
10.26,28.14,0
10.26,28.213,0
10.26,28.285,12.692
10.26,28.357,12.866
10.26,28.43,12.922
10.26,28.502,12.944
10.26,28.575,12.945
10.26,28.647,12.933
10.26,28.719,12.917
10.26,28.792,12.891
10.26,28.864,12.864
10.26,28.937,12.846
10.26,29.009,12.808
10.26,29.081,12.765
10.26,29.154,12.71
10.26,29.226,12.645
10.26,29.299,12.57
10.26,29.371,12.484
10.26,29.444,12.382
10.26,29.516,12.258
10.26,29.588,12.107
10.26,29.661,11.946
10.26,29.733,11.759
10.26,29.806,11.585
10.26,29.878,11.458
10.26,29.95,11.387
10.26,30.023,11.32
10.26,30.095,11.25
10.26,30.168,11.17
10.26,30.24,11.054
10.26,30.312,10.911
10.26,30.385,0
10.26,30.457,0
10.26,30.53,0
10.26,30.602,0
10.297,27.778,0
10.297,27.851,0
10.297,27.923,0
10.297,27.995,0
10.297,28.068,0
10.297,28.14,0
10.297,28.213,0
10.297,28.285,0
10.297,28.357,0
10.297,28.43,12.887
10.297,28.502,12.99
10.297,28.575,13.016
10.297,28.647,13.02
10.297,28.719,13.008
10.297,28.792,12.987
10.297,28.864,12.963
10.297,28.937,12.935
10.297,29.009,12.913
10.297,29.081,12.873
10.297,29.154,12.825
10.297,29.226,12.765
10.297,29.299,12.695
10.297,29.371,12.615
10.297,29.444,12.52
10.297,29.516,12.409
10.297,29.588,12.275
10.297,29.661,12.118
10.297,29.733,11.936
10.297,29.806,11.761
10.297,29.878,11.606
10.297,29.95,11.499
10.297,30.023,11.437
10.297,30.095,11.369
10.297,30.168,11.293
10.297,30.24,11.196
10.297,30.312,11.073
10.297,30.385,10.915
10.297,30.457,0
10.297,30.53,0
10.297,30.602,0
10.335,27.778,0
10.335,27.851,0
10.335,27.923,0
10.335,27.995,0
10.335,28.068,0
10.335,28.14,0
10.335,28.213,0
10.335,28.285,0
10.335,28.357,0
10.335,28.43,0
10.335,28.502,0
10.335,28.575,13.051
10.335,28.647,13.083
10.335,28.719,13.093
10.335,28.792,13.085
10.335,28.864,13.061
10.335,28.937,13.035
10.335,29.009,13.006
10.335,29.081,12.98
10.335,29.154,12.936
10.335,29.226,12.885
10.335,29.299,12.82
10.335,29.371,12.744
10.335,29.444,12.661
10.335,29.516,12.558
10.335,29.588,12.432
10.335,29.661,12.289
10.335,29.733,12.123
10.335,29.806,11.946
10.335,29.878,11.765
10.335,29.95,11.629
10.335,30.023,11.547
10.335,30.095,11.485
10.335,30.168,11.413
10.335,30.24,11.331
10.335,30.312,11.224
10.335,30.385,11.082
10.335,30.457,0
10.335,30.53,0
10.335,30.602,0
10.373,27.778,0
10.373,27.851,0
10.373,27.923,0
10.373,27.995,0
10.373,28.068,0
10.373,28.14,0
10.373,28.213,0
10.373,28.285,0
10.373,28.357,0
10.373,28.43,0
10.373,28.502,0
10.373,28.575,0
10.373,28.647,13.084
10.373,28.719,13.146
10.373,28.792,13.166
10.373,28.864,13.162
10.373,28.937,13.138
10.373,29.009,13.109
10.373,29.081,13.077
10.373,29.154,13.048
10.373,29.226,13.001
10.373,29.299,12.944
10.373,29.371,12.874
10.373,29.444,12.795
10.373,29.516,12.702
10.373,29.588,12.592
10.373,29.661,12.459
10.373,29.733,12.305
10.373,29.806,12.123
10.373,29.878,11.939
10.373,29.95,11.777
10.373,30.023,11.661
10.373,30.095,11.602
10.373,30.168,11.533
10.373,30.24,11.46
10.373,30.312,11.366
10.373,30.385,11.243
10.373,30.457,11.096
10.373,30.53,0
10.373,30.602,0
10.411,27.778,0
10.411,27.851,0
10.411,27.923,0
10.411,27.995,0
10.411,28.068,0
10.411,28.14,0
10.411,28.213,0
10.411,28.285,0
10.411,28.357,0
10.411,28.43,0
10.411,28.502,0
10.411,28.575,0
10.411,28.647,0
10.411,28.719,0
10.411,28.792,13.196
10.411,28.864,13.239
10.411,28.937,13.24
10.411,29.009,13.215
10.411,29.081,13.183
10.411,29.154,13.146
10.411,29.226,13.116
10.411,29.299,13.068
10.411,29.371,13.004
10.411,29.444,12.929
10.411,29.516,12.842
10.411,29.588,12.741
10.411,29.661,12.621
10.411,29.733,12.477
10.411,29.806,12.31
10.411,29.878,12.128
10.411,29.95,11.954
10.411,30.023,11.809
10.411,30.095,11.714
10.411,30.168,11.651
10.411,30.24,11.58
10.411,30.312,11.503
10.411,30.385,11.398
10.411,30.457,11.266
10.411,30.53,11.105
10.411,30.602,0
10.449,27.778,0
10.449,27.851,0
10.449,27.923,0
10.449,27.995,0
10.449,28.068,0
10.449,28.14,0
10.449,28.213,0
10.449,28.285,0
10.449,28.357,0
10.449,28.43,0
10.449,28.502,0
10.449,28.575,0
10.449,28.647,0
10.449,28.719,0
10.449,28.792,0
10.449,28.864,13.231
10.449,28.937,13.305
10.449,29.009,13.32
10.449,29.081,13.294
10.449,29.154,13.259
10.449,29.226,13.221
10.449,29.299,13.187
10.449,29.371,13.133
10.449,29.444,13.064
10.449,29.516,12.983
10.449,29.588,12.893
10.449,29.661,12.783
10.449,29.733,12.651
10.449,29.806,12.495
10.449,29.878,12.319
10.449,29.95,12.136
10.449,30.023,11.968
10.449,30.095,11.831
10.449,30.168,11.767
10.449,30.24,11.698
10.449,30.312,11.632
10.449,30.385,11.547
10.449,30.457,11.424
10.449,30.53,11.284
10.449,30.602,11.107
10.487,27.778,0
10.487,27.851,0
10.487,27.923,0
10.487,27.995,0
10.487,28.068,0
10.487,28.14,0
10.487,28.213,0
10.487,28.285,0
10.487,28.357,0
10.487,28.43,0
10.487,28.502,0
10.487,28.575,0
10.487,28.647,0
10.487,28.719,0
10.487,28.792,0
10.487,28.864,0
10.487,28.937,0
10.487,29.009,13.371
10.487,29.081,13.397
10.487,29.154,13.375
10.487,29.226,13.337
10.487,29.299,13.307
10.487,29.371,13.257
10.487,29.444,13.2
10.487,29.516,13.125
10.487,29.588,13.037
10.487,29.661,12.94
10.487,29.733,12.823
10.487,29.806,12.68
10.487,29.878,12.515
10.487,29.95,12.329
10.487,30.023,12.144
10.487,30.095,11.989
10.487,30.168,11.878
10.487,30.24,11.82
10.487,30.312,11.751
10.487,30.385,11.676
10.487,30.457,11.578
10.487,30.53,11.45
10.487,30.602,11.296
10.525,27.778,0
10.525,27.851,0
10.525,27.923,0
10.525,27.995,0
10.525,28.068,0
10.525,28.14,0
10.525,28.213,0
10.525,28.285,0
10.525,28.357,0
10.525,28.43,0
10.525,28.502,0
10.525,28.575,0
10.525,28.647,0
10.525,28.719,0
10.525,28.792,0
10.525,28.864,0
10.525,28.937,0
10.525,29.009,0
10.525,29.081,13.387
10.525,29.154,13.472
10.525,29.226,13.46
10.525,29.299,13.417
10.525,29.371,13.377
10.525,29.444,13.332
10.525,29.516,13.269
10.525,29.588,13.187
10.525,29.661,13.092
10.525,29.733,12.986
10.525,29.806,12.858
10.525,29.878,12.704
10.525,29.95,12.531
10.525,30.023,12.338
10.525,30.095,12.159
10.525,30.168,12.019
10.525,30.24,11.937
10.525,30.312,11.869
10.525,30.385,11.807
10.525,30.457,11.724
10.525,30.53,11.611
10.525,30.602,11.475
10.563,27.778,0
10.563,27.851,0
10.563,27.923,0
10.563,27.995,0
10.563,28.068,0
10.563,28.14,0
10.563,28.213,0
10.563,28.285,0
10.563,28.357,0
10.563,28.43,0
10.563,28.502,0
10.563,28.575,0
10.563,28.647,0
10.563,28.719,0
10.563,28.792,0
10.563,28.864,0
10.563,28.937,0
10.563,29.009,0
10.563,29.081,0
10.563,29.154,0
10.563,29.226,13.509
10.563,29.299,13.548
10.563,29.371,13.501
10.563,29.444,13.449
10.563,29.516,13.407
10.563,29.588,13.339
10.563,29.661,13.252
10.563,29.733,13.153
10.563,29.806,13.036
10.563,29.878,12.895
10.563,29.95,12.732
10.563,30.023,12.545
10.563,30.095,12.353
10.563,30.168,12.184
10.563,30.24,12.06
10.563,30.312,12
10.563,30.385,11.929
10.563,30.457,11.856
10.563,30.53,11.767
10.563,30.602,11.641
10.6,27.778,0
10.6,27.851,0
10.6,27.923,0
10.6,27.995,0
10.6,28.068,0
10.6,28.14,0
10.6,28.213,0
10.6,28.285,0
10.6,28.357,0
10.6,28.43,0
10.6,28.502,0
10.6,28.575,0
10.6,28.647,0
10.6,28.719,0
10.6,28.792,0
10.6,28.864,0
10.6,28.937,0
10.6,29.009,0
10.6,29.081,0
10.6,29.154,0
10.6,29.226,0
10.6,29.299,0
10.6,29.371,13.611
10.6,29.444,13.591
10.6,29.516,13.54
10.6,29.588,13.487
10.6,29.661,13.414
10.6,29.733,13.319
10.6,29.806,13.21
10.6,29.878,13.091
10.6,29.95,12.936
10.6,30.023,12.763
10.6,30.095,12.565
10.6,30.168,12.376
10.6,30.24,12.222
10.6,30.312,12.112
10.6,30.385,12.052
10.6,30.457,11.985
10.6,30.53,11.909
10.6,30.602,11.803
10.638,27.778,0
10.638,27.851,0
10.638,27.923,0
10.638,27.995,0
10.638,28.068,0
10.638,28.14,0
10.638,28.213,0
10.638,28.285,0
10.638,28.357,0
10.638,28.43,0
10.638,28.502,0
10.638,28.575,0
10.638,28.647,0
10.638,28.719,0
10.638,28.792,0
10.638,28.864,0
10.638,28.937,0
10.638,29.009,0
10.638,29.081,0
10.638,29.154,0
10.638,29.226,0
10.638,29.299,0
10.638,29.371,0
10.638,29.444,13.684
10.638,29.516,13.684
10.638,29.588,13.62
10.638,29.661,13.571
10.638,29.733,13.492
10.638,29.806,13.389
10.638,29.878,13.276
10.638,29.95,13.142
10.638,30.023,12.975
10.638,30.095,12.791
10.638,30.168,12.588
10.638,30.24,12.406
10.638,30.312,12.257
10.638,30.385,12.175
10.638,30.457,12.118
10.638,30.53,12.042
10.638,30.602,11.962
10.676,27.778,0
10.676,27.851,0
10.676,27.923,0
10.676,27.995,0
10.676,28.068,0
10.676,28.14,0
10.676,28.213,0
10.676,28.285,0
10.676,28.357,0
10.676,28.43,0
10.676,28.502,0
10.676,28.575,0
10.676,28.647,0
10.676,28.719,0
10.676,28.792,0
10.676,28.864,0
10.676,28.937,0
10.676,29.009,0
10.676,29.081,0
10.676,29.154,0
10.676,29.226,0
10.676,29.299,0
10.676,29.371,0
10.676,29.444,0
10.676,29.516,0
10.676,29.588,13.759
10.676,29.661,13.718
10.676,29.733,13.657
10.676,29.806,13.576
10.676,29.878,13.464
10.676,29.95,13.342
10.676,30.023,13.196
10.676,30.095,13.019
10.676,30.168,12.825
10.676,30.24,12.619
10.676,30.312,12.441
10.676,30.385,12.311
10.676,30.457,12.233
10.676,30.53,12.172
10.676,30.602,12.104
10.714,27.778,0
10.714,27.851,0
10.714,27.923,0
10.714,27.995,0
10.714,28.068,0
10.714,28.14,0
10.714,28.213,0
10.714,28.285,0
10.714,28.357,0
10.714,28.43,0
10.714,28.502,0
10.714,28.575,0
10.714,28.647,0
10.714,28.719,0
10.714,28.792,0
10.714,28.864,0
10.714,28.937,0
10.714,29.009,0
10.714,29.081,0
10.714,29.154,0
10.714,29.226,0
10.714,29.299,0
10.714,29.371,0
10.714,29.444,0
10.714,29.516,0
10.714,29.588,0
10.714,29.661,13.828
10.714,29.733,13.814
10.714,29.806,13.75
10.714,29.878,13.667
10.714,29.95,13.546
10.714,30.023,13.415
10.714,30.095,13.256
10.714,30.168,13.07
10.714,30.24,12.858
10.714,30.312,12.656
10.714,30.385,12.481
10.714,30.457,12.365
10.714,30.53,12.298
10.714,30.602,12.234
10.752,27.778,0
10.752,27.851,0
10.752,27.923,0
10.752,27.995,0
10.752,28.068,0
10.752,28.14,0
10.752,28.213,0
10.752,28.285,0
10.752,28.357,0
10.752,28.43,0
10.752,28.502,0
10.752,28.575,0
10.752,28.647,0
10.752,28.719,0
10.752,28.792,0
10.752,28.864,0
10.752,28.937,0
10.752,29.009,0
10.752,29.081,0
10.752,29.154,0
10.752,29.226,0
10.752,29.299,0
10.752,29.371,0
10.752,29.444,0
10.752,29.516,0
10.752,29.588,0
10.752,29.661,0
10.752,29.733,0
10.752,29.806,13.927
10.752,29.878,13.852
10.752,29.95,13.766
10.752,30.023,13.636
10.752,30.095,13.492
10.752,30.168,13.321
10.752,30.24,13.115
10.752,30.312,12.9
10.752,30.385,12.699
10.752,30.457,12.539
10.752,30.53,12.433
10.752,30.602,12.37
10.79,27.778,0
10.79,27.851,0
10.79,27.923,0
10.79,27.995,0
10.79,28.068,0
10.79,28.14,0
10.79,28.213,0
10.79,28.285,0
10.79,28.357,0
10.79,28.43,0
10.79,28.502,0
10.79,28.575,0
10.79,28.647,0
10.79,28.719,0
10.79,28.792,0
10.79,28.864,0
10.79,28.937,0
10.79,29.009,0
10.79,29.081,0
10.79,29.154,0
10.79,29.226,0
10.79,29.299,0
10.79,29.371,0
10.79,29.444,0
10.79,29.516,0
10.79,29.588,0
10.79,29.661,0
10.79,29.733,0
10.79,29.806,0
10.79,29.878,0
10.79,29.95,13.948
10.79,30.023,13.869
10.79,30.095,13.735
10.79,30.168,13.578
10.79,30.24,13.396
10.79,30.312,13.177
10.79,30.385,12.96
10.79,30.457,12.754
10.79,30.53,12.595
10.79,30.602,12.498
10.828,27.778,0
10.828,27.851,0
10.828,27.923,0
10.828,27.995,0
10.828,28.068,0
10.828,28.14,0
10.828,28.213,0
10.828,28.285,0
10.828,28.357,0
10.828,28.43,0
10.828,28.502,0
10.828,28.575,0
10.828,28.647,0
10.828,28.719,0
10.828,28.792,0
10.828,28.864,0
10.828,28.937,0
10.828,29.009,0
10.828,29.081,0
10.828,29.154,0
10.828,29.226,0
10.828,29.299,0
10.828,29.371,0
10.828,29.444,0
10.828,29.516,0
10.828,29.588,0
10.828,29.661,0
10.828,29.733,0
10.828,29.806,0
10.828,29.878,0
10.828,29.95,0
10.828,30.023,14.083
10.828,30.095,13.972
10.828,30.168,13.848
10.828,30.24,13.674
10.828,30.312,13.482
10.828,30.385,13.258
10.828,30.457,13.009
10.828,30.53,12.817
10.828,30.602,12.665
10.866,27.778,0
10.866,27.851,0
10.866,27.923,0
10.866,27.995,0
10.866,28.068,0
10.866,28.14,0
10.866,28.213,0
10.866,28.285,0
10.866,28.357,0
10.866,28.43,0
10.866,28.502,0
10.866,28.575,0
10.866,28.647,0
10.866,28.719,0
10.866,28.792,0
10.866,28.864,0
10.866,28.937,0
10.866,29.009,0
10.866,29.081,0
10.866,29.154,0
10.866,29.226,0
10.866,29.299,0
10.866,29.371,0
10.866,29.444,0
10.866,29.516,0
10.866,29.588,0
10.866,29.661,0
10.866,29.733,0
10.866,29.806,0
10.866,29.878,0
10.866,29.95,0
10.866,30.023,0
10.866,30.095,0
10.866,30.168,14.085
10.866,30.24,13.978
10.866,30.312,13.782
10.866,30.385,13.583
10.866,30.457,13.329
10.866,30.53,13.083
10.866,30.602,12.884
10.903,27.778,0
10.903,27.851,0
10.903,27.923,0
10.903,27.995,0
10.903,28.068,0
10.903,28.14,0
10.903,28.213,0
10.903,28.285,0
10.903,28.357,0
10.903,28.43,0
10.903,28.502,0
10.903,28.575,0
10.903,28.647,0
10.903,28.719,0
10.903,28.792,0
10.903,28.864,0
10.903,28.937,0
10.903,29.009,0
10.903,29.081,0
10.903,29.154,0
10.903,29.226,0
10.903,29.299,0
10.903,29.371,0
10.903,29.444,0
10.903,29.516,0
10.903,29.588,0
10.903,29.661,0
10.903,29.733,0
10.903,29.806,0
10.903,29.878,0
10.903,29.95,0
10.903,30.023,0
10.903,30.095,0
10.903,30.168,0
10.903,30.24,14.224
10.903,30.312,14.103
10.903,30.385,13.915
10.903,30.457,13.691
10.903,30.53,13.432
10.903,30.602,13.165
10.941,27.778,0
10.941,27.851,0
10.941,27.923,0
10.941,27.995,0
10.941,28.068,0
10.941,28.14,0
10.941,28.213,0
10.941,28.285,0
10.941,28.357,0
10.941,28.43,0
10.941,28.502,0
10.941,28.575,0
10.941,28.647,0
10.941,28.719,0
10.941,28.792,0
10.941,28.864,0
10.941,28.937,0
10.941,29.009,0
10.941,29.081,0
10.941,29.154,0
10.941,29.226,0
10.941,29.299,0
10.941,29.371,0
10.941,29.444,0
10.941,29.516,0
10.941,29.588,0
10.941,29.661,0
10.941,29.733,0
10.941,29.806,0
10.941,29.878,0
10.941,29.95,0
10.941,30.023,0
10.941,30.095,0
10.941,30.168,0
10.941,30.24,0
10.941,30.312,0
10.941,30.385,14.23
10.941,30.457,14.073
10.941,30.53,13.824
10.941,30.602,13.551
10.979,27.778,0
10.979,27.851,0
10.979,27.923,0
10.979,27.995,0
10.979,28.068,0
10.979,28.14,0
10.979,28.213,0
10.979,28.285,0
10.979,28.357,0
10.979,28.43,0
10.979,28.502,0
10.979,28.575,0
10.979,28.647,0
10.979,28.719,0
10.979,28.792,0
10.979,28.864,0
10.979,28.937,0
10.979,29.009,0
10.979,29.081,0
10.979,29.154,0
10.979,29.226,0
10.979,29.299,0
10.979,29.371,0
10.979,29.444,0
10.979,29.516,0
10.979,29.588,0
10.979,29.661,0
10.979,29.733,0
10.979,29.806,0
10.979,29.878,0
10.979,29.95,0
10.979,30.023,0
10.979,30.095,0
10.979,30.168,0
10.979,30.24,0
10.979,30.312,0
10.979,30.385,0
10.979,30.457,0
10.979,30.53,14.238
10.979,30.602,13.987
11.017,27.778,0
11.017,27.851,0
11.017,27.923,0
11.017,27.995,0
11.017,28.068,0
11.017,28.14,0
11.017,28.213,0
11.017,28.285,0
11.017,28.357,0
11.017,28.43,0
11.017,28.502,0
11.017,28.575,0
11.017,28.647,0
11.017,28.719,0
11.017,28.792,0
11.017,28.864,0
11.017,28.937,0
11.017,29.009,0
11.017,29.081,0
11.017,29.154,0
11.017,29.226,0
11.017,29.299,0
11.017,29.371,0
11.017,29.444,0
11.017,29.516,0
11.017,29.588,0
11.017,29.661,0
11.017,29.733,0
11.017,29.806,0
11.017,29.878,0
11.017,29.95,0
11.017,30.023,0
11.017,30.095,0
11.017,30.168,0
11.017,30.24,0
11.017,30.312,0
11.017,30.385,0
11.017,30.457,0
11.017,30.53,0
11.017,30.602,14.38
11.055,27.778,0
11.055,27.851,0
11.055,27.923,0
11.055,27.995,0
11.055,28.068,0
11.055,28.14,0
11.055,28.213,0
11.055,28.285,0
11.055,28.357,0
11.055,28.43,0
11.055,28.502,0
11.055,28.575,0
11.055,28.647,0
11.055,28.719,0
11.055,28.792,0
11.055,28.864,0
11.055,28.937,0
11.055,29.009,0
11.055,29.081,0
11.055,29.154,0
11.055,29.226,0
11.055,29.299,0
11.055,29.371,0
11.055,29.444,0
11.055,29.516,0
11.055,29.588,0
11.055,29.661,0
11.055,29.733,0
11.055,29.806,0
11.055,29.878,0
11.055,29.95,0
11.055,30.023,0
11.055,30.095,0
11.055,30.168,0
11.055,30.24,0
11.055,30.312,0
11.055,30.385,0
11.055,30.457,0
11.055,30.53,0
11.055,30.602,0
11.093,27.778,0
11.093,27.851,0
11.093,27.923,0
11.093,27.995,0
11.093,28.068,0
11.093,28.14,0
11.093,28.213,0
11.093,28.285,0
11.093,28.357,0
11.093,28.43,0
11.093,28.502,0
11.093,28.575,0
11.093,28.647,0
11.093,28.719,0
11.093,28.792,0
11.093,28.864,0
11.093,28.937,0
11.093,29.009,0
11.093,29.081,0
11.093,29.154,0
11.093,29.226,0
11.093,29.299,0
11.093,29.371,0
11.093,29.444,0
11.093,29.516,0
11.093,29.588,0
11.093,29.661,0
11.093,29.733,0
11.093,29.806,0
11.093,29.878,0
11.093,29.95,0
11.093,30.023,0
11.093,30.095,0
11.093,30.168,0
11.093,30.24,0
11.093,30.312,0
11.093,30.385,0
11.093,30.457,0
11.093,30.53,0
11.093,30.602,0
11.131,27.778,0
11.131,27.851,0
11.131,27.923,0
11.131,27.995,0
11.131,28.068,0
11.131,28.14,0
11.131,28.213,0
11.131,28.285,0
11.131,28.357,0
11.131,28.43,0
11.131,28.502,0
11.131,28.575,0
11.131,28.647,0
11.131,28.719,0
11.131,28.792,0
11.131,28.864,0
11.131,28.937,0
11.131,29.009,0
11.131,29.081,0
11.131,29.154,0
11.131,29.226,0
11.131,29.299,0
11.131,29.371,0
11.131,29.444,0
11.131,29.516,0
11.131,29.588,0
11.131,29.661,0
11.131,29.733,0
11.131,29.806,0
11.131,29.878,0
11.131,29.95,0
11.131,30.023,0
11.131,30.095,0
11.131,30.168,0
11.131,30.24,0
11.131,30.312,0
11.131,30.385,0
11.131,30.457,0
11.131,30.53,0
11.131,30.602,0
11.169,27.778,0
11.169,27.851,0
11.169,27.923,0
11.169,27.995,0
11.169,28.068,0
11.169,28.14,0
11.169,28.213,0
11.169,28.285,0
11.169,28.357,0
11.169,28.43,0
11.169,28.502,0
11.169,28.575,0
11.169,28.647,0
11.169,28.719,0
11.169,28.792,0
11.169,28.864,0
11.169,28.937,0
11.169,29.009,0
11.169,29.081,0
11.169,29.154,0
11.169,29.226,0
11.169,29.299,0
11.169,29.371,0
11.169,29.444,0
11.169,29.516,0
11.169,29.588,0
11.169,29.661,0
11.169,29.733,0
11.169,29.806,0
11.169,29.878,0
11.169,29.95,0
11.169,30.023,0
11.169,30.095,0
11.169,30.168,0
11.169,30.24,0
11.169,30.312,0
11.169,30.385,0
11.169,30.457,0
11.169,30.53,0
11.169,30.602,0
11.206,27.778,0
11.206,27.851,0
11.206,27.923,0
11.206,27.995,0
11.206,28.068,0
11.206,28.14,0
11.206,28.213,0
11.206,28.285,0
11.206,28.357,0
11.206,28.43,0
11.206,28.502,0
11.206,28.575,0
11.206,28.647,0
11.206,28.719,0
11.206,28.792,0
11.206,28.864,0
11.206,28.937,0
11.206,29.009,0
11.206,29.081,0
11.206,29.154,0
11.206,29.226,0
11.206,29.299,0
11.206,29.371,0
11.206,29.444,0
11.206,29.516,0
11.206,29.588,0
11.206,29.661,0
11.206,29.733,0
11.206,29.806,0
11.206,29.878,0
11.206,29.95,0
11.206,30.023,0
11.206,30.095,0
11.206,30.168,0
11.206,30.24,0
11.206,30.312,0
11.206,30.385,0
11.206,30.457,0
11.206,30.53,0
11.206,30.602,0
11.244,27.778,0
11.244,27.851,0
11.244,27.923,0
11.244,27.995,0
11.244,28.068,0
11.244,28.14,0
11.244,28.213,0
11.244,28.285,0
11.244,28.357,0
11.244,28.43,0
11.244,28.502,0
11.244,28.575,0
11.244,28.647,0
11.244,28.719,0
11.244,28.792,0
11.244,28.864,0
11.244,28.937,0
11.244,29.009,0
11.244,29.081,0
11.244,29.154,0
11.244,29.226,0
11.244,29.299,0
11.244,29.371,0
11.244,29.444,0
11.244,29.516,0
11.244,29.588,0
11.244,29.661,0
11.244,29.733,0
11.244,29.806,0
11.244,29.878,0
11.244,29.95,0
11.244,30.023,0
11.244,30.095,0
11.244,30.168,0
11.244,30.24,0
11.244,30.312,0
11.244,30.385,0
11.244,30.457,0
11.244,30.53,0
11.244,30.602,0
11.282,27.778,0
11.282,27.851,0
11.282,27.923,0
11.282,27.995,0
11.282,28.068,0
11.282,28.14,0
11.282,28.213,0
11.282,28.285,0
11.282,28.357,0
11.282,28.43,0
11.282,28.502,0
11.282,28.575,0
11.282,28.647,0
11.282,28.719,0
11.282,28.792,0
11.282,28.864,0
11.282,28.937,0
11.282,29.009,0
11.282,29.081,0
11.282,29.154,0
11.282,29.226,0
11.282,29.299,0
11.282,29.371,0
11.282,29.444,0
11.282,29.516,0
11.282,29.588,0
11.282,29.661,0
11.282,29.733,0
11.282,29.806,0
11.282,29.878,0
11.282,29.95,0
11.282,30.023,0
11.282,30.095,0
11.282,30.168,0
11.282,30.24,0
11.282,30.312,0
11.282,30.385,0
11.282,30.457,0
11.282,30.53,0
11.282,30.602,0
11.32,27.778,0
11.32,27.851,0
11.32,27.923,0
11.32,27.995,0
11.32,28.068,0
11.32,28.14,0
11.32,28.213,0
11.32,28.285,0
11.32,28.357,0
11.32,28.43,0
11.32,28.502,0
11.32,28.575,0
11.32,28.647,0
11.32,28.719,0
11.32,28.792,0
11.32,28.864,0
11.32,28.937,0
11.32,29.009,0
11.32,29.081,0
11.32,29.154,0
11.32,29.226,0
11.32,29.299,0
11.32,29.371,0
11.32,29.444,0
11.32,29.516,0
11.32,29.588,0
11.32,29.661,0
11.32,29.733,0
11.32,29.806,0
11.32,29.878,0
11.32,29.95,0
11.32,30.023,0
11.32,30.095,0
11.32,30.168,0
11.32,30.24,0
11.32,30.312,0
11.32,30.385,0
11.32,30.457,0
11.32,30.53,0
11.32,30.602,0
11.358,27.778,0
11.358,27.851,0
11.358,27.923,0
11.358,27.995,0
11.358,28.068,0
11.358,28.14,0
11.358,28.213,0
11.358,28.285,0
11.358,28.357,0
11.358,28.43,0
11.358,28.502,0
11.358,28.575,0
11.358,28.647,0
11.358,28.719,0
11.358,28.792,0
11.358,28.864,0
11.358,28.937,0
11.358,29.009,0
11.358,29.081,0
11.358,29.154,0
11.358,29.226,0
11.358,29.299,0
11.358,29.371,0
11.358,29.444,0
11.358,29.516,0
11.358,29.588,0
11.358,29.661,0
11.358,29.733,0
11.358,29.806,0
11.358,29.878,0
11.358,29.95,0
11.358,30.023,0
11.358,30.095,0
11.358,30.168,0
11.358,30.24,0
11.358,30.312,0
11.358,30.385,0
11.358,30.457,0
11.358,30.53,0
11.358,30.602,0
11.396,27.778,0
11.396,27.851,0
11.396,27.923,0
11.396,27.995,0
11.396,28.068,0
11.396,28.14,0
11.396,28.213,0
11.396,28.285,0
11.396,28.357,0
11.396,28.43,0
11.396,28.502,0
11.396,28.575,0
11.396,28.647,0
11.396,28.719,0
11.396,28.792,0
11.396,28.864,0
11.396,28.937,0
11.396,29.009,0
11.396,29.081,0
11.396,29.154,0
11.396,29.226,0
11.396,29.299,0
11.396,29.371,0
11.396,29.444,0
11.396,29.516,0
11.396,29.588,0
11.396,29.661,0
11.396,29.733,0
11.396,29.806,0
11.396,29.878,0
11.396,29.95,0
11.396,30.023,0
11.396,30.095,0
11.396,30.168,0
11.396,30.24,0
11.396,30.312,0
11.396,30.385,0
11.396,30.457,0
11.396,30.53,0
11.396,30.602,0
11.434,27.778,0
11.434,27.851,0
11.434,27.923,0
11.434,27.995,0
11.434,28.068,0
11.434,28.14,0
11.434,28.213,0
11.434,28.285,0
11.434,28.357,0
11.434,28.43,0
11.434,28.502,0
11.434,28.575,0
11.434,28.647,0
11.434,28.719,0
11.434,28.792,0
11.434,28.864,0
11.434,28.937,0
11.434,29.009,0
11.434,29.081,0
11.434,29.154,0
11.434,29.226,0
11.434,29.299,0
11.434,29.371,0
11.434,29.444,0
11.434,29.516,0
11.434,29.588,0
11.434,29.661,0
11.434,29.733,0
11.434,29.806,0
11.434,29.878,0
11.434,29.95,0
11.434,30.023,0
11.434,30.095,0
11.434,30.168,0
11.434,30.24,0
11.434,30.312,0
11.434,30.385,0
11.434,30.457,0
11.434,30.53,0
11.434,30.602,0
11.472,27.778,0
11.472,27.851,0
11.472,27.923,0
11.472,27.995,0
11.472,28.068,0
11.472,28.14,0
11.472,28.213,0
11.472,28.285,0
11.472,28.357,0
11.472,28.43,0
11.472,28.502,0
11.472,28.575,0
11.472,28.647,0
11.472,28.719,0
11.472,28.792,0
11.472,28.864,0
11.472,28.937,0
11.472,29.009,0
11.472,29.081,0
11.472,29.154,0
11.472,29.226,0
11.472,29.299,0
11.472,29.371,0
11.472,29.444,0
11.472,29.516,0
11.472,29.588,0
11.472,29.661,0
11.472,29.733,0
11.472,29.806,0
11.472,29.878,0
11.472,29.95,0
11.472,30.023,0
11.472,30.095,0
11.472,30.168,0
11.472,30.24,0
11.472,30.312,0
11.472,30.385,0
11.472,30.457,0
11.472,30.53,0
11.472,30.602,0
11.509,27.778,0
11.509,27.851,0
11.509,27.923,0
11.509,27.995,0
11.509,28.068,0
11.509,28.14,0
11.509,28.213,0
11.509,28.285,0
11.509,28.357,0
11.509,28.43,0
11.509,28.502,0
11.509,28.575,0
11.509,28.647,0
11.509,28.719,0
11.509,28.792,0
11.509,28.864,0
11.509,28.937,0
11.509,29.009,0
11.509,29.081,0
11.509,29.154,0
11.509,29.226,0
11.509,29.299,0
11.509,29.371,0
11.509,29.444,0
11.509,29.516,0
11.509,29.588,0
11.509,29.661,0
11.509,29.733,0
11.509,29.806,0
11.509,29.878,0
11.509,29.95,0
11.509,30.023,0
11.509,30.095,0
11.509,30.168,0
11.509,30.24,0
11.509,30.312,0
11.509,30.385,0
11.509,30.457,0
11.509,30.53,0
11.509,30.602,0
11.547,27.778,0
11.547,27.851,0
11.547,27.923,0
11.547,27.995,0
11.547,28.068,0
11.547,28.14,0
11.547,28.213,0
11.547,28.285,0
11.547,28.357,0
11.547,28.43,0
11.547,28.502,0
11.547,28.575,0
11.547,28.647,0
11.547,28.719,0
11.547,28.792,0
11.547,28.864,0
11.547,28.937,0
11.547,29.009,0
11.547,29.081,0
11.547,29.154,0
11.547,29.226,0
11.547,29.299,0
11.547,29.371,0
11.547,29.444,0
11.547,29.516,0
11.547,29.588,0
11.547,29.661,0
11.547,29.733,0
11.547,29.806,0
11.547,29.878,0
11.547,29.95,0
11.547,30.023,0
11.547,30.095,0
11.547,30.168,0
11.547,30.24,0
11.547,30.312,0
11.547,30.385,0
11.547,30.457,0
11.547,30.53,0
11.547,30.602,0
11.585,27.778,0
11.585,27.851,0
11.585,27.923,0
11.585,27.995,0
11.585,28.068,0
11.585,28.14,0
11.585,28.213,0
11.585,28.285,0
11.585,28.357,0
11.585,28.43,0
11.585,28.502,0
11.585,28.575,0
11.585,28.647,0
11.585,28.719,0
11.585,28.792,0
11.585,28.864,0
11.585,28.937,0
11.585,29.009,0
11.585,29.081,0
11.585,29.154,0
11.585,29.226,0
11.585,29.299,0
11.585,29.371,0
11.585,29.444,0
11.585,29.516,0
11.585,29.588,0
11.585,29.661,0
11.585,29.733,0
11.585,29.806,0
11.585,29.878,0
11.585,29.95,0
11.585,30.023,0
11.585,30.095,0
11.585,30.168,0
11.585,30.24,0
11.585,30.312,0
11.585,30.385,0
11.585,30.457,0
11.585,30.53,0
11.585,30.602,0
11.623,27.778,0
11.623,27.851,0
11.623,27.923,0
11.623,27.995,0
11.623,28.068,0
11.623,28.14,0
11.623,28.213,0
11.623,28.285,0
11.623,28.357,0
11.623,28.43,0
11.623,28.502,0
11.623,28.575,0
11.623,28.647,0
11.623,28.719,0
11.623,28.792,0
11.623,28.864,0
11.623,28.937,0
11.623,29.009,0
11.623,29.081,0
11.623,29.154,0
11.623,29.226,0
11.623,29.299,0
11.623,29.371,0
11.623,29.444,0
11.623,29.516,0
11.623,29.588,0
11.623,29.661,0
11.623,29.733,0
11.623,29.806,0
11.623,29.878,0
11.623,29.95,0
11.623,30.023,0
11.623,30.095,0
11.623,30.168,0
11.623,30.24,0
11.623,30.312,0
11.623,30.385,0
11.623,30.457,0
11.623,30.53,0
11.623,30.602,0
11.661,27.778,0
11.661,27.851,0
11.661,27.923,0
11.661,27.995,0
11.661,28.068,0
11.661,28.14,0
11.661,28.213,0
11.661,28.285,0
11.661,28.357,0
11.661,28.43,0
11.661,28.502,0
11.661,28.575,0
11.661,28.647,0
11.661,28.719,0
11.661,28.792,0
11.661,28.864,0
11.661,28.937,0
11.661,29.009,0
11.661,29.081,0
11.661,29.154,0
11.661,29.226,0
11.661,29.299,0
11.661,29.371,0
11.661,29.444,0
11.661,29.516,0
11.661,29.588,0
11.661,29.661,0
11.661,29.733,0
11.661,29.806,0
11.661,29.878,0
11.661,29.95,0
11.661,30.023,0
11.661,30.095,0
11.661,30.168,0
11.661,30.24,0
11.661,30.312,0
11.661,30.385,0
11.661,30.457,0
11.661,30.53,0
11.661,30.602,0
11.699,27.778,0
11.699,27.851,0
11.699,27.923,0
11.699,27.995,0
11.699,28.068,0
11.699,28.14,0
11.699,28.213,0
11.699,28.285,0
11.699,28.357,0
11.699,28.43,0
11.699,28.502,0
11.699,28.575,0
11.699,28.647,0
11.699,28.719,0
11.699,28.792,0
11.699,28.864,0
11.699,28.937,0
11.699,29.009,0
11.699,29.081,0
11.699,29.154,0
11.699,29.226,0
11.699,29.299,0
11.699,29.371,0
11.699,29.444,0
11.699,29.516,0
11.699,29.588,0
11.699,29.661,0
11.699,29.733,0
11.699,29.806,0
11.699,29.878,0
11.699,29.95,0
11.699,30.023,0
11.699,30.095,0
11.699,30.168,0
11.699,30.24,0
11.699,30.312,0
11.699,30.385,0
11.699,30.457,0
11.699,30.53,0
11.699,30.602,0
11.737,27.778,0
11.737,27.851,0
11.737,27.923,0
11.737,27.995,0
11.737,28.068,0
11.737,28.14,0
11.737,28.213,0
11.737,28.285,0
11.737,28.357,0
11.737,28.43,0
11.737,28.502,0
11.737,28.575,0
11.737,28.647,0
11.737,28.719,0
11.737,28.792,0
11.737,28.864,0
11.737,28.937,0
11.737,29.009,0
11.737,29.081,0
11.737,29.154,0
11.737,29.226,0
11.737,29.299,0
11.737,29.371,0
11.737,29.444,0
11.737,29.516,0
11.737,29.588,0
11.737,29.661,0
11.737,29.733,0
11.737,29.806,0
11.737,29.878,0
11.737,29.95,0
11.737,30.023,0
11.737,30.095,0
11.737,30.168,0
11.737,30.24,0
11.737,30.312,0
11.737,30.385,0
11.737,30.457,0
11.737,30.53,0
11.737,30.602,0
11.775,27.778,0
11.775,27.851,0
11.775,27.923,0
11.775,27.995,0
11.775,28.068,0
11.775,28.14,0
11.775,28.213,0
11.775,28.285,0
11.775,28.357,0
11.775,28.43,0
11.775,28.502,0
11.775,28.575,0
11.775,28.647,0
11.775,28.719,0
11.775,28.792,0
11.775,28.864,0
11.775,28.937,0
11.775,29.009,0
11.775,29.081,0
11.775,29.154,0
11.775,29.226,0
11.775,29.299,0
11.775,29.371,0
11.775,29.444,0
11.775,29.516,0
11.775,29.588,0
11.775,29.661,0
11.775,29.733,0
11.775,29.806,0
11.775,29.878,0
11.775,29.95,0
11.775,30.023,0
11.775,30.095,0
11.775,30.168,0
11.775,30.24,0
11.775,30.312,0
11.775,30.385,0
11.775,30.457,0
11.775,30.53,0
11.775,30.602,0
11.813,27.778,0
11.813,27.851,0
11.813,27.923,0
11.813,27.995,0
11.813,28.068,0
11.813,28.14,0
11.813,28.213,0
11.813,28.285,0
11.813,28.357,0
11.813,28.43,0
11.813,28.502,0
11.813,28.575,0
11.813,28.647,0
11.813,28.719,0
11.813,28.792,0
11.813,28.864,0
11.813,28.937,0
11.813,29.009,0
11.813,29.081,0
11.813,29.154,0
11.813,29.226,0
11.813,29.299,0
11.813,29.371,0
11.813,29.444,0
11.813,29.516,0
11.813,29.588,0
11.813,29.661,0
11.813,29.733,0
11.813,29.806,0
11.813,29.878,0
11.813,29.95,0
11.813,30.023,0
11.813,30.095,0
11.813,30.168,0
11.813,30.24,0
11.813,30.312,0
11.813,30.385,0
11.813,30.457,0
11.813,30.53,0
11.813,30.602,0
11.85,27.778,0
11.85,27.851,0
11.85,27.923,0
11.85,27.995,0
11.85,28.068,0
11.85,28.14,0
11.85,28.213,0
11.85,28.285,0
11.85,28.357,0
11.85,28.43,0
11.85,28.502,0
11.85,28.575,0
11.85,28.647,0
11.85,28.719,0
11.85,28.792,0
11.85,28.864,0
11.85,28.937,0
11.85,29.009,0
11.85,29.081,0
11.85,29.154,0
11.85,29.226,0
11.85,29.299,0
11.85,29.371,0
11.85,29.444,0
11.85,29.516,0
11.85,29.588,0
11.85,29.661,0
11.85,29.733,0
11.85,29.806,0
11.85,29.878,0
11.85,29.95,0
11.85,30.023,0
11.85,30.095,0
11.85,30.168,0
11.85,30.24,0
11.85,30.312,0
11.85,30.385,0
11.85,30.457,0
11.85,30.53,0
11.85,30.602,0
11.888,27.778,0
11.888,27.851,0
11.888,27.923,0
11.888,27.995,0
11.888,28.068,0
11.888,28.14,0
11.888,28.213,0
11.888,28.285,0
11.888,28.357,0
11.888,28.43,0
11.888,28.502,0
11.888,28.575,0
11.888,28.647,0
11.888,28.719,0
11.888,28.792,0
11.888,28.864,0
11.888,28.937,0
11.888,29.009,0
11.888,29.081,0
11.888,29.154,0
11.888,29.226,0
11.888,29.299,0
11.888,29.371,0
11.888,29.444,0
11.888,29.516,0
11.888,29.588,0
11.888,29.661,0
11.888,29.733,0
11.888,29.806,0
11.888,29.878,0
11.888,29.95,0
11.888,30.023,0
11.888,30.095,0
11.888,30.168,0
11.888,30.24,0
11.888,30.312,0
11.888,30.385,0
11.888,30.457,0
11.888,30.53,0
11.888,30.602,0
11.926,27.778,0
11.926,27.851,0
11.926,27.923,0
11.926,27.995,0
11.926,28.068,0
11.926,28.14,0
11.926,28.213,0
11.926,28.285,0
11.926,28.357,0
11.926,28.43,0
11.926,28.502,0
11.926,28.575,0
11.926,28.647,0
11.926,28.719,0
11.926,28.792,0
11.926,28.864,0
11.926,28.937,0
11.926,29.009,0
11.926,29.081,0
11.926,29.154,0
11.926,29.226,0
11.926,29.299,0
11.926,29.371,0
11.926,29.444,0
11.926,29.516,0
11.926,29.588,0
11.926,29.661,0
11.926,29.733,0
11.926,29.806,0
11.926,29.878,0
11.926,29.95,0
11.926,30.023,0
11.926,30.095,0
11.926,30.168,0
11.926,30.24,0
11.926,30.312,0
11.926,30.385,0
11.926,30.457,0
11.926,30.53,0
11.926,30.602,0
11.964,27.778,0
11.964,27.851,0
11.964,27.923,0
11.964,27.995,0
11.964,28.068,0
11.964,28.14,0
11.964,28.213,0
11.964,28.285,0
11.964,28.357,0
11.964,28.43,0
11.964,28.502,0
11.964,28.575,0
11.964,28.647,0
11.964,28.719,0
11.964,28.792,0
11.964,28.864,0
11.964,28.937,0
11.964,29.009,0
11.964,29.081,0
11.964,29.154,0
11.964,29.226,0
11.964,29.299,0
11.964,29.371,0
11.964,29.444,0
11.964,29.516,0
11.964,29.588,0
11.964,29.661,0
11.964,29.733,0
11.964,29.806,0
11.964,29.878,0
11.964,29.95,0
11.964,30.023,0
11.964,30.095,0
11.964,30.168,0
11.964,30.24,0
11.964,30.312,0
11.964,30.385,0
11.964,30.457,0
11.964,30.53,0
11.964,30.602,0
