6.699,27.778,0
6.699,27.851,0
6.699,27.923,0
6.699,27.995,0
6.699,28.068,0
6.699,28.14,0
6.699,28.213,0
6.699,28.285,0
6.699,28.357,0
6.699,28.43,0
6.699,28.502,0
6.699,28.575,0
6.699,28.647,0
6.699,28.719,0
6.699,28.792,0
6.699,28.864,0
6.699,28.937,0
6.699,29.009,0
6.699,29.081,0
6.699,29.154,0
6.699,29.226,0
6.699,29.299,0
6.699,29.371,0
6.699,29.444,0
6.699,29.516,0
6.699,29.588,0
6.699,29.661,0
6.699,29.733,0
6.699,29.806,0
6.699,29.878,0
6.699,29.95,0
6.699,30.023,0
6.699,30.095,0
6.699,30.168,0
6.699,30.24,0
6.699,30.312,0
6.699,30.385,0
6.699,30.457,0
6.699,30.53,0
6.699,30.602,0
6.7368,27.778,0
6.7368,27.851,0
6.7368,27.923,0
6.7368,27.995,0
6.7368,28.068,0
6.7368,28.14,0
6.7368,28.213,0
6.7368,28.285,0
6.7368,28.357,0
6.7368,28.43,0
6.7368,28.502,0
6.7368,28.575,0
6.7368,28.647,0
6.7368,28.719,0
6.7368,28.792,0
6.7368,28.864,0
6.7368,28.937,0
6.7368,29.009,0
6.7368,29.081,0
6.7368,29.154,0
6.7368,29.226,0
6.7368,29.299,0
6.7368,29.371,0
6.7368,29.444,0
6.7368,29.516,0
6.7368,29.588,0
6.7368,29.661,0
6.7368,29.733,0
6.7368,29.806,0
6.7368,29.878,0
6.7368,29.95,0
6.7368,30.023,0
6.7368,30.095,0
6.7368,30.168,0
6.7368,30.24,0
6.7368,30.312,0
6.7368,30.385,0
6.7368,30.457,0
6.7368,30.53,0
6.7368,30.602,0
6.7747,27.778,0
6.7747,27.851,0
6.7747,27.923,0
6.7747,27.995,0
6.7747,28.068,0
6.7747,28.14,0
6.7747,28.213,0
6.7747,28.285,0
6.7747,28.357,0
6.7747,28.43,0
6.7747,28.502,0
6.7747,28.575,0
6.7747,28.647,0
6.7747,28.719,0
6.7747,28.792,0
6.7747,28.864,0
6.7747,28.937,0
6.7747,29.009,0
6.7747,29.081,0
6.7747,29.154,0
6.7747,29.226,0
6.7747,29.299,0
6.7747,29.371,0
6.7747,29.444,0
6.7747,29.516,0
6.7747,29.588,0
6.7747,29.661,0
6.7747,29.733,0
6.7747,29.806,0
6.7747,29.878,0
6.7747,29.95,0
6.7747,30.023,0
6.7747,30.095,0
6.7747,30.168,0
6.7747,30.24,0
6.7747,30.312,0
6.7747,30.385,0
6.7747,30.457,0
6.7747,30.53,0
6.7747,30.602,0
6.8126,27.778,0
6.8126,27.851,0
6.8126,27.923,0
6.8126,27.995,0
6.8126,28.068,0
6.8126,28.14,0
6.8126,28.213,0
6.8126,28.285,0
6.8126,28.357,0
6.8126,28.43,0
6.8126,28.502,0
6.8126,28.575,0
6.8126,28.647,0
6.8126,28.719,0
6.8126,28.792,0
6.8126,28.864,0
6.8126,28.937,0
6.8126,29.009,0
6.8126,29.081,0
6.8126,29.154,0
6.8126,29.226,0
6.8126,29.299,0
6.8126,29.371,0
6.8126,29.444,0
6.8126,29.516,0
6.8126,29.588,0
6.8126,29.661,0
6.8126,29.733,0
6.8126,29.806,0
6.8126,29.878,0
6.8126,29.95,0
6.8126,30.023,0
6.8126,30.095,0
6.8126,30.168,0
6.8126,30.24,0
6.8126,30.312,0
6.8126,30.385,0
6.8126,30.457,0
6.8126,30.53,0
6.8126,30.602,0
6.8505,27.778,0
6.8505,27.851,0
6.8505,27.923,0
6.8505,27.995,0
6.8505,28.068,0
6.8505,28.14,0
6.8505,28.213,0
6.8505,28.285,0
6.8505,28.357,0
6.8505,28.43,0
6.8505,28.502,0
6.8505,28.575,0
6.8505,28.647,0
6.8505,28.719,0
6.8505,28.792,0
6.8505,28.864,0
6.8505,28.937,0
6.8505,29.009,0
6.8505,29.081,0
6.8505,29.154,0
6.8505,29.226,0
6.8505,29.299,0
6.8505,29.371,0
6.8505,29.444,0
6.8505,29.516,0
6.8505,29.588,0
6.8505,29.661,0
6.8505,29.733,0
6.8505,29.806,0
6.8505,29.878,0
6.8505,29.95,0
6.8505,30.023,0
6.8505,30.095,0
6.8505,30.168,0
6.8505,30.24,0
6.8505,30.312,0
6.8505,30.385,0
6.8505,30.457,0
6.8505,30.53,0
6.8505,30.602,0
6.8884,27.778,0
6.8884,27.851,0
6.8884,27.923,0
6.8884,27.995,0
6.8884,28.068,0
6.8884,28.14,0
6.8884,28.213,0
6.8884,28.285,0
6.8884,28.357,0
6.8884,28.43,0
6.8884,28.502,0
6.8884,28.575,0
6.8884,28.647,0
6.8884,28.719,0
6.8884,28.792,0
6.8884,28.864,0
6.8884,28.937,0
6.8884,29.009,0
6.8884,29.081,0
6.8884,29.154,0
6.8884,29.226,0
6.8884,29.299,0
6.8884,29.371,0
6.8884,29.444,0
6.8884,29.516,0
6.8884,29.588,0
6.8884,29.661,0
6.8884,29.733,0
6.8884,29.806,0
6.8884,29.878,0
6.8884,29.95,0
6.8884,30.023,0
6.8884,30.095,0
6.8884,30.168,0
6.8884,30.24,0
6.8884,30.312,0
6.8884,30.385,0
6.8884,30.457,0
6.8884,30.53,0
6.8884,30.602,0
6.9262,27.778,0
6.9262,27.851,0
6.9262,27.923,0
6.9262,27.995,0
6.9262,28.068,0
6.9262,28.14,0
6.9262,28.213,0
6.9262,28.285,0
6.9262,28.357,0
6.9262,28.43,0
6.9262,28.502,0
6.9262,28.575,0
6.9262,28.647,0
6.9262,28.719,0
6.9262,28.792,0
6.9262,28.864,0
6.9262,28.937,0
6.9262,29.009,0
6.9262,29.081,0
6.9262,29.154,0
6.9262,29.226,0
6.9262,29.299,0
6.9262,29.371,0
6.9262,29.444,0
6.9262,29.516,0
6.9262,29.588,0
6.9262,29.661,0
6.9262,29.733,0
6.9262,29.806,0
6.9262,29.878,0
6.9262,29.95,0
6.9262,30.023,0
6.9262,30.095,0
6.9262,30.168,0
6.9262,30.24,0
6.9262,30.312,0
6.9262,30.385,0
6.9262,30.457,0
6.9262,30.53,0
6.9262,30.602,0
6.9641,27.778,0
6.9641,27.851,0
6.9641,27.923,0
6.9641,27.995,0
6.9641,28.068,0
6.9641,28.14,0
6.9641,28.213,0
6.9641,28.285,0
6.9641,28.357,0
6.9641,28.43,0
6.9641,28.502,0
6.9641,28.575,0
6.9641,28.647,0
6.9641,28.719,0
6.9641,28.792,0
6.9641,28.864,0
6.9641,28.937,0
6.9641,29.009,0
6.9641,29.081,0
6.9641,29.154,0
6.9641,29.226,0
6.9641,29.299,0
6.9641,29.371,0
6.9641,29.444,0
6.9641,29.516,0
6.9641,29.588,0
6.9641,29.661,0
6.9641,29.733,0
6.9641,29.806,0
6.9641,29.878,0
6.9641,29.95,0
6.9641,30.023,0
6.9641,30.095,0
6.9641,30.168,0
6.9641,30.24,0
6.9641,30.312,0
6.9641,30.385,0
6.9641,30.457,0
6.9641,30.53,0
6.9641,30.602,0
7.002,27.778,0
7.002,27.851,0
7.002,27.923,0
7.002,27.995,0
7.002,28.068,0
7.002,28.14,0
7.002,28.213,0
7.002,28.285,0
7.002,28.357,0
7.002,28.43,0
7.002,28.502,0
7.002,28.575,0
7.002,28.647,0
7.002,28.719,0
7.002,28.792,0
7.002,28.864,0
7.002,28.937,0
7.002,29.009,0
7.002,29.081,0
7.002,29.154,0
7.002,29.226,0
7.002,29.299,0
7.002,29.371,0
7.002,29.444,0
7.002,29.516,0
7.002,29.588,0
7.002,29.661,0
7.002,29.733,0
7.002,29.806,0
7.002,29.878,0
7.002,29.95,0
7.002,30.023,0
7.002,30.095,0
7.002,30.168,0
7.002,30.24,0
7.002,30.312,0
7.002,30.385,0
7.002,30.457,0
7.002,30.53,0
7.002,30.602,0
7.0399,27.778,0
7.0399,27.851,0
7.0399,27.923,0
7.0399,27.995,0
7.0399,28.068,0
7.0399,28.14,0
7.0399,28.213,0
7.0399,28.285,0
7.0399,28.357,0
7.0399,28.43,0
7.0399,28.502,0
7.0399,28.575,0
7.0399,28.647,0
7.0399,28.719,0
7.0399,28.792,0
7.0399,28.864,0
7.0399,28.937,0
7.0399,29.009,0
7.0399,29.081,0
7.0399,29.154,0
7.0399,29.226,0
7.0399,29.299,0
7.0399,29.371,0
7.0399,29.444,0
7.0399,29.516,0
7.0399,29.588,0
7.0399,29.661,0
7.0399,29.733,0
7.0399,29.806,0
7.0399,29.878,0
7.0399,29.95,0
7.0399,30.023,0
7.0399,30.095,0
7.0399,30.168,0
7.0399,30.24,0
7.0399,30.312,0
7.0399,30.385,0
7.0399,30.457,0
7.0399,30.53,0
7.0399,30.602,0
7.0778,27.778,0
7.0778,27.851,0
7.0778,27.923,0
7.0778,27.995,0
7.0778,28.068,0
7.0778,28.14,0
7.0778,28.213,0
7.0778,28.285,0
7.0778,28.357,0
7.0778,28.43,0
7.0778,28.502,0
7.0778,28.575,0
7.0778,28.647,0
7.0778,28.719,0
7.0778,28.792,0
7.0778,28.864,0
7.0778,28.937,0
7.0778,29.009,0
7.0778,29.081,0
7.0778,29.154,0
7.0778,29.226,0
7.0778,29.299,0
7.0778,29.371,0
7.0778,29.444,0
7.0778,29.516,0
7.0778,29.588,0
7.0778,29.661,0
7.0778,29.733,0
7.0778,29.806,0
7.0778,29.878,0
7.0778,29.95,0
7.0778,30.023,0
7.0778,30.095,0
7.0778,30.168,0
7.0778,30.24,0
7.0778,30.312,0
7.0778,30.385,0
7.0778,30.457,0
7.0778,30.53,0
7.0778,30.602,0
7.1156,27.778,0
7.1156,27.851,0
7.1156,27.923,0
7.1156,27.995,0
7.1156,28.068,0
7.1156,28.14,0
7.1156,28.213,0
7.1156,28.285,0
7.1156,28.357,0
7.1156,28.43,0
7.1156,28.502,0
7.1156,28.575,0
7.1156,28.647,0
7.1156,28.719,0
7.1156,28.792,0
7.1156,28.864,0
7.1156,28.937,0
7.1156,29.009,0
7.1156,29.081,0
7.1156,29.154,0
7.1156,29.226,0
7.1156,29.299,0
7.1156,29.371,0
7.1156,29.444,0
7.1156,29.516,0
7.1156,29.588,0
7.1156,29.661,0
7.1156,29.733,0
7.1156,29.806,0
7.1156,29.878,0
7.1156,29.95,0
7.1156,30.023,0
7.1156,30.095,0
7.1156,30.168,0
7.1156,30.24,0
7.1156,30.312,0
7.1156,30.385,0
7.1156,30.457,0
7.1156,30.53,0
7.1156,30.602,0
7.1535,27.778,0
7.1535,27.851,0
7.1535,27.923,0
7.1535,27.995,0
7.1535,28.068,0
7.1535,28.14,0
7.1535,28.213,0
7.1535,28.285,0
7.1535,28.357,0
7.1535,28.43,0
7.1535,28.502,0
7.1535,28.575,0
7.1535,28.647,0
7.1535,28.719,0
7.1535,28.792,0
7.1535,28.864,0
7.1535,28.937,0
7.1535,29.009,0
7.1535,29.081,0
7.1535,29.154,0
7.1535,29.226,0
7.1535,29.299,0
7.1535,29.371,0
7.1535,29.444,0
7.1535,29.516,0
7.1535,29.588,0
7.1535,29.661,0
7.1535,29.733,0
7.1535,29.806,0
7.1535,29.878,0
7.1535,29.95,0
7.1535,30.023,0
7.1535,30.095,0
7.1535,30.168,0
7.1535,30.24,0
7.1535,30.312,0
7.1535,30.385,0
7.1535,30.457,0
7.1535,30.53,0
7.1535,30.602,0
7.1914,27.778,0
7.1914,27.851,0
7.1914,27.923,0
7.1914,27.995,0
7.1914,28.068,0
7.1914,28.14,0
7.1914,28.213,0
7.1914,28.285,0
7.1914,28.357,0
7.1914,28.43,0
7.1914,28.502,0
7.1914,28.575,0
7.1914,28.647,0
7.1914,28.719,0
7.1914,28.792,0
7.1914,28.864,0
7.1914,28.937,0
7.1914,29.009,0
7.1914,29.081,0
7.1914,29.154,0
7.1914,29.226,0
7.1914,29.299,0
7.1914,29.371,0
7.1914,29.444,0
7.1914,29.516,0
7.1914,29.588,0
7.1914,29.661,0
7.1914,29.733,0
7.1914,29.806,0
7.1914,29.878,0
7.1914,29.95,0
7.1914,30.023,0
7.1914,30.095,0
7.1914,30.168,0
7.1914,30.24,0
7.1914,30.312,0
7.1914,30.385,0
7.1914,30.457,0
7.1914,30.53,0
7.1914,30.602,0
7.2293,27.778,0
7.2293,27.851,0
7.2293,27.923,0
7.2293,27.995,0
7.2293,28.068,0
7.2293,28.14,0
7.2293,28.213,0
7.2293,28.285,0
7.2293,28.357,0
7.2293,28.43,0
7.2293,28.502,0
7.2293,28.575,0
7.2293,28.647,0
7.2293,28.719,0
7.2293,28.792,0
7.2293,28.864,0
7.2293,28.937,0
7.2293,29.009,0
7.2293,29.081,0
7.2293,29.154,0
7.2293,29.226,0
7.2293,29.299,0
7.2293,29.371,0
7.2293,29.444,0
7.2293,29.516,0
7.2293,29.588,0
7.2293,29.661,0
7.2293,29.733,0
7.2293,29.806,0
7.2293,29.878,0
7.2293,29.95,0
7.2293,30.023,0
7.2293,30.095,0
7.2293,30.168,0
7.2293,30.24,0
7.2293,30.312,0
7.2293,30.385,0
7.2293,30.457,0
7.2293,30.53,0
7.2293,30.602,0
7.2671,27.778,0
7.2671,27.851,0
7.2671,27.923,0
7.2671,27.995,0
7.2671,28.068,0
7.2671,28.14,0
7.2671,28.213,0
7.2671,28.285,0
7.2671,28.357,0
7.2671,28.43,0
7.2671,28.502,0
7.2671,28.575,0
7.2671,28.647,0
7.2671,28.719,0
7.2671,28.792,0
7.2671,28.864,0
7.2671,28.937,0
7.2671,29.009,0
7.2671,29.081,0
7.2671,29.154,0
7.2671,29.226,0
7.2671,29.299,0
7.2671,29.371,0
7.2671,29.444,0
7.2671,29.516,0
7.2671,29.588,0
7.2671,29.661,0
7.2671,29.733,0
7.2671,29.806,0
7.2671,29.878,0
7.2671,29.95,0
7.2671,30.023,0
7.2671,30.095,0
7.2671,30.168,0
7.2671,30.24,0
7.2671,30.312,0
7.2671,30.385,0
7.2671,30.457,0
7.2671,30.53,0
7.2671,30.602,0
7.305,27.778,0
7.305,27.851,0
7.305,27.923,0
7.305,27.995,0
7.305,28.068,0
7.305,28.14,0
7.305,28.213,0
7.305,28.285,0
7.305,28.357,0
7.305,28.43,0
7.305,28.502,0
7.305,28.575,0
7.305,28.647,0
7.305,28.719,0
7.305,28.792,0
7.305,28.864,0
7.305,28.937,0
7.305,29.009,0
7.305,29.081,0
7.305,29.154,0
7.305,29.226,0
7.305,29.299,0
7.305,29.371,0
7.305,29.444,0
7.305,29.516,0
7.305,29.588,0
7.305,29.661,0
7.305,29.733,0
7.305,29.806,0
7.305,29.878,0
7.305,29.95,0
7.305,30.023,0
7.305,30.095,0
7.305,30.168,0
7.305,30.24,0
7.305,30.312,0
7.305,30.385,0
7.305,30.457,0
7.305,30.53,0
7.305,30.602,0
7.3429,27.778,0
7.3429,27.851,0
7.3429,27.923,0
7.3429,27.995,0
7.3429,28.068,0
7.3429,28.14,0
7.3429,28.213,0
7.3429,28.285,0
7.3429,28.357,0
7.3429,28.43,0
7.3429,28.502,0
7.3429,28.575,0
7.3429,28.647,0
7.3429,28.719,0
7.3429,28.792,0
7.3429,28.864,0
7.3429,28.937,0
7.3429,29.009,0
7.3429,29.081,0
7.3429,29.154,0
7.3429,29.226,0
7.3429,29.299,0
7.3429,29.371,0
7.3429,29.444,0
7.3429,29.516,0
7.3429,29.588,0
7.3429,29.661,0
7.3429,29.733,0
7.3429,29.806,0
7.3429,29.878,0
7.3429,29.95,0
7.3429,30.023,0
7.3429,30.095,0
7.3429,30.168,0
7.3429,30.24,0
7.3429,30.312,0
7.3429,30.385,0
7.3429,30.457,0
7.3429,30.53,0
7.3429,30.602,0
7.3808,27.778,0
7.3808,27.851,0
7.3808,27.923,0
7.3808,27.995,0
7.3808,28.068,0
7.3808,28.14,0
7.3808,28.213,0
7.3808,28.285,0
7.3808,28.357,0
7.3808,28.43,0
7.3808,28.502,0
7.3808,28.575,0
7.3808,28.647,0
7.3808,28.719,0
7.3808,28.792,0
7.3808,28.864,0
7.3808,28.937,0
7.3808,29.009,0
7.3808,29.081,0
7.3808,29.154,0
7.3808,29.226,0
7.3808,29.299,0
7.3808,29.371,0
7.3808,29.444,0
7.3808,29.516,0
7.3808,29.588,0
7.3808,29.661,0
7.3808,29.733,0
7.3808,29.806,0
7.3808,29.878,0
7.3808,29.95,0
7.3808,30.023,0
7.3808,30.095,0
7.3808,30.168,0
7.3808,30.24,0
7.3808,30.312,0
7.3808,30.385,0
7.3808,30.457,0
7.3808,30.53,0
7.3808,30.602,0
7.4187,27.778,0
7.4187,27.851,0
7.4187,27.923,0
7.4187,27.995,0
7.4187,28.068,0
7.4187,28.14,0
7.4187,28.213,0
7.4187,28.285,0
7.4187,28.357,0
7.4187,28.43,0
7.4187,28.502,0
7.4187,28.575,0
7.4187,28.647,0
7.4187,28.719,0
7.4187,28.792,0
7.4187,28.864,0
7.4187,28.937,0
7.4187,29.009,0
7.4187,29.081,0
7.4187,29.154,0
7.4187,29.226,0
7.4187,29.299,0
7.4187,29.371,0
7.4187,29.444,0
7.4187,29.516,0
7.4187,29.588,0
7.4187,29.661,0
7.4187,29.733,0
7.4187,29.806,0
7.4187,29.878,0
7.4187,29.95,0
7.4187,30.023,0
7.4187,30.095,0
7.4187,30.168,0
7.4187,30.24,0
7.4187,30.312,0
7.4187,30.385,0
7.4187,30.457,0
7.4187,30.53,0
7.4187,30.602,0
7.4565,27.778,0
7.4565,27.851,0
7.4565,27.923,0
7.4565,27.995,0
7.4565,28.068,0
7.4565,28.14,0
7.4565,28.213,0
7.4565,28.285,0
7.4565,28.357,0
7.4565,28.43,0
7.4565,28.502,0
7.4565,28.575,0
7.4565,28.647,0
7.4565,28.719,0
7.4565,28.792,0
7.4565,28.864,0
7.4565,28.937,0
7.4565,29.009,0
7.4565,29.081,0
7.4565,29.154,0
7.4565,29.226,0
7.4565,29.299,0
7.4565,29.371,0
7.4565,29.444,0
7.4565,29.516,0
7.4565,29.588,0
7.4565,29.661,0
7.4565,29.733,0
7.4565,29.806,0
7.4565,29.878,0
7.4565,29.95,0
7.4565,30.023,0
7.4565,30.095,0
7.4565,30.168,0
7.4565,30.24,0
7.4565,30.312,0
7.4565,30.385,0
7.4565,30.457,0
7.4565,30.53,0
7.4565,30.602,0
7.4944,27.778,0
7.4944,27.851,0
7.4944,27.923,0
7.4944,27.995,0
7.4944,28.068,0
7.4944,28.14,0
7.4944,28.213,0
7.4944,28.285,0
7.4944,28.357,0
7.4944,28.43,0
7.4944,28.502,0
7.4944,28.575,0
7.4944,28.647,0
7.4944,28.719,0
7.4944,28.792,0
7.4944,28.864,0
7.4944,28.937,0
7.4944,29.009,0
7.4944,29.081,0
7.4944,29.154,0
7.4944,29.226,0
7.4944,29.299,0
7.4944,29.371,0
7.4944,29.444,0
7.4944,29.516,0
7.4944,29.588,0
7.4944,29.661,0
7.4944,29.733,0
7.4944,29.806,0
7.4944,29.878,0
7.4944,29.95,0
7.4944,30.023,0
7.4944,30.095,0
7.4944,30.168,0
7.4944,30.24,0
7.4944,30.312,0
7.4944,30.385,0
7.4944,30.457,0
7.4944,30.53,0
7.4944,30.602,0
7.5323,27.778,0
7.5323,27.851,0
7.5323,27.923,0
7.5323,27.995,0
7.5323,28.068,0
7.5323,28.14,0
7.5323,28.213,0
7.5323,28.285,0
7.5323,28.357,0
7.5323,28.43,0
7.5323,28.502,0
7.5323,28.575,0
7.5323,28.647,0
7.5323,28.719,0
7.5323,28.792,0
7.5323,28.864,0
7.5323,28.937,0
7.5323,29.009,0
7.5323,29.081,0
7.5323,29.154,0
7.5323,29.226,0
7.5323,29.299,0
7.5323,29.371,0
7.5323,29.444,0
7.5323,29.516,0
7.5323,29.588,0
7.5323,29.661,0
7.5323,29.733,0
7.5323,29.806,0
7.5323,29.878,0
7.5323,29.95,0
7.5323,30.023,0
7.5323,30.095,0
7.5323,30.168,0
7.5323,30.24,0
7.5323,30.312,0
7.5323,30.385,0
7.5323,30.457,0
7.5323,30.53,0
7.5323,30.602,0
7.5702,27.778,0
7.5702,27.851,0
7.5702,27.923,0
7.5702,27.995,0
7.5702,28.068,0
7.5702,28.14,0
7.5702,28.213,0
7.5702,28.285,0
7.5702,28.357,0
7.5702,28.43,0
7.5702,28.502,0
7.5702,28.575,0
7.5702,28.647,0
7.5702,28.719,0
7.5702,28.792,0
7.5702,28.864,0
7.5702,28.937,0
7.5702,29.009,0
7.5702,29.081,0
7.5702,29.154,0
7.5702,29.226,0
7.5702,29.299,0
7.5702,29.371,0
7.5702,29.444,0
7.5702,29.516,0
7.5702,29.588,0
7.5702,29.661,0
7.5702,29.733,0
7.5702,29.806,0
7.5702,29.878,0
7.5702,29.95,0
7.5702,30.023,0
7.5702,30.095,0
7.5702,30.168,0
7.5702,30.24,0
7.5702,30.312,0
7.5702,30.385,0
7.5702,30.457,0
7.5702,30.53,0
7.5702,30.602,0
7.608,27.778,0
7.608,27.851,0
7.608,27.923,0
7.608,27.995,0
7.608,28.068,0
7.608,28.14,0
7.608,28.213,0
7.608,28.285,0
7.608,28.357,0
7.608,28.43,0
7.608,28.502,0
7.608,28.575,0
7.608,28.647,0
7.608,28.719,0
7.608,28.792,0
7.608,28.864,0
7.608,28.937,0
7.608,29.009,0
7.608,29.081,0
7.608,29.154,0
7.608,29.226,0
7.608,29.299,0
7.608,29.371,0
7.608,29.444,0
7.608,29.516,0
7.608,29.588,0
7.608,29.661,0
7.608,29.733,0
7.608,29.806,0
7.608,29.878,0
7.608,29.95,0
7.608,30.023,0
7.608,30.095,0
7.608,30.168,0
7.608,30.24,0
7.608,30.312,0
7.608,30.385,0
7.608,30.457,0
7.608,30.53,0
7.608,30.602,0
7.6459,27.778,0
7.6459,27.851,0
7.6459,27.923,0
7.6459,27.995,0
7.6459,28.068,0
7.6459,28.14,0
7.6459,28.213,0
7.6459,28.285,0
7.6459,28.357,0
7.6459,28.43,0
7.6459,28.502,0
7.6459,28.575,0
7.6459,28.647,0
7.6459,28.719,0
7.6459,28.792,0
7.6459,28.864,0
7.6459,28.937,0
7.6459,29.009,0
7.6459,29.081,0
7.6459,29.154,0
7.6459,29.226,0
7.6459,29.299,0
7.6459,29.371,0
7.6459,29.444,0
7.6459,29.516,0
7.6459,29.588,0
7.6459,29.661,0
7.6459,29.733,0
7.6459,29.806,0
7.6459,29.878,0
7.6459,29.95,0
7.6459,30.023,0
7.6459,30.095,0
7.6459,30.168,0
7.6459,30.24,0
7.6459,30.312,0
7.6459,30.385,0
7.6459,30.457,0
7.6459,30.53,0
7.6459,30.602,0
7.6838,27.778,0
7.6838,27.851,0
7.6838,27.923,0
7.6838,27.995,0
7.6838,28.068,0
7.6838,28.14,0
7.6838,28.213,0
7.6838,28.285,0
7.6838,28.357,0
7.6838,28.43,0
7.6838,28.502,0
7.6838,28.575,0
7.6838,28.647,0
7.6838,28.719,0
7.6838,28.792,0
7.6838,28.864,0
7.6838,28.937,0
7.6838,29.009,0
7.6838,29.081,0
7.6838,29.154,0
7.6838,29.226,0
7.6838,29.299,0
7.6838,29.371,0
7.6838,29.444,0
7.6838,29.516,0
7.6838,29.588,0
7.6838,29.661,0
7.6838,29.733,0
7.6838,29.806,0
7.6838,29.878,0
7.6838,29.95,0
7.6838,30.023,0
7.6838,30.095,0
7.6838,30.168,0
7.6838,30.24,0
7.6838,30.312,0
7.6838,30.385,0
7.6838,30.457,0
7.6838,30.53,0
7.6838,30.602,0
7.7217,27.778,0
7.7217,27.851,0
7.7217,27.923,0
7.7217,27.995,0
7.7217,28.068,0
7.7217,28.14,0
7.7217,28.213,0
7.7217,28.285,0
7.7217,28.357,0
7.7217,28.43,0
7.7217,28.502,0
7.7217,28.575,0
7.7217,28.647,0
7.7217,28.719,0
7.7217,28.792,0
7.7217,28.864,0
7.7217,28.937,0
7.7217,29.009,0
7.7217,29.081,0
7.7217,29.154,0
7.7217,29.226,0
7.7217,29.299,0
7.7217,29.371,0
7.7217,29.444,0
7.7217,29.516,0
7.7217,29.588,0
7.7217,29.661,0
7.7217,29.733,0
7.7217,29.806,0
7.7217,29.878,0
7.7217,29.95,0
7.7217,30.023,0
7.7217,30.095,0
7.7217,30.168,0
7.7217,30.24,0
7.7217,30.312,0
7.7217,30.385,0
7.7217,30.457,0
7.7217,30.53,0
7.7217,30.602,0
7.7596,27.778,0
7.7596,27.851,0
7.7596,27.923,0
7.7596,27.995,0
7.7596,28.068,0
7.7596,28.14,0
7.7596,28.213,0
7.7596,28.285,0
7.7596,28.357,0
7.7596,28.43,0
7.7596,28.502,0
7.7596,28.575,0
7.7596,28.647,0
7.7596,28.719,0
7.7596,28.792,0
7.7596,28.864,0
7.7596,28.937,0
7.7596,29.009,0
7.7596,29.081,0
7.7596,29.154,0
7.7596,29.226,0
7.7596,29.299,0
7.7596,29.371,0
7.7596,29.444,0
7.7596,29.516,0
7.7596,29.588,0
7.7596,29.661,0
7.7596,29.733,0
7.7596,29.806,0
7.7596,29.878,0
7.7596,29.95,0
7.7596,30.023,0
7.7596,30.095,0
7.7596,30.168,0
7.7596,30.24,0
7.7596,30.312,0
7.7596,30.385,0
7.7596,30.457,0
7.7596,30.53,0
7.7596,30.602,0
7.7974,27.778,0
7.7974,27.851,0
7.7974,27.923,0
7.7974,27.995,0
7.7974,28.068,0
7.7974,28.14,0
7.7974,28.213,0
7.7974,28.285,0
7.7974,28.357,0
7.7974,28.43,0
7.7974,28.502,0
7.7974,28.575,0
7.7974,28.647,0
7.7974,28.719,0
7.7974,28.792,0
7.7974,28.864,0
7.7974,28.937,0
7.7974,29.009,0
7.7974,29.081,0
7.7974,29.154,0
7.7974,29.226,0
7.7974,29.299,0
7.7974,29.371,0
7.7974,29.444,0
7.7974,29.516,0
7.7974,29.588,0
7.7974,29.661,0
7.7974,29.733,0
7.7974,29.806,0
7.7974,29.878,0
7.7974,29.95,0
7.7974,30.023,0
7.7974,30.095,0
7.7974,30.168,0
7.7974,30.24,0
7.7974,30.312,0
7.7974,30.385,0
7.7974,30.457,0
7.7974,30.53,0
7.7974,30.602,0
7.8353,27.778,0
7.8353,27.851,0
7.8353,27.923,0
7.8353,27.995,0
7.8353,28.068,0
7.8353,28.14,0
7.8353,28.213,0
7.8353,28.285,0
7.8353,28.357,0
7.8353,28.43,0
7.8353,28.502,0
7.8353,28.575,0
7.8353,28.647,0
7.8353,28.719,0
7.8353,28.792,0
7.8353,28.864,0
7.8353,28.937,0
7.8353,29.009,0
7.8353,29.081,0
7.8353,29.154,0
7.8353,29.226,0
7.8353,29.299,0
7.8353,29.371,0
7.8353,29.444,0
7.8353,29.516,0
7.8353,29.588,0
7.8353,29.661,0
7.8353,29.733,0
7.8353,29.806,0
7.8353,29.878,0
7.8353,29.95,0
7.8353,30.023,0
7.8353,30.095,0
7.8353,30.168,0
7.8353,30.24,0
7.8353,30.312,0
7.8353,30.385,0
7.8353,30.457,0
7.8353,30.53,0
7.8353,30.602,0
7.8732,27.778,0
7.8732,27.851,0
7.8732,27.923,0
7.8732,27.995,0
7.8732,28.068,0
7.8732,28.14,0
7.8732,28.213,0
7.8732,28.285,0
7.8732,28.357,0
7.8732,28.43,0
7.8732,28.502,0
7.8732,28.575,0
7.8732,28.647,0
7.8732,28.719,0
7.8732,28.792,0
7.8732,28.864,0
7.8732,28.937,0
7.8732,29.009,0
7.8732,29.081,0
7.8732,29.154,0
7.8732,29.226,0
7.8732,29.299,0
7.8732,29.371,0
7.8732,29.444,0
7.8732,29.516,0
7.8732,29.588,0
7.8732,29.661,0
7.8732,29.733,0
7.8732,29.806,0
7.8732,29.878,0
7.8732,29.95,0
7.8732,30.023,0
7.8732,30.095,0
7.8732,30.168,0
7.8732,30.24,0
7.8732,30.312,0
7.8732,30.385,0
7.8732,30.457,0
7.8732,30.53,0
7.8732,30.602,0
7.9111,27.778,0
7.9111,27.851,0
7.9111,27.923,0
7.9111,27.995,0
7.9111,28.068,0
7.9111,28.14,0
7.9111,28.213,0
7.9111,28.285,0
7.9111,28.357,0
7.9111,28.43,0
7.9111,28.502,0
7.9111,28.575,0
7.9111,28.647,0
7.9111,28.719,0
7.9111,28.792,0
7.9111,28.864,0
7.9111,28.937,0
7.9111,29.009,0
7.9111,29.081,0
7.9111,29.154,0
7.9111,29.226,0
7.9111,29.299,0
7.9111,29.371,0
7.9111,29.444,0
7.9111,29.516,0
7.9111,29.588,0
7.9111,29.661,0
7.9111,29.733,0
7.9111,29.806,0
7.9111,29.878,0
7.9111,29.95,0
7.9111,30.023,0
7.9111,30.095,0
7.9111,30.168,0
7.9111,30.24,0
7.9111,30.312,0
7.9111,30.385,0
7.9111,30.457,0
7.9111,30.53,0
7.9111,30.602,0
7.9489,27.778,0
7.9489,27.851,0
7.9489,27.923,0
7.9489,27.995,0
7.9489,28.068,0
7.9489,28.14,0
7.9489,28.213,0
7.9489,28.285,0
7.9489,28.357,0
7.9489,28.43,0
7.9489,28.502,0
7.9489,28.575,0
7.9489,28.647,0
7.9489,28.719,0
7.9489,28.792,0
7.9489,28.864,0
7.9489,28.937,0
7.9489,29.009,0
7.9489,29.081,0
7.9489,29.154,0
7.9489,29.226,0
7.9489,29.299,0
7.9489,29.371,0
7.9489,29.444,0
7.9489,29.516,0
7.9489,29.588,0
7.9489,29.661,0
7.9489,29.733,0
7.9489,29.806,0
7.9489,29.878,0
7.9489,29.95,0
7.9489,30.023,0
7.9489,30.095,0
7.9489,30.168,0
7.9489,30.24,0
7.9489,30.312,0
7.9489,30.385,0
7.9489,30.457,0
7.9489,30.53,0
7.9489,30.602,0
7.9868,27.778,0
7.9868,27.851,0
7.9868,27.923,0
7.9868,27.995,0
7.9868,28.068,0
7.9868,28.14,0
7.9868,28.213,0
7.9868,28.285,0
7.9868,28.357,0
7.9868,28.43,0
7.9868,28.502,0
7.9868,28.575,0
7.9868,28.647,0
7.9868,28.719,0
7.9868,28.792,0
7.9868,28.864,0
7.9868,28.937,0
7.9868,29.009,0
7.9868,29.081,0
7.9868,29.154,0
7.9868,29.226,0
7.9868,29.299,0
7.9868,29.371,0
7.9868,29.444,0
7.9868,29.516,0
7.9868,29.588,0
7.9868,29.661,0
7.9868,29.733,0
7.9868,29.806,0
7.9868,29.878,0
7.9868,29.95,0
7.9868,30.023,0
7.9868,30.095,0
7.9868,30.168,0
7.9868,30.24,0
7.9868,30.312,0
7.9868,30.385,0
7.9868,30.457,0
7.9868,30.53,0
7.9868,30.602,0
8.0247,27.778,0
8.0247,27.851,0
8.0247,27.923,0
8.0247,27.995,0
8.0247,28.068,0
8.0247,28.14,0
8.0247,28.213,0
8.0247,28.285,0
8.0247,28.357,0
8.0247,28.43,0
8.0247,28.502,0
8.0247,28.575,0
8.0247,28.647,0
8.0247,28.719,0
8.0247,28.792,0
8.0247,28.864,0
8.0247,28.937,0
8.0247,29.009,0
8.0247,29.081,0
8.0247,29.154,0
8.0247,29.226,0
8.0247,29.299,0
8.0247,29.371,0
8.0247,29.444,0
8.0247,29.516,0
8.0247,29.588,0
8.0247,29.661,0
8.0247,29.733,0
8.0247,29.806,0
8.0247,29.878,0
8.0247,29.95,0
8.0247,30.023,0
8.0247,30.095,0
8.0247,30.168,0
8.0247,30.24,0
8.0247,30.312,0
8.0247,30.385,0
8.0247,30.457,0
8.0247,30.53,0
8.0247,30.602,0
8.0626,27.778,0
8.0626,27.851,0
8.0626,27.923,0
8.0626,27.995,0
8.0626,28.068,0
8.0626,28.14,0
8.0626,28.213,0
8.0626,28.285,0
8.0626,28.357,0
8.0626,28.43,0
8.0626,28.502,0
8.0626,28.575,0
8.0626,28.647,0
8.0626,28.719,0
8.0626,28.792,0
8.0626,28.864,0
8.0626,28.937,0
8.0626,29.009,0
8.0626,29.081,0
8.0626,29.154,0
8.0626,29.226,0
8.0626,29.299,0
8.0626,29.371,0
8.0626,29.444,0
8.0626,29.516,0
8.0626,29.588,0
8.0626,29.661,0
8.0626,29.733,0
8.0626,29.806,0
8.0626,29.878,0
8.0626,29.95,0
8.0626,30.023,0
8.0626,30.095,0
8.0626,30.168,0
8.0626,30.24,0
8.0626,30.312,0
8.0626,30.385,0
8.0626,30.457,0
8.0626,30.53,0
8.0626,30.602,0
8.1005,27.778,0
8.1005,27.851,0
8.1005,27.923,0
8.1005,27.995,0
8.1005,28.068,0
8.1005,28.14,0
8.1005,28.213,0
8.1005,28.285,0
8.1005,28.357,0
8.1005,28.43,0
8.1005,28.502,0
8.1005,28.575,0
8.1005,28.647,0
8.1005,28.719,0
8.1005,28.792,0
8.1005,28.864,0
8.1005,28.937,0
8.1005,29.009,0
8.1005,29.081,0
8.1005,29.154,0
8.1005,29.226,0
8.1005,29.299,0
8.1005,29.371,0
8.1005,29.444,0
8.1005,29.516,0
8.1005,29.588,0
8.1005,29.661,0
8.1005,29.733,0
8.1005,29.806,0
8.1005,29.878,0
8.1005,29.95,0
8.1005,30.023,0
8.1005,30.095,0
8.1005,30.168,0
8.1005,30.24,0
8.1005,30.312,0
8.1005,30.385,0
8.1005,30.457,0
8.1005,30.53,0
8.1005,30.602,0
8.1383,27.778,0
8.1383,27.851,0
8.1383,27.923,0
8.1383,27.995,0
8.1383,28.068,0
8.1383,28.14,0
8.1383,28.213,0
8.1383,28.285,0
8.1383,28.357,0
8.1383,28.43,0
8.1383,28.502,0
8.1383,28.575,0
8.1383,28.647,0
8.1383,28.719,0
8.1383,28.792,0
8.1383,28.864,0
8.1383,28.937,0
8.1383,29.009,0
8.1383,29.081,0
8.1383,29.154,0
8.1383,29.226,0
8.1383,29.299,0
8.1383,29.371,0
8.1383,29.444,0
8.1383,29.516,0
8.1383,29.588,0
8.1383,29.661,0
8.1383,29.733,0
8.1383,29.806,0
8.1383,29.878,0
8.1383,29.95,0
8.1383,30.023,0
8.1383,30.095,0
8.1383,30.168,0
8.1383,30.24,0
8.1383,30.312,0
8.1383,30.385,0
8.1383,30.457,0
8.1383,30.53,0
8.1383,30.602,0
8.1762,27.778,0
8.1762,27.851,0
8.1762,27.923,0
8.1762,27.995,0
8.1762,28.068,0
8.1762,28.14,0
8.1762,28.213,0
8.1762,28.285,0
8.1762,28.357,0
8.1762,28.43,0
8.1762,28.502,0
8.1762,28.575,0
8.1762,28.647,0
8.1762,28.719,0
8.1762,28.792,0
8.1762,28.864,0
8.1762,28.937,0
8.1762,29.009,0
8.1762,29.081,0
8.1762,29.154,0
8.1762,29.226,0
8.1762,29.299,0
8.1762,29.371,0
8.1762,29.444,0
8.1762,29.516,0
8.1762,29.588,0
8.1762,29.661,0
8.1762,29.733,0
8.1762,29.806,0
8.1762,29.878,0
8.1762,29.95,0
8.1762,30.023,0
8.1762,30.095,0
8.1762,30.168,0
8.1762,30.24,0
8.1762,30.312,0
8.1762,30.385,0
8.1762,30.457,0
8.1762,30.53,0
8.1762,30.602,0
8.2141,27.778,8.7852
8.2141,27.851,0
8.2141,27.923,8.6084
8.2141,27.995,0
8.2141,28.068,0
8.2141,28.14,0
8.2141,28.213,0
8.2141,28.285,0
8.2141,28.357,0
8.2141,28.43,0
8.2141,28.502,0
8.2141,28.575,0
8.2141,28.647,0
8.2141,28.719,0
8.2141,28.792,0
8.2141,28.864,0
8.2141,28.937,0
8.2141,29.009,0
8.2141,29.081,0
8.2141,29.154,0
8.2141,29.226,0
8.2141,29.299,0
8.2141,29.371,0
8.2141,29.444,0
8.2141,29.516,0
8.2141,29.588,0
8.2141,29.661,0
8.2141,29.733,0
8.2141,29.806,0
8.2141,29.878,0
8.2141,29.95,0
8.2141,30.023,0
8.2141,30.095,0
8.2141,30.168,0
8.2141,30.24,0
8.2141,30.312,0
8.2141,30.385,0
8.2141,30.457,0
8.2141,30.53,0
8.2141,30.602,0
8.252,27.778,8.9347
8.252,27.851,8.797
8.252,27.923,8.7189
8.252,27.995,0
8.252,28.068,0
8.252,28.14,0
8.252,28.213,0
8.252,28.285,0
8.252,28.357,0
8.252,28.43,0
8.252,28.502,0
8.252,28.575,0
8.252,28.647,0
8.252,28.719,0
8.252,28.792,0
8.252,28.864,0
8.252,28.937,0
8.252,29.009,0
8.252,29.081,0
8.252,29.154,0
8.252,29.226,0
8.252,29.299,0
8.252,29.371,0
8.252,29.444,0
8.252,29.516,0
8.252,29.588,0
8.252,29.661,0
8.252,29.733,0
8.252,29.806,0
8.252,29.878,0
8.252,29.95,0
8.252,30.023,0
8.252,30.095,0
8.252,30.168,0
8.252,30.24,0
8.252,30.312,0
8.252,30.385,0
8.252,30.457,0
8.252,30.53,0
8.252,30.602,0
8.2898,27.778,9.0938
8.2898,27.851,8.9375
8.2898,27.923,8.8294
8.2898,27.995,0
8.2898,28.068,0
8.2898,28.14,0
8.2898,28.213,0
8.2898,28.285,0
8.2898,28.357,0
8.2898,28.43,0
8.2898,28.502,0
8.2898,28.575,0
8.2898,28.647,0
8.2898,28.719,0
8.2898,28.792,0
8.2898,28.864,0
8.2898,28.937,0
8.2898,29.009,0
8.2898,29.081,0
8.2898,29.154,0
8.2898,29.226,0
8.2898,29.299,0
8.2898,29.371,0
8.2898,29.444,0
8.2898,29.516,0
8.2898,29.588,0
8.2898,29.661,0
8.2898,29.733,0
8.2898,29.806,0
8.2898,29.878,0
8.2898,29.95,0
8.2898,30.023,0
8.2898,30.095,0
8.2898,30.168,0
8.2898,30.24,0
8.2898,30.312,0
8.2898,30.385,0
8.2898,30.457,0
8.2898,30.53,0
8.2898,30.602,0
8.3277,27.778,9.2608
8.3277,27.851,9.0821
8.3277,27.923,8.9577
8.3277,27.995,0
8.3277,28.068,8.8073
8.3277,28.14,0
8.3277,28.213,0
8.3277,28.285,0
8.3277,28.357,0
8.3277,28.43,0
8.3277,28.502,0
8.3277,28.575,0
8.3277,28.647,0
8.3277,28.719,0
8.3277,28.792,0
8.3277,28.864,0
8.3277,28.937,0
8.3277,29.009,0
8.3277,29.081,0
8.3277,29.154,0
8.3277,29.226,0
8.3277,29.299,0
8.3277,29.371,0
8.3277,29.444,0
8.3277,29.516,0
8.3277,29.588,0
8.3277,29.661,0
8.3277,29.733,0
8.3277,29.806,0
8.3277,29.878,0
8.3277,29.95,0
8.3277,30.023,0
8.3277,30.095,0
8.3277,30.168,0
8.3277,30.24,0
8.3277,30.312,0
8.3277,30.385,0
8.3277,30.457,0
8.3277,30.53,0
8.3277,30.602,0
8.3656,27.778,9.4281
8.3656,27.851,9.2493
8.3656,27.923,9.0955
8.3656,27.995,8.9939
8.3656,28.068,8.9189
8.3656,28.14,8.8513
8.3656,28.213,0
8.3656,28.285,0
8.3656,28.357,0
8.3656,28.43,0
8.3656,28.502,0
8.3656,28.575,0
8.3656,28.647,0
8.3656,28.719,0
8.3656,28.792,0
8.3656,28.864,0
8.3656,28.937,0
8.3656,29.009,0
8.3656,29.081,0
8.3656,29.154,0
8.3656,29.226,0
8.3656,29.299,0
8.3656,29.371,0
8.3656,29.444,0
8.3656,29.516,0
8.3656,29.588,0
8.3656,29.661,0
8.3656,29.733,0
8.3656,29.806,0
8.3656,29.878,0
8.3656,29.95,0
8.3656,30.023,0
8.3656,30.095,0
8.3656,30.168,0
8.3656,30.24,0
8.3656,30.312,0
8.3656,30.385,0
8.3656,30.457,0
8.3656,30.53,0
8.3656,30.602,0
8.4035,27.778,9.5935
8.4035,27.851,9.4166
8.4035,27.923,9.2407
8.4035,27.995,9.1217
8.4035,28.068,9.0305
8.4035,28.14,8.9628
8.4035,28.213,8.8901
8.4035,28.285,0
8.4035,28.357,0
8.4035,28.43,0
8.4035,28.502,0
8.4035,28.575,0
8.4035,28.647,0
8.4035,28.719,0
8.4035,28.792,0
8.4035,28.864,0
8.4035,28.937,0
8.4035,29.009,0
8.4035,29.081,0
8.4035,29.154,0
8.4035,29.226,0
8.4035,29.299,0
8.4035,29.371,0
8.4035,29.444,0
8.4035,29.516,0
8.4035,29.588,0
8.4035,29.661,0
8.4035,29.733,0
8.4035,29.806,0
8.4035,29.878,0
8.4035,29.95,0
8.4035,30.023,0
8.4035,30.095,0
8.4035,30.168,0
8.4035,30.24,0
8.4035,30.312,0
8.4035,30.385,0
8.4035,30.457,0
8.4035,30.53,0
8.4035,30.602,0
8.4414,27.778,9.7553
8.4414,27.851,9.5839
8.4414,27.923,9.4082
8.4414,27.995,9.2496
8.4414,28.068,9.1526
8.4414,28.14,9.0743
8.4414,28.213,9.0042
8.4414,28.285,0
8.4414,28.357,0
8.4414,28.43,0
8.4414,28.502,0
8.4414,28.575,0
8.4414,28.647,0
8.4414,28.719,0
8.4414,28.792,0
8.4414,28.864,0
8.4414,28.937,0
8.4414,29.009,0
8.4414,29.081,0
8.4414,29.154,0
8.4414,29.226,0
8.4414,29.299,0
8.4414,29.371,0
8.4414,29.444,0
8.4414,29.516,0
8.4414,29.588,0
8.4414,29.661,0
8.4414,29.733,0
8.4414,29.806,0
8.4414,29.878,0
8.4414,29.95,0
8.4414,30.023,0
8.4414,30.095,0
8.4414,30.168,0
8.4414,30.24,0
8.4414,30.312,0
8.4414,30.385,0
8.4414,30.457,0
8.4414,30.53,0
8.4414,30.602,0
8.4792,27.778,9.9148
8.4792,27.851,9.7512
8.4792,27.923,9.5757
8.4792,27.995,9.4082
8.4792,28.068,9.2783
8.4792,28.14,9.1901
8.4792,28.213,9.1184
8.4792,28.285,9.0475
8.4792,28.357,0
8.4792,28.43,0
8.4792,28.502,0
8.4792,28.575,0
8.4792,28.647,0
8.4792,28.719,0
8.4792,28.792,0
8.4792,28.864,0
8.4792,28.937,0
8.4792,29.009,0
8.4792,29.081,0
8.4792,29.154,0
8.4792,29.226,0
8.4792,29.299,0
8.4792,29.371,0
8.4792,29.444,0
8.4792,29.516,0
8.4792,29.588,0
8.4792,29.661,0
8.4792,29.733,0
8.4792,29.806,0
8.4792,29.878,0
8.4792,29.95,0
8.4792,30.023,0
8.4792,30.095,0
8.4792,30.168,0
8.4792,30.24,0
8.4792,30.312,0
8.4792,30.385,0
8.4792,30.457,0
8.4792,30.53,0
8.4792,30.602,0
8.5171,27.778,10.067
8.5171,27.851,9.9133
8.5171,27.923,9.7432
8.5171,27.995,9.5685
8.5171,28.068,9.4072
8.5171,28.14,9.3089
8.5171,28.213,9.2296
8.5171,28.285,9.1619
8.5171,28.357,9.086
8.5171,28.43,0
8.5171,28.502,0
8.5171,28.575,0
8.5171,28.647,0
8.5171,28.719,0
8.5171,28.792,0
8.5171,28.864,0
8.5171,28.937,0
8.5171,29.009,0
8.5171,29.081,0
8.5171,29.154,0
8.5171,29.226,0
8.5171,29.299,0
8.5171,29.371,0
8.5171,29.444,0
8.5171,29.516,0
8.5171,29.588,0
8.5171,29.661,0
8.5171,29.733,0
8.5171,29.806,0
8.5171,29.878,0
8.5171,29.95,0
8.5171,30.023,0
8.5171,30.095,0
8.5171,30.168,0
8.5171,30.24,0
8.5171,30.312,0
8.5171,30.385,0
8.5171,30.457,0
8.5171,30.53,0
8.5171,30.602,0
8.555,27.778,10.211
8.555,27.851,10.07
8.555,27.923,9.9106
8.555,27.995,9.7361
8.555,28.068,9.566
8.555,28.14,9.4276
8.555,28.213,9.3394
8.555,28.285,9.2763
8.555,28.357,9.2033
8.555,28.43,9.1184
8.555,28.502,0
8.555,28.575,0
8.555,28.647,0
8.555,28.719,0
8.555,28.792,0
8.555,28.864,0
8.555,28.937,0
8.555,29.009,0
8.555,29.081,0
8.555,29.154,0
8.555,29.226,0
8.555,29.299,0
8.555,29.371,0
8.555,29.444,0
8.555,29.516,0
8.555,29.588,0
8.555,29.661,0
8.555,29.733,0
8.555,29.806,0
8.555,29.878,0
8.555,29.95,0
8.555,30.023,0
8.555,30.095,0
8.555,30.168,0
8.555,30.24,0
8.555,30.312,0
8.555,30.385,0
8.555,30.457,0
8.555,30.53,0
8.555,30.602,0
8.5929,27.778,10.349
8.5929,27.851,10.222
8.5929,27.923,10.072
8.5929,27.995,9.9078
8.5929,28.068,9.7275
8.5929,28.14,9.5746
8.5929,28.213,9.4491
8.5929,28.285,9.3857
8.5929,28.357,9.3205
8.5929,28.43,9.2392
8.5929,28.502,0
8.5929,28.575,0
8.5929,28.647,0
8.5929,28.719,0
8.5929,28.792,0
8.5929,28.864,0
8.5929,28.937,0
8.5929,29.009,0
8.5929,29.081,0
8.5929,29.154,0
8.5929,29.226,0
8.5929,29.299,0
8.5929,29.371,0
8.5929,29.444,0
8.5929,29.516,0
8.5929,29.588,0
8.5929,29.661,0
8.5929,29.733,0
8.5929,29.806,0
8.5929,29.878,0
8.5929,29.95,0
8.5929,30.023,0
8.5929,30.095,0
8.5929,30.168,0
8.5929,30.24,0
8.5929,30.312,0
8.5929,30.385,0
8.5929,30.457,0
8.5929,30.53,0
8.5929,30.602,0
8.6307,27.778,10.484
8.6307,27.851,10.365
8.6307,27.923,10.228
8.6307,27.995,10.075
8.6307,28.068,9.8952
8.6307,28.14,9.7286
8.6307,28.213,9.5788
8.6307,28.285,9.4939
8.6307,28.357,9.4288
8.6307,28.43,9.3599
8.6307,28.502,9.2739
8.6307,28.575,0
8.6307,28.647,0
8.6307,28.719,0
8.6307,28.792,0
8.6307,28.864,0
8.6307,28.937,0
8.6307,29.009,0
8.6307,29.081,0
8.6307,29.154,0
8.6307,29.226,0
8.6307,29.299,0
8.6307,29.371,0
8.6307,29.444,0
8.6307,29.516,0
8.6307,29.588,0
8.6307,29.661,0
8.6307,29.733,0
8.6307,29.806,0
8.6307,29.878,0
8.6307,29.95,0
8.6307,30.023,0
8.6307,30.095,0
8.6307,30.168,0
8.6307,30.24,0
8.6307,30.312,0
8.6307,30.385,0
8.6307,30.457,0
8.6307,30.53,0
8.6307,30.602,0
8.6686,27.778,10.61
8.6686,27.851,10.505
8.6686,27.923,10.38
8.6686,27.995,10.234
8.6686,28.068,10.068
8.6686,28.14,9.8899
8.6686,28.213,9.7219
8.6686,28.285,9.602
8.6686,28.357,9.5361
8.6686,28.43,9.4723
8.6686,28.502,9.3932
8.6686,28.575,9.3007
8.6686,28.647,0
8.6686,28.719,0
8.6686,28.792,0
8.6686,28.864,0
8.6686,28.937,0
8.6686,29.009,0
8.6686,29.081,0
8.6686,29.154,0
8.6686,29.226,0
8.6686,29.299,0
8.6686,29.371,0
8.6686,29.444,0
8.6686,29.516,0
8.6686,29.588,0
8.6686,29.661,0
8.6686,29.733,0
8.6686,29.806,0
8.6686,29.878,0
8.6686,29.95,0
8.6686,30.023,0
8.6686,30.095,0
8.6686,30.168,0
8.6686,30.24,0
8.6686,30.312,0
8.6686,30.385,0
8.6686,30.457,0
8.6686,30.53,0
8.6686,30.602,0
8.7065,27.778,10.733
8.7065,27.851,10.637
8.7065,27.923,10.522
8.7065,27.995,10.392
8.7065,28.068,10.234
8.7065,28.14,10.056
8.7065,28.213,9.8796
8.7065,28.285,9.7348
8.7065,28.357,9.6435
8.7065,28.43,9.5831
8.7065,28.502,9.5126
8.7065,28.575,9.429
8.7065,28.647,9.3237
8.7065,28.719,0
8.7065,28.792,0
8.7065,28.864,0
8.7065,28.937,0
8.7065,29.009,0
8.7065,29.081,0
8.7065,29.154,0
8.7065,29.226,0
8.7065,29.299,0
8.7065,29.371,0
8.7065,29.444,0
8.7065,29.516,0
8.7065,29.588,0
8.7065,29.661,0
8.7065,29.733,0
8.7065,29.806,0
8.7065,29.878,0
8.7065,29.95,0
8.7065,30.023,0
8.7065,30.095,0
8.7065,30.168,0
8.7065,30.24,0
8.7065,30.312,0
8.7065,30.385,0
8.7065,30.457,0
8.7065,30.53,0
8.7065,30.602,0
8.7444,27.778,10.853
8.7444,27.851,10.764
8.7444,27.923,10.662
8.7444,27.995,10.54
8.7444,28.068,10.392
8.7444,28.14,10.228
8.7444,28.213,10.047
8.7444,28.285,9.8781
8.7444,28.357,9.7708
8.7444,28.43,9.6939
8.7444,28.502,9.6258
8.7444,28.575,9.5549
8.7444,28.647,9.4602
8.7444,28.719,0
8.7444,28.792,0
8.7444,28.864,0
8.7444,28.937,0
8.7444,29.009,0
8.7444,29.081,0
8.7444,29.154,0
8.7444,29.226,0
8.7444,29.299,0
8.7444,29.371,0
8.7444,29.444,0
8.7444,29.516,0
8.7444,29.588,0
8.7444,29.661,0
8.7444,29.733,0
8.7444,29.806,0
8.7444,29.878,0
8.7444,29.95,0
8.7444,30.023,0
8.7444,30.095,0
8.7444,30.168,0
8.7444,30.24,0
8.7444,30.312,0
8.7444,30.385,0
8.7444,30.457,0
8.7444,30.53,0
8.7444,30.602,0
8.7823,27.778,10.966
8.7823,27.851,10.889
8.7823,27.923,10.793
8.7823,27.995,10.681
8.7823,28.068,10.551
8.7823,28.14,10.391
8.7823,28.213,10.213
8.7823,28.285,10.038
8.7823,28.357,9.9049
8.7823,28.43,9.8101
8.7823,28.502,9.7387
8.7823,28.575,9.6671
8.7823,28.647,9.5893
8.7823,28.719,9.4816
8.7823,28.792,0
8.7823,28.864,0
8.7823,28.937,0
8.7823,29.009,0
8.7823,29.081,0
8.7823,29.154,0
8.7823,29.226,0
8.7823,29.299,0
8.7823,29.371,0
8.7823,29.444,0
8.7823,29.516,0
8.7823,29.588,0
8.7823,29.661,0
8.7823,29.733,0
8.7823,29.806,0
8.7823,29.878,0
8.7823,29.95,0
8.7823,30.023,0
8.7823,30.095,0
8.7823,30.168,0
8.7823,30.24,0
8.7823,30.312,0
8.7823,30.385,0
8.7823,30.457,0
8.7823,30.53,0
8.7823,30.602,0
8.8201,27.778,11.078
8.8201,27.851,11.01
8.8201,27.923,10.92
8.8201,27.995,10.819
8.8201,28.068,10.698
8.8201,28.14,10.549
8.8201,28.213,10.388
8.8201,28.285,10.206
8.8201,28.357,10.05
8.8201,28.43,9.9276
8.8201,28.502,9.8517
8.8201,28.575,9.7794
8.8201,28.647,9.7048
8.8201,28.719,9.6168
8.8201,28.792,9.501
8.8201,28.864,0
8.8201,28.937,0
8.8201,29.009,0
8.8201,29.081,0
8.8201,29.154,0
8.8201,29.226,0
8.8201,29.299,0
8.8201,29.371,0
8.8201,29.444,0
8.8201,29.516,0
8.8201,29.588,0
8.8201,29.661,0
8.8201,29.733,0
8.8201,29.806,0
8.8201,29.878,0
8.8201,29.95,0
8.8201,30.023,0
8.8201,30.095,0
8.8201,30.168,0
8.8201,30.24,0
8.8201,30.312,0
8.8201,30.385,0
8.8201,30.457,0
8.8201,30.53,0
8.8201,30.602,0
8.858,27.778,11.189
8.858,27.851,11.121
8.858,27.923,11.044
8.858,27.995,10.952
8.858,28.068,10.838
8.858,28.14,10.704
8.858,28.213,10.553
8.858,28.285,10.372
8.858,28.357,10.203
8.858,28.43,10.056
8.858,28.502,9.9669
8.858,28.575,9.8913
8.858,28.647,9.8202
8.858,28.719,9.7463
8.858,28.792,9.6477
8.858,28.864,9.5083
8.858,28.937,0
8.858,29.009,0
8.858,29.081,0
8.858,29.154,0
8.858,29.226,0
8.858,29.299,0
8.858,29.371,0
8.858,29.444,0
8.858,29.516,0
8.858,29.588,0
8.858,29.661,0
8.858,29.733,0
8.858,29.806,0
8.858,29.878,0
8.858,29.95,0
8.858,30.023,0
8.858,30.095,0
8.858,30.168,0
8.858,30.24,0
8.858,30.312,0
8.858,30.385,0
8.858,30.457,0
8.858,30.53,0
8.858,30.602,0
8.8959,27.778,11.296
8.8959,27.851,11.233
8.8959,27.923,11.165
8.8959,27.995,11.076
8.8959,28.068,10.976
8.8959,28.14,10.851
8.8959,28.213,10.71
8.8959,28.285,10.548
8.8959,28.357,10.369
8.8959,28.43,10.204
8.8959,28.502,10.082
8.8959,28.575,10.001
8.8959,28.647,9.9348
8.8959,28.719,9.8627
8.8959,28.792,9.7797
8.8959,28.864,9.6554
8.8959,28.937,9.5118
8.8959,29.009,0
8.8959,29.081,0
8.8959,29.154,0
8.8959,29.226,0
8.8959,29.299,0
8.8959,29.371,0
8.8959,29.444,0
8.8959,29.516,0
8.8959,29.588,0
8.8959,29.661,0
8.8959,29.733,0
8.8959,29.806,0
8.8959,29.878,0
8.8959,29.95,0
8.8959,30.023,0
8.8959,30.095,0
8.8959,30.168,0
8.8959,30.24,0
8.8959,30.312,0
8.8959,30.385,0
8.8959,30.457,0
8.8959,30.53,0
8.8959,30.602,0
8.9338,27.778,11.401
8.9338,27.851,11.343
8.9338,27.923,11.276
8.9338,27.995,11.201
8.9338,28.068,11.107
8.9338,28.14,10.994
8.9338,28.213,10.865
8.9338,28.285,10.711
8.9338,28.357,10.538
8.9338,28.43,10.363
8.9338,28.502,10.212
8.9338,28.575,10.111
8.9338,28.647,10.048
8.9338,28.719,9.9792
8.9338,28.792,9.8998
8.9338,28.864,9.8026
8.9338,28.937,9.6669
8.9338,29.009,0
8.9338,29.081,0
8.9338,29.154,0
8.9338,29.226,0
8.9338,29.299,0
8.9338,29.371,0
8.9338,29.444,0
8.9338,29.516,0
8.9338,29.588,0
8.9338,29.661,0
8.9338,29.733,0
8.9338,29.806,0
8.9338,29.878,0
8.9338,29.95,0
8.9338,30.023,0
8.9338,30.095,0
8.9338,30.168,0
8.9338,30.24,0
8.9338,30.312,0
8.9338,30.385,0
8.9338,30.457,0
8.9338,30.53,0
8.9338,30.602,0
8.9717,27.778,11.504
8.9717,27.851,11.451
8.9717,27.923,11.388
8.9717,27.995,11.315
8.9717,28.068,11.232
8.9717,28.14,11.133
8.9717,28.213,11.012
8.9717,28.285,10.869
8.9717,28.357,10.705
8.9717,28.43,10.53
8.9717,28.502,10.361
8.9717,28.575,10.233
8.9717,28.647,10.16
8.9717,28.719,10.093
8.9717,28.792,10.02
8.9717,28.864,9.9323
8.9717,28.937,9.8219
8.9717,29.009,0
8.9717,29.081,0
8.9717,29.154,0
8.9717,29.226,0
8.9717,29.299,0
8.9717,29.371,0
8.9717,29.444,0
8.9717,29.516,0
8.9717,29.588,0
8.9717,29.661,0
8.9717,29.733,0
8.9717,29.806,0
8.9717,29.878,0
8.9717,29.95,0
8.9717,30.023,0
8.9717,30.095,0
8.9717,30.168,0
8.9717,30.24,0
8.9717,30.312,0
8.9717,30.385,0
8.9717,30.457,0
8.9717,30.53,0
8.9717,30.602,0
9.0095,27.778,11.604
9.0095,27.851,11.555
9.0095,27.923,11.498
9.0095,27.995,11.43
9.0095,28.068,11.356
9.0095,28.14,11.266
9.0095,28.213,11.152
9.0095,28.285,11.023
9.0095,28.357,10.868
9.0095,28.43,10.699
9.0095,28.502,10.522
9.0095,28.575,10.37
9.0095,28.647,10.278
9.0095,28.719,10.203
9.0095,28.792,10.135
9.0095,28.864,10.053
9.0095,28.937,9.9546
9.0095,29.009,0
9.0095,29.081,9.6691
9.0095,29.154,0
9.0095,29.226,0
9.0095,29.299,0
9.0095,29.371,0
9.0095,29.444,0
9.0095,29.516,0
9.0095,29.588,0
9.0095,29.661,0
9.0095,29.733,0
9.0095,29.806,0
9.0095,29.878,0
9.0095,29.95,0
9.0095,30.023,0
9.0095,30.095,0
9.0095,30.168,0
9.0095,30.24,0
9.0095,30.312,0
9.0095,30.385,0
9.0095,30.457,0
9.0095,30.53,0
9.0095,30.602,0
9.0474,27.778,11.702
9.0474,27.851,11.658
9.0474,27.923,11.605
9.0474,27.995,11.543
9.0474,28.068,11.47
9.0474,28.14,11.389
9.0474,28.213,11.291
9.0474,28.285,11.169
9.0474,28.357,11.03
9.0474,28.43,10.869
9.0474,28.502,10.69
9.0474,28.575,10.521
9.0474,28.647,10.396
9.0474,28.719,10.313
9.0474,28.792,10.249
9.0474,28.864,10.173
9.0474,28.937,10.083
9.0474,29.009,9.9757
9.0474,29.081,9.8309
9.0474,29.154,0
9.0474,29.226,0
9.0474,29.299,0
9.0474,29.371,0
9.0474,29.444,0
9.0474,29.516,0
9.0474,29.588,0
9.0474,29.661,0
9.0474,29.733,0
9.0474,29.806,0
9.0474,29.878,0
9.0474,29.95,0
9.0474,30.023,0
9.0474,30.095,0
9.0474,30.168,0
9.0474,30.24,0
9.0474,30.312,0
9.0474,30.385,0
9.0474,30.457,0
9.0474,30.53,0
9.0474,30.602,0
9.0853,27.778,11.797
9.0853,27.851,11.758
9.0853,27.923,11.71
9.0853,27.995,11.652
9.0853,28.068,11.585
9.0853,28.14,11.512
9.0853,28.213,11.417
9.0853,28.285,11.309
9.0853,28.357,11.178
9.0853,28.43,11.032
9.0853,28.502,10.859
9.0853,28.575,10.682
9.0853,28.647,10.531
9.0853,28.719,10.429
9.0853,28.792,10.362
9.0853,28.864,10.288
9.0853,28.937,10.211
9.0853,29.009,10.114
9.0853,29.081,9.9927
9.0853,29.154,0
9.0853,29.226,0
9.0853,29.299,0
9.0853,29.371,0
9.0853,29.444,0
9.0853,29.516,0
9.0853,29.588,0
9.0853,29.661,0
9.0853,29.733,0
9.0853,29.806,0
9.0853,29.878,0
9.0853,29.95,0
9.0853,30.023,0
9.0853,30.095,0
9.0853,30.168,0
9.0853,30.24,0
9.0853,30.312,0
9.0853,30.385,0
9.0853,30.457,0
9.0853,30.53,0
9.0853,30.602,0
9.1232,27.778,11.889
9.1232,27.851,11.856
9.1232,27.923,11.812
9.1232,27.995,11.759
9.1232,28.068,11.698
9.1232,28.14,11.626
9.1232,28.213,11.545
9.1232,28.285,11.447
9.1232,28.357,11.329
9.1232,28.43,11.186
9.1232,28.502,11.028
9.1232,28.575,10.845
9.1232,28.647,10.678
9.1232,28.719,10.547
9.1232,28.792,10.468
9.1232,28.864,10.402
9.1232,28.937,10.326
9.1232,29.009,10.244
9.1232,29.081,10.132
9.1232,29.154,0
9.1232,29.226,0
9.1232,29.299,0
9.1232,29.371,0
9.1232,29.444,0
9.1232,29.516,0
9.1232,29.588,0
9.1232,29.661,0
9.1232,29.733,0
9.1232,29.806,0
9.1232,29.878,0
9.1232,29.95,0
9.1232,30.023,0
9.1232,30.095,0
9.1232,30.168,0
9.1232,30.24,0
9.1232,30.312,0
9.1232,30.385,0
9.1232,30.457,0
9.1232,30.53,0
9.1232,30.602,0
9.161,27.778,11.982
9.161,27.851,11.95
9.161,27.923,11.912
9.161,27.995,11.864
9.161,28.068,11.807
9.161,28.14,11.74
9.161,28.213,11.668
9.161,28.285,11.574
9.161,28.357,11.467
9.161,28.43,11.338
9.161,28.502,11.191
9.161,28.575,11.013
9.161,28.647,10.841
9.161,28.719,10.682
9.161,28.792,10.575
9.161,28.864,10.514
9.161,28.937,10.441
9.161,29.009,10.366
9.161,29.081,10.272
9.161,29.154,10.144
9.161,29.226,9.9893
9.161,29.299,0
9.161,29.371,0
9.161,29.444,0
9.161,29.516,0
9.161,29.588,0
9.161,29.661,0
9.161,29.733,0
9.161,29.806,0
9.161,29.878,0
9.161,29.95,0
9.161,30.023,0
9.161,30.095,0
9.161,30.168,0
9.161,30.24,0
9.161,30.312,0
9.161,30.385,0
9.161,30.457,0
9.161,30.53,0
9.161,30.602,0
9.1989,27.778,12.074
9.1989,27.851,12.042
9.1989,27.923,12.01
9.1989,27.995,11.966
9.1989,28.068,11.914
9.1989,28.14,11.853
9.1989,28.213,11.782
9.1989,28.285,11.701
9.1989,28.357,11.605
9.1989,28.43,11.482
9.1989,28.502,11.345
9.1989,28.575,11.185
9.1989,28.647,11.015
9.1989,28.719,10.833
9.1989,28.792,10.701
9.1989,28.864,10.621
9.1989,28.937,10.554
9.1989,29.009,10.487
9.1989,29.081,10.403
9.1989,29.154,10.292
9.1989,29.226,10.15
9.1989,29.299,0
9.1989,29.371,0
9.1989,29.444,0
9.1989,29.516,0
9.1989,29.588,0
9.1989,29.661,0
9.1989,29.733,0
9.1989,29.806,0
9.1989,29.878,0
9.1989,29.95,0
9.1989,30.023,0
9.1989,30.095,0
9.1989,30.168,0
9.1989,30.24,0
9.1989,30.312,0
9.1989,30.385,0
9.1989,30.457,0
9.1989,30.53,0
9.1989,30.602,0
9.2368,27.778,12.158
9.2368,27.851,12.135
9.2368,27.923,12.103
9.2368,27.995,12.066
9.2368,28.068,12.018
9.2368,28.14,11.962
9.2368,28.213,11.896
9.2368,28.285,11.824
9.2368,28.357,11.731
9.2368,28.43,11.625
9.2368,28.502,11.496
9.2368,28.575,11.347
9.2368,28.647,11.176
9.2368,28.719,11.002
9.2368,28.792,10.838
9.2368,28.864,10.728
9.2368,28.937,10.667
9.2368,29.009,10.598
9.2368,29.081,10.524
9.2368,29.154,10.426
9.2368,29.226,10.307
9.2368,29.299,10.151
9.2368,29.371,0
9.2368,29.444,0
9.2368,29.516,0
9.2368,29.588,0
9.2368,29.661,0
9.2368,29.733,0
9.2368,29.806,0
9.2368,29.878,0
9.2368,29.95,0
9.2368,30.023,0
9.2368,30.095,0
9.2368,30.168,0
9.2368,30.24,0
9.2368,30.312,0
9.2368,30.385,0
9.2368,30.457,0
9.2368,30.53,0
9.2368,30.602,0
9.2747,27.778,12.24
9.2747,27.851,12.227
9.2747,27.923,12.196
9.2747,27.995,12.164
9.2747,28.068,12.12
9.2747,28.14,12.068
9.2747,28.213,12.008
9.2747,28.285,11.937
9.2747,28.357,11.857
9.2747,28.43,11.762
9.2747,28.502,11.64
9.2747,28.575,11.505
9.2747,28.647,11.34
9.2747,28.719,11.171
9.2747,28.792,11.001
9.2747,28.864,10.86
9.2747,28.937,10.78
9.2747,29.009,10.71
9.2747,29.081,10.644
9.2747,29.154,10.556
9.2747,29.226,10.449
9.2747,29.299,10.312
9.2747,29.371,10.142
9.2747,29.444,0
9.2747,29.516,0
9.2747,29.588,0
9.2747,29.661,0
9.2747,29.733,0
9.2747,29.806,0
9.2747,29.878,0
9.2747,29.95,0
9.2747,30.023,0
9.2747,30.095,0
9.2747,30.168,0
9.2747,30.24,0
9.2747,30.312,0
9.2747,30.385,0
9.2747,30.457,0
9.2747,30.53,0
9.2747,30.602,0
9.3126,27.778,12.328
9.3126,27.851,12.309
9.3126,27.923,12.289
9.3126,27.995,12.257
9.3126,28.068,12.22
9.3126,28.14,12.173
9.3126,28.213,12.117
9.3126,28.285,12.051
9.3126,28.357,11.98
9.3126,28.43,11.887
9.3126,28.502,11.783
9.3126,28.575,11.656
9.3126,28.647,11.507
9.3126,28.719,11.335
9.3126,28.792,11.163
9.3126,28.864,11.004
9.3126,28.937,10.894
9.3126,29.009,10.818
9.3126,29.081,10.755
9.3126,29.154,10.68
9.3126,29.226,10.59
9.3126,29.299,10.468
9.3126,29.371,10.315
9.3126,29.444,10.112
9.3126,29.516,0
9.3126,29.588,0
9.3126,29.661,0
9.3126,29.733,0
9.3126,29.806,0
9.3126,29.878,0
9.3126,29.95,0
9.3126,30.023,0
9.3126,30.095,0
9.3126,30.168,0
9.3126,30.24,0
9.3126,30.312,0
9.3126,30.385,0
9.3126,30.457,0
9.3126,30.53,0
9.3126,30.602,0
9.3504,27.778,12.415
9.3504,27.851,12.393
9.3504,27.923,12.381
9.3504,27.995,12.35
9.3504,28.068,12.318
9.3504,28.14,12.274
9.3504,28.213,12.223
9.3504,28.285,12.163
9.3504,28.357,12.093
9.3504,28.43,12.014
9.3504,28.502,11.919
9.3504,28.575,11.798
9.3504,28.647,11.665
9.3504,28.719,11.501
9.3504,28.792,11.329
9.3504,28.864,11.161
9.3504,28.937,11.015
9.3504,29.009,10.926
9.3504,29.081,10.865
9.3504,29.154,10.797
9.3504,29.226,10.712
9.3504,29.299,10.61
9.3504,29.371,10.472
9.3504,29.444,10.303
9.3504,29.516,0
9.3504,29.588,0
9.3504,29.661,0
9.3504,29.733,0
9.3504,29.806,0
9.3504,29.878,0
9.3504,29.95,0
9.3504,30.023,0
9.3504,30.095,0
9.3504,30.168,0
9.3504,30.24,0
9.3504,30.312,0
9.3504,30.385,0
9.3504,30.457,0
9.3504,30.53,0
9.3504,30.602,0
9.3883,27.778,12.501
9.3883,27.851,12.481
9.3883,27.923,12.461
9.3883,27.995,12.443
9.3883,28.068,12.41
9.3883,28.14,12.374
9.3883,28.213,12.327
9.3883,28.285,12.272
9.3883,28.357,12.207
9.3883,28.43,12.135
9.3883,28.502,12.044
9.3883,28.575,11.941
9.3883,28.647,11.815
9.3883,28.719,11.667
9.3883,28.792,11.498
9.3883,28.864,11.322
9.3883,28.937,11.161
9.3883,29.009,11.044
9.3883,29.081,10.974
9.3883,29.154,10.913
9.3883,29.226,10.834
9.3883,29.299,10.749
9.3883,29.371,10.624
9.3883,29.444,10.47
9.3883,29.516,10.276
9.3883,29.588,0
9.3883,29.661,0
9.3883,29.733,0
9.3883,29.806,0
9.3883,29.878,0
9.3883,29.95,0
9.3883,30.023,0
9.3883,30.095,0
9.3883,30.168,0
9.3883,30.24,0
9.3883,30.312,0
9.3883,30.385,0
9.3883,30.457,0
9.3883,30.53,0
9.3883,30.602,0
9.4262,27.778,12.586
9.4262,27.851,12.569
9.4262,27.923,12.547
9.4262,27.995,12.532
9.4262,28.068,12.504
9.4262,28.14,12.472
9.4262,28.213,12.429
9.4262,28.285,12.378
9.4262,28.357,12.319
9.4262,28.43,12.248
9.4262,28.502,12.171
9.4262,28.575,12.076
9.4262,28.647,11.957
9.4262,28.719,11.825
9.4262,28.792,11.664
9.4262,28.864,11.49
9.4262,28.937,11.32
9.4262,29.009,11.173
9.4262,29.081,11.08
9.4262,29.154,11.024
9.4262,29.226,10.95
9.4262,29.299,10.871
9.4262,29.371,10.765
9.4262,29.444,10.635
9.4262,29.516,10.463
9.4262,29.588,0
9.4262,29.661,0
9.4262,29.733,0
9.4262,29.806,0
9.4262,29.878,0
9.4262,29.95,0
9.4262,30.023,0
9.4262,30.095,0
9.4262,30.168,0
9.4262,30.24,0
9.4262,30.312,0
9.4262,30.385,0
9.4262,30.457,0
9.4262,30.53,0
9.4262,30.602,0
9.4641,27.778,12.671
9.4641,27.851,12.655
9.4641,27.923,12.635
9.4641,27.995,12.612
9.4641,28.068,12.597
9.4641,28.14,12.564
9.4641,28.213,12.529
9.4641,28.285,12.482
9.4641,28.357,12.428
9.4641,28.43,12.363
9.4641,28.502,12.291
9.4641,28.575,12.201
9.4641,28.647,12.099
9.4641,28.719,11.974
9.4641,28.792,11.828
9.4641,28.864,11.659
9.4641,28.937,11.483
9.4641,29.009,11.315
9.4641,29.081,11.199
9.4641,29.154,11.134
9.4641,29.226,11.064
9.4641,29.299,10.993
9.4641,29.371,10.898
9.4641,29.444,10.785
9.4641,29.516,10.63
9.4641,29.588,10.441
9.4641,29.661,0
9.4641,29.733,0
9.4641,29.806,0
9.4641,29.878,0
9.4641,29.95,0
9.4641,30.023,0
9.4641,30.095,0
9.4641,30.168,0
9.4641,30.24,0
9.4641,30.312,0
9.4641,30.385,0
9.4641,30.457,0
9.4641,30.53,0
9.4641,30.602,0
9.5019,27.778,12.757
9.5019,27.851,12.739
9.5019,27.923,12.722
9.5019,27.995,12.701
9.5019,28.068,12.685
9.5019,28.14,12.658
9.5019,28.213,12.625
9.5019,28.285,12.584
9.5019,28.357,12.534
9.5019,28.43,12.475
9.5019,28.502,12.405
9.5019,28.575,12.328
9.5019,28.647,12.232
9.5019,28.719,12.116
9.5019,28.792,11.985
9.5019,28.864,11.825
9.5019,28.937,11.648
9.5019,29.009,11.476
9.5019,29.081,11.331
9.5019,29.154,11.24
9.5019,29.226,11.176
9.5019,29.299,11.107
9.5019,29.371,11.024
9.5019,29.444,10.93
9.5019,29.516,10.794
9.5019,29.588,10.621
9.5019,29.661,10.416
9.5019,29.733,0
9.5019,29.806,0
9.5019,29.878,0
9.5019,29.95,0
9.5019,30.023,0
9.5019,30.095,0
9.5019,30.168,0
9.5019,30.24,0
9.5019,30.312,0
9.5019,30.385,0
9.5019,30.457,0
9.5019,30.53,0
9.5019,30.602,0
9.5398,27.778,12.839
9.5398,27.851,12.826
9.5398,27.923,12.808
9.5398,27.995,12.789
9.5398,28.068,12.766
9.5398,28.14,12.751
9.5398,28.213,12.718
9.5398,28.285,12.684
9.5398,28.357,12.638
9.5398,28.43,12.584
9.5398,28.502,12.519
9.5398,28.575,12.447
9.5398,28.647,12.359
9.5398,28.719,12.258
9.5398,28.792,12.132
9.5398,28.864,11.99
9.5398,28.937,11.82
9.5398,29.009,11.645
9.5398,29.081,11.479
9.5398,29.154,11.351
9.5398,29.226,11.286
9.5398,29.299,11.219
9.5398,29.371,11.144
9.5398,29.444,11.058
9.5398,29.516,10.945
9.5398,29.588,10.79
9.5398,29.661,10.612
9.5398,29.733,0
9.5398,29.806,0
9.5398,29.878,0
9.5398,29.95,0
9.5398,30.023,0
9.5398,30.095,0
9.5398,30.168,0
9.5398,30.24,0
9.5398,30.312,0
9.5398,30.385,0
9.5398,30.457,0
9.5398,30.53,0
9.5398,30.602,0
9.5777,27.778,12.923
9.5777,27.851,12.911
9.5777,27.923,12.893
9.5777,27.995,12.876
9.5777,28.068,12.855
9.5777,28.14,12.836
9.5777,28.213,12.813
9.5777,28.285,12.78
9.5777,28.357,12.74
9.5777,28.43,12.69
9.5777,28.502,12.631
9.5777,28.575,12.562
9.5777,28.647,12.485
9.5777,28.719,12.39
9.5777,28.792,12.275
9.5777,28.864,12.145
9.5777,28.937,11.986
9.5777,29.009,11.811
9.5777,29.081,11.637
9.5777,29.154,11.49
9.5777,29.226,11.395
9.5777,29.299,11.33
9.5777,29.371,11.259
9.5777,29.444,11.182
9.5777,29.516,11.089
9.5777,29.588,10.953
9.5777,29.661,10.786
9.5777,29.733,10.581
9.5777,29.806,0
9.5777,29.878,0
9.5777,29.95,0
9.5777,30.023,0
9.5777,30.095,0
9.5777,30.168,0
9.5777,30.24,0
9.5777,30.312,0
9.5777,30.385,0
9.5777,30.457,0
9.5777,30.53,0
9.5777,30.602,0
9.6156,27.778,13.005
9.6156,27.851,12.994
9.6156,27.923,12.981
9.6156,27.995,12.963
9.6156,28.068,12.944
9.6156,28.14,12.921
9.6156,28.213,12.905
9.6156,28.285,12.874
9.6156,28.357,12.84
9.6156,28.43,12.794
9.6156,28.502,12.74
9.6156,28.575,12.677
9.6156,28.647,12.608
9.6156,28.719,12.518
9.6156,28.792,12.417
9.6156,28.864,12.292
9.6156,28.937,12.15
9.6156,29.009,11.982
9.6156,29.081,11.802
9.6156,29.154,11.638
9.6156,29.226,11.507
9.6156,29.299,11.441
9.6156,29.371,11.372
9.6156,29.444,11.3
9.6156,29.516,11.218
9.6156,29.588,11.101
9.6156,29.661,10.953
9.6156,29.733,10.776
9.6156,29.806,10.536
9.6156,29.878,0
9.6156,29.95,0
9.6156,30.023,0
9.6156,30.095,0
9.6156,30.168,0
9.6156,30.24,0
9.6156,30.312,0
9.6156,30.385,0
9.6156,30.457,0
9.6156,30.53,0
9.6156,30.602,0
9.6535,27.778,13.084
9.6535,27.851,13.078
9.6535,27.923,13.065
9.6535,27.995,13.049
9.6535,28.068,13.031
9.6535,28.14,13.011
9.6535,28.213,12.986
9.6535,28.285,12.969
9.6535,28.357,12.934
9.6535,28.43,12.896
9.6535,28.502,12.847
9.6535,28.575,12.789
9.6535,28.647,12.72
9.6535,28.719,12.644
9.6535,28.792,12.548
9.6535,28.864,12.436
9.6535,28.937,12.305
9.6535,29.009,12.148
9.6535,29.081,11.974
9.6535,29.154,11.799
9.6535,29.226,11.651
9.6535,29.299,11.549
9.6535,29.371,11.487
9.6535,29.444,11.416
9.6535,29.516,11.342
9.6535,29.588,11.245
9.6535,29.661,11.116
9.6535,29.733,10.955
9.6535,29.806,10.748
9.6535,29.878,0
9.6535,29.95,0
9.6535,30.023,0
9.6535,30.095,0
9.6535,30.168,0
9.6535,30.24,0
9.6535,30.312,0
9.6535,30.385,0
9.6535,30.457,0
9.6535,30.53,0
9.6535,30.602,0
9.6913,27.778,13.162
9.6913,27.851,13.159
9.6913,27.923,13.149
9.6913,27.995,13.137
9.6913,28.068,13.118
9.6913,28.14,13.1
9.6913,28.213,13.077
9.6913,28.285,13.06
9.6913,28.357,13.031
9.6913,28.43,12.997
9.6913,28.502,12.952
9.6913,28.575,12.898
9.6913,28.647,12.835
9.6913,28.719,12.761
9.6913,28.792,12.678
9.6913,28.864,12.578
9.6913,28.937,12.452
9.6913,29.009,12.311
9.6913,29.081,12.148
9.6913,29.154,11.971
9.6913,29.226,11.803
9.6913,29.299,11.663
9.6913,29.371,11.603
9.6913,29.444,11.53
9.6913,29.516,11.46
9.6913,29.588,11.375
9.6913,29.661,11.265
9.6913,29.733,11.119
9.6913,29.806,10.944
9.6913,29.878,10.705
9.6913,29.95,0
9.6913,30.023,0
9.6913,30.095,0
9.6913,30.168,0
9.6913,30.24,0
9.6913,30.312,0
9.6913,30.385,0
9.6913,30.457,0
9.6913,30.53,0
9.6913,30.602,0
9.7292,27.778,13.238
9.7292,27.851,13.237
9.7292,27.923,13.232
9.7292,27.995,13.221
9.7292,28.068,13.205
9.7292,28.14,13.188
9.7292,28.213,13.167
9.7292,28.285,13.142
9.7292,28.357,13.126
9.7292,28.43,13.093
9.7292,28.502,13.054
9.7292,28.575,13.005
9.7292,28.647,12.947
9.7292,28.719,12.879
9.7292,28.792,12.804
9.7292,28.864,12.708
9.7292,28.937,12.598
9.7292,29.009,12.465
9.7292,29.081,12.313
9.7292,29.154,12.136
9.7292,29.226,11.966
9.7292,29.299,11.808
9.7292,29.371,11.707
9.7292,29.444,11.645
9.7292,29.516,11.574
9.7292,29.588,11.499
9.7292,29.661,11.409
9.7292,29.733,11.275
9.7292,29.806,11.121
9.7292,29.878,10.913
9.7292,29.95,0
9.7292,30.023,0
9.7292,30.095,0
9.7292,30.168,0
9.7292,30.24,0
9.7292,30.312,0
9.7292,30.385,0
9.7292,30.457,0
9.7292,30.53,0
9.7292,30.602,0
9.7671,27.778,13.302
9.7671,27.851,13.314
9.7671,27.923,13.312
9.7671,27.995,13.307
9.7671,28.068,13.294
9.7671,28.14,13.275
9.7671,28.213,13.257
9.7671,28.285,13.234
9.7671,28.357,13.21
9.7671,28.43,13.189
9.7671,28.502,13.153
9.7671,28.575,13.11
9.7671,28.647,13.057
9.7671,28.719,12.995
9.7671,28.792,12.923
9.7671,28.864,12.839
9.7671,28.937,12.74
9.7671,29.009,12.618
9.7671,29.081,12.476
9.7671,29.154,12.309
9.7671,29.226,12.131
9.7671,29.299,11.961
9.7671,29.371,11.823
9.7671,29.444,11.757
9.7671,29.516,11.686
9.7671,29.588,11.616
9.7671,29.661,11.532
9.7671,29.733,11.423
9.7671,29.806,11.28
9.7671,29.878,11.111
9.7671,29.95,10.883
9.7671,30.023,0
9.7671,30.095,0
9.7671,30.168,0
9.7671,30.24,0
9.7671,30.312,0
9.7671,30.385,0
9.7671,30.457,0
9.7671,30.53,0
9.7671,30.602,0
9.805,27.778,13.366
9.805,27.851,13.38
9.805,27.923,13.39
9.805,27.995,13.387
9.805,28.068,13.38
9.805,28.14,13.365
9.805,28.213,13.345
9.805,28.285,13.325
9.805,28.357,13.301
9.805,28.43,13.285
9.805,28.502,13.25
9.805,28.575,13.214
9.805,28.647,13.165
9.805,28.719,13.108
9.805,28.792,13.04
9.805,28.864,12.965
9.805,28.937,12.872
9.805,29.009,12.762
9.805,29.081,12.63
9.805,29.154,12.476
9.805,29.226,12.306
9.805,29.299,12.125
9.805,29.371,11.971
9.805,29.444,11.863
9.805,29.516,11.801
9.805,29.588,11.73
9.805,29.661,11.655
9.805,29.733,11.562
9.805,29.806,11.435
9.805,29.878,11.282
9.805,29.95,11.088
9.805,30.023,10.831
9.805,30.095,0
9.805,30.168,0
9.805,30.24,0
9.805,30.312,0
9.805,30.385,0
9.805,30.457,0
9.805,30.53,0
9.805,30.602,0
9.8428,27.778,13.426
9.8428,27.851,13.441
9.8428,27.923,13.453
9.8428,27.995,13.465
9.8428,28.068,13.462
9.8428,28.14,13.454
9.8428,28.213,13.436
9.8428,28.285,13.415
9.8428,28.357,13.393
9.8428,28.43,13.373
9.8428,28.502,13.349
9.8428,28.575,13.314
9.8428,28.647,13.271
9.8428,28.719,13.218
9.8428,28.792,13.156
9.8428,28.864,13.084
9.8428,28.937,13.002
9.8428,29.009,12.904
9.8428,29.081,12.784
9.8428,29.154,12.639
9.8428,29.226,12.478
9.8428,29.299,12.3
9.8428,29.371,12.126
9.8428,29.444,11.992
9.8428,29.516,11.914
9.8428,29.588,11.844
9.8428,29.661,11.776
9.8428,29.733,11.691
9.8428,29.806,11.586
9.8428,29.878,11.444
9.8428,29.95,11.274
9.8428,30.023,11.047
9.8428,30.095,10.778
9.8428,30.168,0
9.8428,30.24,0
9.8428,30.312,0
9.8428,30.385,0
9.8428,30.457,0
9.8428,30.53,0
9.8428,30.602,0
9.8807,27.778,13.461
9.8807,27.851,13.5
9.8807,27.923,13.516
9.8807,27.995,13.531
9.8807,28.068,13.541
9.8807,28.14,13.537
9.8807,28.213,13.523
9.8807,28.285,13.509
9.8807,28.357,13.485
9.8807,28.43,13.461
9.8807,28.502,13.438
9.8807,28.575,13.412
9.8807,28.647,13.375
9.8807,28.719,13.327
9.8807,28.792,13.27
9.8807,28.864,13.203
9.8807,28.937,13.128
9.8807,29.009,13.035
9.8807,29.081,12.928
9.8807,29.154,12.797
9.8807,29.226,12.649
9.8807,29.299,12.472
9.8807,29.371,12.297
9.8807,29.444,12.137
9.8807,29.516,12.02
9.8807,29.588,11.958
9.8807,29.661,11.89
9.8807,29.733,11.816
9.8807,29.806,11.722
9.8807,29.878,11.601
9.8807,29.95,11.447
9.8807,30.023,11.256
9.8807,30.095,11.014
9.8807,30.168,0
9.8807,30.24,0
9.8807,30.312,0
9.8807,30.385,0
9.8807,30.457,0
9.8807,30.53,0
9.8807,30.602,0
9.9186,27.778,0
9.9186,27.851,13.505
9.9186,27.923,13.558
9.9186,27.995,13.589
9.9186,28.068,13.604
9.9186,28.14,13.616
9.9186,28.213,13.611
9.9186,28.285,13.597
9.9186,28.357,13.576
9.9186,28.43,13.555
9.9186,28.502,13.529
9.9186,28.575,13.505
9.9186,28.647,13.474
9.9186,28.719,13.435
9.9186,28.792,13.383
9.9186,28.864,13.321
9.9186,28.937,13.248
9.9186,29.009,13.168
9.9186,29.081,13.071
9.9186,29.154,12.947
9.9186,29.226,12.812
9.9186,29.299,12.65
9.9186,29.371,12.47
9.9186,29.444,12.298
9.9186,29.516,12.158
9.9186,29.588,12.07
9.9186,29.661,12
9.9186,29.733,11.937
9.9186,29.806,11.852
9.9186,29.878,11.752
9.9186,29.95,11.616
9.9186,30.023,11.453
9.9186,30.095,11.23
9.9186,30.168,10.953
9.9186,30.24,0
9.9186,30.312,0
9.9186,30.385,0
9.9186,30.457,0
9.9186,30.53,0
9.9186,30.602,0
9.9565,27.778,0
9.9565,27.851,0
9.9565,27.923,13.5
9.9565,27.995,13.599
9.9565,28.068,13.661
9.9565,28.14,13.68
9.9565,28.213,13.692
9.9565,28.285,13.686
9.9565,28.357,13.67
9.9565,28.43,13.648
9.9565,28.502,13.625
9.9565,28.575,13.596
9.9565,28.647,13.577
9.9565,28.719,13.541
9.9565,28.792,13.493
9.9565,28.864,13.437
9.9565,28.937,13.37
9.9565,29.009,13.295
9.9565,29.081,13.203
9.9565,29.154,13.098
9.9565,29.226,12.969
9.9565,29.299,12.817
9.9565,29.371,12.645
9.9565,29.444,12.466
9.9565,29.516,12.304
9.9565,29.588,12.187
9.9565,29.661,12.119
9.9565,29.733,12.051
9.9565,29.806,11.977
9.9565,29.878,11.89
9.9565,29.95,11.77
9.9565,30.023,11.621
9.9565,30.095,11.438
9.9565,30.168,11.198
9.9565,30.24,10.892
9.9565,30.312,0
9.9565,30.385,0
9.9565,30.457,0
9.9565,30.53,0
9.9565,30.602,0
9.9944,27.778,0
9.9944,27.851,0
9.9944,27.923,0
9.9944,27.995,0
9.9944,28.068,13.641
9.9944,28.14,13.726
9.9944,28.213,13.756
9.9944,28.285,13.768
9.9944,28.357,13.762
9.9944,28.43,13.743
9.9944,28.502,13.72
9.9944,28.575,13.695
9.9944,28.647,13.671
9.9944,28.719,13.642
9.9944,28.792,13.603
9.9944,28.864,13.551
9.9944,28.937,13.49
9.9944,29.009,13.417
9.9944,29.081,13.338
9.9944,29.154,13.236
9.9944,29.226,13.12
9.9944,29.299,12.986
9.9944,29.371,12.821
9.9944,29.444,12.644
9.9944,29.516,12.471
9.9944,29.588,12.322
9.9944,29.661,12.231
9.9944,29.733,12.167
9.9944,29.806,12.096
9.9944,29.878,12.02
9.9944,29.95,11.918
9.9944,30.023,11.784
9.9944,30.095,11.623
9.9944,30.168,11.408
9.9944,30.24,11.14
9.9944,30.312,0
9.9944,30.385,0
9.9944,30.457,0
9.9944,30.53,0
9.9944,30.602,0
10.032,27.778,0
10.032,27.851,0
10.032,27.923,0
10.032,27.995,0
10.032,28.068,0
10.032,28.14,13.676
10.032,28.213,13.781
10.032,28.285,13.828
10.032,28.357,13.844
10.032,28.43,13.837
10.032,28.502,13.818
10.032,28.575,13.793
10.032,28.647,13.765
10.032,28.719,13.741
10.032,28.792,13.706
10.032,28.864,13.664
10.032,28.937,13.608
10.032,29.009,13.542
10.032,29.081,13.463
10.032,29.154,13.377
10.032,29.226,13.273
10.032,29.299,13.141
10.032,29.371,12.994
10.032,29.444,12.819
10.032,29.516,12.644
10.032,29.588,12.475
10.032,29.661,12.345
10.032,29.733,12.279
10.032,29.806,12.209
10.032,29.878,12.141
10.032,29.95,12.058
10.032,30.023,11.941
10.032,30.095,11.797
10.032,30.168,11.618
10.032,30.24,11.379
10.032,30.312,0
10.032,30.385,0
10.032,30.457,0
10.032,30.53,0
10.032,30.602,0
10.07,27.778,0
10.07,27.851,0
10.07,27.923,0
10.07,27.995,0
10.07,28.068,0
10.07,28.14,0
10.07,28.213,0
10.07,28.285,13.799
10.07,28.357,13.897
10.07,28.43,13.919
10.07,28.502,13.914
10.07,28.575,13.894
10.07,28.647,13.866
10.07,28.719,13.836
10.07,28.792,13.808
10.07,28.864,13.771
10.07,28.937,13.725
10.07,29.009,13.664
10.07,29.081,13.593
10.07,29.154,13.514
10.07,29.226,13.413
10.07,29.299,13.3
10.07,29.371,13.16
10.07,29.444,13.004
10.07,29.516,12.824
10.07,29.588,12.642
10.07,29.661,12.495
10.07,29.733,12.385
10.07,29.806,12.326
10.07,29.878,12.259
10.07,29.95,12.186
10.07,30.023,12.088
10.07,30.095,11.962
10.07,30.168,11.796
10.07,30.24,11.597
10.07,30.312,0
10.07,30.385,0
10.07,30.457,0
10.07,30.53,0
10.07,30.602,0
10.108,27.778,0
10.108,27.851,0
10.108,27.923,0
10.108,27.995,0
10.108,28.068,0
10.108,28.14,0
10.108,28.213,0
10.108,28.285,0
10.108,28.357,13.832
10.108,28.43,13.961
10.108,28.502,13.994
10.108,28.575,13.992
10.108,28.647,13.971
10.108,28.719,13.94
10.108,28.792,13.907
10.108,28.864,13.879
10.108,28.937,13.841
10.108,29.009,13.786
10.108,29.081,13.721
10.108,29.154,13.643
10.108,29.226,13.558
10.108,29.299,13.456
10.108,29.371,13.323
10.108,29.444,13.178
10.108,29.516,13.005
10.108,29.588,12.823
10.108,29.661,12.649
10.108,29.733,12.511
10.108,29.806,12.443
10.108,29.878,12.377
10.108,29.95,12.306
10.108,30.023,12.222
10.108,30.095,12.116
10.108,30.168,11.972
10.108,30.24,11.795
10.108,30.312,11.572
10.108,30.385,11.288
10.108,30.457,10.927
10.108,30.53,0
10.108,30.602,0
10.146,27.778,0
10.146,27.851,0
10.146,27.923,0
10.146,27.995,0
10.146,28.068,0
10.146,28.14,0
10.146,28.213,0
10.146,28.285,0
10.146,28.357,0
10.146,28.43,0
10.146,28.502,14.001
10.146,28.575,14.056
10.146,28.647,14.067
10.146,28.719,14.047
10.146,28.792,14.016
10.146,28.864,13.98
10.146,28.937,13.954
10.146,29.009,13.906
10.146,29.081,13.848
10.146,29.154,13.776
10.146,29.226,13.694
10.146,29.299,13.6
10.146,29.371,13.488
10.146,29.444,13.351
10.146,29.516,13.188
10.146,29.588,13.009
10.146,29.661,12.828
10.146,29.733,12.671
10.146,29.806,12.552
10.146,29.878,12.496
10.146,29.95,12.427
10.146,30.023,12.354
10.146,30.095,12.259
10.146,30.168,12.138
10.146,30.24,11.983
10.146,30.312,11.789
10.146,30.385,11.542
10.146,30.457,11.226
10.146,30.53,0
10.146,30.602,0
10.184,27.778,0
10.184,27.851,0
10.184,27.923,0
10.184,27.995,0
10.184,28.068,0
10.184,28.14,0
10.184,28.213,0
10.184,28.285,0
10.184,28.357,0
10.184,28.43,0
10.184,28.502,0
10.184,28.575,0
10.184,28.647,14.084
10.184,28.719,14.143
10.184,28.792,14.127
10.184,28.864,14.092
10.184,28.937,14.059
10.184,29.009,14.024
10.184,29.081,13.975
10.184,29.154,13.91
10.184,29.226,13.832
10.184,29.299,13.747
10.184,29.371,13.64
10.184,29.444,13.518
10.184,29.516,13.367
10.184,29.588,13.2
10.184,29.661,13.018
10.184,29.733,12.84
10.184,29.806,12.695
10.184,29.878,12.602
10.184,29.95,12.547
10.184,30.023,12.479
10.184,30.095,12.393
10.184,30.168,12.287
10.184,30.24,12.156
10.184,30.312,11.992
10.184,30.385,11.772
10.184,30.457,11.5
10.184,30.53,0
10.184,30.602,0
10.222,27.778,0
10.222,27.851,0
10.222,27.923,0
10.222,27.995,0
10.222,28.068,0
10.222,28.14,0
10.222,28.213,0
10.222,28.285,0
10.222,28.357,0
10.222,28.43,0
10.222,28.502,0
10.222,28.575,0
10.222,28.647,0
10.222,28.719,14.156
10.222,28.792,14.209
10.222,28.864,14.207
10.222,28.937,14.171
10.222,29.009,14.13
10.222,29.081,14.097
10.222,29.154,14.042
10.222,29.226,13.972
10.222,29.299,13.889
10.222,29.371,13.795
10.222,29.444,13.682
10.222,29.516,13.546
10.222,29.588,13.39
10.222,29.661,13.211
10.222,29.733,13.024
10.222,29.806,12.856
10.222,29.878,12.731
10.222,29.95,12.662
10.222,30.023,12.595
10.222,30.095,12.524
10.222,30.168,12.437
10.222,30.24,12.318
10.222,30.312,12.171
10.222,30.385,11.99
10.222,30.457,11.745
10.222,30.53,0
10.222,30.602,11.083
10.26,27.778,0
10.26,27.851,0
10.26,27.923,0
10.26,27.995,0
10.26,28.068,0
10.26,28.14,0
10.26,28.213,0
10.26,28.285,0
10.26,28.357,0
10.26,28.43,0
10.26,28.502,0
10.26,28.575,0
10.26,28.647,0
10.26,28.719,0
10.26,28.792,0
10.26,28.864,14.283
10.26,28.937,14.287
10.26,29.009,14.254
10.26,29.081,14.214
10.26,29.154,14.172
10.26,29.226,14.113
10.26,29.299,14.037
10.26,29.371,13.946
10.26,29.444,13.847
10.26,29.516,13.728
10.26,29.588,13.581
10.26,29.661,13.409
10.26,29.733,13.226
10.26,29.806,13.04
10.26,29.878,12.885
10.26,29.95,12.776
10.26,30.023,12.717
10.26,30.095,12.649
10.26,30.168,12.575
10.26,30.24,12.475
10.26,30.312,12.345
10.26,30.385,12.19
10.26,30.457,11.976
10.26,30.53,0
10.26,30.602,11.387
10.297,27.778,0
10.297,27.851,0
10.297,27.923,0
10.297,27.995,0
10.297,28.068,0
10.297,28.14,0
10.297,28.213,0
10.297,28.285,0
10.297,28.357,0
10.297,28.43,0
10.297,28.502,0
10.297,28.575,0
10.297,28.647,0
10.297,28.719,0
10.297,28.792,0
10.297,28.864,0
10.297,28.937,14.308
10.297,29.009,14.373
10.297,29.081,14.336
10.297,29.154,14.288
10.297,29.226,14.245
10.297,29.299,14.185
10.297,29.371,14.103
10.297,29.444,14.005
10.297,29.516,13.897
10.297,29.588,13.767
10.297,29.661,13.607
10.297,29.733,13.427
10.297,29.806,13.241
10.297,29.878,13.06
10.297,29.95,12.922
10.297,30.023,12.835
10.297,30.095,12.776
10.297,30.168,12.704
10.297,30.24,12.628
10.297,30.312,12.507
10.297,30.385,12.373
10.297,30.457,12.198
10.297,30.53,11.967
10.297,30.602,11.684
10.335,27.778,0
10.335,27.851,0
10.335,27.923,0
10.335,27.995,0
10.335,28.068,0
10.335,28.14,0
10.335,28.213,0
10.335,28.285,0
10.335,28.357,0
10.335,28.43,0
10.335,28.502,0
10.335,28.575,0
10.335,28.647,0
10.335,28.719,0
10.335,28.792,0
10.335,28.864,0
10.335,28.937,0
10.335,29.009,0
10.335,29.081,14.4
10.335,29.154,14.429
10.335,29.226,14.372
10.335,29.299,14.33
10.335,29.371,14.262
10.335,29.444,14.172
10.335,29.516,14.067
10.335,29.588,13.949
10.335,29.661,13.807
10.335,29.733,13.638
10.335,29.806,13.452
10.335,29.878,13.257
10.335,29.95,13.085
10.335,30.023,12.969
10.335,30.095,12.899
10.335,30.168,12.826
10.335,30.24,12.76
10.335,30.312,12.662
10.335,30.385,12.543
10.335,30.457,12.396
10.335,30.53,12.2
10.335,30.602,11.95
10.373,27.778,0
10.373,27.851,0
10.373,27.923,0
10.373,27.995,0
10.373,28.068,0
10.373,28.14,0
10.373,28.213,0
10.373,28.285,0
10.373,28.357,0
10.373,28.43,0
10.373,28.502,0
10.373,28.575,0
10.373,28.647,0
10.373,28.719,0
10.373,28.792,0
10.373,28.864,0
10.373,28.937,0
10.373,29.009,0
10.373,29.081,0
10.373,29.154,14.477
10.373,29.226,14.513
10.373,29.299,14.462
10.373,29.371,14.407
10.373,29.444,14.342
10.373,29.516,14.244
10.373,29.588,14.134
10.373,29.661,14.009
10.373,29.733,13.851
10.373,29.806,13.669
10.373,29.878,13.474
10.373,29.95,13.283
10.373,30.023,13.122
10.373,30.095,13.018
10.373,30.168,12.966
10.373,30.24,12.885
10.373,30.312,12.814
10.373,30.385,12.705
10.373,30.457,12.576
10.373,30.53,12.413
10.373,30.602,12.194
10.411,27.778,0
10.411,27.851,0
10.411,27.923,0
10.411,27.995,0
10.411,28.068,0
10.411,28.14,0
10.411,28.213,0
10.411,28.285,0
10.411,28.357,0
10.411,28.43,0
10.411,28.502,0
10.411,28.575,0
10.411,28.647,0
10.411,28.719,0
10.411,28.792,0
10.411,28.864,0
10.411,28.937,0
10.411,29.009,0
10.411,29.081,0
10.411,29.154,0
10.411,29.226,0
10.411,29.299,14.58
10.411,29.371,14.555
10.411,29.444,14.497
10.411,29.516,14.427
10.411,29.588,14.322
10.411,29.661,14.203
10.411,29.733,14.07
10.411,29.806,13.897
10.411,29.878,13.71
10.411,29.95,13.503
10.411,30.023,13.316
10.411,30.095,13.17
10.411,30.168,13.076
10.411,30.24,13.019
10.411,30.312,12.945
10.411,30.385,12.861
10.411,30.457,12.748
10.411,30.53,12.611
10.411,30.602,12.432
10.449,27.778,0
10.449,27.851,0
10.449,27.923,0
10.449,27.995,0
10.449,28.068,0
10.449,28.14,0
10.449,28.213,0
10.449,28.285,0
10.449,28.357,0
10.449,28.43,0
10.449,28.502,0
10.449,28.575,0
10.449,28.647,0
10.449,28.719,0
10.449,28.792,0
10.449,28.864,0
10.449,28.937,0
10.449,29.009,0
10.449,29.081,0
10.449,29.154,0
10.449,29.226,0
10.449,29.299,0
10.449,29.371,0
10.449,29.444,14.658
10.449,29.516,14.591
10.449,29.588,14.512
10.449,29.661,14.406
10.449,29.733,14.277
10.449,29.806,14.131
10.449,29.878,13.949
10.449,29.95,13.749
10.449,30.023,13.533
10.449,30.095,13.357
10.449,30.168,13.225
10.449,30.24,13.139
10.449,30.312,13.08
10.449,30.385,13.007
10.449,30.457,12.912
10.449,30.53,12.796
10.449,30.602,12.642
10.487,27.778,0
10.487,27.851,0
10.487,27.923,0
10.487,27.995,0
10.487,28.068,0
10.487,28.14,0
10.487,28.213,0
10.487,28.285,0
10.487,28.357,0
10.487,28.43,0
10.487,28.502,0
10.487,28.575,0
10.487,28.647,0
10.487,28.719,0
10.487,28.792,0
10.487,28.864,0
10.487,28.937,0
10.487,29.009,0
10.487,29.081,0
10.487,29.154,0
10.487,29.226,0
10.487,29.299,0
10.487,29.371,0
10.487,29.444,0
10.487,29.516,14.744
10.487,29.588,14.69
10.487,29.661,14.612
10.487,29.733,14.497
10.487,29.806,14.353
10.487,29.878,14.203
10.487,29.95,14.004
10.487,30.023,13.788
10.487,30.095,13.582
10.487,30.168,13.395
10.487,30.24,13.274
10.487,30.312,13.21
10.487,30.385,13.146
10.487,30.457,13.066
10.487,30.53,12.966
10.487,30.602,12.834
10.525,27.778,0
10.525,27.851,0
10.525,27.923,0
10.525,27.995,0
10.525,28.068,0
10.525,28.14,0
10.525,28.213,0
10.525,28.285,0
10.525,28.357,0
10.525,28.43,0
10.525,28.502,0
10.525,28.575,0
10.525,28.647,0
10.525,28.719,0
10.525,28.792,0
10.525,28.864,0
10.525,28.937,0
10.525,29.009,0
10.525,29.081,0
10.525,29.154,0
10.525,29.226,0
10.525,29.299,0
10.525,29.371,0
10.525,29.444,0
10.525,29.516,0
10.525,29.588,0
10.525,29.661,14.811
10.525,29.733,14.715
10.525,29.806,14.599
10.525,29.878,14.448
10.525,29.95,14.275
10.525,30.023,14.07
10.525,30.095,13.853
10.525,30.168,13.628
10.525,30.24,13.46
10.525,30.312,13.339
10.525,30.385,13.277
10.525,30.457,13.21
10.525,30.53,13.129
10.525,30.602,13.02
10.563,27.778,0
10.563,27.851,0
10.563,27.923,0
10.563,27.995,0
10.563,28.068,0
10.563,28.14,0
10.563,28.213,0
10.563,28.285,0
10.563,28.357,0
10.563,28.43,0
10.563,28.502,0
10.563,28.575,0
10.563,28.647,0
10.563,28.719,0
10.563,28.792,0
10.563,28.864,0
10.563,28.937,0
10.563,29.009,0
10.563,29.081,0
10.563,29.154,0
10.563,29.226,0
10.563,29.299,0
10.563,29.371,0
10.563,29.444,0
10.563,29.516,0
10.563,29.588,0
10.563,29.661,0
10.563,29.733,14.887
10.563,29.806,14.806
10.563,29.878,14.711
10.563,29.95,14.543
10.563,30.023,14.359
10.563,30.095,14.147
10.563,30.168,13.906
10.563,30.24,13.691
10.563,30.312,13.527
10.563,30.385,13.41
10.563,30.457,13.35
10.563,30.53,13.283
10.563,30.602,13.184
10.6,27.778,0
10.6,27.851,0
10.6,27.923,0
10.6,27.995,0
10.6,28.068,0
10.6,28.14,0
10.6,28.213,0
10.6,28.285,0
10.6,28.357,0
10.6,28.43,0
10.6,28.502,0
10.6,28.575,0
10.6,28.647,0
10.6,28.719,0
10.6,28.792,0
10.6,28.864,0
10.6,28.937,0
10.6,29.009,0
10.6,29.081,0
10.6,29.154,0
10.6,29.226,0
10.6,29.299,0
10.6,29.371,0
10.6,29.444,0
10.6,29.516,0
10.6,29.588,0
10.6,29.661,0
10.6,29.733,0
10.6,29.806,0
10.6,29.878,14.958
10.6,29.95,14.834
10.6,30.023,14.66
10.6,30.095,14.457
10.6,30.168,14.229
10.6,30.24,13.976
10.6,30.312,13.76
10.6,30.385,13.593
10.6,30.457,13.494
10.6,30.53,13.425
10.6,30.602,13.352
10.638,27.778,0
10.638,27.851,0
10.638,27.923,0
10.638,27.995,0
10.638,28.068,0
10.638,28.14,0
10.638,28.213,0
10.638,28.285,0
10.638,28.357,0
10.638,28.43,0
10.638,28.502,0
10.638,28.575,0
10.638,28.647,0
10.638,28.719,0
10.638,28.792,0
10.638,28.864,0
10.638,28.937,0
10.638,29.009,0
10.638,29.081,0
10.638,29.154,0
10.638,29.226,0
10.638,29.299,0
10.638,29.371,0
10.638,29.444,0
10.638,29.516,0
10.638,29.588,0
10.638,29.661,0
10.638,29.733,0
10.638,29.806,0
10.638,29.878,0
10.638,29.95,0
10.638,30.023,14.947
10.638,30.095,14.795
10.638,30.168,14.577
10.638,30.24,14.329
10.638,30.312,14.061
10.638,30.385,13.835
10.638,30.457,13.669
10.638,30.53,13.563
10.638,30.602,13.502
10.676,27.778,0
10.676,27.851,0
10.676,27.923,0
10.676,27.995,0
10.676,28.068,0
10.676,28.14,0
10.676,28.213,0
10.676,28.285,0
10.676,28.357,0
10.676,28.43,0
10.676,28.502,0
10.676,28.575,0
10.676,28.647,0
10.676,28.719,0
10.676,28.792,0
10.676,28.864,0
10.676,28.937,0
10.676,29.009,0
10.676,29.081,0
10.676,29.154,0
10.676,29.226,0
10.676,29.299,0
10.676,29.371,0
10.676,29.444,0
10.676,29.516,0
10.676,29.588,0
10.676,29.661,0
10.676,29.733,0
10.676,29.806,0
10.676,29.878,0
10.676,29.95,0
10.676,30.023,0
10.676,30.095,15.091
10.676,30.168,14.954
10.676,30.24,14.715
10.676,30.312,14.444
10.676,30.385,14.17
10.676,30.457,13.924
10.676,30.53,13.756
10.676,30.602,13.644
10.714,27.778,0
10.714,27.851,0
10.714,27.923,0
10.714,27.995,0
10.714,28.068,0
10.714,28.14,0
10.714,28.213,0
10.714,28.285,0
10.714,28.357,0
10.714,28.43,0
10.714,28.502,0
10.714,28.575,0
10.714,28.647,0
10.714,28.719,0
10.714,28.792,0
10.714,28.864,0
10.714,28.937,0
10.714,29.009,0
10.714,29.081,0
10.714,29.154,0
10.714,29.226,0
10.714,29.299,0
10.714,29.371,0
10.714,29.444,0
10.714,29.516,0
10.714,29.588,0
10.714,29.661,0
10.714,29.733,0
10.714,29.806,0
10.714,29.878,0
10.714,29.95,0
10.714,30.023,0
10.714,30.095,0
10.714,30.168,0
10.714,30.24,15.09
10.714,30.312,14.865
10.714,30.385,14.584
10.714,30.457,14.282
10.714,30.53,14.018
10.714,30.602,13.833
10.752,27.778,0
10.752,27.851,0
10.752,27.923,0
10.752,27.995,0
10.752,28.068,0
10.752,28.14,0
10.752,28.213,0
10.752,28.285,0
10.752,28.357,0
10.752,28.43,0
10.752,28.502,0
10.752,28.575,0
10.752,28.647,0
10.752,28.719,0
10.752,28.792,0
10.752,28.864,0
10.752,28.937,0
10.752,29.009,0
10.752,29.081,0
10.752,29.154,0
10.752,29.226,0
10.752,29.299,0
10.752,29.371,0
10.752,29.444,0
10.752,29.516,0
10.752,29.588,0
10.752,29.661,0
10.752,29.733,0
10.752,29.806,0
10.752,29.878,0
10.752,29.95,0
10.752,30.023,0
10.752,30.095,0
10.752,30.168,0
10.752,30.24,0
10.752,30.312,15.262
10.752,30.385,15.067
10.752,30.457,14.762
10.752,30.53,14.424
10.752,30.602,14.132
10.79,27.778,0
10.79,27.851,0
10.79,27.923,0
10.79,27.995,0
10.79,28.068,0
10.79,28.14,0
10.79,28.213,0
10.79,28.285,0
10.79,28.357,0
10.79,28.43,0
10.79,28.502,0
10.79,28.575,0
10.79,28.647,0
10.79,28.719,0
10.79,28.792,0
10.79,28.864,0
10.79,28.937,0
10.79,29.009,0
10.79,29.081,0
10.79,29.154,0
10.79,29.226,0
10.79,29.299,0
10.79,29.371,0
10.79,29.444,0
10.79,29.516,0
10.79,29.588,0
10.79,29.661,0
10.79,29.733,0
10.79,29.806,0
10.79,29.878,0
10.79,29.95,0
10.79,30.023,0
10.79,30.095,0
10.79,30.168,0
10.79,30.24,0
10.79,30.312,0
10.79,30.385,0
10.79,30.457,15.243
10.79,30.53,14.962
10.79,30.602,14.576
10.828,27.778,0
10.828,27.851,0
10.828,27.923,0
10.828,27.995,0
10.828,28.068,0
10.828,28.14,0
10.828,28.213,0
10.828,28.285,0
10.828,28.357,0
10.828,28.43,0
10.828,28.502,0
10.828,28.575,0
10.828,28.647,0
10.828,28.719,0
10.828,28.792,0
10.828,28.864,0
10.828,28.937,0
10.828,29.009,0
10.828,29.081,0
10.828,29.154,0
10.828,29.226,0
10.828,29.299,0
10.828,29.371,0
10.828,29.444,0
10.828,29.516,0
10.828,29.588,0
10.828,29.661,0
10.828,29.733,0
10.828,29.806,0
10.828,29.878,0
10.828,29.95,0
10.828,30.023,0
10.828,30.095,0
10.828,30.168,0
10.828,30.24,0
10.828,30.312,0
10.828,30.385,0
10.828,30.457,0
10.828,30.53,0
10.828,30.602,15.198
10.866,27.778,0
10.866,27.851,0
10.866,27.923,0
10.866,27.995,0
10.866,28.068,0
10.866,28.14,0
10.866,28.213,0
10.866,28.285,0
10.866,28.357,0
10.866,28.43,0
10.866,28.502,0
10.866,28.575,0
10.866,28.647,0
10.866,28.719,0
10.866,28.792,0
10.866,28.864,0
10.866,28.937,0
10.866,29.009,0
10.866,29.081,0
10.866,29.154,0
10.866,29.226,0
10.866,29.299,0
10.866,29.371,0
10.866,29.444,0
10.866,29.516,0
10.866,29.588,0
10.866,29.661,0
10.866,29.733,0
10.866,29.806,0
10.866,29.878,0
10.866,29.95,0
10.866,30.023,0
10.866,30.095,0
10.866,30.168,0
10.866,30.24,0
10.866,30.312,0
10.866,30.385,0
10.866,30.457,0
10.866,30.53,0
10.866,30.602,0
10.903,27.778,0
10.903,27.851,0
10.903,27.923,0
10.903,27.995,0
10.903,28.068,0
10.903,28.14,0
10.903,28.213,0
10.903,28.285,0
10.903,28.357,0
10.903,28.43,0
10.903,28.502,0
10.903,28.575,0
10.903,28.647,0
10.903,28.719,0
10.903,28.792,0
10.903,28.864,0
10.903,28.937,0
10.903,29.009,0
10.903,29.081,0
10.903,29.154,0
10.903,29.226,0
10.903,29.299,0
10.903,29.371,0
10.903,29.444,0
10.903,29.516,0
10.903,29.588,0
10.903,29.661,0
10.903,29.733,0
10.903,29.806,0
10.903,29.878,0
10.903,29.95,0
10.903,30.023,0
10.903,30.095,0
10.903,30.168,0
10.903,30.24,0
10.903,30.312,0
10.903,30.385,0
10.903,30.457,0
10.903,30.53,0
10.903,30.602,0
10.941,27.778,0
10.941,27.851,0
10.941,27.923,0
10.941,27.995,0
10.941,28.068,0
10.941,28.14,0
10.941,28.213,0
10.941,28.285,0
10.941,28.357,0
10.941,28.43,0
10.941,28.502,0
10.941,28.575,0
10.941,28.647,0
10.941,28.719,0
10.941,28.792,0
10.941,28.864,0
10.941,28.937,0
10.941,29.009,0
10.941,29.081,0
10.941,29.154,0
10.941,29.226,0
10.941,29.299,0
10.941,29.371,0
10.941,29.444,0
10.941,29.516,0
10.941,29.588,0
10.941,29.661,0
10.941,29.733,0
10.941,29.806,0
10.941,29.878,0
10.941,29.95,0
10.941,30.023,0
10.941,30.095,0
10.941,30.168,0
10.941,30.24,0
10.941,30.312,0
10.941,30.385,0
10.941,30.457,0
10.941,30.53,0
10.941,30.602,0
10.979,27.778,0
10.979,27.851,0
10.979,27.923,0
10.979,27.995,0
10.979,28.068,0
10.979,28.14,0
10.979,28.213,0
10.979,28.285,0
10.979,28.357,0
10.979,28.43,0
10.979,28.502,0
10.979,28.575,0
10.979,28.647,0
10.979,28.719,0
10.979,28.792,0
10.979,28.864,0
10.979,28.937,0
10.979,29.009,0
10.979,29.081,0
10.979,29.154,0
10.979,29.226,0
10.979,29.299,0
10.979,29.371,0
10.979,29.444,0
10.979,29.516,0
10.979,29.588,0
10.979,29.661,0
10.979,29.733,0
10.979,29.806,0
10.979,29.878,0
10.979,29.95,0
10.979,30.023,0
10.979,30.095,0
10.979,30.168,0
10.979,30.24,0
10.979,30.312,0
10.979,30.385,0
10.979,30.457,0
10.979,30.53,0
10.979,30.602,0
11.017,27.778,0
11.017,27.851,0
11.017,27.923,0
11.017,27.995,0
11.017,28.068,0
11.017,28.14,0
11.017,28.213,0
11.017,28.285,0
11.017,28.357,0
11.017,28.43,0
11.017,28.502,0
11.017,28.575,0
11.017,28.647,0
11.017,28.719,0
11.017,28.792,0
11.017,28.864,0
11.017,28.937,0
11.017,29.009,0
11.017,29.081,0
11.017,29.154,0
11.017,29.226,0
11.017,29.299,0
11.017,29.371,0
11.017,29.444,0
11.017,29.516,0
11.017,29.588,0
11.017,29.661,0
11.017,29.733,0
11.017,29.806,0
11.017,29.878,0
11.017,29.95,0
11.017,30.023,0
11.017,30.095,0
11.017,30.168,0
11.017,30.24,0
11.017,30.312,0
11.017,30.385,0
11.017,30.457,0
11.017,30.53,0
11.017,30.602,0
11.055,27.778,0
11.055,27.851,0
11.055,27.923,0
11.055,27.995,0
11.055,28.068,0
11.055,28.14,0
11.055,28.213,0
11.055,28.285,0
11.055,28.357,0
11.055,28.43,0
11.055,28.502,0
11.055,28.575,0
11.055,28.647,0
11.055,28.719,0
11.055,28.792,0
11.055,28.864,0
11.055,28.937,0
11.055,29.009,0
11.055,29.081,0
11.055,29.154,0
11.055,29.226,0
11.055,29.299,0
11.055,29.371,0
11.055,29.444,0
11.055,29.516,0
11.055,29.588,0
11.055,29.661,0
11.055,29.733,0
11.055,29.806,0
11.055,29.878,0
11.055,29.95,0
11.055,30.023,0
11.055,30.095,0
11.055,30.168,0
11.055,30.24,0
11.055,30.312,0
11.055,30.385,0
11.055,30.457,0
11.055,30.53,0
11.055,30.602,0
11.093,27.778,0
11.093,27.851,0
11.093,27.923,0
11.093,27.995,0
11.093,28.068,0
11.093,28.14,0
11.093,28.213,0
11.093,28.285,0
11.093,28.357,0
11.093,28.43,0
11.093,28.502,0
11.093,28.575,0
11.093,28.647,0
11.093,28.719,0
11.093,28.792,0
11.093,28.864,0
11.093,28.937,0
11.093,29.009,0
11.093,29.081,0
11.093,29.154,0
11.093,29.226,0
11.093,29.299,0
11.093,29.371,0
11.093,29.444,0
11.093,29.516,0
11.093,29.588,0
11.093,29.661,0
11.093,29.733,0
11.093,29.806,0
11.093,29.878,0
11.093,29.95,0
11.093,30.023,0
11.093,30.095,0
11.093,30.168,0
11.093,30.24,0
11.093,30.312,0
11.093,30.385,0
11.093,30.457,0
11.093,30.53,0
11.093,30.602,0
11.131,27.778,0
11.131,27.851,0
11.131,27.923,0
11.131,27.995,0
11.131,28.068,0
11.131,28.14,0
11.131,28.213,0
11.131,28.285,0
11.131,28.357,0
11.131,28.43,0
11.131,28.502,0
11.131,28.575,0
11.131,28.647,0
11.131,28.719,0
11.131,28.792,0
11.131,28.864,0
11.131,28.937,0
11.131,29.009,0
11.131,29.081,0
11.131,29.154,0
11.131,29.226,0
11.131,29.299,0
11.131,29.371,0
11.131,29.444,0
11.131,29.516,0
11.131,29.588,0
11.131,29.661,0
11.131,29.733,0
11.131,29.806,0
11.131,29.878,0
11.131,29.95,0
11.131,30.023,0
11.131,30.095,0
11.131,30.168,0
11.131,30.24,0
11.131,30.312,0
11.131,30.385,0
11.131,30.457,0
11.131,30.53,0
11.131,30.602,0
11.169,27.778,0
11.169,27.851,0
11.169,27.923,0
11.169,27.995,0
11.169,28.068,0
11.169,28.14,0
11.169,28.213,0
11.169,28.285,0
11.169,28.357,0
11.169,28.43,0
11.169,28.502,0
11.169,28.575,0
11.169,28.647,0
11.169,28.719,0
11.169,28.792,0
11.169,28.864,0
11.169,28.937,0
11.169,29.009,0
11.169,29.081,0
11.169,29.154,0
11.169,29.226,0
11.169,29.299,0
11.169,29.371,0
11.169,29.444,0
11.169,29.516,0
11.169,29.588,0
11.169,29.661,0
11.169,29.733,0
11.169,29.806,0
11.169,29.878,0
11.169,29.95,0
11.169,30.023,0
11.169,30.095,0
11.169,30.168,0
11.169,30.24,0
11.169,30.312,0
11.169,30.385,0
11.169,30.457,0
11.169,30.53,0
11.169,30.602,0
11.206,27.778,0
11.206,27.851,0
11.206,27.923,0
11.206,27.995,0
11.206,28.068,0
11.206,28.14,0
11.206,28.213,0
11.206,28.285,0
11.206,28.357,0
11.206,28.43,0
11.206,28.502,0
11.206,28.575,0
11.206,28.647,0
11.206,28.719,0
11.206,28.792,0
11.206,28.864,0
11.206,28.937,0
11.206,29.009,0
11.206,29.081,0
11.206,29.154,0
11.206,29.226,0
11.206,29.299,0
11.206,29.371,0
11.206,29.444,0
11.206,29.516,0
11.206,29.588,0
11.206,29.661,0
11.206,29.733,0
11.206,29.806,0
11.206,29.878,0
11.206,29.95,0
11.206,30.023,0
11.206,30.095,0
11.206,30.168,0
11.206,30.24,0
11.206,30.312,0
11.206,30.385,0
11.206,30.457,0
11.206,30.53,0
11.206,30.602,0
11.244,27.778,0
11.244,27.851,0
11.244,27.923,0
11.244,27.995,0
11.244,28.068,0
11.244,28.14,0
11.244,28.213,0
11.244,28.285,0
11.244,28.357,0
11.244,28.43,0
11.244,28.502,0
11.244,28.575,0
11.244,28.647,0
11.244,28.719,0
11.244,28.792,0
11.244,28.864,0
11.244,28.937,0
11.244,29.009,0
11.244,29.081,0
11.244,29.154,0
11.244,29.226,0
11.244,29.299,0
11.244,29.371,0
11.244,29.444,0
11.244,29.516,0
11.244,29.588,0
11.244,29.661,0
11.244,29.733,0
11.244,29.806,0
11.244,29.878,0
11.244,29.95,0
11.244,30.023,0
11.244,30.095,0
11.244,30.168,0
11.244,30.24,0
11.244,30.312,0
11.244,30.385,0
11.244,30.457,0
11.244,30.53,0
11.244,30.602,0
11.282,27.778,0
11.282,27.851,0
11.282,27.923,0
11.282,27.995,0
11.282,28.068,0
11.282,28.14,0
11.282,28.213,0
11.282,28.285,0
11.282,28.357,0
11.282,28.43,0
11.282,28.502,0
11.282,28.575,0
11.282,28.647,0
11.282,28.719,0
11.282,28.792,0
11.282,28.864,0
11.282,28.937,0
11.282,29.009,0
11.282,29.081,0
11.282,29.154,0
11.282,29.226,0
11.282,29.299,0
11.282,29.371,0
11.282,29.444,0
11.282,29.516,0
11.282,29.588,0
11.282,29.661,0
11.282,29.733,0
11.282,29.806,0
11.282,29.878,0
11.282,29.95,0
11.282,30.023,0
11.282,30.095,0
11.282,30.168,0
11.282,30.24,0
11.282,30.312,0
11.282,30.385,0
11.282,30.457,0
11.282,30.53,0
11.282,30.602,0
11.32,27.778,0
11.32,27.851,0
11.32,27.923,0
11.32,27.995,0
11.32,28.068,0
11.32,28.14,0
11.32,28.213,0
11.32,28.285,0
11.32,28.357,0
11.32,28.43,0
11.32,28.502,0
11.32,28.575,0
11.32,28.647,0
11.32,28.719,0
11.32,28.792,0
11.32,28.864,0
11.32,28.937,0
11.32,29.009,0
11.32,29.081,0
11.32,29.154,0
11.32,29.226,0
11.32,29.299,0
11.32,29.371,0
11.32,29.444,0
11.32,29.516,0
11.32,29.588,0
11.32,29.661,0
11.32,29.733,0
11.32,29.806,0
11.32,29.878,0
11.32,29.95,0
11.32,30.023,0
11.32,30.095,0
11.32,30.168,0
11.32,30.24,0
11.32,30.312,0
11.32,30.385,0
11.32,30.457,0
11.32,30.53,0
11.32,30.602,0
11.358,27.778,0
11.358,27.851,0
11.358,27.923,0
11.358,27.995,0
11.358,28.068,0
11.358,28.14,0
11.358,28.213,0
11.358,28.285,0
11.358,28.357,0
11.358,28.43,0
11.358,28.502,0
11.358,28.575,0
11.358,28.647,0
11.358,28.719,0
11.358,28.792,0
11.358,28.864,0
11.358,28.937,0
11.358,29.009,0
11.358,29.081,0
11.358,29.154,0
11.358,29.226,0
11.358,29.299,0
11.358,29.371,0
11.358,29.444,0
11.358,29.516,0
11.358,29.588,0
11.358,29.661,0
11.358,29.733,0
11.358,29.806,0
11.358,29.878,0
11.358,29.95,0
11.358,30.023,0
11.358,30.095,0
11.358,30.168,0
11.358,30.24,0
11.358,30.312,0
11.358,30.385,0
11.358,30.457,0
11.358,30.53,0
11.358,30.602,0
11.396,27.778,0
11.396,27.851,0
11.396,27.923,0
11.396,27.995,0
11.396,28.068,0
11.396,28.14,0
11.396,28.213,0
11.396,28.285,0
11.396,28.357,0
11.396,28.43,0
11.396,28.502,0
11.396,28.575,0
11.396,28.647,0
11.396,28.719,0
11.396,28.792,0
11.396,28.864,0
11.396,28.937,0
11.396,29.009,0
11.396,29.081,0
11.396,29.154,0
11.396,29.226,0
11.396,29.299,0
11.396,29.371,0
11.396,29.444,0
11.396,29.516,0
11.396,29.588,0
11.396,29.661,0
11.396,29.733,0
11.396,29.806,0
11.396,29.878,0
11.396,29.95,0
11.396,30.023,0
11.396,30.095,0
11.396,30.168,0
11.396,30.24,0
11.396,30.312,0
11.396,30.385,0
11.396,30.457,0
11.396,30.53,0
11.396,30.602,0
11.434,27.778,0
11.434,27.851,0
11.434,27.923,0
11.434,27.995,0
11.434,28.068,0
11.434,28.14,0
11.434,28.213,0
11.434,28.285,0
11.434,28.357,0
11.434,28.43,0
11.434,28.502,0
11.434,28.575,0
11.434,28.647,0
11.434,28.719,0
11.434,28.792,0
11.434,28.864,0
11.434,28.937,0
11.434,29.009,0
11.434,29.081,0
11.434,29.154,0
11.434,29.226,0
11.434,29.299,0
11.434,29.371,0
11.434,29.444,0
11.434,29.516,0
11.434,29.588,0
11.434,29.661,0
11.434,29.733,0
11.434,29.806,0
11.434,29.878,0
11.434,29.95,0
11.434,30.023,0
11.434,30.095,0
11.434,30.168,0
11.434,30.24,0
11.434,30.312,0
11.434,30.385,0
11.434,30.457,0
11.434,30.53,0
11.434,30.602,0
11.472,27.778,0
11.472,27.851,0
11.472,27.923,0
11.472,27.995,0
11.472,28.068,0
11.472,28.14,0
11.472,28.213,0
11.472,28.285,0
11.472,28.357,0
11.472,28.43,0
11.472,28.502,0
11.472,28.575,0
11.472,28.647,0
11.472,28.719,0
11.472,28.792,0
11.472,28.864,0
11.472,28.937,0
11.472,29.009,0
11.472,29.081,0
11.472,29.154,0
11.472,29.226,0
11.472,29.299,0
11.472,29.371,0
11.472,29.444,0
11.472,29.516,0
11.472,29.588,0
11.472,29.661,0
11.472,29.733,0
11.472,29.806,0
11.472,29.878,0
11.472,29.95,0
11.472,30.023,0
11.472,30.095,0
11.472,30.168,0
11.472,30.24,0
11.472,30.312,0
11.472,30.385,0
11.472,30.457,0
11.472,30.53,0
11.472,30.602,0
11.509,27.778,0
11.509,27.851,0
11.509,27.923,0
11.509,27.995,0
11.509,28.068,0
11.509,28.14,0
11.509,28.213,0
11.509,28.285,0
11.509,28.357,0
11.509,28.43,0
11.509,28.502,0
11.509,28.575,0
11.509,28.647,0
11.509,28.719,0
11.509,28.792,0
11.509,28.864,0
11.509,28.937,0
11.509,29.009,0
11.509,29.081,0
11.509,29.154,0
11.509,29.226,0
11.509,29.299,0
11.509,29.371,0
11.509,29.444,0
11.509,29.516,0
11.509,29.588,0
11.509,29.661,0
11.509,29.733,0
11.509,29.806,0
11.509,29.878,0
11.509,29.95,0
11.509,30.023,0
11.509,30.095,0
11.509,30.168,0
11.509,30.24,0
11.509,30.312,0
11.509,30.385,0
11.509,30.457,0
11.509,30.53,0
11.509,30.602,0
11.547,27.778,0
11.547,27.851,0
11.547,27.923,0
11.547,27.995,0
11.547,28.068,0
11.547,28.14,0
11.547,28.213,0
11.547,28.285,0
11.547,28.357,0
11.547,28.43,0
11.547,28.502,0
11.547,28.575,0
11.547,28.647,0
11.547,28.719,0
11.547,28.792,0
11.547,28.864,0
11.547,28.937,0
11.547,29.009,0
11.547,29.081,0
11.547,29.154,0
11.547,29.226,0
11.547,29.299,0
11.547,29.371,0
11.547,29.444,0
11.547,29.516,0
11.547,29.588,0
11.547,29.661,0
11.547,29.733,0
11.547,29.806,0
11.547,29.878,0
11.547,29.95,0
11.547,30.023,0
11.547,30.095,0
11.547,30.168,0
11.547,30.24,0
11.547,30.312,0
11.547,30.385,0
11.547,30.457,0
11.547,30.53,0
11.547,30.602,0
11.585,27.778,0
11.585,27.851,0
11.585,27.923,0
11.585,27.995,0
11.585,28.068,0
11.585,28.14,0
11.585,28.213,0
11.585,28.285,0
11.585,28.357,0
11.585,28.43,0
11.585,28.502,0
11.585,28.575,0
11.585,28.647,0
11.585,28.719,0
11.585,28.792,0
11.585,28.864,0
11.585,28.937,0
11.585,29.009,0
11.585,29.081,0
11.585,29.154,0
11.585,29.226,0
11.585,29.299,0
11.585,29.371,0
11.585,29.444,0
11.585,29.516,0
11.585,29.588,0
11.585,29.661,0
11.585,29.733,0
11.585,29.806,0
11.585,29.878,0
11.585,29.95,0
11.585,30.023,0
11.585,30.095,0
11.585,30.168,0
11.585,30.24,0
11.585,30.312,0
11.585,30.385,0
11.585,30.457,0
11.585,30.53,0
11.585,30.602,0
11.623,27.778,0
11.623,27.851,0
11.623,27.923,0
11.623,27.995,0
11.623,28.068,0
11.623,28.14,0
11.623,28.213,0
11.623,28.285,0
11.623,28.357,0
11.623,28.43,0
11.623,28.502,0
11.623,28.575,0
11.623,28.647,0
11.623,28.719,0
11.623,28.792,0
11.623,28.864,0
11.623,28.937,0
11.623,29.009,0
11.623,29.081,0
11.623,29.154,0
11.623,29.226,0
11.623,29.299,0
11.623,29.371,0
11.623,29.444,0
11.623,29.516,0
11.623,29.588,0
11.623,29.661,0
11.623,29.733,0
11.623,29.806,0
11.623,29.878,0
11.623,29.95,0
11.623,30.023,0
11.623,30.095,0
11.623,30.168,0
11.623,30.24,0
11.623,30.312,0
11.623,30.385,0
11.623,30.457,0
11.623,30.53,0
11.623,30.602,0
11.661,27.778,0
11.661,27.851,0
11.661,27.923,0
11.661,27.995,0
11.661,28.068,0
11.661,28.14,0
11.661,28.213,0
11.661,28.285,0
11.661,28.357,0
11.661,28.43,0
11.661,28.502,0
11.661,28.575,0
11.661,28.647,0
11.661,28.719,0
11.661,28.792,0
11.661,28.864,0
11.661,28.937,0
11.661,29.009,0
11.661,29.081,0
11.661,29.154,0
11.661,29.226,0
11.661,29.299,0
11.661,29.371,0
11.661,29.444,0
11.661,29.516,0
11.661,29.588,0
11.661,29.661,0
11.661,29.733,0
11.661,29.806,0
11.661,29.878,0
11.661,29.95,0
11.661,30.023,0
11.661,30.095,0
11.661,30.168,0
11.661,30.24,0
11.661,30.312,0
11.661,30.385,0
11.661,30.457,0
11.661,30.53,0
11.661,30.602,0
11.699,27.778,0
11.699,27.851,0
11.699,27.923,0
11.699,27.995,0
11.699,28.068,0
11.699,28.14,0
11.699,28.213,0
11.699,28.285,0
11.699,28.357,0
11.699,28.43,0
11.699,28.502,0
11.699,28.575,0
11.699,28.647,0
11.699,28.719,0
11.699,28.792,0
11.699,28.864,0
11.699,28.937,0
11.699,29.009,0
11.699,29.081,0
11.699,29.154,0
11.699,29.226,0
11.699,29.299,0
11.699,29.371,0
11.699,29.444,0
11.699,29.516,0
11.699,29.588,0
11.699,29.661,0
11.699,29.733,0
11.699,29.806,0
11.699,29.878,0
11.699,29.95,0
11.699,30.023,0
11.699,30.095,0
11.699,30.168,0
11.699,30.24,0
11.699,30.312,0
11.699,30.385,0
11.699,30.457,0
11.699,30.53,0
11.699,30.602,0
11.737,27.778,0
11.737,27.851,0
11.737,27.923,0
11.737,27.995,0
11.737,28.068,0
11.737,28.14,0
11.737,28.213,0
11.737,28.285,0
11.737,28.357,0
11.737,28.43,0
11.737,28.502,0
11.737,28.575,0
11.737,28.647,0
11.737,28.719,0
11.737,28.792,0
11.737,28.864,0
11.737,28.937,0
11.737,29.009,0
11.737,29.081,0
11.737,29.154,0
11.737,29.226,0
11.737,29.299,0
11.737,29.371,0
11.737,29.444,0
11.737,29.516,0
11.737,29.588,0
11.737,29.661,0
11.737,29.733,0
11.737,29.806,0
11.737,29.878,0
11.737,29.95,0
11.737,30.023,0
11.737,30.095,0
11.737,30.168,0
11.737,30.24,0
11.737,30.312,0
11.737,30.385,0
11.737,30.457,0
11.737,30.53,0
11.737,30.602,0
11.775,27.778,0
11.775,27.851,0
11.775,27.923,0
11.775,27.995,0
11.775,28.068,0
11.775,28.14,0
11.775,28.213,0
11.775,28.285,0
11.775,28.357,0
11.775,28.43,0
11.775,28.502,0
11.775,28.575,0
11.775,28.647,0
11.775,28.719,0
11.775,28.792,0
11.775,28.864,0
11.775,28.937,0
11.775,29.009,0
11.775,29.081,0
11.775,29.154,0
11.775,29.226,0
11.775,29.299,0
11.775,29.371,0
11.775,29.444,0
11.775,29.516,0
11.775,29.588,0
11.775,29.661,0
11.775,29.733,0
11.775,29.806,0
11.775,29.878,0
11.775,29.95,0
11.775,30.023,0
11.775,30.095,0
11.775,30.168,0
11.775,30.24,0
11.775,30.312,0
11.775,30.385,0
11.775,30.457,0
11.775,30.53,0
11.775,30.602,0
11.813,27.778,0
11.813,27.851,0
11.813,27.923,0
11.813,27.995,0
11.813,28.068,0
11.813,28.14,0
11.813,28.213,0
11.813,28.285,0
11.813,28.357,0
11.813,28.43,0
11.813,28.502,0
11.813,28.575,0
11.813,28.647,0
11.813,28.719,0
11.813,28.792,0
11.813,28.864,0
11.813,28.937,0
11.813,29.009,0
11.813,29.081,0
11.813,29.154,0
11.813,29.226,0
11.813,29.299,0
11.813,29.371,0
11.813,29.444,0
11.813,29.516,0
11.813,29.588,0
11.813,29.661,0
11.813,29.733,0
11.813,29.806,0
11.813,29.878,0
11.813,29.95,0
11.813,30.023,0
11.813,30.095,0
11.813,30.168,0
11.813,30.24,0
11.813,30.312,0
11.813,30.385,0
11.813,30.457,0
11.813,30.53,0
11.813,30.602,0
11.85,27.778,0
11.85,27.851,0
11.85,27.923,0
11.85,27.995,0
11.85,28.068,0
11.85,28.14,0
11.85,28.213,0
11.85,28.285,0
11.85,28.357,0
11.85,28.43,0
11.85,28.502,0
11.85,28.575,0
11.85,28.647,0
11.85,28.719,0
11.85,28.792,0
11.85,28.864,0
11.85,28.937,0
11.85,29.009,0
11.85,29.081,0
11.85,29.154,0
11.85,29.226,0
11.85,29.299,0
11.85,29.371,0
11.85,29.444,0
11.85,29.516,0
11.85,29.588,0
11.85,29.661,0
11.85,29.733,0
11.85,29.806,0
11.85,29.878,0
11.85,29.95,0
11.85,30.023,0
11.85,30.095,0
11.85,30.168,0
11.85,30.24,0
11.85,30.312,0
11.85,30.385,0
11.85,30.457,0
11.85,30.53,0
11.85,30.602,0
11.888,27.778,0
11.888,27.851,0
11.888,27.923,0
11.888,27.995,0
11.888,28.068,0
11.888,28.14,0
11.888,28.213,0
11.888,28.285,0
11.888,28.357,0
11.888,28.43,0
11.888,28.502,0
11.888,28.575,0
11.888,28.647,0
11.888,28.719,0
11.888,28.792,0
11.888,28.864,0
11.888,28.937,0
11.888,29.009,0
11.888,29.081,0
11.888,29.154,0
11.888,29.226,0
11.888,29.299,0
11.888,29.371,0
11.888,29.444,0
11.888,29.516,0
11.888,29.588,0
11.888,29.661,0
11.888,29.733,0
11.888,29.806,0
11.888,29.878,0
11.888,29.95,0
11.888,30.023,0
11.888,30.095,0
11.888,30.168,0
11.888,30.24,0
11.888,30.312,0
11.888,30.385,0
11.888,30.457,0
11.888,30.53,0
11.888,30.602,0
11.926,27.778,0
11.926,27.851,0
11.926,27.923,0
11.926,27.995,0
11.926,28.068,0
11.926,28.14,0
11.926,28.213,0
11.926,28.285,0
11.926,28.357,0
11.926,28.43,0
11.926,28.502,0
11.926,28.575,0
11.926,28.647,0
11.926,28.719,0
11.926,28.792,0
11.926,28.864,0
11.926,28.937,0
11.926,29.009,0
11.926,29.081,0
11.926,29.154,0
11.926,29.226,0
11.926,29.299,0
11.926,29.371,0
11.926,29.444,0
11.926,29.516,0
11.926,29.588,0
11.926,29.661,0
11.926,29.733,0
11.926,29.806,0
11.926,29.878,0
11.926,29.95,0
11.926,30.023,0
11.926,30.095,0
11.926,30.168,0
11.926,30.24,0
11.926,30.312,0
11.926,30.385,0
11.926,30.457,0
11.926,30.53,0
11.926,30.602,0
11.964,27.778,0
11.964,27.851,0
11.964,27.923,0
11.964,27.995,0
11.964,28.068,0
11.964,28.14,0
11.964,28.213,0
11.964,28.285,0
11.964,28.357,0
11.964,28.43,0
11.964,28.502,0
11.964,28.575,0
11.964,28.647,0
11.964,28.719,0
11.964,28.792,0
11.964,28.864,0
11.964,28.937,0
11.964,29.009,0
11.964,29.081,0
11.964,29.154,0
11.964,29.226,0
11.964,29.299,0
11.964,29.371,0
11.964,29.444,0
11.964,29.516,0
11.964,29.588,0
11.964,29.661,0
11.964,29.733,0
11.964,29.806,0
11.964,29.878,0
11.964,29.95,0
11.964,30.023,0
11.964,30.095,0
11.964,30.168,0
11.964,30.24,0
11.964,30.312,0
11.964,30.385,0
11.964,30.457,0
11.964,30.53,0
11.964,30.602,0
