6.699,27.778,0
6.699,27.851,0
6.699,27.923,0
6.699,27.995,0
6.699,28.068,0
6.699,28.14,0
6.699,28.213,0
6.699,28.285,0
6.699,28.357,0
6.699,28.43,0
6.699,28.502,0
6.699,28.575,0
6.699,28.647,0
6.699,28.719,0
6.699,28.792,0
6.699,28.864,0
6.699,28.937,0
6.699,29.009,0
6.699,29.081,0
6.699,29.154,0
6.699,29.226,0
6.699,29.299,0
6.699,29.371,0
6.699,29.444,0
6.699,29.516,0
6.699,29.588,0
6.699,29.661,0
6.699,29.733,0
6.699,29.806,0
6.699,29.878,0
6.699,29.95,0
6.699,30.023,0
6.699,30.095,0
6.699,30.168,0
6.699,30.24,0
6.699,30.312,0
6.699,30.385,0
6.699,30.457,0
6.699,30.53,0
6.699,30.602,0
6.7368,27.778,0
6.7368,27.851,0
6.7368,27.923,0
6.7368,27.995,0
6.7368,28.068,0
6.7368,28.14,0
6.7368,28.213,0
6.7368,28.285,0
6.7368,28.357,0
6.7368,28.43,0
6.7368,28.502,0
6.7368,28.575,0
6.7368,28.647,0
6.7368,28.719,0
6.7368,28.792,0
6.7368,28.864,0
6.7368,28.937,0
6.7368,29.009,0
6.7368,29.081,0
6.7368,29.154,0
6.7368,29.226,0
6.7368,29.299,0
6.7368,29.371,0
6.7368,29.444,0
6.7368,29.516,0
6.7368,29.588,0
6.7368,29.661,0
6.7368,29.733,0
6.7368,29.806,0
6.7368,29.878,0
6.7368,29.95,0
6.7368,30.023,0
6.7368,30.095,0
6.7368,30.168,0
6.7368,30.24,0
6.7368,30.312,0
6.7368,30.385,0
6.7368,30.457,0
6.7368,30.53,0
6.7368,30.602,0
6.7747,27.778,0
6.7747,27.851,0
6.7747,27.923,0
6.7747,27.995,0
6.7747,28.068,0
6.7747,28.14,0
6.7747,28.213,0
6.7747,28.285,0
6.7747,28.357,0
6.7747,28.43,0
6.7747,28.502,0
6.7747,28.575,0
6.7747,28.647,0
6.7747,28.719,0
6.7747,28.792,0
6.7747,28.864,0
6.7747,28.937,0
6.7747,29.009,0
6.7747,29.081,0
6.7747,29.154,0
6.7747,29.226,0
6.7747,29.299,0
6.7747,29.371,0
6.7747,29.444,0
6.7747,29.516,0
6.7747,29.588,0
6.7747,29.661,0
6.7747,29.733,0
6.7747,29.806,0
6.7747,29.878,0
6.7747,29.95,0
6.7747,30.023,0
6.7747,30.095,0
6.7747,30.168,0
6.7747,30.24,0
6.7747,30.312,0
6.7747,30.385,0
6.7747,30.457,0
6.7747,30.53,0
6.7747,30.602,0
6.8126,27.778,0
6.8126,27.851,0
6.8126,27.923,0
6.8126,27.995,0
6.8126,28.068,0
6.8126,28.14,0
6.8126,28.213,0
6.8126,28.285,0
6.8126,28.357,0
6.8126,28.43,0
6.8126,28.502,0
6.8126,28.575,0
6.8126,28.647,0
6.8126,28.719,0
6.8126,28.792,0
6.8126,28.864,0
6.8126,28.937,0
6.8126,29.009,0
6.8126,29.081,0
6.8126,29.154,0
6.8126,29.226,0
6.8126,29.299,0
6.8126,29.371,0
6.8126,29.444,0
6.8126,29.516,0
6.8126,29.588,0
6.8126,29.661,0
6.8126,29.733,0
6.8126,29.806,0
6.8126,29.878,0
6.8126,29.95,0
6.8126,30.023,0
6.8126,30.095,0
6.8126,30.168,0
6.8126,30.24,0
6.8126,30.312,0
6.8126,30.385,0
6.8126,30.457,0
6.8126,30.53,0
6.8126,30.602,0
6.8505,27.778,0
6.8505,27.851,0
6.8505,27.923,0
6.8505,27.995,0
6.8505,28.068,0
6.8505,28.14,0
6.8505,28.213,0
6.8505,28.285,0
6.8505,28.357,0
6.8505,28.43,0
6.8505,28.502,0
6.8505,28.575,0
6.8505,28.647,0
6.8505,28.719,0
6.8505,28.792,0
6.8505,28.864,0
6.8505,28.937,0
6.8505,29.009,0
6.8505,29.081,0
6.8505,29.154,0
6.8505,29.226,0
6.8505,29.299,0
6.8505,29.371,0
6.8505,29.444,0
6.8505,29.516,0
6.8505,29.588,0
6.8505,29.661,0
6.8505,29.733,0
6.8505,29.806,0
6.8505,29.878,0
6.8505,29.95,0
6.8505,30.023,0
6.8505,30.095,0
6.8505,30.168,0
6.8505,30.24,0
6.8505,30.312,0
6.8505,30.385,0
6.8505,30.457,0
6.8505,30.53,0
6.8505,30.602,0
6.8884,27.778,0
6.8884,27.851,0
6.8884,27.923,0
6.8884,27.995,0
6.8884,28.068,0
6.8884,28.14,0
6.8884,28.213,0
6.8884,28.285,0
6.8884,28.357,0
6.8884,28.43,0
6.8884,28.502,0
6.8884,28.575,0
6.8884,28.647,0
6.8884,28.719,0
6.8884,28.792,0
6.8884,28.864,0
6.8884,28.937,0
6.8884,29.009,0
6.8884,29.081,0
6.8884,29.154,0
6.8884,29.226,0
6.8884,29.299,0
6.8884,29.371,0
6.8884,29.444,0
6.8884,29.516,0
6.8884,29.588,0
6.8884,29.661,0
6.8884,29.733,0
6.8884,29.806,0
6.8884,29.878,0
6.8884,29.95,0
6.8884,30.023,0
6.8884,30.095,0
6.8884,30.168,0
6.8884,30.24,0
6.8884,30.312,0
6.8884,30.385,0
6.8884,30.457,0
6.8884,30.53,0
6.8884,30.602,0
6.9262,27.778,0
6.9262,27.851,0
6.9262,27.923,0
6.9262,27.995,0
6.9262,28.068,0
6.9262,28.14,0
6.9262,28.213,0
6.9262,28.285,0
6.9262,28.357,0
6.9262,28.43,0
6.9262,28.502,0
6.9262,28.575,0
6.9262,28.647,0
6.9262,28.719,0
6.9262,28.792,0
6.9262,28.864,0
6.9262,28.937,0
6.9262,29.009,0
6.9262,29.081,0
6.9262,29.154,0
6.9262,29.226,0
6.9262,29.299,0
6.9262,29.371,0
6.9262,29.444,0
6.9262,29.516,0
6.9262,29.588,0
6.9262,29.661,0
6.9262,29.733,0
6.9262,29.806,0
6.9262,29.878,0
6.9262,29.95,0
6.9262,30.023,0
6.9262,30.095,0
6.9262,30.168,0
6.9262,30.24,0
6.9262,30.312,0
6.9262,30.385,0
6.9262,30.457,0
6.9262,30.53,0
6.9262,30.602,0
6.9641,27.778,0
6.9641,27.851,0
6.9641,27.923,0
6.9641,27.995,0
6.9641,28.068,0
6.9641,28.14,0
6.9641,28.213,0
6.9641,28.285,0
6.9641,28.357,0
6.9641,28.43,0
6.9641,28.502,0
6.9641,28.575,0
6.9641,28.647,0
6.9641,28.719,0
6.9641,28.792,0
6.9641,28.864,0
6.9641,28.937,0
6.9641,29.009,0
6.9641,29.081,0
6.9641,29.154,0
6.9641,29.226,0
6.9641,29.299,0
6.9641,29.371,0
6.9641,29.444,0
6.9641,29.516,0
6.9641,29.588,0
6.9641,29.661,0
6.9641,29.733,0
6.9641,29.806,0
6.9641,29.878,0
6.9641,29.95,0
6.9641,30.023,0
6.9641,30.095,0
6.9641,30.168,0
6.9641,30.24,0
6.9641,30.312,0
6.9641,30.385,0
6.9641,30.457,0
6.9641,30.53,0
6.9641,30.602,0
7.002,27.778,0
7.002,27.851,0
7.002,27.923,0
7.002,27.995,0
7.002,28.068,0
7.002,28.14,0
7.002,28.213,0
7.002,28.285,0
7.002,28.357,0
7.002,28.43,0
7.002,28.502,0
7.002,28.575,0
7.002,28.647,0
7.002,28.719,0
7.002,28.792,0
7.002,28.864,0
7.002,28.937,0
7.002,29.009,0
7.002,29.081,0
7.002,29.154,0
7.002,29.226,0
7.002,29.299,0
7.002,29.371,0
7.002,29.444,0
7.002,29.516,0
7.002,29.588,0
7.002,29.661,0
7.002,29.733,0
7.002,29.806,0
7.002,29.878,0
7.002,29.95,0
7.002,30.023,0
7.002,30.095,0
7.002,30.168,0
7.002,30.24,0
7.002,30.312,0
7.002,30.385,0
7.002,30.457,0
7.002,30.53,0
7.002,30.602,0
7.0399,27.778,0
7.0399,27.851,0
7.0399,27.923,0
7.0399,27.995,0
7.0399,28.068,0
7.0399,28.14,0
7.0399,28.213,0
7.0399,28.285,0
7.0399,28.357,0
7.0399,28.43,0
7.0399,28.502,0
7.0399,28.575,0
7.0399,28.647,0
7.0399,28.719,0
7.0399,28.792,0
7.0399,28.864,0
7.0399,28.937,0
7.0399,29.009,0
7.0399,29.081,0
7.0399,29.154,0
7.0399,29.226,0
7.0399,29.299,0
7.0399,29.371,0
7.0399,29.444,0
7.0399,29.516,0
7.0399,29.588,0
7.0399,29.661,0
7.0399,29.733,0
7.0399,29.806,0
7.0399,29.878,0
7.0399,29.95,0
7.0399,30.023,0
7.0399,30.095,0
7.0399,30.168,0
7.0399,30.24,0
7.0399,30.312,0
7.0399,30.385,0
7.0399,30.457,0
7.0399,30.53,0
7.0399,30.602,0
7.0778,27.778,0
7.0778,27.851,0
7.0778,27.923,0
7.0778,27.995,0
7.0778,28.068,0
7.0778,28.14,0
7.0778,28.213,0
7.0778,28.285,0
7.0778,28.357,0
7.0778,28.43,0
7.0778,28.502,0
7.0778,28.575,0
7.0778,28.647,0
7.0778,28.719,0
7.0778,28.792,0
7.0778,28.864,0
7.0778,28.937,0
7.0778,29.009,0
7.0778,29.081,0
7.0778,29.154,0
7.0778,29.226,0
7.0778,29.299,0
7.0778,29.371,0
7.0778,29.444,0
7.0778,29.516,0
7.0778,29.588,0
7.0778,29.661,0
7.0778,29.733,0
7.0778,29.806,0
7.0778,29.878,0
7.0778,29.95,0
7.0778,30.023,0
7.0778,30.095,0
7.0778,30.168,0
7.0778,30.24,0
7.0778,30.312,0
7.0778,30.385,0
7.0778,30.457,0
7.0778,30.53,0
7.0778,30.602,0
7.1156,27.778,0
7.1156,27.851,0
7.1156,27.923,0
7.1156,27.995,0
7.1156,28.068,0
7.1156,28.14,0
7.1156,28.213,0
7.1156,28.285,0
7.1156,28.357,0
7.1156,28.43,0
7.1156,28.502,0
7.1156,28.575,0
7.1156,28.647,0
7.1156,28.719,0
7.1156,28.792,0
7.1156,28.864,0
7.1156,28.937,0
7.1156,29.009,0
7.1156,29.081,0
7.1156,29.154,0
7.1156,29.226,0
7.1156,29.299,0
7.1156,29.371,0
7.1156,29.444,0
7.1156,29.516,0
7.1156,29.588,0
7.1156,29.661,0
7.1156,29.733,0
7.1156,29.806,0
7.1156,29.878,0
7.1156,29.95,0
7.1156,30.023,0
7.1156,30.095,0
7.1156,30.168,0
7.1156,30.24,0
7.1156,30.312,0
7.1156,30.385,0
7.1156,30.457,0
7.1156,30.53,0
7.1156,30.602,0
7.1535,27.778,0
7.1535,27.851,0
7.1535,27.923,0
7.1535,27.995,0
7.1535,28.068,0
7.1535,28.14,0
7.1535,28.213,0
7.1535,28.285,0
7.1535,28.357,0
7.1535,28.43,0
7.1535,28.502,0
7.1535,28.575,0
7.1535,28.647,0
7.1535,28.719,0
7.1535,28.792,0
7.1535,28.864,0
7.1535,28.937,0
7.1535,29.009,0
7.1535,29.081,0
7.1535,29.154,0
7.1535,29.226,0
7.1535,29.299,0
7.1535,29.371,0
7.1535,29.444,0
7.1535,29.516,0
7.1535,29.588,0
7.1535,29.661,0
7.1535,29.733,0
7.1535,29.806,0
7.1535,29.878,0
7.1535,29.95,0
7.1535,30.023,0
7.1535,30.095,0
7.1535,30.168,0
7.1535,30.24,0
7.1535,30.312,0
7.1535,30.385,0
7.1535,30.457,0
7.1535,30.53,0
7.1535,30.602,0
7.1914,27.778,0
7.1914,27.851,0
7.1914,27.923,0
7.1914,27.995,0
7.1914,28.068,0
7.1914,28.14,0
7.1914,28.213,0
7.1914,28.285,0
7.1914,28.357,0
7.1914,28.43,0
7.1914,28.502,0
7.1914,28.575,0
7.1914,28.647,0
7.1914,28.719,0
7.1914,28.792,0
7.1914,28.864,0
7.1914,28.937,0
7.1914,29.009,0
7.1914,29.081,0
7.1914,29.154,0
7.1914,29.226,0
7.1914,29.299,0
7.1914,29.371,0
7.1914,29.444,0
7.1914,29.516,0
7.1914,29.588,0
7.1914,29.661,0
7.1914,29.733,0
7.1914,29.806,0
7.1914,29.878,0
7.1914,29.95,0
7.1914,30.023,0
7.1914,30.095,0
7.1914,30.168,0
7.1914,30.24,0
7.1914,30.312,0
7.1914,30.385,0
7.1914,30.457,0
7.1914,30.53,0
7.1914,30.602,0
7.2293,27.778,0
7.2293,27.851,0
7.2293,27.923,0
7.2293,27.995,0
7.2293,28.068,0
7.2293,28.14,0
7.2293,28.213,0
7.2293,28.285,0
7.2293,28.357,0
7.2293,28.43,0
7.2293,28.502,0
7.2293,28.575,0
7.2293,28.647,0
7.2293,28.719,0
7.2293,28.792,0
7.2293,28.864,0
7.2293,28.937,0
7.2293,29.009,0
7.2293,29.081,0
7.2293,29.154,0
7.2293,29.226,0
7.2293,29.299,0
7.2293,29.371,0
7.2293,29.444,0
7.2293,29.516,0
7.2293,29.588,0
7.2293,29.661,0
7.2293,29.733,0
7.2293,29.806,0
7.2293,29.878,0
7.2293,29.95,0
7.2293,30.023,0
7.2293,30.095,0
7.2293,30.168,0
7.2293,30.24,0
7.2293,30.312,0
7.2293,30.385,0
7.2293,30.457,0
7.2293,30.53,0
7.2293,30.602,0
7.2671,27.778,0
7.2671,27.851,0
7.2671,27.923,0
7.2671,27.995,0
7.2671,28.068,0
7.2671,28.14,0
7.2671,28.213,0
7.2671,28.285,0
7.2671,28.357,0
7.2671,28.43,0
7.2671,28.502,0
7.2671,28.575,0
7.2671,28.647,0
7.2671,28.719,0
7.2671,28.792,0
7.2671,28.864,0
7.2671,28.937,0
7.2671,29.009,0
7.2671,29.081,0
7.2671,29.154,0
7.2671,29.226,0
7.2671,29.299,0
7.2671,29.371,0
7.2671,29.444,0
7.2671,29.516,0
7.2671,29.588,0
7.2671,29.661,0
7.2671,29.733,0
7.2671,29.806,0
7.2671,29.878,0
7.2671,29.95,0
7.2671,30.023,0
7.2671,30.095,0
7.2671,30.168,0
7.2671,30.24,0
7.2671,30.312,0
7.2671,30.385,0
7.2671,30.457,0
7.2671,30.53,0
7.2671,30.602,0
7.305,27.778,0
7.305,27.851,0
7.305,27.923,0
7.305,27.995,0
7.305,28.068,0
7.305,28.14,0
7.305,28.213,0
7.305,28.285,0
7.305,28.357,0
7.305,28.43,0
7.305,28.502,0
7.305,28.575,0
7.305,28.647,0
7.305,28.719,0
7.305,28.792,0
7.305,28.864,0
7.305,28.937,0
7.305,29.009,0
7.305,29.081,0
7.305,29.154,0
7.305,29.226,0
7.305,29.299,0
7.305,29.371,0
7.305,29.444,0
7.305,29.516,0
7.305,29.588,0
7.305,29.661,0
7.305,29.733,0
7.305,29.806,0
7.305,29.878,0
7.305,29.95,0
7.305,30.023,0
7.305,30.095,0
7.305,30.168,0
7.305,30.24,0
7.305,30.312,0
7.305,30.385,0
7.305,30.457,0
7.305,30.53,0
7.305,30.602,0
7.3429,27.778,0
7.3429,27.851,0
7.3429,27.923,0
7.3429,27.995,0
7.3429,28.068,0
7.3429,28.14,0
7.3429,28.213,0
7.3429,28.285,0
7.3429,28.357,0
7.3429,28.43,0
7.3429,28.502,0
7.3429,28.575,0
7.3429,28.647,0
7.3429,28.719,0
7.3429,28.792,0
7.3429,28.864,0
7.3429,28.937,0
7.3429,29.009,0
7.3429,29.081,0
7.3429,29.154,0
7.3429,29.226,0
7.3429,29.299,0
7.3429,29.371,0
7.3429,29.444,0
7.3429,29.516,0
7.3429,29.588,0
7.3429,29.661,0
7.3429,29.733,0
7.3429,29.806,0
7.3429,29.878,0
7.3429,29.95,0
7.3429,30.023,0
7.3429,30.095,0
7.3429,30.168,0
7.3429,30.24,0
7.3429,30.312,0
7.3429,30.385,0
7.3429,30.457,0
7.3429,30.53,0
7.3429,30.602,0
7.3808,27.778,0
7.3808,27.851,0
7.3808,27.923,0
7.3808,27.995,0
7.3808,28.068,0
7.3808,28.14,0
7.3808,28.213,0
7.3808,28.285,0
7.3808,28.357,0
7.3808,28.43,0
7.3808,28.502,0
7.3808,28.575,0
7.3808,28.647,0
7.3808,28.719,0
7.3808,28.792,0
7.3808,28.864,0
7.3808,28.937,0
7.3808,29.009,0
7.3808,29.081,0
7.3808,29.154,0
7.3808,29.226,0
7.3808,29.299,0
7.3808,29.371,0
7.3808,29.444,0
7.3808,29.516,0
7.3808,29.588,0
7.3808,29.661,0
7.3808,29.733,0
7.3808,29.806,0
7.3808,29.878,0
7.3808,29.95,0
7.3808,30.023,0
7.3808,30.095,0
7.3808,30.168,0
7.3808,30.24,0
7.3808,30.312,0
7.3808,30.385,0
7.3808,30.457,0
7.3808,30.53,0
7.3808,30.602,0
7.4187,27.778,0
7.4187,27.851,0
7.4187,27.923,0
7.4187,27.995,0
7.4187,28.068,0
7.4187,28.14,0
7.4187,28.213,0
7.4187,28.285,0
7.4187,28.357,0
7.4187,28.43,0
7.4187,28.502,0
7.4187,28.575,0
7.4187,28.647,0
7.4187,28.719,0
7.4187,28.792,0
7.4187,28.864,0
7.4187,28.937,0
7.4187,29.009,0
7.4187,29.081,0
7.4187,29.154,0
7.4187,29.226,0
7.4187,29.299,0
7.4187,29.371,0
7.4187,29.444,0
7.4187,29.516,0
7.4187,29.588,0
7.4187,29.661,0
7.4187,29.733,0
7.4187,29.806,0
7.4187,29.878,0
7.4187,29.95,0
7.4187,30.023,0
7.4187,30.095,0
7.4187,30.168,0
7.4187,30.24,0
7.4187,30.312,0
7.4187,30.385,0
7.4187,30.457,0
7.4187,30.53,0
7.4187,30.602,0
7.4565,27.778,0
7.4565,27.851,0
7.4565,27.923,0
7.4565,27.995,0
7.4565,28.068,0
7.4565,28.14,0
7.4565,28.213,0
7.4565,28.285,0
7.4565,28.357,0
7.4565,28.43,0
7.4565,28.502,0
7.4565,28.575,0
7.4565,28.647,0
7.4565,28.719,0
7.4565,28.792,0
7.4565,28.864,0
7.4565,28.937,0
7.4565,29.009,0
7.4565,29.081,0
7.4565,29.154,0
7.4565,29.226,0
7.4565,29.299,0
7.4565,29.371,0
7.4565,29.444,0
7.4565,29.516,0
7.4565,29.588,0
7.4565,29.661,0
7.4565,29.733,0
7.4565,29.806,0
7.4565,29.878,0
7.4565,29.95,0
7.4565,30.023,0
7.4565,30.095,0
7.4565,30.168,0
7.4565,30.24,0
7.4565,30.312,0
7.4565,30.385,0
7.4565,30.457,0
7.4565,30.53,0
7.4565,30.602,0
7.4944,27.778,0
7.4944,27.851,0
7.4944,27.923,0
7.4944,27.995,0
7.4944,28.068,0
7.4944,28.14,0
7.4944,28.213,0
7.4944,28.285,0
7.4944,28.357,0
7.4944,28.43,0
7.4944,28.502,0
7.4944,28.575,0
7.4944,28.647,0
7.4944,28.719,0
7.4944,28.792,0
7.4944,28.864,0
7.4944,28.937,0
7.4944,29.009,0
7.4944,29.081,0
7.4944,29.154,0
7.4944,29.226,0
7.4944,29.299,0
7.4944,29.371,0
7.4944,29.444,0
7.4944,29.516,0
7.4944,29.588,0
7.4944,29.661,0
7.4944,29.733,0
7.4944,29.806,0
7.4944,29.878,0
7.4944,29.95,0
7.4944,30.023,0
7.4944,30.095,0
7.4944,30.168,0
7.4944,30.24,0
7.4944,30.312,0
7.4944,30.385,0
7.4944,30.457,0
7.4944,30.53,0
7.4944,30.602,0
7.5323,27.778,0
7.5323,27.851,0
7.5323,27.923,0
7.5323,27.995,0
7.5323,28.068,0
7.5323,28.14,0
7.5323,28.213,0
7.5323,28.285,0
7.5323,28.357,0
7.5323,28.43,0
7.5323,28.502,0
7.5323,28.575,0
7.5323,28.647,0
7.5323,28.719,0
7.5323,28.792,0
7.5323,28.864,0
7.5323,28.937,0
7.5323,29.009,0
7.5323,29.081,0
7.5323,29.154,0
7.5323,29.226,0
7.5323,29.299,0
7.5323,29.371,0
7.5323,29.444,0
7.5323,29.516,0
7.5323,29.588,0
7.5323,29.661,0
7.5323,29.733,0
7.5323,29.806,0
7.5323,29.878,0
7.5323,29.95,0
7.5323,30.023,0
7.5323,30.095,0
7.5323,30.168,0
7.5323,30.24,0
7.5323,30.312,0
7.5323,30.385,0
7.5323,30.457,0
7.5323,30.53,0
7.5323,30.602,0
7.5702,27.778,0
7.5702,27.851,0
7.5702,27.923,0
7.5702,27.995,0
7.5702,28.068,0
7.5702,28.14,0
7.5702,28.213,0
7.5702,28.285,0
7.5702,28.357,0
7.5702,28.43,0
7.5702,28.502,0
7.5702,28.575,0
7.5702,28.647,0
7.5702,28.719,0
7.5702,28.792,0
7.5702,28.864,0
7.5702,28.937,0
7.5702,29.009,0
7.5702,29.081,0
7.5702,29.154,0
7.5702,29.226,0
7.5702,29.299,0
7.5702,29.371,0
7.5702,29.444,0
7.5702,29.516,0
7.5702,29.588,0
7.5702,29.661,0
7.5702,29.733,0
7.5702,29.806,0
7.5702,29.878,0
7.5702,29.95,0
7.5702,30.023,0
7.5702,30.095,0
7.5702,30.168,0
7.5702,30.24,0
7.5702,30.312,0
7.5702,30.385,0
7.5702,30.457,0
7.5702,30.53,0
7.5702,30.602,0
7.608,27.778,0
7.608,27.851,0
7.608,27.923,0
7.608,27.995,0
7.608,28.068,0
7.608,28.14,0
7.608,28.213,0
7.608,28.285,0
7.608,28.357,0
7.608,28.43,0
7.608,28.502,0
7.608,28.575,0
7.608,28.647,0
7.608,28.719,0
7.608,28.792,0
7.608,28.864,0
7.608,28.937,0
7.608,29.009,0
7.608,29.081,0
7.608,29.154,0
7.608,29.226,0
7.608,29.299,0
7.608,29.371,0
7.608,29.444,0
7.608,29.516,0
7.608,29.588,0
7.608,29.661,0
7.608,29.733,0
7.608,29.806,0
7.608,29.878,0
7.608,29.95,0
7.608,30.023,0
7.608,30.095,0
7.608,30.168,0
7.608,30.24,0
7.608,30.312,0
7.608,30.385,0
7.608,30.457,0
7.608,30.53,0
7.608,30.602,0
7.6459,27.778,0
7.6459,27.851,0
7.6459,27.923,0
7.6459,27.995,0
7.6459,28.068,0
7.6459,28.14,0
7.6459,28.213,0
7.6459,28.285,0
7.6459,28.357,0
7.6459,28.43,0
7.6459,28.502,0
7.6459,28.575,0
7.6459,28.647,0
7.6459,28.719,0
7.6459,28.792,0
7.6459,28.864,0
7.6459,28.937,0
7.6459,29.009,0
7.6459,29.081,0
7.6459,29.154,0
7.6459,29.226,0
7.6459,29.299,0
7.6459,29.371,0
7.6459,29.444,0
7.6459,29.516,0
7.6459,29.588,0
7.6459,29.661,0
7.6459,29.733,0
7.6459,29.806,0
7.6459,29.878,0
7.6459,29.95,0
7.6459,30.023,0
7.6459,30.095,0
7.6459,30.168,0
7.6459,30.24,0
7.6459,30.312,0
7.6459,30.385,0
7.6459,30.457,0
7.6459,30.53,0
7.6459,30.602,0
7.6838,27.778,0
7.6838,27.851,0
7.6838,27.923,0
7.6838,27.995,0
7.6838,28.068,0
7.6838,28.14,0
7.6838,28.213,0
7.6838,28.285,0
7.6838,28.357,0
7.6838,28.43,0
7.6838,28.502,0
7.6838,28.575,0
7.6838,28.647,0
7.6838,28.719,0
7.6838,28.792,0
7.6838,28.864,0
7.6838,28.937,0
7.6838,29.009,0
7.6838,29.081,0
7.6838,29.154,0
7.6838,29.226,0
7.6838,29.299,0
7.6838,29.371,0
7.6838,29.444,0
7.6838,29.516,0
7.6838,29.588,0
7.6838,29.661,0
7.6838,29.733,0
7.6838,29.806,0
7.6838,29.878,0
7.6838,29.95,0
7.6838,30.023,0
7.6838,30.095,0
7.6838,30.168,0
7.6838,30.24,0
7.6838,30.312,0
7.6838,30.385,0
7.6838,30.457,0
7.6838,30.53,0
7.6838,30.602,0
7.7217,27.778,0
7.7217,27.851,0
7.7217,27.923,0
7.7217,27.995,0
7.7217,28.068,0
7.7217,28.14,0
7.7217,28.213,0
7.7217,28.285,0
7.7217,28.357,0
7.7217,28.43,0
7.7217,28.502,0
7.7217,28.575,0
7.7217,28.647,0
7.7217,28.719,0
7.7217,28.792,0
7.7217,28.864,0
7.7217,28.937,0
7.7217,29.009,0
7.7217,29.081,0
7.7217,29.154,0
7.7217,29.226,0
7.7217,29.299,0
7.7217,29.371,0
7.7217,29.444,0
7.7217,29.516,0
7.7217,29.588,0
7.7217,29.661,0
7.7217,29.733,0
7.7217,29.806,0
7.7217,29.878,0
7.7217,29.95,0
7.7217,30.023,0
7.7217,30.095,0
7.7217,30.168,0
7.7217,30.24,0
7.7217,30.312,0
7.7217,30.385,0
7.7217,30.457,0
7.7217,30.53,0
7.7217,30.602,0
7.7596,27.778,0
7.7596,27.851,0
7.7596,27.923,0
7.7596,27.995,0
7.7596,28.068,0
7.7596,28.14,0
7.7596,28.213,0
7.7596,28.285,0
7.7596,28.357,0
7.7596,28.43,0
7.7596,28.502,0
7.7596,28.575,0
7.7596,28.647,0
7.7596,28.719,0
7.7596,28.792,0
7.7596,28.864,0
7.7596,28.937,0
7.7596,29.009,0
7.7596,29.081,0
7.7596,29.154,0
7.7596,29.226,0
7.7596,29.299,0
7.7596,29.371,0
7.7596,29.444,0
7.7596,29.516,0
7.7596,29.588,0
7.7596,29.661,0
7.7596,29.733,0
7.7596,29.806,0
7.7596,29.878,0
7.7596,29.95,0
7.7596,30.023,0
7.7596,30.095,0
7.7596,30.168,0
7.7596,30.24,0
7.7596,30.312,0
7.7596,30.385,0
7.7596,30.457,0
7.7596,30.53,0
7.7596,30.602,0
7.7974,27.778,0
7.7974,27.851,0
7.7974,27.923,0
7.7974,27.995,0
7.7974,28.068,0
7.7974,28.14,0
7.7974,28.213,0
7.7974,28.285,0
7.7974,28.357,0
7.7974,28.43,0
7.7974,28.502,0
7.7974,28.575,0
7.7974,28.647,0
7.7974,28.719,0
7.7974,28.792,0
7.7974,28.864,0
7.7974,28.937,0
7.7974,29.009,0
7.7974,29.081,0
7.7974,29.154,0
7.7974,29.226,0
7.7974,29.299,0
7.7974,29.371,0
7.7974,29.444,0
7.7974,29.516,0
7.7974,29.588,0
7.7974,29.661,0
7.7974,29.733,0
7.7974,29.806,0
7.7974,29.878,0
7.7974,29.95,0
7.7974,30.023,0
7.7974,30.095,0
7.7974,30.168,0
7.7974,30.24,0
7.7974,30.312,0
7.7974,30.385,0
7.7974,30.457,0
7.7974,30.53,0
7.7974,30.602,0
7.8353,27.778,0
7.8353,27.851,0
7.8353,27.923,0
7.8353,27.995,0
7.8353,28.068,0
7.8353,28.14,0
7.8353,28.213,0
7.8353,28.285,0
7.8353,28.357,0
7.8353,28.43,0
7.8353,28.502,0
7.8353,28.575,0
7.8353,28.647,0
7.8353,28.719,0
7.8353,28.792,0
7.8353,28.864,0
7.8353,28.937,0
7.8353,29.009,0
7.8353,29.081,0
7.8353,29.154,0
7.8353,29.226,0
7.8353,29.299,0
7.8353,29.371,0
7.8353,29.444,0
7.8353,29.516,0
7.8353,29.588,0
7.8353,29.661,0
7.8353,29.733,0
7.8353,29.806,0
7.8353,29.878,0
7.8353,29.95,0
7.8353,30.023,0
7.8353,30.095,0
7.8353,30.168,0
7.8353,30.24,0
7.8353,30.312,0
7.8353,30.385,0
7.8353,30.457,0
7.8353,30.53,0
7.8353,30.602,0
7.8732,27.778,0
7.8732,27.851,0
7.8732,27.923,0
7.8732,27.995,0
7.8732,28.068,0
7.8732,28.14,0
7.8732,28.213,0
7.8732,28.285,0
7.8732,28.357,0
7.8732,28.43,0
7.8732,28.502,0
7.8732,28.575,0
7.8732,28.647,0
7.8732,28.719,0
7.8732,28.792,0
7.8732,28.864,0
7.8732,28.937,0
7.8732,29.009,0
7.8732,29.081,0
7.8732,29.154,0
7.8732,29.226,0
7.8732,29.299,0
7.8732,29.371,0
7.8732,29.444,0
7.8732,29.516,0
7.8732,29.588,0
7.8732,29.661,0
7.8732,29.733,0
7.8732,29.806,0
7.8732,29.878,0
7.8732,29.95,0
7.8732,30.023,0
7.8732,30.095,0
7.8732,30.168,0
7.8732,30.24,0
7.8732,30.312,0
7.8732,30.385,0
7.8732,30.457,0
7.8732,30.53,0
7.8732,30.602,0
7.9111,27.778,0
7.9111,27.851,0
7.9111,27.923,0
7.9111,27.995,0
7.9111,28.068,0
7.9111,28.14,0
7.9111,28.213,0
7.9111,28.285,0
7.9111,28.357,0
7.9111,28.43,0
7.9111,28.502,0
7.9111,28.575,0
7.9111,28.647,0
7.9111,28.719,0
7.9111,28.792,0
7.9111,28.864,0
7.9111,28.937,0
7.9111,29.009,0
7.9111,29.081,0
7.9111,29.154,0
7.9111,29.226,0
7.9111,29.299,0
7.9111,29.371,0
7.9111,29.444,0
7.9111,29.516,0
7.9111,29.588,0
7.9111,29.661,0
7.9111,29.733,0
7.9111,29.806,0
7.9111,29.878,0
7.9111,29.95,0
7.9111,30.023,0
7.9111,30.095,0
7.9111,30.168,0
7.9111,30.24,0
7.9111,30.312,0
7.9111,30.385,0
7.9111,30.457,0
7.9111,30.53,0
7.9111,30.602,0
7.9489,27.778,0
7.9489,27.851,0
7.9489,27.923,0
7.9489,27.995,0
7.9489,28.068,0
7.9489,28.14,0
7.9489,28.213,0
7.9489,28.285,0
7.9489,28.357,0
7.9489,28.43,0
7.9489,28.502,0
7.9489,28.575,0
7.9489,28.647,0
7.9489,28.719,0
7.9489,28.792,0
7.9489,28.864,0
7.9489,28.937,0
7.9489,29.009,0
7.9489,29.081,0
7.9489,29.154,0
7.9489,29.226,0
7.9489,29.299,0
7.9489,29.371,0
7.9489,29.444,0
7.9489,29.516,0
7.9489,29.588,0
7.9489,29.661,0
7.9489,29.733,0
7.9489,29.806,0
7.9489,29.878,0
7.9489,29.95,0
7.9489,30.023,0
7.9489,30.095,0
7.9489,30.168,0
7.9489,30.24,0
7.9489,30.312,0
7.9489,30.385,0
7.9489,30.457,0
7.9489,30.53,0
7.9489,30.602,0
7.9868,27.778,0
7.9868,27.851,0
7.9868,27.923,0
7.9868,27.995,0
7.9868,28.068,0
7.9868,28.14,0
7.9868,28.213,0
7.9868,28.285,0
7.9868,28.357,0
7.9868,28.43,0
7.9868,28.502,0
7.9868,28.575,0
7.9868,28.647,0
7.9868,28.719,0
7.9868,28.792,0
7.9868,28.864,0
7.9868,28.937,0
7.9868,29.009,0
7.9868,29.081,0
7.9868,29.154,0
7.9868,29.226,0
7.9868,29.299,0
7.9868,29.371,0
7.9868,29.444,0
7.9868,29.516,0
7.9868,29.588,0
7.9868,29.661,0
7.9868,29.733,0
7.9868,29.806,0
7.9868,29.878,0
7.9868,29.95,0
7.9868,30.023,0
7.9868,30.095,0
7.9868,30.168,0
7.9868,30.24,0
7.9868,30.312,0
7.9868,30.385,0
7.9868,30.457,0
7.9868,30.53,0
7.9868,30.602,0
8.0247,27.778,0
8.0247,27.851,0
8.0247,27.923,0
8.0247,27.995,0
8.0247,28.068,0
8.0247,28.14,0
8.0247,28.213,0
8.0247,28.285,0
8.0247,28.357,0
8.0247,28.43,0
8.0247,28.502,0
8.0247,28.575,0
8.0247,28.647,0
8.0247,28.719,0
8.0247,28.792,0
8.0247,28.864,0
8.0247,28.937,0
8.0247,29.009,0
8.0247,29.081,0
8.0247,29.154,0
8.0247,29.226,0
8.0247,29.299,0
8.0247,29.371,0
8.0247,29.444,0
8.0247,29.516,0
8.0247,29.588,0
8.0247,29.661,0
8.0247,29.733,0
8.0247,29.806,0
8.0247,29.878,0
8.0247,29.95,0
8.0247,30.023,0
8.0247,30.095,0
8.0247,30.168,0
8.0247,30.24,0
8.0247,30.312,0
8.0247,30.385,0
8.0247,30.457,0
8.0247,30.53,0
8.0247,30.602,0
8.0626,27.778,0
8.0626,27.851,0
8.0626,27.923,0
8.0626,27.995,0
8.0626,28.068,0
8.0626,28.14,0
8.0626,28.213,0
8.0626,28.285,0
8.0626,28.357,0
8.0626,28.43,0
8.0626,28.502,0
8.0626,28.575,0
8.0626,28.647,0
8.0626,28.719,0
8.0626,28.792,0
8.0626,28.864,0
8.0626,28.937,0
8.0626,29.009,0
8.0626,29.081,0
8.0626,29.154,0
8.0626,29.226,0
8.0626,29.299,0
8.0626,29.371,0
8.0626,29.444,0
8.0626,29.516,0
8.0626,29.588,0
8.0626,29.661,0
8.0626,29.733,0
8.0626,29.806,0
8.0626,29.878,0
8.0626,29.95,0
8.0626,30.023,0
8.0626,30.095,0
8.0626,30.168,0
8.0626,30.24,0
8.0626,30.312,0
8.0626,30.385,0
8.0626,30.457,0
8.0626,30.53,0
8.0626,30.602,0
8.1005,27.778,0
8.1005,27.851,0
8.1005,27.923,0
8.1005,27.995,0
8.1005,28.068,0
8.1005,28.14,0
8.1005,28.213,0
8.1005,28.285,0
8.1005,28.357,0
8.1005,28.43,0
8.1005,28.502,0
8.1005,28.575,0
8.1005,28.647,0
8.1005,28.719,0
8.1005,28.792,0
8.1005,28.864,0
8.1005,28.937,0
8.1005,29.009,0
8.1005,29.081,0
8.1005,29.154,0
8.1005,29.226,0
8.1005,29.299,0
8.1005,29.371,0
8.1005,29.444,0
8.1005,29.516,0
8.1005,29.588,0
8.1005,29.661,0
8.1005,29.733,0
8.1005,29.806,0
8.1005,29.878,0
8.1005,29.95,0
8.1005,30.023,0
8.1005,30.095,0
8.1005,30.168,0
8.1005,30.24,0
8.1005,30.312,0
8.1005,30.385,0
8.1005,30.457,0
8.1005,30.53,0
8.1005,30.602,0
8.1383,27.778,0
8.1383,27.851,0
8.1383,27.923,0
8.1383,27.995,0
8.1383,28.068,0
8.1383,28.14,0
8.1383,28.213,0
8.1383,28.285,0
8.1383,28.357,0
8.1383,28.43,0
8.1383,28.502,0
8.1383,28.575,0
8.1383,28.647,0
8.1383,28.719,0
8.1383,28.792,0
8.1383,28.864,0
8.1383,28.937,0
8.1383,29.009,0
8.1383,29.081,0
8.1383,29.154,0
8.1383,29.226,0
8.1383,29.299,0
8.1383,29.371,0
8.1383,29.444,0
8.1383,29.516,0
8.1383,29.588,0
8.1383,29.661,0
8.1383,29.733,0
8.1383,29.806,0
8.1383,29.878,0
8.1383,29.95,0
8.1383,30.023,0
8.1383,30.095,0
8.1383,30.168,0
8.1383,30.24,0
8.1383,30.312,0
8.1383,30.385,0
8.1383,30.457,0
8.1383,30.53,0
8.1383,30.602,0
8.1762,27.778,0
8.1762,27.851,0
8.1762,27.923,0
8.1762,27.995,0
8.1762,28.068,0
8.1762,28.14,0
8.1762,28.213,0
8.1762,28.285,0
8.1762,28.357,0
8.1762,28.43,0
8.1762,28.502,0
8.1762,28.575,0
8.1762,28.647,0
8.1762,28.719,0
8.1762,28.792,0
8.1762,28.864,0
8.1762,28.937,0
8.1762,29.009,0
8.1762,29.081,0
8.1762,29.154,0
8.1762,29.226,0
8.1762,29.299,0
8.1762,29.371,0
8.1762,29.444,0
8.1762,29.516,0
8.1762,29.588,0
8.1762,29.661,0
8.1762,29.733,0
8.1762,29.806,0
8.1762,29.878,0
8.1762,29.95,0
8.1762,30.023,0
8.1762,30.095,0
8.1762,30.168,0
8.1762,30.24,0
8.1762,30.312,0
8.1762,30.385,0
8.1762,30.457,0
8.1762,30.53,0
8.1762,30.602,0
8.2141,27.778,0
8.2141,27.851,0
8.2141,27.923,0
8.2141,27.995,0
8.2141,28.068,0
8.2141,28.14,0
8.2141,28.213,0
8.2141,28.285,0
8.2141,28.357,0
8.2141,28.43,0
8.2141,28.502,0
8.2141,28.575,0
8.2141,28.647,0
8.2141,28.719,0
8.2141,28.792,0
8.2141,28.864,0
8.2141,28.937,0
8.2141,29.009,0
8.2141,29.081,0
8.2141,29.154,0
8.2141,29.226,0
8.2141,29.299,0
8.2141,29.371,0
8.2141,29.444,0
8.2141,29.516,0
8.2141,29.588,0
8.2141,29.661,0
8.2141,29.733,0
8.2141,29.806,0
8.2141,29.878,0
8.2141,29.95,0
8.2141,30.023,0
8.2141,30.095,0
8.2141,30.168,0
8.2141,30.24,0
8.2141,30.312,0
8.2141,30.385,0
8.2141,30.457,0
8.2141,30.53,0
8.2141,30.602,0
8.252,27.778,0
8.252,27.851,0
8.252,27.923,0
8.252,27.995,0
8.252,28.068,0
8.252,28.14,0
8.252,28.213,0
8.252,28.285,0
8.252,28.357,0
8.252,28.43,0
8.252,28.502,0
8.252,28.575,0
8.252,28.647,0
8.252,28.719,0
8.252,28.792,0
8.252,28.864,0
8.252,28.937,0
8.252,29.009,0
8.252,29.081,0
8.252,29.154,0
8.252,29.226,0
8.252,29.299,0
8.252,29.371,0
8.252,29.444,0
8.252,29.516,0
8.252,29.588,0
8.252,29.661,0
8.252,29.733,0
8.252,29.806,0
8.252,29.878,0
8.252,29.95,0
8.252,30.023,0
8.252,30.095,0
8.252,30.168,0
8.252,30.24,0
8.252,30.312,0
8.252,30.385,0
8.252,30.457,0
8.252,30.53,0
8.252,30.602,0
8.2898,27.778,0
8.2898,27.851,0
8.2898,27.923,0
8.2898,27.995,0
8.2898,28.068,0
8.2898,28.14,0
8.2898,28.213,0
8.2898,28.285,0
8.2898,28.357,0
8.2898,28.43,0
8.2898,28.502,0
8.2898,28.575,0
8.2898,28.647,0
8.2898,28.719,0
8.2898,28.792,0
8.2898,28.864,0
8.2898,28.937,0
8.2898,29.009,0
8.2898,29.081,0
8.2898,29.154,0
8.2898,29.226,0
8.2898,29.299,0
8.2898,29.371,0
8.2898,29.444,0
8.2898,29.516,0
8.2898,29.588,0
8.2898,29.661,0
8.2898,29.733,0
8.2898,29.806,0
8.2898,29.878,0
8.2898,29.95,0
8.2898,30.023,0
8.2898,30.095,0
8.2898,30.168,0
8.2898,30.24,0
8.2898,30.312,0
8.2898,30.385,0
8.2898,30.457,0
8.2898,30.53,0
8.2898,30.602,0
8.3277,27.778,0
8.3277,27.851,0
8.3277,27.923,0
8.3277,27.995,0
8.3277,28.068,0
8.3277,28.14,0
8.3277,28.213,0
8.3277,28.285,0
8.3277,28.357,0
8.3277,28.43,0
8.3277,28.502,0
8.3277,28.575,0
8.3277,28.647,0
8.3277,28.719,0
8.3277,28.792,0
8.3277,28.864,0
8.3277,28.937,0
8.3277,29.009,0
8.3277,29.081,0
8.3277,29.154,0
8.3277,29.226,0
8.3277,29.299,0
8.3277,29.371,0
8.3277,29.444,0
8.3277,29.516,0
8.3277,29.588,0
8.3277,29.661,0
8.3277,29.733,0
8.3277,29.806,0
8.3277,29.878,0
8.3277,29.95,0
8.3277,30.023,0
8.3277,30.095,0
8.3277,30.168,0
8.3277,30.24,0
8.3277,30.312,0
8.3277,30.385,0
8.3277,30.457,0
8.3277,30.53,0
8.3277,30.602,0
8.3656,27.778,0
8.3656,27.851,0
8.3656,27.923,0
8.3656,27.995,0
8.3656,28.068,0
8.3656,28.14,0
8.3656,28.213,0
8.3656,28.285,0
8.3656,28.357,0
8.3656,28.43,0
8.3656,28.502,0
8.3656,28.575,0
8.3656,28.647,0
8.3656,28.719,0
8.3656,28.792,0
8.3656,28.864,0
8.3656,28.937,0
8.3656,29.009,0
8.3656,29.081,0
8.3656,29.154,0
8.3656,29.226,0
8.3656,29.299,0
8.3656,29.371,0
8.3656,29.444,0
8.3656,29.516,0
8.3656,29.588,0
8.3656,29.661,0
8.3656,29.733,0
8.3656,29.806,0
8.3656,29.878,0
8.3656,29.95,0
8.3656,30.023,0
8.3656,30.095,0
8.3656,30.168,0
8.3656,30.24,0
8.3656,30.312,0
8.3656,30.385,0
8.3656,30.457,0
8.3656,30.53,0
8.3656,30.602,0
8.4035,27.778,0
8.4035,27.851,0
8.4035,27.923,0
8.4035,27.995,0
8.4035,28.068,0
8.4035,28.14,0
8.4035,28.213,0
8.4035,28.285,0
8.4035,28.357,0
8.4035,28.43,0
8.4035,28.502,0
8.4035,28.575,0
8.4035,28.647,0
8.4035,28.719,0
8.4035,28.792,0
8.4035,28.864,0
8.4035,28.937,0
8.4035,29.009,0
8.4035,29.081,0
8.4035,29.154,0
8.4035,29.226,0
8.4035,29.299,0
8.4035,29.371,0
8.4035,29.444,0
8.4035,29.516,0
8.4035,29.588,0
8.4035,29.661,0
8.4035,29.733,0
8.4035,29.806,0
8.4035,29.878,0
8.4035,29.95,0
8.4035,30.023,0
8.4035,30.095,0
8.4035,30.168,0
8.4035,30.24,0
8.4035,30.312,0
8.4035,30.385,0
8.4035,30.457,0
8.4035,30.53,0
8.4035,30.602,0
8.4414,27.778,0
8.4414,27.851,0
8.4414,27.923,0
8.4414,27.995,0
8.4414,28.068,0
8.4414,28.14,0
8.4414,28.213,0
8.4414,28.285,0
8.4414,28.357,0
8.4414,28.43,0
8.4414,28.502,0
8.4414,28.575,0
8.4414,28.647,0
8.4414,28.719,0
8.4414,28.792,0
8.4414,28.864,0
8.4414,28.937,0
8.4414,29.009,0
8.4414,29.081,0
8.4414,29.154,0
8.4414,29.226,0
8.4414,29.299,0
8.4414,29.371,0
8.4414,29.444,0
8.4414,29.516,0
8.4414,29.588,0
8.4414,29.661,0
8.4414,29.733,0
8.4414,29.806,0
8.4414,29.878,0
8.4414,29.95,0
8.4414,30.023,0
8.4414,30.095,0
8.4414,30.168,0
8.4414,30.24,0
8.4414,30.312,0
8.4414,30.385,0
8.4414,30.457,0
8.4414,30.53,0
8.4414,30.602,0
8.4792,27.778,0
8.4792,27.851,0
8.4792,27.923,0
8.4792,27.995,0
8.4792,28.068,0
8.4792,28.14,0
8.4792,28.213,0
8.4792,28.285,0
8.4792,28.357,0
8.4792,28.43,0
8.4792,28.502,0
8.4792,28.575,0
8.4792,28.647,0
8.4792,28.719,0
8.4792,28.792,0
8.4792,28.864,0
8.4792,28.937,0
8.4792,29.009,0
8.4792,29.081,0
8.4792,29.154,0
8.4792,29.226,0
8.4792,29.299,0
8.4792,29.371,0
8.4792,29.444,0
8.4792,29.516,0
8.4792,29.588,0
8.4792,29.661,0
8.4792,29.733,0
8.4792,29.806,0
8.4792,29.878,0
8.4792,29.95,0
8.4792,30.023,0
8.4792,30.095,0
8.4792,30.168,0
8.4792,30.24,0
8.4792,30.312,0
8.4792,30.385,0
8.4792,30.457,0
8.4792,30.53,0
8.4792,30.602,0
8.5171,27.778,0
8.5171,27.851,0
8.5171,27.923,0
8.5171,27.995,0
8.5171,28.068,0
8.5171,28.14,0
8.5171,28.213,0
8.5171,28.285,0
8.5171,28.357,0
8.5171,28.43,0
8.5171,28.502,0
8.5171,28.575,0
8.5171,28.647,0
8.5171,28.719,0
8.5171,28.792,0
8.5171,28.864,0
8.5171,28.937,0
8.5171,29.009,0
8.5171,29.081,0
8.5171,29.154,0
8.5171,29.226,0
8.5171,29.299,0
8.5171,29.371,0
8.5171,29.444,0
8.5171,29.516,0
8.5171,29.588,0
8.5171,29.661,0
8.5171,29.733,0
8.5171,29.806,0
8.5171,29.878,0
8.5171,29.95,0
8.5171,30.023,0
8.5171,30.095,0
8.5171,30.168,0
8.5171,30.24,0
8.5171,30.312,0
8.5171,30.385,0
8.5171,30.457,0
8.5171,30.53,0
8.5171,30.602,0
8.555,27.778,0
8.555,27.851,0
8.555,27.923,0
8.555,27.995,0
8.555,28.068,0
8.555,28.14,0
8.555,28.213,0
8.555,28.285,0
8.555,28.357,0
8.555,28.43,0
8.555,28.502,0
8.555,28.575,0
8.555,28.647,0
8.555,28.719,0
8.555,28.792,0
8.555,28.864,0
8.555,28.937,0
8.555,29.009,0
8.555,29.081,0
8.555,29.154,0
8.555,29.226,0
8.555,29.299,0
8.555,29.371,0
8.555,29.444,0
8.555,29.516,0
8.555,29.588,0
8.555,29.661,0
8.555,29.733,0
8.555,29.806,0
8.555,29.878,0
8.555,29.95,0
8.555,30.023,0
8.555,30.095,0
8.555,30.168,0
8.555,30.24,0
8.555,30.312,0
8.555,30.385,0
8.555,30.457,0
8.555,30.53,0
8.555,30.602,0
8.5929,27.778,0
8.5929,27.851,0
8.5929,27.923,0
8.5929,27.995,0
8.5929,28.068,0
8.5929,28.14,0
8.5929,28.213,0
8.5929,28.285,0
8.5929,28.357,0
8.5929,28.43,0
8.5929,28.502,0
8.5929,28.575,0
8.5929,28.647,0
8.5929,28.719,0
8.5929,28.792,0
8.5929,28.864,0
8.5929,28.937,0
8.5929,29.009,0
8.5929,29.081,0
8.5929,29.154,0
8.5929,29.226,0
8.5929,29.299,0
8.5929,29.371,0
8.5929,29.444,0
8.5929,29.516,0
8.5929,29.588,0
8.5929,29.661,0
8.5929,29.733,0
8.5929,29.806,0
8.5929,29.878,0
8.5929,29.95,0
8.5929,30.023,0
8.5929,30.095,0
8.5929,30.168,0
8.5929,30.24,0
8.5929,30.312,0
8.5929,30.385,0
8.5929,30.457,0
8.5929,30.53,0
8.5929,30.602,0
8.6307,27.778,0
8.6307,27.851,0
8.6307,27.923,0
8.6307,27.995,0
8.6307,28.068,0
8.6307,28.14,0
8.6307,28.213,0
8.6307,28.285,0
8.6307,28.357,0
8.6307,28.43,0
8.6307,28.502,0
8.6307,28.575,0
8.6307,28.647,0
8.6307,28.719,0
8.6307,28.792,0
8.6307,28.864,0
8.6307,28.937,0
8.6307,29.009,0
8.6307,29.081,0
8.6307,29.154,0
8.6307,29.226,0
8.6307,29.299,0
8.6307,29.371,0
8.6307,29.444,0
8.6307,29.516,0
8.6307,29.588,0
8.6307,29.661,0
8.6307,29.733,0
8.6307,29.806,0
8.6307,29.878,0
8.6307,29.95,0
8.6307,30.023,0
8.6307,30.095,0
8.6307,30.168,0
8.6307,30.24,0
8.6307,30.312,0
8.6307,30.385,0
8.6307,30.457,0
8.6307,30.53,0
8.6307,30.602,0
8.6686,27.778,0
8.6686,27.851,0
8.6686,27.923,0
8.6686,27.995,0
8.6686,28.068,0
8.6686,28.14,0
8.6686,28.213,0
8.6686,28.285,0
8.6686,28.357,0
8.6686,28.43,0
8.6686,28.502,0
8.6686,28.575,0
8.6686,28.647,0
8.6686,28.719,0
8.6686,28.792,0
8.6686,28.864,0
8.6686,28.937,0
8.6686,29.009,0
8.6686,29.081,0
8.6686,29.154,0
8.6686,29.226,0
8.6686,29.299,0
8.6686,29.371,0
8.6686,29.444,0
8.6686,29.516,0
8.6686,29.588,0
8.6686,29.661,0
8.6686,29.733,0
8.6686,29.806,0
8.6686,29.878,0
8.6686,29.95,0
8.6686,30.023,0
8.6686,30.095,0
8.6686,30.168,0
8.6686,30.24,0
8.6686,30.312,0
8.6686,30.385,0
8.6686,30.457,0
8.6686,30.53,0
8.6686,30.602,0
8.7065,27.778,0
8.7065,27.851,0
8.7065,27.923,0
8.7065,27.995,0
8.7065,28.068,0
8.7065,28.14,0
8.7065,28.213,0
8.7065,28.285,0
8.7065,28.357,0
8.7065,28.43,0
8.7065,28.502,0
8.7065,28.575,0
8.7065,28.647,0
8.7065,28.719,0
8.7065,28.792,0
8.7065,28.864,0
8.7065,28.937,0
8.7065,29.009,0
8.7065,29.081,0
8.7065,29.154,0
8.7065,29.226,0
8.7065,29.299,0
8.7065,29.371,0
8.7065,29.444,0
8.7065,29.516,0
8.7065,29.588,0
8.7065,29.661,0
8.7065,29.733,0
8.7065,29.806,0
8.7065,29.878,0
8.7065,29.95,0
8.7065,30.023,0
8.7065,30.095,0
8.7065,30.168,0
8.7065,30.24,0
8.7065,30.312,0
8.7065,30.385,0
8.7065,30.457,0
8.7065,30.53,0
8.7065,30.602,0
8.7444,27.778,0
8.7444,27.851,0
8.7444,27.923,0
8.7444,27.995,0
8.7444,28.068,0
8.7444,28.14,0
8.7444,28.213,0
8.7444,28.285,0
8.7444,28.357,0
8.7444,28.43,0
8.7444,28.502,0
8.7444,28.575,0
8.7444,28.647,0
8.7444,28.719,0
8.7444,28.792,0
8.7444,28.864,0
8.7444,28.937,0
8.7444,29.009,0
8.7444,29.081,0
8.7444,29.154,0
8.7444,29.226,0
8.7444,29.299,0
8.7444,29.371,0
8.7444,29.444,0
8.7444,29.516,0
8.7444,29.588,0
8.7444,29.661,0
8.7444,29.733,0
8.7444,29.806,0
8.7444,29.878,0
8.7444,29.95,0
8.7444,30.023,0
8.7444,30.095,0
8.7444,30.168,0
8.7444,30.24,0
8.7444,30.312,0
8.7444,30.385,0
8.7444,30.457,0
8.7444,30.53,0
8.7444,30.602,0
8.7823,27.778,0
8.7823,27.851,0
8.7823,27.923,0
8.7823,27.995,0
8.7823,28.068,0
8.7823,28.14,0
8.7823,28.213,0
8.7823,28.285,0
8.7823,28.357,0
8.7823,28.43,0
8.7823,28.502,0
8.7823,28.575,0
8.7823,28.647,0
8.7823,28.719,0
8.7823,28.792,0
8.7823,28.864,0
8.7823,28.937,0
8.7823,29.009,0
8.7823,29.081,0
8.7823,29.154,0
8.7823,29.226,0
8.7823,29.299,0
8.7823,29.371,0
8.7823,29.444,0
8.7823,29.516,0
8.7823,29.588,0
8.7823,29.661,0
8.7823,29.733,0
8.7823,29.806,0
8.7823,29.878,0
8.7823,29.95,0
8.7823,30.023,0
8.7823,30.095,0
8.7823,30.168,0
8.7823,30.24,0
8.7823,30.312,0
8.7823,30.385,0
8.7823,30.457,0
8.7823,30.53,0
8.7823,30.602,0
8.8201,27.778,0
8.8201,27.851,0
8.8201,27.923,0
8.8201,27.995,0
8.8201,28.068,0
8.8201,28.14,0
8.8201,28.213,0
8.8201,28.285,0
8.8201,28.357,0
8.8201,28.43,0
8.8201,28.502,0
8.8201,28.575,0
8.8201,28.647,0
8.8201,28.719,0
8.8201,28.792,0
8.8201,28.864,0
8.8201,28.937,0
8.8201,29.009,0
8.8201,29.081,0
8.8201,29.154,0
8.8201,29.226,0
8.8201,29.299,0
8.8201,29.371,0
8.8201,29.444,0
8.8201,29.516,0
8.8201,29.588,0
8.8201,29.661,0
8.8201,29.733,0
8.8201,29.806,0
8.8201,29.878,0
8.8201,29.95,0
8.8201,30.023,0
8.8201,30.095,0
8.8201,30.168,0
8.8201,30.24,0
8.8201,30.312,0
8.8201,30.385,0
8.8201,30.457,0
8.8201,30.53,0
8.8201,30.602,0
8.858,27.778,0
8.858,27.851,0
8.858,27.923,0
8.858,27.995,0
8.858,28.068,0
8.858,28.14,0
8.858,28.213,0
8.858,28.285,0
8.858,28.357,0
8.858,28.43,0
8.858,28.502,0
8.858,28.575,0
8.858,28.647,0
8.858,28.719,0
8.858,28.792,0
8.858,28.864,0
8.858,28.937,0
8.858,29.009,0
8.858,29.081,0
8.858,29.154,0
8.858,29.226,0
8.858,29.299,0
8.858,29.371,0
8.858,29.444,0
8.858,29.516,0
8.858,29.588,0
8.858,29.661,0
8.858,29.733,0
8.858,29.806,0
8.858,29.878,0
8.858,29.95,0
8.858,30.023,0
8.858,30.095,0
8.858,30.168,0
8.858,30.24,0
8.858,30.312,0
8.858,30.385,0
8.858,30.457,0
8.858,30.53,0
8.858,30.602,0
8.8959,27.778,0
8.8959,27.851,0
8.8959,27.923,0
8.8959,27.995,0
8.8959,28.068,0
8.8959,28.14,0
8.8959,28.213,0
8.8959,28.285,0
8.8959,28.357,0
8.8959,28.43,0
8.8959,28.502,0
8.8959,28.575,0
8.8959,28.647,0
8.8959,28.719,0
8.8959,28.792,0
8.8959,28.864,0
8.8959,28.937,0
8.8959,29.009,0
8.8959,29.081,0
8.8959,29.154,0
8.8959,29.226,0
8.8959,29.299,0
8.8959,29.371,0
8.8959,29.444,0
8.8959,29.516,0
8.8959,29.588,0
8.8959,29.661,0
8.8959,29.733,0
8.8959,29.806,0
8.8959,29.878,0
8.8959,29.95,0
8.8959,30.023,0
8.8959,30.095,0
8.8959,30.168,0
8.8959,30.24,0
8.8959,30.312,0
8.8959,30.385,0
8.8959,30.457,0
8.8959,30.53,0
8.8959,30.602,0
8.9338,27.778,0
8.9338,27.851,0
8.9338,27.923,0
8.9338,27.995,0
8.9338,28.068,0
8.9338,28.14,0
8.9338,28.213,0
8.9338,28.285,0
8.9338,28.357,0
8.9338,28.43,0
8.9338,28.502,0
8.9338,28.575,0
8.9338,28.647,0
8.9338,28.719,0
8.9338,28.792,0
8.9338,28.864,0
8.9338,28.937,0
8.9338,29.009,0
8.9338,29.081,0
8.9338,29.154,0
8.9338,29.226,0
8.9338,29.299,0
8.9338,29.371,0
8.9338,29.444,0
8.9338,29.516,0
8.9338,29.588,0
8.9338,29.661,0
8.9338,29.733,0
8.9338,29.806,0
8.9338,29.878,0
8.9338,29.95,0
8.9338,30.023,0
8.9338,30.095,0
8.9338,30.168,0
8.9338,30.24,0
8.9338,30.312,0
8.9338,30.385,0
8.9338,30.457,0
8.9338,30.53,0
8.9338,30.602,0
8.9717,27.778,0
8.9717,27.851,0
8.9717,27.923,0
8.9717,27.995,0
8.9717,28.068,0
8.9717,28.14,0
8.9717,28.213,0
8.9717,28.285,0
8.9717,28.357,0
8.9717,28.43,0
8.9717,28.502,0
8.9717,28.575,0
8.9717,28.647,0
8.9717,28.719,0
8.9717,28.792,0
8.9717,28.864,0
8.9717,28.937,0
8.9717,29.009,0
8.9717,29.081,0
8.9717,29.154,0
8.9717,29.226,0
8.9717,29.299,0
8.9717,29.371,0
8.9717,29.444,0
8.9717,29.516,0
8.9717,29.588,0
8.9717,29.661,0
8.9717,29.733,0
8.9717,29.806,0
8.9717,29.878,0
8.9717,29.95,0
8.9717,30.023,0
8.9717,30.095,0
8.9717,30.168,0
8.9717,30.24,0
8.9717,30.312,0
8.9717,30.385,0
8.9717,30.457,0
8.9717,30.53,0
8.9717,30.602,0
9.0095,27.778,0
9.0095,27.851,0
9.0095,27.923,0
9.0095,27.995,0
9.0095,28.068,0
9.0095,28.14,0
9.0095,28.213,0
9.0095,28.285,0
9.0095,28.357,0
9.0095,28.43,0
9.0095,28.502,0
9.0095,28.575,0
9.0095,28.647,0
9.0095,28.719,0
9.0095,28.792,0
9.0095,28.864,0
9.0095,28.937,0
9.0095,29.009,0
9.0095,29.081,0
9.0095,29.154,0
9.0095,29.226,0
9.0095,29.299,0
9.0095,29.371,0
9.0095,29.444,0
9.0095,29.516,0
9.0095,29.588,0
9.0095,29.661,0
9.0095,29.733,0
9.0095,29.806,0
9.0095,29.878,0
9.0095,29.95,0
9.0095,30.023,0
9.0095,30.095,0
9.0095,30.168,0
9.0095,30.24,0
9.0095,30.312,0
9.0095,30.385,0
9.0095,30.457,0
9.0095,30.53,0
9.0095,30.602,0
9.0474,27.778,0
9.0474,27.851,0
9.0474,27.923,0
9.0474,27.995,0
9.0474,28.068,0
9.0474,28.14,0
9.0474,28.213,0
9.0474,28.285,0
9.0474,28.357,0
9.0474,28.43,0
9.0474,28.502,0
9.0474,28.575,0
9.0474,28.647,0
9.0474,28.719,0
9.0474,28.792,0
9.0474,28.864,0
9.0474,28.937,0
9.0474,29.009,0
9.0474,29.081,0
9.0474,29.154,0
9.0474,29.226,0
9.0474,29.299,0
9.0474,29.371,0
9.0474,29.444,0
9.0474,29.516,0
9.0474,29.588,0
9.0474,29.661,0
9.0474,29.733,0
9.0474,29.806,0
9.0474,29.878,0
9.0474,29.95,0
9.0474,30.023,0
9.0474,30.095,0
9.0474,30.168,0
9.0474,30.24,0
9.0474,30.312,0
9.0474,30.385,0
9.0474,30.457,0
9.0474,30.53,0
9.0474,30.602,0
9.0853,27.778,0
9.0853,27.851,0
9.0853,27.923,0
9.0853,27.995,0
9.0853,28.068,0
9.0853,28.14,0
9.0853,28.213,0
9.0853,28.285,0
9.0853,28.357,0
9.0853,28.43,0
9.0853,28.502,0
9.0853,28.575,0
9.0853,28.647,0
9.0853,28.719,0
9.0853,28.792,0
9.0853,28.864,0
9.0853,28.937,0
9.0853,29.009,0
9.0853,29.081,0
9.0853,29.154,0
9.0853,29.226,0
9.0853,29.299,0
9.0853,29.371,0
9.0853,29.444,0
9.0853,29.516,0
9.0853,29.588,0
9.0853,29.661,0
9.0853,29.733,0
9.0853,29.806,0
9.0853,29.878,0
9.0853,29.95,0
9.0853,30.023,0
9.0853,30.095,0
9.0853,30.168,0
9.0853,30.24,0
9.0853,30.312,0
9.0853,30.385,0
9.0853,30.457,0
9.0853,30.53,0
9.0853,30.602,0
9.1232,27.778,0
9.1232,27.851,0
9.1232,27.923,0
9.1232,27.995,0
9.1232,28.068,0
9.1232,28.14,0
9.1232,28.213,0
9.1232,28.285,0
9.1232,28.357,0
9.1232,28.43,0
9.1232,28.502,0
9.1232,28.575,0
9.1232,28.647,0
9.1232,28.719,0
9.1232,28.792,0
9.1232,28.864,0
9.1232,28.937,0
9.1232,29.009,0
9.1232,29.081,0
9.1232,29.154,0
9.1232,29.226,0
9.1232,29.299,0
9.1232,29.371,0
9.1232,29.444,0
9.1232,29.516,0
9.1232,29.588,0
9.1232,29.661,0
9.1232,29.733,0
9.1232,29.806,0
9.1232,29.878,0
9.1232,29.95,0
9.1232,30.023,0
9.1232,30.095,0
9.1232,30.168,0
9.1232,30.24,0
9.1232,30.312,0
9.1232,30.385,0
9.1232,30.457,0
9.1232,30.53,0
9.1232,30.602,0
9.161,27.778,0
9.161,27.851,0
9.161,27.923,0
9.161,27.995,0
9.161,28.068,0
9.161,28.14,0
9.161,28.213,0
9.161,28.285,0
9.161,28.357,0
9.161,28.43,0
9.161,28.502,0
9.161,28.575,0
9.161,28.647,0
9.161,28.719,0
9.161,28.792,0
9.161,28.864,0
9.161,28.937,0
9.161,29.009,0
9.161,29.081,0
9.161,29.154,0
9.161,29.226,0
9.161,29.299,0
9.161,29.371,0
9.161,29.444,0
9.161,29.516,0
9.161,29.588,0
9.161,29.661,0
9.161,29.733,0
9.161,29.806,0
9.161,29.878,0
9.161,29.95,0
9.161,30.023,0
9.161,30.095,0
9.161,30.168,0
9.161,30.24,0
9.161,30.312,0
9.161,30.385,0
9.161,30.457,0
9.161,30.53,0
9.161,30.602,0
9.1989,27.778,0
9.1989,27.851,0
9.1989,27.923,0
9.1989,27.995,0
9.1989,28.068,0
9.1989,28.14,0
9.1989,28.213,0
9.1989,28.285,0
9.1989,28.357,0
9.1989,28.43,0
9.1989,28.502,0
9.1989,28.575,0
9.1989,28.647,0
9.1989,28.719,0
9.1989,28.792,0
9.1989,28.864,0
9.1989,28.937,0
9.1989,29.009,0
9.1989,29.081,0
9.1989,29.154,0
9.1989,29.226,0
9.1989,29.299,0
9.1989,29.371,0
9.1989,29.444,0
9.1989,29.516,0
9.1989,29.588,0
9.1989,29.661,0
9.1989,29.733,0
9.1989,29.806,0
9.1989,29.878,0
9.1989,29.95,0
9.1989,30.023,0
9.1989,30.095,0
9.1989,30.168,0
9.1989,30.24,0
9.1989,30.312,0
9.1989,30.385,0
9.1989,30.457,0
9.1989,30.53,0
9.1989,30.602,0
9.2368,27.778,0
9.2368,27.851,0
9.2368,27.923,0
9.2368,27.995,0
9.2368,28.068,0
9.2368,28.14,0
9.2368,28.213,0
9.2368,28.285,0
9.2368,28.357,10.333
9.2368,28.43,0
9.2368,28.502,0
9.2368,28.575,0
9.2368,28.647,0
9.2368,28.719,0
9.2368,28.792,0
9.2368,28.864,0
9.2368,28.937,0
9.2368,29.009,0
9.2368,29.081,0
9.2368,29.154,0
9.2368,29.226,0
9.2368,29.299,0
9.2368,29.371,0
9.2368,29.444,0
9.2368,29.516,0
9.2368,29.588,0
9.2368,29.661,0
9.2368,29.733,0
9.2368,29.806,0
9.2368,29.878,0
9.2368,29.95,0
9.2368,30.023,0
9.2368,30.095,0
9.2368,30.168,0
9.2368,30.24,0
9.2368,30.312,0
9.2368,30.385,0
9.2368,30.457,0
9.2368,30.53,0
9.2368,30.602,0
9.2747,27.778,0
9.2747,27.851,0
9.2747,27.923,0
9.2747,27.995,0
9.2747,28.068,0
9.2747,28.14,0
9.2747,28.213,0
9.2747,28.285,0
9.2747,28.357,10.457
9.2747,28.43,0
9.2747,28.502,0
9.2747,28.575,0
9.2747,28.647,0
9.2747,28.719,0
9.2747,28.792,0
9.2747,28.864,0
9.2747,28.937,0
9.2747,29.009,0
9.2747,29.081,0
9.2747,29.154,0
9.2747,29.226,0
9.2747,29.299,0
9.2747,29.371,0
9.2747,29.444,0
9.2747,29.516,0
9.2747,29.588,0
9.2747,29.661,0
9.2747,29.733,0
9.2747,29.806,0
9.2747,29.878,0
9.2747,29.95,0
9.2747,30.023,0
9.2747,30.095,0
9.2747,30.168,0
9.2747,30.24,0
9.2747,30.312,0
9.2747,30.385,0
9.2747,30.457,0
9.2747,30.53,0
9.2747,30.602,0
9.3126,27.778,0
9.3126,27.851,10.91
9.3126,27.923,0
9.3126,27.995,10.857
9.3126,28.068,0
9.3126,28.14,10.772
9.3126,28.213,10.717
9.3126,28.285,0
9.3126,28.357,10.579
9.3126,28.43,10.489
9.3126,28.502,0
9.3126,28.575,0
9.3126,28.647,0
9.3126,28.719,9.9376
9.3126,28.792,0
9.3126,28.864,0
9.3126,28.937,0
9.3126,29.009,0
9.3126,29.081,0
9.3126,29.154,0
9.3126,29.226,0
9.3126,29.299,0
9.3126,29.371,0
9.3126,29.444,0
9.3126,29.516,0
9.3126,29.588,0
9.3126,29.661,0
9.3126,29.733,0
9.3126,29.806,0
9.3126,29.878,0
9.3126,29.95,0
9.3126,30.023,0
9.3126,30.095,0
9.3126,30.168,0
9.3126,30.24,0
9.3126,30.312,0
9.3126,30.385,0
9.3126,30.457,0
9.3126,30.53,0
9.3126,30.602,0
9.3504,27.778,0
9.3504,27.851,10.993
9.3504,27.923,10.972
9.3504,27.995,10.949
9.3504,28.068,10.917
9.3504,28.14,10.874
9.3504,28.213,10.823
9.3504,28.285,0
9.3504,28.357,10.694
9.3504,28.43,10.613
9.3504,28.502,0
9.3504,28.575,10.401
9.3504,28.647,0
9.3504,28.719,10.105
9.3504,28.792,0
9.3504,28.864,0
9.3504,28.937,0
9.3504,29.009,0
9.3504,29.081,0
9.3504,29.154,0
9.3504,29.226,0
9.3504,29.299,0
9.3504,29.371,0
9.3504,29.444,0
9.3504,29.516,0
9.3504,29.588,0
9.3504,29.661,0
9.3504,29.733,0
9.3504,29.806,0
9.3504,29.878,0
9.3504,29.95,0
9.3504,30.023,0
9.3504,30.095,0
9.3504,30.168,0
9.3504,30.24,0
9.3504,30.312,0
9.3504,30.385,0
9.3504,30.457,0
9.3504,30.53,0
9.3504,30.602,0
9.3883,27.778,11.1
9.3883,27.851,11.081
9.3883,27.923,11.057
9.3883,27.995,11.042
9.3883,28.068,11.01
9.3883,28.14,10.973
9.3883,28.213,10.926
9.3883,28.285,10.871
9.3883,28.357,10.806
9.3883,28.43,10.735
9.3883,28.502,10.644
9.3883,28.575,10.54
9.3883,28.647,10.414
9.3883,28.719,10.268
9.3883,28.792,0
9.3883,28.864,9.9211
9.3883,28.937,0
9.3883,29.009,0
9.3883,29.081,0
9.3883,29.154,0
9.3883,29.226,0
9.3883,29.299,0
9.3883,29.371,0
9.3883,29.444,0
9.3883,29.516,0
9.3883,29.588,0
9.3883,29.661,0
9.3883,29.733,0
9.3883,29.806,0
9.3883,29.878,0
9.3883,29.95,0
9.3883,30.023,0
9.3883,30.095,0
9.3883,30.168,0
9.3883,30.24,0
9.3883,30.312,0
9.3883,30.385,0
9.3883,30.457,0
9.3883,30.53,0
9.3883,30.602,0
9.4262,27.778,11.185
9.4262,27.851,11.167
9.4262,27.923,11.145
9.4262,27.995,11.129
9.4262,28.068,11.102
9.4262,28.14,11.068
9.4262,28.213,11.027
9.4262,28.285,10.977
9.4262,28.357,10.917
9.4262,28.43,10.849
9.4262,28.502,10.768
9.4262,28.575,10.675
9.4262,28.647,10.558
9.4262,28.719,10.422
9.4262,28.792,10.261
9.4262,28.864,10.089
9.4262,28.937,0
9.4262,29.009,0
9.4262,29.081,0
9.4262,29.154,0
9.4262,29.226,0
9.4262,29.299,0
9.4262,29.371,0
9.4262,29.444,0
9.4262,29.516,0
9.4262,29.588,0
9.4262,29.661,0
9.4262,29.733,0
9.4262,29.806,0
9.4262,29.878,0
9.4262,29.95,0
9.4262,30.023,0
9.4262,30.095,0
9.4262,30.168,0
9.4262,30.24,0
9.4262,30.312,0
9.4262,30.385,0
9.4262,30.457,0
9.4262,30.53,0
9.4262,30.602,0
9.4641,27.778,11.269
9.4641,27.851,11.253
9.4641,27.923,11.233
9.4641,27.995,11.212
9.4641,28.068,11.195
9.4641,28.14,11.161
9.4641,28.213,11.127
9.4641,28.285,11.08
9.4641,28.357,11.025
9.4641,28.43,10.961
9.4641,28.502,10.887
9.4641,28.575,10.801
9.4641,28.647,10.696
9.4641,28.719,10.57
9.4641,28.792,10.423
9.4641,28.864,10.256
9.4641,28.937,0
9.4641,29.009,0
9.4641,29.081,0
9.4641,29.154,0
9.4641,29.226,0
9.4641,29.299,0
9.4641,29.371,0
9.4641,29.444,0
9.4641,29.516,0
9.4641,29.588,0
9.4641,29.661,0
9.4641,29.733,0
9.4641,29.806,0
9.4641,29.878,0
9.4641,29.95,0
9.4641,30.023,0
9.4641,30.095,0
9.4641,30.168,0
9.4641,30.24,0
9.4641,30.312,0
9.4641,30.385,0
9.4641,30.457,0
9.4641,30.53,0
9.4641,30.602,0
9.5019,27.778,11.353
9.5019,27.851,11.337
9.5019,27.923,11.32
9.5019,27.995,11.298
9.5019,28.068,11.281
9.5019,28.14,11.255
9.5019,28.213,11.221
9.5019,28.285,11.181
9.5019,28.357,11.131
9.5019,28.43,11.072
9.5019,28.502,11.002
9.5019,28.575,10.924
9.5019,28.647,10.832
9.5019,28.719,10.713
9.5019,28.792,10.582
9.5019,28.864,10.42
9.5019,28.937,10.244
9.5019,29.009,10.074
9.5019,29.081,0
9.5019,29.154,0
9.5019,29.226,0
9.5019,29.299,0
9.5019,29.371,0
9.5019,29.444,0
9.5019,29.516,0
9.5019,29.588,0
9.5019,29.661,0
9.5019,29.733,0
9.5019,29.806,0
9.5019,29.878,0
9.5019,29.95,0
9.5019,30.023,0
9.5019,30.095,0
9.5019,30.168,0
9.5019,30.24,0
9.5019,30.312,0
9.5019,30.385,0
9.5019,30.457,0
9.5019,30.53,0
9.5019,30.602,0
9.5398,27.778,11.437
9.5398,27.851,11.421
9.5398,27.923,11.405
9.5398,27.995,11.386
9.5398,28.068,11.364
9.5398,28.14,11.348
9.5398,28.213,11.315
9.5398,28.285,11.28
9.5398,28.357,11.234
9.5398,28.43,11.179
9.5398,28.502,11.115
9.5398,28.575,11.046
9.5398,28.647,10.957
9.5398,28.719,10.853
9.5398,28.792,10.731
9.5398,28.864,10.581
9.5398,28.937,10.412
9.5398,29.009,10.237
9.5398,29.081,0
9.5398,29.154,0
9.5398,29.226,0
9.5398,29.299,0
9.5398,29.371,0
9.5398,29.444,0
9.5398,29.516,0
9.5398,29.588,0
9.5398,29.661,0
9.5398,29.733,0
9.5398,29.806,0
9.5398,29.878,0
9.5398,29.95,0
9.5398,30.023,0
9.5398,30.095,0
9.5398,30.168,0
9.5398,30.24,0
9.5398,30.312,0
9.5398,30.385,0
9.5398,30.457,0
9.5398,30.53,0
9.5398,30.602,0
9.5777,27.778,11.518
9.5777,27.851,11.506
9.5777,27.923,11.489
9.5777,27.995,11.472
9.5777,28.068,11.451
9.5777,28.14,11.438
9.5777,28.213,11.408
9.5777,28.285,11.376
9.5777,28.357,11.335
9.5777,28.43,11.285
9.5777,28.502,11.226
9.5777,28.575,11.158
9.5777,28.647,11.08
9.5777,28.719,10.985
9.5777,28.792,10.873
9.5777,28.864,10.741
9.5777,28.937,10.58
9.5777,29.009,10.405
9.5777,29.081,10.236
9.5777,29.154,0
9.5777,29.226,0
9.5777,29.299,0
9.5777,29.371,0
9.5777,29.444,0
9.5777,29.516,0
9.5777,29.588,0
9.5777,29.661,0
9.5777,29.733,0
9.5777,29.806,0
9.5777,29.878,0
9.5777,29.95,0
9.5777,30.023,0
9.5777,30.095,0
9.5777,30.168,0
9.5777,30.24,0
9.5777,30.312,0
9.5777,30.385,0
9.5777,30.457,0
9.5777,30.53,0
9.5777,30.602,0
9.6156,27.778,11.599
9.6156,27.851,11.589
9.6156,27.923,11.573
9.6156,27.995,11.557
9.6156,28.068,11.538
9.6156,28.14,11.52
9.6156,28.213,11.5
9.6156,28.285,11.468
9.6156,28.357,11.434
9.6156,28.43,11.388
9.6156,28.502,11.334
9.6156,28.575,11.27
9.6156,28.647,11.201
9.6156,28.719,11.111
9.6156,28.792,11.01
9.6156,28.864,10.889
9.6156,28.937,10.739
9.6156,29.009,10.578
9.6156,29.081,10.399
9.6156,29.154,10.239
9.6156,29.226,0
9.6156,29.299,10.038
9.6156,29.371,0
9.6156,29.444,0
9.6156,29.516,0
9.6156,29.588,0
9.6156,29.661,0
9.6156,29.733,0
9.6156,29.806,0
9.6156,29.878,0
9.6156,29.95,0
9.6156,30.023,0
9.6156,30.095,0
9.6156,30.168,0
9.6156,30.24,0
9.6156,30.312,0
9.6156,30.385,0
9.6156,30.457,0
9.6156,30.53,0
9.6156,30.602,0
9.6535,27.778,11.681
9.6535,27.851,11.67
9.6535,27.923,11.657
9.6535,27.995,11.642
9.6535,28.068,11.624
9.6535,28.14,11.603
9.6535,28.213,11.59
9.6535,28.285,11.561
9.6535,28.357,11.531
9.6535,28.43,11.488
9.6535,28.502,11.439
9.6535,28.575,11.381
9.6535,28.647,11.313
9.6535,28.719,11.236
9.6535,28.792,11.145
9.6535,28.864,11.03
9.6535,28.937,10.894
9.6535,29.009,10.742
9.6535,29.081,10.566
9.6535,29.154,10.395
9.6535,29.226,0
9.6535,29.299,10.146
9.6535,29.371,10.084
9.6535,29.444,0
9.6535,29.516,0
9.6535,29.588,0
9.6535,29.661,0
9.6535,29.733,0
9.6535,29.806,0
9.6535,29.878,0
9.6535,29.95,0
9.6535,30.023,0
9.6535,30.095,0
9.6535,30.168,0
9.6535,30.24,0
9.6535,30.312,0
9.6535,30.385,0
9.6535,30.457,0
9.6535,30.53,0
9.6535,30.602,0
9.6913,27.778,11.76
9.6913,27.851,11.751
9.6913,27.923,11.741
9.6913,27.995,11.727
9.6913,28.068,11.71
9.6913,28.14,11.691
9.6913,28.213,11.672
9.6913,28.285,11.651
9.6913,28.357,11.622
9.6913,28.43,11.587
9.6913,28.502,11.542
9.6913,28.575,11.488
9.6913,28.647,11.425
9.6913,28.719,11.352
9.6913,28.792,11.268
9.6913,28.864,11.167
9.6913,28.937,11.043
9.6913,29.009,10.9
9.6913,29.081,10.739
9.6913,29.154,10.557
9.6913,29.226,10.397
9.6913,29.299,10.255
9.6913,29.371,10.192
9.6913,29.444,0
9.6913,29.516,0
9.6913,29.588,0
9.6913,29.661,0
9.6913,29.733,0
9.6913,29.806,0
9.6913,29.878,0
9.6913,29.95,0
9.6913,30.023,0
9.6913,30.095,0
9.6913,30.168,0
9.6913,30.24,0
9.6913,30.312,0
9.6913,30.385,0
9.6913,30.457,0
9.6913,30.53,0
9.6913,30.602,0
9.7292,27.778,11.838
9.7292,27.851,11.833
9.7292,27.923,11.822
9.7292,27.995,11.812
9.7292,28.068,11.794
9.7292,28.14,11.777
9.7292,28.213,11.756
9.7292,28.285,11.734
9.7292,28.357,11.714
9.7292,28.43,11.684
9.7292,28.502,11.642
9.7292,28.575,11.593
9.7292,28.647,11.535
9.7292,28.719,11.466
9.7292,28.792,11.391
9.7292,28.864,11.301
9.7292,28.937,11.185
9.7292,29.009,11.057
9.7292,29.081,10.902
9.7292,29.154,10.726
9.7292,29.226,10.553
9.7292,29.299,10.4
9.7292,29.371,10.3
9.7292,29.444,10.236
9.7292,29.516,0
9.7292,29.588,0
9.7292,29.661,0
9.7292,29.733,0
9.7292,29.806,0
9.7292,29.878,0
9.7292,29.95,0
9.7292,30.023,0
9.7292,30.095,0
9.7292,30.168,0
9.7292,30.24,0
9.7292,30.312,0
9.7292,30.385,0
9.7292,30.457,0
9.7292,30.53,0
9.7292,30.602,0
9.7671,27.778,11.915
9.7671,27.851,11.912
9.7671,27.923,11.903
9.7671,27.995,11.893
9.7671,28.068,11.88
9.7671,28.14,11.862
9.7671,28.213,11.843
9.7671,28.285,11.82
9.7671,28.357,11.807
9.7671,28.43,11.776
9.7671,28.502,11.74
9.7671,28.575,11.695
9.7671,28.647,11.643
9.7671,28.719,11.58
9.7671,28.792,11.509
9.7671,28.864,11.424
9.7671,28.937,11.325
9.7671,29.009,11.205
9.7671,29.081,11.06
9.7671,29.154,10.896
9.7671,29.226,10.716
9.7671,29.299,10.547
9.7671,29.371,10.431
9.7671,29.444,10.344
9.7671,29.516,10.282
9.7671,29.588,0
9.7671,29.661,0
9.7671,29.733,0
9.7671,29.806,0
9.7671,29.878,0
9.7671,29.95,0
9.7671,30.023,0
9.7671,30.095,0
9.7671,30.168,0
9.7671,30.24,0
9.7671,30.312,0
9.7671,30.385,0
9.7671,30.457,0
9.7671,30.53,0
9.7671,30.602,0
9.805,27.778,11.991
9.805,27.851,11.989
9.805,27.923,11.984
9.805,27.995,11.976
9.805,28.068,11.964
9.805,28.14,11.946
9.805,28.213,11.929
9.805,28.285,11.909
9.805,28.357,11.889
9.805,28.43,11.867
9.805,28.502,11.833
9.805,28.575,11.796
9.805,28.647,11.747
9.805,28.719,11.69
9.805,28.792,11.622
9.805,28.864,11.547
9.805,28.937,11.453
9.805,29.009,11.344
9.805,29.081,11.215
9.805,29.154,11.059
9.805,29.226,10.886
9.805,29.299,10.71
9.805,29.371,10.565
9.805,29.444,10.453
9.805,29.516,10.394
9.805,29.588,10.322
9.805,29.661,0
9.805,29.733,0
9.805,29.806,0
9.805,29.878,0
9.805,29.95,0
9.805,30.023,0
9.805,30.095,0
9.805,30.168,0
9.805,30.24,0
9.805,30.312,0
9.805,30.385,0
9.805,30.457,0
9.805,30.53,0
9.805,30.602,0
9.8428,27.778,12.067
9.8428,27.851,12.067
9.8428,27.923,12.063
9.8428,27.995,12.058
9.8428,28.068,12.045
9.8428,28.14,12.031
9.8428,28.213,12.014
9.8428,28.285,11.996
9.8428,28.357,11.973
9.8428,28.43,11.959
9.8428,28.502,11.927
9.8428,28.575,11.894
9.8428,28.647,11.849
9.8428,28.719,11.797
9.8428,28.792,11.735
9.8428,28.864,11.664
9.8428,28.937,11.579
9.8428,29.009,11.481
9.8428,29.081,11.363
9.8428,29.154,11.216
9.8428,29.226,11.055
9.8428,29.299,10.877
9.8428,29.371,10.716
9.8428,29.444,10.586
9.8428,29.516,10.506
9.8428,29.588,10.437
9.8428,29.661,0
9.8428,29.733,0
9.8428,29.806,0
9.8428,29.878,0
9.8428,29.95,0
9.8428,30.023,0
9.8428,30.095,0
9.8428,30.168,0
9.8428,30.24,0
9.8428,30.312,0
9.8428,30.385,0
9.8428,30.457,0
9.8428,30.53,0
9.8428,30.602,0
9.8807,27.778,12.143
9.8807,27.851,12.143
9.8807,27.923,12.141
9.8807,27.995,12.137
9.8807,28.068,12.128
9.8807,28.14,12.116
9.8807,28.213,12.099
9.8807,28.285,12.082
9.8807,28.357,12.061
9.8807,28.43,12.041
9.8807,28.502,12.021
9.8807,28.575,11.987
9.8807,28.647,11.949
9.8807,28.719,11.901
9.8807,28.792,11.844
9.8807,28.864,11.777
9.8807,28.937,11.703
9.8807,29.009,11.611
9.8807,29.081,11.501
9.8807,29.154,11.369
9.8807,29.226,11.218
9.8807,29.299,11.05
9.8807,29.371,10.874
9.8807,29.444,10.72
9.8807,29.516,10.621
9.8807,29.588,10.548
9.8807,29.661,10.479
9.8807,29.733,10.4
9.8807,29.806,0
9.8807,29.878,0
9.8807,29.95,0
9.8807,30.023,0
9.8807,30.095,0
9.8807,30.168,0
9.8807,30.24,0
9.8807,30.312,0
9.8807,30.385,0
9.8807,30.457,0
9.8807,30.53,0
9.8807,30.602,0
9.9186,27.778,12.217
9.9186,27.851,12.219
9.9186,27.923,12.218
9.9186,27.995,12.215
9.9186,28.068,12.21
9.9186,28.14,12.197
9.9186,28.213,12.184
9.9186,28.285,12.167
9.9186,28.357,12.148
9.9186,28.43,12.126
9.9186,28.502,12.112
9.9186,28.575,12.08
9.9186,28.647,12.048
9.9186,28.719,12.003
9.9186,28.792,11.951
9.9186,28.864,11.889
9.9186,28.937,11.821
9.9186,29.009,11.735
9.9186,29.081,11.638
9.9186,29.154,11.515
9.9186,29.226,11.375
9.9186,29.299,11.22
9.9186,29.371,11.04
9.9186,29.444,10.873
9.9186,29.516,10.737
9.9186,29.588,10.656
9.9186,29.661,10.595
9.9186,29.733,10.519
9.9186,29.806,10.433
9.9186,29.878,0
9.9186,29.95,0
9.9186,30.023,0
9.9186,30.095,0
9.9186,30.168,0
9.9186,30.24,0
9.9186,30.312,0
9.9186,30.385,0
9.9186,30.457,0
9.9186,30.53,0
9.9186,30.602,0
9.9565,27.778,12.283
9.9565,27.851,12.294
9.9565,27.923,12.295
9.9565,27.995,12.293
9.9565,28.068,12.289
9.9565,28.14,12.279
9.9565,28.213,12.268
9.9565,28.285,12.251
9.9565,28.357,12.234
9.9565,28.43,12.214
9.9565,28.502,12.195
9.9565,28.575,12.174
9.9565,28.647,12.141
9.9565,28.719,12.103
9.9565,28.792,12.055
9.9565,28.864,11.999
9.9565,28.937,11.932
9.9565,29.009,11.857
9.9565,29.081,11.767
9.9565,29.154,11.657
9.9565,29.226,11.528
9.9565,29.299,11.377
9.9565,29.371,11.209
9.9565,29.444,11.033
9.9565,29.516,10.875
9.9565,29.588,10.764
9.9565,29.661,10.707
9.9565,29.733,10.638
9.9565,29.806,10.553
9.9565,29.878,0
9.9565,29.95,0
9.9565,30.023,0
9.9565,30.095,0
9.9565,30.168,0
9.9565,30.24,0
9.9565,30.312,0
9.9565,30.385,0
9.9565,30.457,0
9.9565,30.53,0
9.9565,30.602,0
9.9944,27.778,12.351
9.9944,27.851,12.367
9.9944,27.923,12.37
9.9944,27.995,12.37
9.9944,28.068,12.367
9.9944,28.14,12.361
9.9944,28.213,12.349
9.9944,28.285,12.336
9.9944,28.357,12.319
9.9944,28.43,12.301
9.9944,28.502,12.279
9.9944,28.575,12.265
9.9944,28.647,12.234
9.9944,28.719,12.201
9.9944,28.792,12.157
9.9944,28.864,12.105
9.9944,28.937,12.044
9.9944,29.009,11.972
9.9944,29.081,11.891
9.9944,29.154,11.795
9.9944,29.226,11.672
9.9944,29.299,11.536
9.9944,29.371,11.374
9.9944,29.444,11.199
9.9944,29.516,11.024
9.9944,29.588,10.895
9.9944,29.661,10.814
9.9944,29.733,10.751
9.9944,29.806,10.674
9.9944,29.878,10.592
9.9944,29.95,0
9.9944,30.023,0
9.9944,30.095,0
9.9944,30.168,0
9.9944,30.24,0
9.9944,30.312,0
9.9944,30.385,0
9.9944,30.457,0
9.9944,30.53,0
9.9944,30.602,0
10.032,27.778,12.426
10.032,27.851,12.433
10.032,27.923,12.445
10.032,27.995,12.446
10.032,28.068,12.445
10.032,28.14,12.44
10.032,28.213,12.432
10.032,28.285,12.42
10.032,28.357,12.403
10.032,28.43,12.387
10.032,28.502,12.367
10.032,28.575,12.349
10.032,28.647,12.327
10.032,28.719,12.294
10.032,28.792,12.257
10.032,28.864,12.209
10.032,28.937,12.153
10.032,29.009,12.087
10.032,29.081,12.012
10.032,29.154,11.924
10.032,29.226,11.814
10.032,29.299,11.688
10.032,29.371,11.537
10.032,29.444,11.368
10.032,29.516,11.19
10.032,29.588,11.036
10.032,29.661,10.921
10.032,29.733,10.861
10.032,29.806,10.79
10.032,29.878,10.712
10.032,29.95,10.616
10.032,30.023,0
10.032,30.095,0
10.032,30.168,0
10.032,30.24,0
10.032,30.312,0
10.032,30.385,0
10.032,30.457,0
10.032,30.53,0
10.032,30.602,0
10.07,27.778,12.5
10.07,27.851,12.502
10.07,27.923,12.519
10.07,27.995,12.522
10.07,28.068,12.521
10.07,28.14,12.519
10.07,28.213,12.513
10.07,28.285,12.501
10.07,28.357,12.488
10.07,28.43,12.472
10.07,28.502,12.453
10.07,28.575,12.431
10.07,28.647,12.418
10.07,28.719,12.387
10.07,28.792,12.355
10.07,28.864,12.311
10.07,28.937,12.259
10.07,29.009,12.199
10.07,29.081,12.127
10.07,29.154,12.047
10.07,29.226,11.952
10.07,29.299,11.832
10.07,29.371,11.695
10.07,29.444,11.533
10.07,29.516,11.359
10.07,29.588,11.19
10.07,29.661,11.051
10.07,29.733,10.971
10.07,29.806,10.906
10.07,29.878,10.833
10.07,29.95,10.745
10.07,30.023,10.634
10.07,30.095,0
10.07,30.168,0
10.07,30.24,0
10.07,30.312,0
10.07,30.385,0
10.07,30.457,0
10.07,30.53,0
10.07,30.602,0
10.108,27.778,12.572
10.108,27.851,12.577
10.108,27.923,12.585
10.108,27.995,12.597
10.108,28.068,12.598
10.108,28.14,12.596
10.108,28.213,12.592
10.108,28.285,12.584
10.108,28.357,12.572
10.108,28.43,12.555
10.108,28.502,12.539
10.108,28.575,12.519
10.108,28.647,12.501
10.108,28.719,12.48
10.108,28.792,12.448
10.108,28.864,12.411
10.108,28.937,12.363
10.108,29.009,12.307
10.108,29.081,12.242
10.108,29.154,12.169
10.108,29.226,12.08
10.108,29.299,11.972
10.108,29.371,11.844
10.108,29.444,11.697
10.108,29.516,11.528
10.108,29.588,11.349
10.108,29.661,11.192
10.108,29.733,11.09
10.108,29.806,11.018
10.108,29.878,10.946
10.108,29.95,10.869
10.108,30.023,10.774
10.108,30.095,0
10.108,30.168,0
10.108,30.24,0
10.108,30.312,0
10.108,30.385,0
10.108,30.457,0
10.108,30.53,0
10.108,30.602,0
10.146,27.778,12.643
10.146,27.851,12.65
10.146,27.923,12.653
10.146,27.995,12.67
10.146,28.068,12.673
10.146,28.14,12.673
10.146,28.213,12.67
10.146,28.285,12.665
10.146,28.357,12.653
10.146,28.43,12.64
10.146,28.502,12.624
10.146,28.575,12.606
10.146,28.647,12.584
10.146,28.719,12.571
10.146,28.792,12.54
10.146,28.864,12.508
10.146,28.937,12.465
10.146,29.009,12.414
10.146,29.081,12.353
10.146,29.154,12.282
10.146,29.226,12.203
10.146,29.299,12.106
10.146,29.371,11.992
10.146,29.444,11.853
10.146,29.516,11.696
10.146,29.588,11.513
10.146,29.661,11.35
10.146,29.733,11.208
10.146,29.806,11.122
10.146,29.878,11.06
10.146,29.95,10.984
10.146,30.023,10.902
10.146,30.095,10.793
10.146,30.168,10.661
10.146,30.24,0
10.146,30.312,0
10.146,30.385,0
10.146,30.457,0
10.146,30.53,0
10.146,30.602,0
10.184,27.778,12.713
10.184,27.851,12.722
10.184,27.923,12.728
10.184,27.995,12.735
10.184,28.068,12.748
10.184,28.14,12.749
10.184,28.213,12.748
10.184,28.285,12.744
10.184,28.357,12.736
10.184,28.43,12.724
10.184,28.502,12.708
10.184,28.575,12.692
10.184,28.647,12.672
10.184,28.719,12.654
10.184,28.792,12.633
10.184,28.864,12.601
10.184,28.937,12.565
10.184,29.009,12.517
10.184,29.081,12.462
10.184,29.154,12.397
10.184,29.226,12.324
10.184,29.299,12.233
10.184,29.371,12.129
10.184,29.444,12.002
10.184,29.516,11.857
10.184,29.588,11.683
10.184,29.661,11.511
10.184,29.733,11.353
10.184,29.806,11.227
10.184,29.878,11.171
10.184,29.95,11.099
10.184,30.023,11.022
10.184,30.095,10.93
10.184,30.168,10.809
10.184,30.24,0
10.184,30.312,0
10.184,30.385,0
10.184,30.457,0
10.184,30.53,0
10.184,30.602,0
10.222,27.778,12.783
10.222,27.851,12.793
10.222,27.923,12.801
10.222,27.995,12.805
10.222,28.068,12.82
10.222,28.14,12.825
10.222,28.213,12.825
10.222,28.285,12.822
10.222,28.357,12.817
10.222,28.43,12.806
10.222,28.502,12.793
10.222,28.575,12.777
10.222,28.647,12.759
10.222,28.719,12.737
10.222,28.792,12.725
10.222,28.864,12.694
10.222,28.937,12.662
10.222,29.009,12.619
10.222,29.081,12.568
10.222,29.154,12.508
10.222,29.226,12.438
10.222,29.299,12.36
10.222,29.371,12.264
10.222,29.444,12.149
10.222,29.516,12.01
10.222,29.588,11.853
10.222,29.661,11.675
10.222,29.733,11.508
10.222,29.806,11.365
10.222,29.878,11.278
10.222,29.95,11.211
10.222,30.023,11.142
10.222,30.095,11.058
10.222,30.168,10.956
10.222,30.24,10.82
10.222,30.312,0
10.222,30.385,0
10.222,30.457,0
10.222,30.53,0
10.222,30.602,0
10.26,27.778,12.852
10.26,27.851,12.863
10.26,27.923,12.873
10.26,27.995,12.88
10.26,28.068,12.885
10.26,28.14,12.899
10.26,28.213,12.901
10.26,28.285,12.9
10.26,28.357,12.896
10.26,28.43,12.888
10.26,28.502,12.877
10.26,28.575,12.86
10.26,28.647,12.844
10.26,28.719,12.825
10.26,28.792,12.806
10.26,28.864,12.787
10.26,28.937,12.754
10.26,29.009,12.718
10.26,29.081,12.672
10.26,29.154,12.617
10.26,29.226,12.552
10.26,29.299,12.48
10.26,29.371,12.39
10.26,29.444,12.287
10.26,29.516,12.159
10.26,29.588,12.013
10.26,29.661,11.844
10.26,29.733,11.671
10.26,29.806,11.511
10.26,29.878,11.386
10.26,29.95,11.321
10.26,30.023,11.255
10.26,30.095,11.181
10.26,30.168,11.084
10.26,30.24,10.973
10.26,30.312,0
10.26,30.385,0
10.26,30.457,0
10.26,30.53,0
10.26,30.602,0
10.297,27.778,12.92
10.297,27.851,12.932
10.297,27.923,12.943
10.297,27.995,12.951
10.297,28.068,12.956
10.297,28.14,12.97
10.297,28.213,12.976
10.297,28.285,12.976
10.297,28.357,12.974
10.297,28.43,12.969
10.297,28.502,12.958
10.297,28.575,12.946
10.297,28.647,12.929
10.297,28.719,12.912
10.297,28.792,12.89
10.297,28.864,12.878
10.297,28.937,12.847
10.297,29.009,12.816
10.297,29.081,12.773
10.297,29.154,12.723
10.297,29.226,12.663
10.297,29.299,12.593
10.297,29.371,12.516
10.297,29.444,12.42
10.297,29.516,12.303
10.297,29.588,12.171
10.297,29.661,12.014
10.297,29.733,11.839
10.297,29.806,11.668
10.297,29.878,11.524
10.297,29.95,11.433
10.297,30.023,11.368
10.297,30.095,11.301
10.297,30.168,11.211
10.297,30.24,11.118
10.297,30.312,0
10.297,30.385,0
10.297,30.457,0
10.297,30.53,0
10.297,30.602,0
10.335,27.778,12.985
10.335,27.851,13
10.335,27.923,13.012
10.335,27.995,13.022
10.335,28.068,13.03
10.335,28.14,13.035
10.335,28.213,13.051
10.335,28.285,13.052
10.335,28.357,13.051
10.335,28.43,13.048
10.335,28.502,13.041
10.335,28.575,13.029
10.335,28.647,13.013
10.335,28.719,12.997
10.335,28.792,12.978
10.335,28.864,12.958
10.335,28.937,12.94
10.335,29.009,12.908
10.335,29.081,12.872
10.335,29.154,12.826
10.335,29.226,12.772
10.335,29.299,12.708
10.335,29.371,12.636
10.335,29.444,12.547
10.335,29.516,12.445
10.335,29.588,12.319
10.335,29.661,12.173
10.335,29.733,12.002
10.335,29.806,11.829
10.335,29.878,11.669
10.335,29.95,11.547
10.335,30.023,11.475
10.335,30.095,11.411
10.335,30.168,11.332
10.335,30.24,11.244
10.335,30.312,11.129
10.335,30.385,0
10.335,30.457,0
10.335,30.53,0
10.335,30.602,0
10.373,27.778,13.05
10.373,27.851,13.067
10.373,27.923,13.08
10.373,27.995,13.092
10.373,28.068,13.101
10.373,28.14,13.106
10.373,28.213,13.12
10.373,28.285,13.127
10.373,28.357,13.128
10.373,28.43,13.126
10.373,28.502,13.121
10.373,28.575,13.111
10.373,28.647,13.099
10.373,28.719,13.082
10.373,28.792,13.065
10.373,28.864,13.043
10.373,28.937,13.029
10.373,29.009,13.001
10.373,29.081,12.97
10.373,29.154,12.927
10.373,29.226,12.877
10.373,29.299,12.819
10.373,29.371,12.749
10.373,29.444,12.672
10.373,29.516,12.578
10.373,29.588,12.461
10.373,29.661,12.33
10.373,29.733,12.17
10.373,29.806,11.999
10.373,29.878,11.827
10.373,29.95,11.676
10.373,30.023,11.582
10.373,30.095,11.522
10.373,30.168,11.449
10.373,30.24,11.369
10.373,30.312,11.271
10.373,30.385,11.138
10.373,30.457,0
10.373,30.53,0
10.373,30.602,0
10.411,27.778,13.111
10.411,27.851,13.13
10.411,27.923,13.146
10.411,27.995,13.16
10.411,28.068,13.171
10.411,28.14,13.18
10.411,28.213,13.185
10.411,28.285,13.202
10.411,28.357,13.204
10.411,28.43,13.203
10.411,28.502,13.2
10.411,28.575,13.194
10.411,28.647,13.182
10.411,28.719,13.166
10.411,28.792,13.15
10.411,28.864,13.131
10.411,28.937,13.109
10.411,29.009,13.094
10.411,29.081,13.061
10.411,29.154,13.027
10.411,29.226,12.981
10.411,29.299,12.927
10.411,29.371,12.863
10.411,29.444,12.791
10.411,29.516,12.703
10.411,29.588,12.602
10.411,29.661,12.477
10.411,29.733,12.335
10.411,29.806,12.166
10.411,29.878,11.989
10.411,29.95,11.824
10.411,30.023,11.705
10.411,30.095,11.63
10.411,30.168,11.565
10.411,30.24,11.488
10.411,30.312,11.406
10.411,30.385,11.294
10.411,30.457,0
10.411,30.53,0
10.411,30.602,0
10.449,27.778,13.169
10.449,27.851,13.192
10.449,27.923,13.211
10.449,27.995,13.227
10.449,28.068,13.24
10.449,28.14,13.25
10.449,28.213,13.256
10.449,28.285,13.268
10.449,28.357,13.278
10.449,28.43,13.28
10.449,28.502,13.278
10.449,28.575,13.274
10.449,28.647,13.264
10.449,28.719,13.252
10.449,28.792,13.235
10.449,28.864,13.218
10.449,28.937,13.197
10.449,29.009,13.18
10.449,29.081,13.155
10.449,29.154,13.123
10.449,29.226,13.082
10.449,29.299,13.032
10.449,29.371,12.974
10.449,29.444,12.905
10.449,29.516,12.829
10.449,29.588,12.734
10.449,29.661,12.62
10.449,29.733,12.49
10.449,29.806,12.332
10.449,29.878,12.159
10.449,29.95,11.986
10.449,30.023,11.839
10.449,30.095,11.736
10.449,30.168,11.678
10.449,30.24,11.606
10.449,30.312,11.528
10.449,30.385,11.429
10.449,30.457,11.297
10.449,30.53,0
10.449,30.602,0
10.487,27.778,13.221
10.487,27.851,13.248
10.487,27.923,13.271
10.487,27.995,13.29
10.487,28.068,13.306
10.487,28.14,13.319
10.487,28.213,13.329
10.487,28.285,13.333
10.487,28.357,13.352
10.487,28.43,13.355
10.487,28.502,13.355
10.487,28.575,13.352
10.487,28.647,13.347
10.487,28.719,13.334
10.487,28.792,13.32
10.487,28.864,13.304
10.487,28.937,13.285
10.487,29.009,13.262
10.487,29.081,13.248
10.487,29.154,13.215
10.487,29.226,13.181
10.487,29.299,13.136
10.487,29.371,13.082
10.487,29.444,13.019
10.487,29.516,12.947
10.487,29.588,12.861
10.487,29.661,12.76
10.487,29.733,12.636
10.487,29.806,12.495
10.487,29.878,12.327
10.487,29.95,12.149
10.487,30.023,11.982
10.487,30.095,11.863
10.487,30.168,11.789
10.487,30.24,11.72
10.487,30.312,11.649
10.487,30.385,11.563
10.487,30.457,11.454
10.487,30.53,11.299
10.487,30.602,11.118
10.525,27.778,13.255
10.525,27.851,13.296
10.525,27.923,13.326
10.525,27.995,13.35
10.525,28.068,13.37
10.525,28.14,13.386
10.525,28.213,13.398
10.525,28.285,13.406
10.525,28.357,13.415
10.525,28.43,13.424
10.525,28.502,13.431
10.525,28.575,13.43
10.525,28.647,13.426
10.525,28.719,13.417
10.525,28.792,13.406
10.525,28.864,13.388
10.525,28.937,13.371
10.525,29.009,13.351
10.525,29.081,13.333
10.525,29.154,13.309
10.525,29.226,13.277
10.525,29.299,13.237
10.525,29.371,13.188
10.525,29.444,13.13
10.525,29.516,13.061
10.525,29.588,12.986
10.525,29.661,12.892
10.525,29.733,12.779
10.525,29.806,12.649
10.525,29.878,12.492
10.525,29.95,12.316
10.525,30.023,12.148
10.525,30.095,11.998
10.525,30.168,11.895
10.525,30.24,11.831
10.525,30.312,11.764
10.525,30.385,11.684
10.525,30.457,11.585
10.525,30.53,11.457
10.525,30.602,11.298
10.563,27.778,13.28
10.563,27.851,13.334
10.563,27.923,13.374
10.563,27.995,13.406
10.563,28.068,13.429
10.563,28.14,13.449
10.563,28.213,13.464
10.563,28.285,13.476
10.563,28.357,13.483
10.563,28.43,13.489
10.563,28.502,13.506
10.563,28.575,13.507
10.563,28.647,13.505
10.563,28.719,13.5
10.563,28.792,13.488
10.563,28.864,13.474
10.563,28.937,13.457
10.563,29.009,13.439
10.563,29.081,13.416
10.563,29.154,13.402
10.563,29.226,13.37
10.563,29.299,13.336
10.563,29.371,13.291
10.563,29.444,13.238
10.563,29.516,13.175
10.563,29.588,13.102
10.563,29.661,13.018
10.563,29.733,12.919
10.563,29.806,12.794
10.563,29.878,12.655
10.563,29.95,12.489
10.563,30.023,12.315
10.563,30.095,12.141
10.563,30.168,12.014
10.563,30.24,11.94
10.563,30.312,11.879
10.563,30.385,11.805
10.563,30.457,11.715
10.563,30.53,11.604
10.563,30.602,11.457
10.6,27.778,0
10.6,27.851,13.268
10.6,27.923,13.388
10.6,27.995,13.444
10.6,28.068,13.479
10.6,28.14,13.506
10.6,28.213,13.528
10.6,28.285,13.543
10.6,28.357,13.555
10.6,28.43,13.562
10.6,28.502,13.57
10.6,28.575,13.582
10.6,28.647,13.582
10.6,28.719,13.579
10.6,28.792,13.572
10.6,28.864,13.559
10.6,28.937,13.542
10.6,29.009,13.526
10.6,29.081,13.505
10.6,29.154,13.483
10.6,29.226,13.464
10.6,29.299,13.43
10.6,29.371,13.392
10.6,29.444,13.343
10.6,29.516,13.286
10.6,29.588,13.218
10.6,29.661,13.143
10.6,29.733,13.049
10.6,29.806,12.938
10.6,29.878,12.809
10.6,29.95,12.654
10.6,30.023,12.479
10.6,30.095,12.302
10.6,30.168,12.15
10.6,30.24,12.047
10.6,30.312,11.99
10.6,30.385,11.918
10.6,30.457,11.84
10.6,30.53,11.743
10.6,30.602,11.614
10.638,27.778,0
10.638,27.851,0
10.638,27.923,13.346
10.638,27.995,13.423
10.638,28.068,13.521
10.638,28.14,13.559
10.638,28.213,13.584
10.638,28.285,13.605
10.638,28.357,13.621
10.638,28.43,13.633
10.638,28.502,13.638
10.638,28.575,13.652
10.638,28.647,13.658
10.638,28.719,13.657
10.638,28.792,13.653
10.638,28.864,13.642
10.638,28.937,13.63
10.638,29.009,13.612
10.638,29.081,13.593
10.638,29.154,13.571
10.638,29.226,13.557
10.638,29.299,13.525
10.638,29.371,13.491
10.638,29.444,13.447
10.638,29.516,13.394
10.638,29.588,13.332
10.638,29.661,13.259
10.638,29.733,13.177
10.638,29.806,13.079
10.638,29.878,12.954
10.638,29.95,12.816
10.638,30.023,12.651
10.638,30.095,12.477
10.638,30.168,12.306
10.638,30.24,12.17
10.638,30.312,12.099
10.638,30.385,12.031
10.638,30.457,11.963
10.638,30.53,11.876
10.638,30.602,11.761
10.676,27.778,0
10.676,27.851,0
10.676,27.923,0
10.676,27.995,13.273
10.676,28.068,13.482
10.676,28.14,13.579
10.676,28.213,13.626
10.676,28.285,13.659
10.676,28.357,13.682
10.676,28.43,13.699
10.676,28.502,13.711
10.676,28.575,13.715
10.676,28.647,13.733
10.676,28.719,13.734
10.676,28.792,13.732
10.676,28.864,13.726
10.676,28.937,13.713
10.676,29.009,13.699
10.676,29.081,13.68
10.676,29.154,13.66
10.676,29.226,13.637
10.676,29.299,13.62
10.676,29.371,13.585
10.676,29.444,13.549
10.676,29.516,13.5
10.676,29.588,13.443
10.676,29.661,13.375
10.676,29.733,13.302
10.676,29.806,13.206
10.676,29.878,13.098
10.676,29.95,12.968
10.676,30.023,12.815
10.676,30.095,12.642
10.676,30.168,12.465
10.676,30.24,12.311
10.676,30.312,12.205
10.676,30.385,12.144
10.676,30.457,12.074
10.676,30.53,11.998
10.676,30.602,11.902
10.714,27.778,0
10.714,27.851,0
10.714,27.923,0
10.714,27.995,0
10.714,28.068,0
10.714,28.14,13.547
10.714,28.213,13.651
10.714,28.285,13.7
10.714,28.357,13.735
10.714,28.43,13.759
10.714,28.502,13.776
10.714,28.575,13.787
10.714,28.647,13.8
10.714,28.719,13.809
10.714,28.792,13.809
10.714,28.864,13.806
10.714,28.937,13.798
10.714,29.009,13.785
10.714,29.081,13.766
10.714,29.154,13.748
10.714,29.226,13.726
10.714,29.299,13.707
10.714,29.371,13.681
10.714,29.444,13.647
10.714,29.516,13.604
10.714,29.588,13.551
10.714,29.661,13.49
10.714,29.733,13.421
10.714,29.806,13.336
10.714,29.878,13.238
10.714,29.95,13.12
10.714,30.023,12.976
10.714,30.095,12.814
10.714,30.168,12.638
10.714,30.24,12.461
10.714,30.312,12.329
10.714,30.385,12.255
10.714,30.457,12.184
10.714,30.53,12.115
10.714,30.602,12.037
10.752,27.778,0
10.752,27.851,0
10.752,27.923,0
10.752,27.995,0
10.752,28.068,0
10.752,28.14,0
10.752,28.213,13.507
10.752,28.285,13.684
10.752,28.357,13.767
10.752,28.43,13.805
10.752,28.502,13.834
10.752,28.575,13.852
10.752,28.647,13.862
10.752,28.719,13.881
10.752,28.792,13.885
10.752,28.864,13.884
10.752,28.937,13.88
10.752,29.009,13.869
10.752,29.081,13.854
10.752,29.154,13.836
10.752,29.226,13.816
10.752,29.299,13.792
10.752,29.371,13.775
10.752,29.444,13.742
10.752,29.516,13.706
10.752,29.588,13.658
10.752,29.661,13.601
10.752,29.733,13.534
10.752,29.806,13.461
10.752,29.878,13.366
10.752,29.95,13.26
10.752,30.023,13.129
10.752,30.095,12.979
10.752,30.168,12.804
10.752,30.24,12.63
10.752,30.312,12.476
10.752,30.385,12.362
10.752,30.457,12.298
10.752,30.53,12.231
10.752,30.602,12.156
10.79,27.778,0
10.79,27.851,0
10.79,27.923,0
10.79,27.995,0
10.79,28.068,0
10.79,28.14,0
10.79,28.213,0
10.79,28.285,0
10.79,28.357,13.73
10.79,28.43,13.832
10.79,28.502,13.875
10.79,28.575,13.909
10.79,28.647,13.929
10.79,28.719,13.944
10.79,28.792,13.959
10.79,28.864,13.961
10.79,28.937,13.959
10.79,29.009,13.954
10.79,29.081,13.94
10.79,29.154,13.924
10.79,29.226,13.905
10.79,29.299,13.883
10.79,29.371,13.857
10.79,29.444,13.839
10.79,29.516,13.806
10.79,29.588,13.762
10.79,29.661,13.71
10.79,29.733,13.649
10.79,29.806,13.577
10.79,29.878,13.496
10.79,29.95,13.4
10.79,30.023,13.279
10.79,30.095,13.14
10.79,30.168,12.98
10.79,30.24,12.803
10.79,30.312,12.631
10.79,30.385,12.491
10.79,30.457,12.409
10.79,30.53,12.346
10.79,30.602,12.273
10.828,27.778,0
10.828,27.851,0
10.828,27.923,0
10.828,27.995,0
10.828,28.068,0
10.828,28.14,0
10.828,28.213,0
10.828,28.285,0
10.828,28.357,0
10.828,28.43,13.679
10.828,28.502,13.881
10.828,28.575,13.951
10.828,28.647,13.981
10.828,28.719,14.004
10.828,28.792,14.021
10.828,28.864,14.033
10.828,28.937,14.037
10.828,29.009,14.034
10.828,29.081,14.025
10.828,29.154,14.012
10.828,29.226,13.993
10.828,29.299,13.973
10.828,29.371,13.949
10.828,29.444,13.932
10.828,29.516,13.901
10.828,29.588,13.865
10.828,29.661,13.817
10.828,29.733,13.761
10.828,29.806,13.694
10.828,29.878,13.622
10.828,29.95,13.529
10.828,30.023,13.423
10.828,30.095,13.294
10.828,30.168,13.142
10.828,30.24,12.971
10.828,30.312,12.797
10.828,30.385,12.633
10.828,30.457,12.516
10.828,30.53,12.458
10.828,30.602,12.386
10.866,27.778,0
10.866,27.851,0
10.866,27.923,0
10.866,27.995,0
10.866,28.068,0
10.866,28.14,0
10.866,28.213,0
10.866,28.285,0
10.866,28.357,0
10.866,28.43,0
10.866,28.502,0
10.866,28.575,13.832
10.866,28.647,13.976
10.866,28.719,14.049
10.866,28.792,14.078
10.866,28.864,14.095
10.866,28.937,14.111
10.866,29.009,14.113
10.866,29.081,14.109
10.866,29.154,14.097
10.866,29.226,14.082
10.866,29.299,14.063
10.866,29.371,14.042
10.866,29.444,14.015
10.866,29.516,13.998
10.866,29.588,13.963
10.866,29.661,13.922
10.866,29.733,13.871
10.866,29.806,13.81
10.866,29.878,13.738
10.866,29.95,13.658
10.866,30.023,13.561
10.866,30.095,13.443
10.866,30.168,13.302
10.866,30.24,13.141
10.866,30.312,12.966
10.866,30.385,12.79
10.866,30.457,12.65
10.866,30.53,12.566
10.866,30.602,12.501
10.903,27.778,0
10.903,27.851,0
10.903,27.923,0
10.903,27.995,0
10.903,28.068,0
10.903,28.14,0
10.903,28.213,0
10.903,28.285,0
10.903,28.357,0
10.903,28.43,0
10.903,28.502,0
10.903,28.575,0
10.903,28.647,13.82
10.903,28.719,14.056
10.903,28.792,14.114
10.903,28.864,14.151
10.903,28.937,14.172
10.903,29.009,14.187
10.903,29.081,14.188
10.903,29.154,14.184
10.903,29.226,14.171
10.903,29.299,14.152
10.903,29.371,14.133
10.903,29.444,14.109
10.903,29.516,14.083
10.903,29.588,14.061
10.903,29.661,14.026
10.903,29.733,13.978
10.903,29.806,13.923
10.903,29.878,13.857
10.903,29.95,13.781
10.903,30.023,13.692
10.903,30.095,13.588
10.903,30.168,13.461
10.903,30.24,13.31
10.903,30.312,13.135
10.903,30.385,12.959
10.903,30.457,12.8
10.903,30.53,12.674
10.903,30.602,12.614
10.941,27.778,0
10.941,27.851,0
10.941,27.923,0
10.941,27.995,0
10.941,28.068,0
10.941,28.14,0
10.941,28.213,0
10.941,28.285,0
10.941,28.357,0
10.941,28.43,0
10.941,28.502,0
10.941,28.575,0
10.941,28.647,0
10.941,28.719,0
10.941,28.792,14.083
10.941,28.864,14.16
10.941,28.937,14.221
10.941,29.009,14.247
10.941,29.081,14.263
10.941,29.154,14.264
10.941,29.226,14.258
10.941,29.299,14.244
10.941,29.371,14.223
10.941,29.444,14.203
10.941,29.516,14.177
10.941,29.588,14.16
10.941,29.661,14.125
10.941,29.733,14.085
10.941,29.806,14.034
10.941,29.878,13.973
10.941,29.95,13.902
10.941,30.023,13.823
10.941,30.095,13.726
10.941,30.168,13.608
10.941,30.24,13.47
10.941,30.312,13.315
10.941,30.385,13.142
10.941,30.457,12.965
10.941,30.53,12.812
10.941,30.602,12.721
10.979,27.778,0
10.979,27.851,0
10.979,27.923,0
10.979,27.995,0
10.979,28.068,0
10.979,28.14,0
10.979,28.213,0
10.979,28.285,0
10.979,28.357,0
10.979,28.43,0
10.979,28.502,0
10.979,28.575,0
10.979,28.647,0
10.979,28.719,0
10.979,28.792,0
10.979,28.864,0
10.979,28.937,14.227
10.979,29.009,14.285
10.979,29.081,14.319
10.979,29.154,14.338
10.979,29.226,14.339
10.979,29.299,14.333
10.979,29.371,14.317
10.979,29.444,14.295
10.979,29.516,14.272
10.979,29.588,14.247
10.979,29.661,14.225
10.979,29.733,14.188
10.979,29.806,14.143
10.979,29.878,14.088
10.979,29.95,14.022
10.979,30.023,13.948
10.979,30.095,13.859
10.979,30.168,13.757
10.979,30.24,13.63
10.979,30.312,13.485
10.979,30.385,13.314
10.979,30.457,13.133
10.979,30.53,12.962
10.979,30.602,12.84
11.017,27.778,0
11.017,27.851,0
11.017,27.923,0
11.017,27.995,0
11.017,28.068,0
11.017,28.14,0
11.017,28.213,0
11.017,28.285,0
11.017,28.357,0
11.017,28.43,0
11.017,28.502,0
11.017,28.575,0
11.017,28.647,0
11.017,28.719,0
11.017,28.792,0
11.017,28.864,0
11.017,28.937,0
11.017,29.009,14.233
11.017,29.081,14.341
11.017,29.154,14.391
11.017,29.226,14.412
11.017,29.299,14.415
11.017,29.371,14.408
11.017,29.444,14.391
11.017,29.516,14.367
11.017,29.588,14.342
11.017,29.661,14.315
11.017,29.733,14.289
11.017,29.806,14.25
11.017,29.878,14.201
11.017,29.95,14.141
11.017,30.023,14.07
11.017,30.095,13.99
11.017,30.168,13.896
11.017,30.24,13.779
11.017,30.312,13.645
11.017,30.385,13.483
11.017,30.457,13.31
11.017,30.53,13.129
11.017,30.602,12.979
11.055,27.778,0
11.055,27.851,0
11.055,27.923,0
11.055,27.995,0
11.055,28.068,0
11.055,28.14,0
11.055,28.213,0
11.055,28.285,0
11.055,28.357,0
11.055,28.43,0
11.055,28.502,0
11.055,28.575,0
11.055,28.647,0
11.055,28.719,0
11.055,28.792,0
11.055,28.864,0
11.055,28.937,0
11.055,29.009,0
11.055,29.081,0
11.055,29.154,14.348
11.055,29.226,14.46
11.055,29.299,14.487
11.055,29.371,14.49
11.055,29.444,14.484
11.055,29.516,14.465
11.055,29.588,14.439
11.055,29.661,14.411
11.055,29.733,14.383
11.055,29.806,14.354
11.055,29.878,14.312
11.055,29.95,14.257
11.055,30.023,14.192
11.055,30.095,14.116
11.055,30.168,14.031
11.055,30.24,13.929
11.055,30.312,13.805
11.055,30.385,13.654
11.055,30.457,13.492
11.055,30.53,13.305
11.055,30.602,13.134
11.093,27.778,0
11.093,27.851,0
11.093,27.923,0
11.093,27.995,0
11.093,28.068,0
11.093,28.14,0
11.093,28.213,0
11.093,28.285,0
11.093,28.357,0
11.093,28.43,0
11.093,28.502,0
11.093,28.575,0
11.093,28.647,0
11.093,28.719,0
11.093,28.792,0
11.093,28.864,0
11.093,28.937,0
11.093,29.009,0
11.093,29.081,0
11.093,29.154,0
11.093,29.226,14.382
11.093,29.299,14.521
11.093,29.371,14.55
11.093,29.444,14.564
11.093,29.516,14.56
11.093,29.588,14.54
11.093,29.661,14.511
11.093,29.733,14.481
11.093,29.806,14.461
11.093,29.878,14.421
11.093,29.95,14.373
11.093,30.023,14.313
11.093,30.095,14.243
11.093,30.168,14.163
11.093,30.24,14.068
11.093,30.312,13.957
11.093,30.385,13.82
11.093,30.457,13.665
11.093,30.53,13.483
11.093,30.602,13.311
11.131,27.778,0
11.131,27.851,0
11.131,27.923,0
11.131,27.995,0
11.131,28.068,0
11.131,28.14,0
11.131,28.213,0
11.131,28.285,0
11.131,28.357,0
11.131,28.43,0
11.131,28.502,0
11.131,28.575,0
11.131,28.647,0
11.131,28.719,0
11.131,28.792,0
11.131,28.864,0
11.131,28.937,0
11.131,29.009,0
11.131,29.081,0
11.131,29.154,0
11.131,29.226,0
11.131,29.299,0
11.131,29.371,14.564
11.131,29.444,14.621
11.131,29.516,14.639
11.131,29.588,14.636
11.131,29.661,14.615
11.131,29.733,14.584
11.131,29.806,14.554
11.131,29.878,14.529
11.131,29.95,14.485
11.131,30.023,14.434
11.131,30.095,14.369
11.131,30.168,14.293
11.131,30.24,14.21
11.131,30.312,14.107
11.131,30.385,13.98
11.131,30.457,13.837
11.131,30.53,13.671
11.131,30.602,13.493
11.169,27.778,0
11.169,27.851,0
11.169,27.923,0
11.169,27.995,0
11.169,28.068,0
11.169,28.14,0
11.169,28.213,0
11.169,28.285,0
11.169,28.357,0
11.169,28.43,0
11.169,28.502,0
11.169,28.575,0
11.169,28.647,0
11.169,28.719,0
11.169,28.792,0
11.169,28.864,0
11.169,28.937,0
11.169,29.009,0
11.169,29.081,0
11.169,29.154,0
11.169,29.226,0
11.169,29.299,0
11.169,29.371,0
11.169,29.444,0
11.169,29.516,14.677
11.169,29.588,14.709
11.169,29.661,14.713
11.169,29.733,14.692
11.169,29.806,14.659
11.169,29.878,14.627
11.169,29.95,14.598
11.169,30.023,14.553
11.169,30.095,14.494
11.169,30.168,14.424
11.169,30.24,14.344
11.169,30.312,14.251
11.169,30.385,14.142
11.169,30.457,14.008
11.169,30.53,13.847
11.169,30.602,13.673
11.206,27.778,0
11.206,27.851,0
11.206,27.923,0
11.206,27.995,0
11.206,28.068,0
11.206,28.14,0
11.206,28.213,0
11.206,28.285,0
11.206,28.357,0
11.206,28.43,0
11.206,28.502,0
11.206,28.575,0
11.206,28.647,0
11.206,28.719,0
11.206,28.792,0
11.206,28.864,0
11.206,28.937,0
11.206,29.009,0
11.206,29.081,0
11.206,29.154,0
11.206,29.226,0
11.206,29.299,0
11.206,29.371,0
11.206,29.444,0
11.206,29.516,0
11.206,29.588,14.712
11.206,29.661,14.772
11.206,29.733,14.79
11.206,29.806,14.768
11.206,29.878,14.734
11.206,29.95,14.697
11.206,30.023,14.668
11.206,30.095,14.619
11.206,30.168,14.555
11.206,30.24,14.48
11.206,30.312,14.393
11.206,30.385,14.291
11.206,30.457,14.172
11.206,30.53,14.028
11.206,30.602,13.866
11.244,27.778,0
11.244,27.851,0
11.244,27.923,0
11.244,27.995,0
11.244,28.068,0
11.244,28.14,0
11.244,28.213,0
11.244,28.285,0
11.244,28.357,0
11.244,28.43,0
11.244,28.502,0
11.244,28.575,0
11.244,28.647,0
11.244,28.719,0
11.244,28.792,0
11.244,28.864,0
11.244,28.937,0
11.244,29.009,0
11.244,29.081,0
11.244,29.154,0
11.244,29.226,0
11.244,29.299,0
11.244,29.371,0
11.244,29.444,0
11.244,29.516,0
11.244,29.588,0
11.244,29.661,0
11.244,29.733,14.812
11.244,29.806,14.868
11.244,29.878,14.849
11.244,29.95,14.812
11.244,30.023,14.782
11.244,30.095,14.74
11.244,30.168,14.686
11.244,30.24,14.617
11.244,30.312,14.535
11.244,30.385,14.446
11.244,30.457,14.335
11.244,30.53,14.203
11.244,30.602,14.047
11.282,27.778,0
11.282,27.851,0
11.282,27.923,0
11.282,27.995,0
11.282,28.068,0
11.282,28.14,0
11.282,28.213,0
11.282,28.285,0
11.282,28.357,0
11.282,28.43,0
11.282,28.502,0
11.282,28.575,0
11.282,28.647,0
11.282,28.719,0
11.282,28.792,0
11.282,28.864,0
11.282,28.937,0
11.282,29.009,0
11.282,29.081,0
11.282,29.154,0
11.282,29.226,0
11.282,29.299,0
11.282,29.371,0
11.282,29.444,0
11.282,29.516,0
11.282,29.588,0
11.282,29.661,0
11.282,29.733,0
11.282,29.806,14.846
11.282,29.878,14.931
11.282,29.95,14.931
11.282,30.023,14.891
11.282,30.095,14.848
11.282,30.168,14.812
11.282,30.24,14.755
11.282,30.312,14.68
11.282,30.385,14.591
11.282,30.457,14.494
11.282,30.53,14.377
11.282,30.602,14.234
11.32,27.778,0
11.32,27.851,0
11.32,27.923,0
11.32,27.995,0
11.32,28.068,0
11.32,28.14,0
11.32,28.213,0
11.32,28.285,0
11.32,28.357,0
11.32,28.43,0
11.32,28.502,0
11.32,28.575,0
11.32,28.647,0
11.32,28.719,0
11.32,28.792,0
11.32,28.864,0
11.32,28.937,0
11.32,29.009,0
11.32,29.081,0
11.32,29.154,0
11.32,29.226,0
11.32,29.299,0
11.32,29.371,0
11.32,29.444,0
11.32,29.516,0
11.32,29.588,0
11.32,29.661,0
11.32,29.733,0
11.32,29.806,0
11.32,29.878,0
11.32,29.95,15.001
11.32,30.023,15.011
11.32,30.095,14.976
11.32,30.168,14.936
11.32,30.24,14.89
11.32,30.312,14.826
11.32,30.385,14.745
11.32,30.457,14.649
11.32,30.53,14.543
11.32,30.602,14.415
11.358,27.778,0
11.358,27.851,0
11.358,27.923,0
11.358,27.995,0
11.358,28.068,0
11.358,28.14,0
11.358,28.213,0
11.358,28.285,0
11.358,28.357,0
11.358,28.43,0
11.358,28.502,0
11.358,28.575,0
11.358,28.647,0
11.358,28.719,0
11.358,28.792,0
11.358,28.864,0
11.358,28.937,0
11.358,29.009,0
11.358,29.081,0
11.358,29.154,0
11.358,29.226,0
11.358,29.299,0
11.358,29.371,0
11.358,29.444,0
11.358,29.516,0
11.358,29.588,0
11.358,29.661,0
11.358,29.733,0
11.358,29.806,0
11.358,29.878,0
11.358,29.95,0
11.358,30.023,15.015
11.358,30.095,15.096
11.358,30.168,15.066
11.358,30.24,15.008
11.358,30.312,14.964
11.358,30.385,14.9
11.358,30.457,14.812
11.358,30.53,14.713
11.358,30.602,14.594
11.396,27.778,0
11.396,27.851,0
11.396,27.923,0
11.396,27.995,0
11.396,28.068,0
11.396,28.14,0
11.396,28.213,0
11.396,28.285,0
11.396,28.357,0
11.396,28.43,0
11.396,28.502,0
11.396,28.575,0
11.396,28.647,0
11.396,28.719,0
11.396,28.792,0
11.396,28.864,0
11.396,28.937,0
11.396,29.009,0
11.396,29.081,0
11.396,29.154,0
11.396,29.226,0
11.396,29.299,0
11.396,29.371,0
11.396,29.444,0
11.396,29.516,0
11.396,29.588,0
11.396,29.661,0
11.396,29.733,0
11.396,29.806,0
11.396,29.878,0
11.396,29.95,0
11.396,30.023,0
11.396,30.095,0
11.396,30.168,15.149
11.396,30.24,15.154
11.396,30.312,15.095
11.396,30.385,15.051
11.396,30.457,14.978
11.396,30.53,14.883
11.396,30.602,14.778
11.434,27.778,0
11.434,27.851,0
11.434,27.923,0
11.434,27.995,0
11.434,28.068,0
11.434,28.14,0
11.434,28.213,0
11.434,28.285,0
11.434,28.357,0
11.434,28.43,0
11.434,28.502,0
11.434,28.575,0
11.434,28.647,0
11.434,28.719,0
11.434,28.792,0
11.434,28.864,0
11.434,28.937,0
11.434,29.009,0
11.434,29.081,0
11.434,29.154,0
11.434,29.226,0
11.434,29.299,0
11.434,29.371,0
11.434,29.444,0
11.434,29.516,0
11.434,29.588,0
11.434,29.661,0
11.434,29.733,0
11.434,29.806,0
11.434,29.878,0
11.434,29.95,0
11.434,30.023,0
11.434,30.095,0
11.434,30.168,0
11.434,30.24,0
11.434,30.312,15.228
11.434,30.385,15.187
11.434,30.457,15.134
11.434,30.53,15.058
11.434,30.602,14.958
11.472,27.778,0
11.472,27.851,0
11.472,27.923,0
11.472,27.995,0
11.472,28.068,0
11.472,28.14,0
11.472,28.213,0
11.472,28.285,0
11.472,28.357,0
11.472,28.43,0
11.472,28.502,0
11.472,28.575,0
11.472,28.647,0
11.472,28.719,0
11.472,28.792,0
11.472,28.864,0
11.472,28.937,0
11.472,29.009,0
11.472,29.081,0
11.472,29.154,0
11.472,29.226,0
11.472,29.299,0
11.472,29.371,0
11.472,29.444,0
11.472,29.516,0
11.472,29.588,0
11.472,29.661,0
11.472,29.733,0
11.472,29.806,0
11.472,29.878,0
11.472,29.95,0
11.472,30.023,0
11.472,30.095,0
11.472,30.168,0
11.472,30.24,0
11.472,30.312,0
11.472,30.385,15.302
11.472,30.457,15.293
11.472,30.53,15.231
11.472,30.602,15.147
11.509,27.778,0
11.509,27.851,0
11.509,27.923,0
11.509,27.995,0
11.509,28.068,0
11.509,28.14,0
11.509,28.213,0
11.509,28.285,0
11.509,28.357,0
11.509,28.43,0
11.509,28.502,0
11.509,28.575,0
11.509,28.647,0
11.509,28.719,0
11.509,28.792,0
11.509,28.864,0
11.509,28.937,0
11.509,29.009,0
11.509,29.081,0
11.509,29.154,0
11.509,29.226,0
11.509,29.299,0
11.509,29.371,0
11.509,29.444,0
11.509,29.516,0
11.509,29.588,0
11.509,29.661,0
11.509,29.733,0
11.509,29.806,0
11.509,29.878,0
11.509,29.95,0
11.509,30.023,0
11.509,30.095,0
11.509,30.168,0
11.509,30.24,0
11.509,30.312,0
11.509,30.385,0
11.509,30.457,0
11.509,30.53,15.396
11.509,30.602,15.31
11.547,27.778,0
11.547,27.851,0
11.547,27.923,0
11.547,27.995,0
11.547,28.068,0
11.547,28.14,0
11.547,28.213,0
11.547,28.285,0
11.547,28.357,0
11.547,28.43,0
11.547,28.502,0
11.547,28.575,0
11.547,28.647,0
11.547,28.719,0
11.547,28.792,0
11.547,28.864,0
11.547,28.937,0
11.547,29.009,0
11.547,29.081,0
11.547,29.154,0
11.547,29.226,0
11.547,29.299,0
11.547,29.371,0
11.547,29.444,0
11.547,29.516,0
11.547,29.588,0
11.547,29.661,0
11.547,29.733,0
11.547,29.806,0
11.547,29.878,0
11.547,29.95,0
11.547,30.023,0
11.547,30.095,0
11.547,30.168,0
11.547,30.24,0
11.547,30.312,0
11.547,30.385,0
11.547,30.457,0
11.547,30.53,0
11.547,30.602,0
11.585,27.778,0
11.585,27.851,0
11.585,27.923,0
11.585,27.995,0
11.585,28.068,0
11.585,28.14,0
11.585,28.213,0
11.585,28.285,0
11.585,28.357,0
11.585,28.43,0
11.585,28.502,0
11.585,28.575,0
11.585,28.647,0
11.585,28.719,0
11.585,28.792,0
11.585,28.864,0
11.585,28.937,0
11.585,29.009,0
11.585,29.081,0
11.585,29.154,0
11.585,29.226,0
11.585,29.299,0
11.585,29.371,0
11.585,29.444,0
11.585,29.516,0
11.585,29.588,0
11.585,29.661,0
11.585,29.733,0
11.585,29.806,0
11.585,29.878,0
11.585,29.95,0
11.585,30.023,0
11.585,30.095,0
11.585,30.168,0
11.585,30.24,0
11.585,30.312,0
11.585,30.385,0
11.585,30.457,0
11.585,30.53,0
11.585,30.602,0
11.623,27.778,0
11.623,27.851,0
11.623,27.923,0
11.623,27.995,0
11.623,28.068,0
11.623,28.14,0
11.623,28.213,0
11.623,28.285,0
11.623,28.357,0
11.623,28.43,0
11.623,28.502,0
11.623,28.575,0
11.623,28.647,0
11.623,28.719,0
11.623,28.792,0
11.623,28.864,0
11.623,28.937,0
11.623,29.009,0
11.623,29.081,0
11.623,29.154,0
11.623,29.226,0
11.623,29.299,0
11.623,29.371,0
11.623,29.444,0
11.623,29.516,0
11.623,29.588,0
11.623,29.661,0
11.623,29.733,0
11.623,29.806,0
11.623,29.878,0
11.623,29.95,0
11.623,30.023,0
11.623,30.095,0
11.623,30.168,0
11.623,30.24,0
11.623,30.312,0
11.623,30.385,0
11.623,30.457,0
11.623,30.53,0
11.623,30.602,0
11.661,27.778,0
11.661,27.851,0
11.661,27.923,0
11.661,27.995,0
11.661,28.068,0
11.661,28.14,0
11.661,28.213,0
11.661,28.285,0
11.661,28.357,0
11.661,28.43,0
11.661,28.502,0
11.661,28.575,0
11.661,28.647,0
11.661,28.719,0
11.661,28.792,0
11.661,28.864,0
11.661,28.937,0
11.661,29.009,0
11.661,29.081,0
11.661,29.154,0
11.661,29.226,0
11.661,29.299,0
11.661,29.371,0
11.661,29.444,0
11.661,29.516,0
11.661,29.588,0
11.661,29.661,0
11.661,29.733,0
11.661,29.806,0
11.661,29.878,0
11.661,29.95,0
11.661,30.023,0
11.661,30.095,0
11.661,30.168,0
11.661,30.24,0
11.661,30.312,0
11.661,30.385,0
11.661,30.457,0
11.661,30.53,0
11.661,30.602,0
11.699,27.778,0
11.699,27.851,0
11.699,27.923,0
11.699,27.995,0
11.699,28.068,0
11.699,28.14,0
11.699,28.213,0
11.699,28.285,0
11.699,28.357,0
11.699,28.43,0
11.699,28.502,0
11.699,28.575,0
11.699,28.647,0
11.699,28.719,0
11.699,28.792,0
11.699,28.864,0
11.699,28.937,0
11.699,29.009,0
11.699,29.081,0
11.699,29.154,0
11.699,29.226,0
11.699,29.299,0
11.699,29.371,0
11.699,29.444,0
11.699,29.516,0
11.699,29.588,0
11.699,29.661,0
11.699,29.733,0
11.699,29.806,0
11.699,29.878,0
11.699,29.95,0
11.699,30.023,0
11.699,30.095,0
11.699,30.168,0
11.699,30.24,0
11.699,30.312,0
11.699,30.385,0
11.699,30.457,0
11.699,30.53,0
11.699,30.602,0
11.737,27.778,0
11.737,27.851,0
11.737,27.923,0
11.737,27.995,0
11.737,28.068,0
11.737,28.14,0
11.737,28.213,0
11.737,28.285,0
11.737,28.357,0
11.737,28.43,0
11.737,28.502,0
11.737,28.575,0
11.737,28.647,0
11.737,28.719,0
11.737,28.792,0
11.737,28.864,0
11.737,28.937,0
11.737,29.009,0
11.737,29.081,0
11.737,29.154,0
11.737,29.226,0
11.737,29.299,0
11.737,29.371,0
11.737,29.444,0
11.737,29.516,0
11.737,29.588,0
11.737,29.661,0
11.737,29.733,0
11.737,29.806,0
11.737,29.878,0
11.737,29.95,0
11.737,30.023,0
11.737,30.095,0
11.737,30.168,0
11.737,30.24,0
11.737,30.312,0
11.737,30.385,0
11.737,30.457,0
11.737,30.53,0
11.737,30.602,0
11.775,27.778,0
11.775,27.851,0
11.775,27.923,0
11.775,27.995,0
11.775,28.068,0
11.775,28.14,0
11.775,28.213,0
11.775,28.285,0
11.775,28.357,0
11.775,28.43,0
11.775,28.502,0
11.775,28.575,0
11.775,28.647,0
11.775,28.719,0
11.775,28.792,0
11.775,28.864,0
11.775,28.937,0
11.775,29.009,0
11.775,29.081,0
11.775,29.154,0
11.775,29.226,0
11.775,29.299,0
11.775,29.371,0
11.775,29.444,0
11.775,29.516,0
11.775,29.588,0
11.775,29.661,0
11.775,29.733,0
11.775,29.806,0
11.775,29.878,0
11.775,29.95,0
11.775,30.023,0
11.775,30.095,0
11.775,30.168,0
11.775,30.24,0
11.775,30.312,0
11.775,30.385,0
11.775,30.457,0
11.775,30.53,0
11.775,30.602,0
11.813,27.778,0
11.813,27.851,0
11.813,27.923,0
11.813,27.995,0
11.813,28.068,0
11.813,28.14,0
11.813,28.213,0
11.813,28.285,0
11.813,28.357,0
11.813,28.43,0
11.813,28.502,0
11.813,28.575,0
11.813,28.647,0
11.813,28.719,0
11.813,28.792,0
11.813,28.864,0
11.813,28.937,0
11.813,29.009,0
11.813,29.081,0
11.813,29.154,0
11.813,29.226,0
11.813,29.299,0
11.813,29.371,0
11.813,29.444,0
11.813,29.516,0
11.813,29.588,0
11.813,29.661,0
11.813,29.733,0
11.813,29.806,0
11.813,29.878,0
11.813,29.95,0
11.813,30.023,0
11.813,30.095,0
11.813,30.168,0
11.813,30.24,0
11.813,30.312,0
11.813,30.385,0
11.813,30.457,0
11.813,30.53,0
11.813,30.602,0
11.85,27.778,0
11.85,27.851,0
11.85,27.923,0
11.85,27.995,0
11.85,28.068,0
11.85,28.14,0
11.85,28.213,0
11.85,28.285,0
11.85,28.357,0
11.85,28.43,0
11.85,28.502,0
11.85,28.575,0
11.85,28.647,0
11.85,28.719,0
11.85,28.792,0
11.85,28.864,0
11.85,28.937,0
11.85,29.009,0
11.85,29.081,0
11.85,29.154,0
11.85,29.226,0
11.85,29.299,0
11.85,29.371,0
11.85,29.444,0
11.85,29.516,0
11.85,29.588,0
11.85,29.661,0
11.85,29.733,0
11.85,29.806,0
11.85,29.878,0
11.85,29.95,0
11.85,30.023,0
11.85,30.095,0
11.85,30.168,0
11.85,30.24,0
11.85,30.312,0
11.85,30.385,0
11.85,30.457,0
11.85,30.53,0
11.85,30.602,0
11.888,27.778,0
11.888,27.851,0
11.888,27.923,0
11.888,27.995,0
11.888,28.068,0
11.888,28.14,0
11.888,28.213,0
11.888,28.285,0
11.888,28.357,0
11.888,28.43,0
11.888,28.502,0
11.888,28.575,0
11.888,28.647,0
11.888,28.719,0
11.888,28.792,0
11.888,28.864,0
11.888,28.937,0
11.888,29.009,0
11.888,29.081,0
11.888,29.154,0
11.888,29.226,0
11.888,29.299,0
11.888,29.371,0
11.888,29.444,0
11.888,29.516,0
11.888,29.588,0
11.888,29.661,0
11.888,29.733,0
11.888,29.806,0
11.888,29.878,0
11.888,29.95,0
11.888,30.023,0
11.888,30.095,0
11.888,30.168,0
11.888,30.24,0
11.888,30.312,0
11.888,30.385,0
11.888,30.457,0
11.888,30.53,0
11.888,30.602,0
11.926,27.778,0
11.926,27.851,0
11.926,27.923,0
11.926,27.995,0
11.926,28.068,0
11.926,28.14,0
11.926,28.213,0
11.926,28.285,0
11.926,28.357,0
11.926,28.43,0
11.926,28.502,0
11.926,28.575,0
11.926,28.647,0
11.926,28.719,0
11.926,28.792,0
11.926,28.864,0
11.926,28.937,0
11.926,29.009,0
11.926,29.081,0
11.926,29.154,0
11.926,29.226,0
11.926,29.299,0
11.926,29.371,0
11.926,29.444,0
11.926,29.516,0
11.926,29.588,0
11.926,29.661,0
11.926,29.733,0
11.926,29.806,0
11.926,29.878,0
11.926,29.95,0
11.926,30.023,0
11.926,30.095,0
11.926,30.168,0
11.926,30.24,0
11.926,30.312,0
11.926,30.385,0
11.926,30.457,0
11.926,30.53,0
11.926,30.602,0
11.964,27.778,0
11.964,27.851,0
11.964,27.923,0
11.964,27.995,0
11.964,28.068,0
11.964,28.14,0
11.964,28.213,0
11.964,28.285,0
11.964,28.357,0
11.964,28.43,0
11.964,28.502,0
11.964,28.575,0
11.964,28.647,0
11.964,28.719,0
11.964,28.792,0
11.964,28.864,0
11.964,28.937,0
11.964,29.009,0
11.964,29.081,0
11.964,29.154,0
11.964,29.226,0
11.964,29.299,0
11.964,29.371,0
11.964,29.444,0
11.964,29.516,0
11.964,29.588,0
11.964,29.661,0
11.964,29.733,0
11.964,29.806,0
11.964,29.878,0
11.964,29.95,0
11.964,30.023,0
11.964,30.095,0
11.964,30.168,0
11.964,30.24,0
11.964,30.312,0
11.964,30.385,0
11.964,30.457,0
11.964,30.53,0
11.964,30.602,0
