6.699,27.778,0
6.699,27.851,0
6.699,27.923,0
6.699,27.995,0
6.699,28.068,0
6.699,28.14,0
6.699,28.213,0
6.699,28.285,0
6.699,28.357,0
6.699,28.43,0
6.699,28.502,0
6.699,28.575,0
6.699,28.647,0
6.699,28.719,0
6.699,28.792,0
6.699,28.864,0
6.699,28.937,0
6.699,29.009,0
6.699,29.081,0
6.699,29.154,0
6.699,29.226,0
6.699,29.299,0
6.699,29.371,0
6.699,29.444,0
6.699,29.516,0
6.699,29.588,0
6.699,29.661,0
6.699,29.733,0
6.699,29.806,0
6.699,29.878,0
6.699,29.95,0
6.699,30.023,0
6.699,30.095,0
6.699,30.168,0
6.699,30.24,0
6.699,30.312,0
6.699,30.385,0
6.699,30.457,0
6.699,30.53,0
6.699,30.602,0
6.7368,27.778,0
6.7368,27.851,0
6.7368,27.923,0
6.7368,27.995,0
6.7368,28.068,0
6.7368,28.14,0
6.7368,28.213,0
6.7368,28.285,0
6.7368,28.357,0
6.7368,28.43,0
6.7368,28.502,0
6.7368,28.575,0
6.7368,28.647,0
6.7368,28.719,0
6.7368,28.792,0
6.7368,28.864,0
6.7368,28.937,0
6.7368,29.009,0
6.7368,29.081,0
6.7368,29.154,0
6.7368,29.226,0
6.7368,29.299,0
6.7368,29.371,0
6.7368,29.444,0
6.7368,29.516,0
6.7368,29.588,0
6.7368,29.661,0
6.7368,29.733,0
6.7368,29.806,0
6.7368,29.878,0
6.7368,29.95,0
6.7368,30.023,0
6.7368,30.095,0
6.7368,30.168,0
6.7368,30.24,0
6.7368,30.312,0
6.7368,30.385,0
6.7368,30.457,0
6.7368,30.53,0
6.7368,30.602,0
6.7747,27.778,0
6.7747,27.851,0
6.7747,27.923,0
6.7747,27.995,0
6.7747,28.068,0
6.7747,28.14,0
6.7747,28.213,0
6.7747,28.285,0
6.7747,28.357,0
6.7747,28.43,0
6.7747,28.502,0
6.7747,28.575,0
6.7747,28.647,0
6.7747,28.719,0
6.7747,28.792,0
6.7747,28.864,0
6.7747,28.937,0
6.7747,29.009,0
6.7747,29.081,0
6.7747,29.154,0
6.7747,29.226,0
6.7747,29.299,0
6.7747,29.371,0
6.7747,29.444,0
6.7747,29.516,0
6.7747,29.588,0
6.7747,29.661,0
6.7747,29.733,0
6.7747,29.806,0
6.7747,29.878,0
6.7747,29.95,0
6.7747,30.023,0
6.7747,30.095,0
6.7747,30.168,0
6.7747,30.24,0
6.7747,30.312,0
6.7747,30.385,0
6.7747,30.457,0
6.7747,30.53,0
6.7747,30.602,0
6.8126,27.778,0
6.8126,27.851,0
6.8126,27.923,0
6.8126,27.995,0
6.8126,28.068,0
6.8126,28.14,0
6.8126,28.213,0
6.8126,28.285,0
6.8126,28.357,0
6.8126,28.43,0
6.8126,28.502,0
6.8126,28.575,0
6.8126,28.647,0
6.8126,28.719,0
6.8126,28.792,0
6.8126,28.864,0
6.8126,28.937,0
6.8126,29.009,0
6.8126,29.081,0
6.8126,29.154,0
6.8126,29.226,0
6.8126,29.299,0
6.8126,29.371,0
6.8126,29.444,0
6.8126,29.516,0
6.8126,29.588,0
6.8126,29.661,0
6.8126,29.733,0
6.8126,29.806,0
6.8126,29.878,0
6.8126,29.95,0
6.8126,30.023,0
6.8126,30.095,0
6.8126,30.168,0
6.8126,30.24,0
6.8126,30.312,0
6.8126,30.385,0
6.8126,30.457,0
6.8126,30.53,0
6.8126,30.602,0
6.8505,27.778,0
6.8505,27.851,0
6.8505,27.923,0
6.8505,27.995,0
6.8505,28.068,0
6.8505,28.14,0
6.8505,28.213,0
6.8505,28.285,0
6.8505,28.357,0
6.8505,28.43,0
6.8505,28.502,0
6.8505,28.575,0
6.8505,28.647,0
6.8505,28.719,0
6.8505,28.792,0
6.8505,28.864,0
6.8505,28.937,0
6.8505,29.009,0
6.8505,29.081,0
6.8505,29.154,0
6.8505,29.226,0
6.8505,29.299,0
6.8505,29.371,0
6.8505,29.444,0
6.8505,29.516,0
6.8505,29.588,0
6.8505,29.661,0
6.8505,29.733,0
6.8505,29.806,0
6.8505,29.878,0
6.8505,29.95,0
6.8505,30.023,0
6.8505,30.095,0
6.8505,30.168,0
6.8505,30.24,0
6.8505,30.312,0
6.8505,30.385,0
6.8505,30.457,0
6.8505,30.53,0
6.8505,30.602,0
6.8884,27.778,0
6.8884,27.851,0
6.8884,27.923,0
6.8884,27.995,0
6.8884,28.068,0
6.8884,28.14,0
6.8884,28.213,0
6.8884,28.285,0
6.8884,28.357,0
6.8884,28.43,0
6.8884,28.502,0
6.8884,28.575,0
6.8884,28.647,0
6.8884,28.719,0
6.8884,28.792,0
6.8884,28.864,0
6.8884,28.937,0
6.8884,29.009,0
6.8884,29.081,0
6.8884,29.154,0
6.8884,29.226,0
6.8884,29.299,0
6.8884,29.371,0
6.8884,29.444,0
6.8884,29.516,0
6.8884,29.588,0
6.8884,29.661,0
6.8884,29.733,0
6.8884,29.806,0
6.8884,29.878,0
6.8884,29.95,0
6.8884,30.023,0
6.8884,30.095,0
6.8884,30.168,0
6.8884,30.24,0
6.8884,30.312,0
6.8884,30.385,0
6.8884,30.457,0
6.8884,30.53,0
6.8884,30.602,0
6.9262,27.778,0
6.9262,27.851,0
6.9262,27.923,0
6.9262,27.995,0
6.9262,28.068,0
6.9262,28.14,0
6.9262,28.213,0
6.9262,28.285,0
6.9262,28.357,0
6.9262,28.43,0
6.9262,28.502,0
6.9262,28.575,0
6.9262,28.647,0
6.9262,28.719,0
6.9262,28.792,0
6.9262,28.864,0
6.9262,28.937,0
6.9262,29.009,0
6.9262,29.081,0
6.9262,29.154,0
6.9262,29.226,0
6.9262,29.299,0
6.9262,29.371,0
6.9262,29.444,0
6.9262,29.516,0
6.9262,29.588,0
6.9262,29.661,0
6.9262,29.733,0
6.9262,29.806,0
6.9262,29.878,0
6.9262,29.95,0
6.9262,30.023,0
6.9262,30.095,0
6.9262,30.168,0
6.9262,30.24,0
6.9262,30.312,0
6.9262,30.385,0
6.9262,30.457,0
6.9262,30.53,0
6.9262,30.602,0
6.9641,27.778,0
6.9641,27.851,0
6.9641,27.923,0
6.9641,27.995,0
6.9641,28.068,0
6.9641,28.14,0
6.9641,28.213,0
6.9641,28.285,0
6.9641,28.357,0
6.9641,28.43,0
6.9641,28.502,0
6.9641,28.575,0
6.9641,28.647,0
6.9641,28.719,0
6.9641,28.792,0
6.9641,28.864,0
6.9641,28.937,0
6.9641,29.009,0
6.9641,29.081,0
6.9641,29.154,0
6.9641,29.226,0
6.9641,29.299,0
6.9641,29.371,0
6.9641,29.444,0
6.9641,29.516,0
6.9641,29.588,0
6.9641,29.661,0
6.9641,29.733,0
6.9641,29.806,0
6.9641,29.878,0
6.9641,29.95,0
6.9641,30.023,0
6.9641,30.095,0
6.9641,30.168,0
6.9641,30.24,0
6.9641,30.312,0
6.9641,30.385,0
6.9641,30.457,0
6.9641,30.53,0
6.9641,30.602,0
7.002,27.778,0
7.002,27.851,0
7.002,27.923,0
7.002,27.995,0
7.002,28.068,0
7.002,28.14,0
7.002,28.213,0
7.002,28.285,0
7.002,28.357,0
7.002,28.43,0
7.002,28.502,0
7.002,28.575,0
7.002,28.647,0
7.002,28.719,0
7.002,28.792,0
7.002,28.864,0
7.002,28.937,0
7.002,29.009,0
7.002,29.081,0
7.002,29.154,0
7.002,29.226,0
7.002,29.299,0
7.002,29.371,0
7.002,29.444,0
7.002,29.516,0
7.002,29.588,0
7.002,29.661,0
7.002,29.733,0
7.002,29.806,0
7.002,29.878,0
7.002,29.95,0
7.002,30.023,0
7.002,30.095,0
7.002,30.168,0
7.002,30.24,0
7.002,30.312,0
7.002,30.385,0
7.002,30.457,0
7.002,30.53,0
7.002,30.602,0
7.0399,27.778,0
7.0399,27.851,0
7.0399,27.923,0
7.0399,27.995,0
7.0399,28.068,0
7.0399,28.14,0
7.0399,28.213,0
7.0399,28.285,0
7.0399,28.357,0
7.0399,28.43,0
7.0399,28.502,0
7.0399,28.575,0
7.0399,28.647,0
7.0399,28.719,0
7.0399,28.792,0
7.0399,28.864,0
7.0399,28.937,0
7.0399,29.009,0
7.0399,29.081,0
7.0399,29.154,0
7.0399,29.226,0
7.0399,29.299,0
7.0399,29.371,0
7.0399,29.444,0
7.0399,29.516,0
7.0399,29.588,0
7.0399,29.661,0
7.0399,29.733,0
7.0399,29.806,0
7.0399,29.878,0
7.0399,29.95,0
7.0399,30.023,0
7.0399,30.095,0
7.0399,30.168,0
7.0399,30.24,0
7.0399,30.312,0
7.0399,30.385,0
7.0399,30.457,0
7.0399,30.53,0
7.0399,30.602,0
7.0778,27.778,0
7.0778,27.851,0
7.0778,27.923,0
7.0778,27.995,0
7.0778,28.068,0
7.0778,28.14,0
7.0778,28.213,0
7.0778,28.285,0
7.0778,28.357,0
7.0778,28.43,0
7.0778,28.502,0
7.0778,28.575,0
7.0778,28.647,0
7.0778,28.719,0
7.0778,28.792,0
7.0778,28.864,0
7.0778,28.937,0
7.0778,29.009,0
7.0778,29.081,0
7.0778,29.154,0
7.0778,29.226,0
7.0778,29.299,0
7.0778,29.371,0
7.0778,29.444,0
7.0778,29.516,0
7.0778,29.588,0
7.0778,29.661,0
7.0778,29.733,0
7.0778,29.806,0
7.0778,29.878,0
7.0778,29.95,0
7.0778,30.023,0
7.0778,30.095,0
7.0778,30.168,0
7.0778,30.24,0
7.0778,30.312,0
7.0778,30.385,0
7.0778,30.457,0
7.0778,30.53,0
7.0778,30.602,0
7.1156,27.778,0
7.1156,27.851,0
7.1156,27.923,0
7.1156,27.995,0
7.1156,28.068,0
7.1156,28.14,0
7.1156,28.213,0
7.1156,28.285,0
7.1156,28.357,0
7.1156,28.43,0
7.1156,28.502,0
7.1156,28.575,0
7.1156,28.647,0
7.1156,28.719,0
7.1156,28.792,0
7.1156,28.864,0
7.1156,28.937,0
7.1156,29.009,0
7.1156,29.081,0
7.1156,29.154,0
7.1156,29.226,0
7.1156,29.299,0
7.1156,29.371,0
7.1156,29.444,0
7.1156,29.516,0
7.1156,29.588,0
7.1156,29.661,0
7.1156,29.733,0
7.1156,29.806,0
7.1156,29.878,0
7.1156,29.95,0
7.1156,30.023,0
7.1156,30.095,0
7.1156,30.168,0
7.1156,30.24,0
7.1156,30.312,0
7.1156,30.385,0
7.1156,30.457,0
7.1156,30.53,0
7.1156,30.602,0
7.1535,27.778,0
7.1535,27.851,0
7.1535,27.923,0
7.1535,27.995,0
7.1535,28.068,0
7.1535,28.14,0
7.1535,28.213,0
7.1535,28.285,0
7.1535,28.357,0
7.1535,28.43,0
7.1535,28.502,0
7.1535,28.575,0
7.1535,28.647,0
7.1535,28.719,0
7.1535,28.792,0
7.1535,28.864,0
7.1535,28.937,0
7.1535,29.009,0
7.1535,29.081,0
7.1535,29.154,0
7.1535,29.226,0
7.1535,29.299,0
7.1535,29.371,0
7.1535,29.444,0
7.1535,29.516,0
7.1535,29.588,0
7.1535,29.661,0
7.1535,29.733,0
7.1535,29.806,0
7.1535,29.878,0
7.1535,29.95,0
7.1535,30.023,0
7.1535,30.095,0
7.1535,30.168,0
7.1535,30.24,0
7.1535,30.312,0
7.1535,30.385,0
7.1535,30.457,0
7.1535,30.53,0
7.1535,30.602,0
7.1914,27.778,0
7.1914,27.851,0
7.1914,27.923,0
7.1914,27.995,0
7.1914,28.068,0
7.1914,28.14,0
7.1914,28.213,0
7.1914,28.285,0
7.1914,28.357,0
7.1914,28.43,0
7.1914,28.502,0
7.1914,28.575,0
7.1914,28.647,0
7.1914,28.719,0
7.1914,28.792,0
7.1914,28.864,0
7.1914,28.937,0
7.1914,29.009,0
7.1914,29.081,0
7.1914,29.154,0
7.1914,29.226,0
7.1914,29.299,0
7.1914,29.371,0
7.1914,29.444,0
7.1914,29.516,0
7.1914,29.588,0
7.1914,29.661,0
7.1914,29.733,0
7.1914,29.806,0
7.1914,29.878,0
7.1914,29.95,0
7.1914,30.023,0
7.1914,30.095,0
7.1914,30.168,0
7.1914,30.24,0
7.1914,30.312,0
7.1914,30.385,0
7.1914,30.457,0
7.1914,30.53,0
7.1914,30.602,0
7.2293,27.778,0
7.2293,27.851,0
7.2293,27.923,0
7.2293,27.995,0
7.2293,28.068,0
7.2293,28.14,0
7.2293,28.213,0
7.2293,28.285,0
7.2293,28.357,0
7.2293,28.43,0
7.2293,28.502,0
7.2293,28.575,0
7.2293,28.647,0
7.2293,28.719,0
7.2293,28.792,0
7.2293,28.864,0
7.2293,28.937,0
7.2293,29.009,0
7.2293,29.081,0
7.2293,29.154,0
7.2293,29.226,0
7.2293,29.299,0
7.2293,29.371,0
7.2293,29.444,0
7.2293,29.516,0
7.2293,29.588,0
7.2293,29.661,0
7.2293,29.733,0
7.2293,29.806,0
7.2293,29.878,0
7.2293,29.95,0
7.2293,30.023,0
7.2293,30.095,0
7.2293,30.168,0
7.2293,30.24,0
7.2293,30.312,0
7.2293,30.385,0
7.2293,30.457,0
7.2293,30.53,0
7.2293,30.602,0
7.2671,27.778,0
7.2671,27.851,0
7.2671,27.923,0
7.2671,27.995,0
7.2671,28.068,0
7.2671,28.14,0
7.2671,28.213,0
7.2671,28.285,0
7.2671,28.357,0
7.2671,28.43,0
7.2671,28.502,0
7.2671,28.575,0
7.2671,28.647,0
7.2671,28.719,0
7.2671,28.792,0
7.2671,28.864,0
7.2671,28.937,0
7.2671,29.009,0
7.2671,29.081,0
7.2671,29.154,0
7.2671,29.226,0
7.2671,29.299,0
7.2671,29.371,0
7.2671,29.444,0
7.2671,29.516,0
7.2671,29.588,0
7.2671,29.661,0
7.2671,29.733,0
7.2671,29.806,0
7.2671,29.878,0
7.2671,29.95,0
7.2671,30.023,0
7.2671,30.095,0
7.2671,30.168,0
7.2671,30.24,0
7.2671,30.312,0
7.2671,30.385,0
7.2671,30.457,0
7.2671,30.53,0
7.2671,30.602,0
7.305,27.778,0
7.305,27.851,0
7.305,27.923,0
7.305,27.995,0
7.305,28.068,0
7.305,28.14,0
7.305,28.213,0
7.305,28.285,0
7.305,28.357,0
7.305,28.43,0
7.305,28.502,0
7.305,28.575,0
7.305,28.647,0
7.305,28.719,0
7.305,28.792,0
7.305,28.864,0
7.305,28.937,0
7.305,29.009,0
7.305,29.081,0
7.305,29.154,0
7.305,29.226,0
7.305,29.299,0
7.305,29.371,0
7.305,29.444,0
7.305,29.516,0
7.305,29.588,0
7.305,29.661,0
7.305,29.733,0
7.305,29.806,0
7.305,29.878,0
7.305,29.95,0
7.305,30.023,0
7.305,30.095,0
7.305,30.168,0
7.305,30.24,0
7.305,30.312,0
7.305,30.385,0
7.305,30.457,0
7.305,30.53,0
7.305,30.602,0
7.3429,27.778,0
7.3429,27.851,0
7.3429,27.923,0
7.3429,27.995,0
7.3429,28.068,0
7.3429,28.14,0
7.3429,28.213,0
7.3429,28.285,0
7.3429,28.357,0
7.3429,28.43,0
7.3429,28.502,0
7.3429,28.575,0
7.3429,28.647,0
7.3429,28.719,0
7.3429,28.792,0
7.3429,28.864,0
7.3429,28.937,0
7.3429,29.009,0
7.3429,29.081,0
7.3429,29.154,0
7.3429,29.226,0
7.3429,29.299,0
7.3429,29.371,0
7.3429,29.444,0
7.3429,29.516,0
7.3429,29.588,0
7.3429,29.661,0
7.3429,29.733,0
7.3429,29.806,0
7.3429,29.878,0
7.3429,29.95,0
7.3429,30.023,0
7.3429,30.095,0
7.3429,30.168,0
7.3429,30.24,0
7.3429,30.312,0
7.3429,30.385,0
7.3429,30.457,0
7.3429,30.53,0
7.3429,30.602,0
7.3808,27.778,0
7.3808,27.851,0
7.3808,27.923,0
7.3808,27.995,0
7.3808,28.068,0
7.3808,28.14,0
7.3808,28.213,0
7.3808,28.285,0
7.3808,28.357,0
7.3808,28.43,0
7.3808,28.502,0
7.3808,28.575,0
7.3808,28.647,0
7.3808,28.719,0
7.3808,28.792,0
7.3808,28.864,0
7.3808,28.937,0
7.3808,29.009,0
7.3808,29.081,0
7.3808,29.154,0
7.3808,29.226,0
7.3808,29.299,0
7.3808,29.371,0
7.3808,29.444,0
7.3808,29.516,0
7.3808,29.588,0
7.3808,29.661,0
7.3808,29.733,0
7.3808,29.806,0
7.3808,29.878,0
7.3808,29.95,0
7.3808,30.023,0
7.3808,30.095,0
7.3808,30.168,0
7.3808,30.24,0
7.3808,30.312,0
7.3808,30.385,0
7.3808,30.457,0
7.3808,30.53,0
7.3808,30.602,0
7.4187,27.778,0
7.4187,27.851,0
7.4187,27.923,0
7.4187,27.995,0
7.4187,28.068,0
7.4187,28.14,0
7.4187,28.213,0
7.4187,28.285,0
7.4187,28.357,0
7.4187,28.43,0
7.4187,28.502,0
7.4187,28.575,0
7.4187,28.647,0
7.4187,28.719,0
7.4187,28.792,0
7.4187,28.864,0
7.4187,28.937,0
7.4187,29.009,0
7.4187,29.081,0
7.4187,29.154,0
7.4187,29.226,0
7.4187,29.299,0
7.4187,29.371,0
7.4187,29.444,0
7.4187,29.516,0
7.4187,29.588,0
7.4187,29.661,0
7.4187,29.733,0
7.4187,29.806,0
7.4187,29.878,0
7.4187,29.95,0
7.4187,30.023,0
7.4187,30.095,0
7.4187,30.168,0
7.4187,30.24,0
7.4187,30.312,0
7.4187,30.385,0
7.4187,30.457,0
7.4187,30.53,0
7.4187,30.602,0
7.4565,27.778,0
7.4565,27.851,0
7.4565,27.923,0
7.4565,27.995,0
7.4565,28.068,0
7.4565,28.14,0
7.4565,28.213,0
7.4565,28.285,0
7.4565,28.357,0
7.4565,28.43,0
7.4565,28.502,0
7.4565,28.575,0
7.4565,28.647,0
7.4565,28.719,0
7.4565,28.792,0
7.4565,28.864,0
7.4565,28.937,0
7.4565,29.009,0
7.4565,29.081,0
7.4565,29.154,0
7.4565,29.226,0
7.4565,29.299,0
7.4565,29.371,0
7.4565,29.444,0
7.4565,29.516,0
7.4565,29.588,0
7.4565,29.661,0
7.4565,29.733,0
7.4565,29.806,0
7.4565,29.878,0
7.4565,29.95,0
7.4565,30.023,0
7.4565,30.095,0
7.4565,30.168,0
7.4565,30.24,0
7.4565,30.312,0
7.4565,30.385,0
7.4565,30.457,0
7.4565,30.53,0
7.4565,30.602,0
7.4944,27.778,0
7.4944,27.851,0
7.4944,27.923,0
7.4944,27.995,0
7.4944,28.068,0
7.4944,28.14,0
7.4944,28.213,0
7.4944,28.285,0
7.4944,28.357,0
7.4944,28.43,0
7.4944,28.502,0
7.4944,28.575,0
7.4944,28.647,0
7.4944,28.719,0
7.4944,28.792,0
7.4944,28.864,0
7.4944,28.937,0
7.4944,29.009,0
7.4944,29.081,0
7.4944,29.154,0
7.4944,29.226,0
7.4944,29.299,0
7.4944,29.371,0
7.4944,29.444,0
7.4944,29.516,0
7.4944,29.588,0
7.4944,29.661,0
7.4944,29.733,0
7.4944,29.806,0
7.4944,29.878,0
7.4944,29.95,0
7.4944,30.023,0
7.4944,30.095,0
7.4944,30.168,0
7.4944,30.24,0
7.4944,30.312,0
7.4944,30.385,0
7.4944,30.457,0
7.4944,30.53,0
7.4944,30.602,0
7.5323,27.778,0
7.5323,27.851,0
7.5323,27.923,0
7.5323,27.995,0
7.5323,28.068,0
7.5323,28.14,0
7.5323,28.213,0
7.5323,28.285,0
7.5323,28.357,0
7.5323,28.43,0
7.5323,28.502,0
7.5323,28.575,0
7.5323,28.647,0
7.5323,28.719,0
7.5323,28.792,0
7.5323,28.864,0
7.5323,28.937,0
7.5323,29.009,0
7.5323,29.081,0
7.5323,29.154,0
7.5323,29.226,0
7.5323,29.299,0
7.5323,29.371,0
7.5323,29.444,0
7.5323,29.516,0
7.5323,29.588,0
7.5323,29.661,0
7.5323,29.733,0
7.5323,29.806,0
7.5323,29.878,0
7.5323,29.95,0
7.5323,30.023,0
7.5323,30.095,0
7.5323,30.168,0
7.5323,30.24,0
7.5323,30.312,0
7.5323,30.385,0
7.5323,30.457,0
7.5323,30.53,0
7.5323,30.602,0
7.5702,27.778,0
7.5702,27.851,0
7.5702,27.923,0
7.5702,27.995,0
7.5702,28.068,0
7.5702,28.14,0
7.5702,28.213,0
7.5702,28.285,0
7.5702,28.357,0
7.5702,28.43,0
7.5702,28.502,0
7.5702,28.575,0
7.5702,28.647,0
7.5702,28.719,0
7.5702,28.792,0
7.5702,28.864,0
7.5702,28.937,0
7.5702,29.009,0
7.5702,29.081,0
7.5702,29.154,0
7.5702,29.226,0
7.5702,29.299,0
7.5702,29.371,0
7.5702,29.444,0
7.5702,29.516,0
7.5702,29.588,0
7.5702,29.661,0
7.5702,29.733,0
7.5702,29.806,0
7.5702,29.878,0
7.5702,29.95,0
7.5702,30.023,0
7.5702,30.095,0
7.5702,30.168,0
7.5702,30.24,0
7.5702,30.312,0
7.5702,30.385,0
7.5702,30.457,0
7.5702,30.53,0
7.5702,30.602,0
7.608,27.778,0
7.608,27.851,0
7.608,27.923,0
7.608,27.995,0
7.608,28.068,0
7.608,28.14,0
7.608,28.213,0
7.608,28.285,0
7.608,28.357,0
7.608,28.43,0
7.608,28.502,0
7.608,28.575,0
7.608,28.647,0
7.608,28.719,0
7.608,28.792,0
7.608,28.864,0
7.608,28.937,0
7.608,29.009,0
7.608,29.081,0
7.608,29.154,0
7.608,29.226,0
7.608,29.299,0
7.608,29.371,0
7.608,29.444,0
7.608,29.516,0
7.608,29.588,0
7.608,29.661,0
7.608,29.733,0
7.608,29.806,0
7.608,29.878,0
7.608,29.95,0
7.608,30.023,0
7.608,30.095,0
7.608,30.168,0
7.608,30.24,0
7.608,30.312,0
7.608,30.385,0
7.608,30.457,0
7.608,30.53,0
7.608,30.602,0
7.6459,27.778,0
7.6459,27.851,0
7.6459,27.923,0
7.6459,27.995,0
7.6459,28.068,0
7.6459,28.14,0
7.6459,28.213,0
7.6459,28.285,0
7.6459,28.357,0
7.6459,28.43,0
7.6459,28.502,0
7.6459,28.575,0
7.6459,28.647,0
7.6459,28.719,0
7.6459,28.792,0
7.6459,28.864,0
7.6459,28.937,0
7.6459,29.009,0
7.6459,29.081,0
7.6459,29.154,0
7.6459,29.226,0
7.6459,29.299,0
7.6459,29.371,0
7.6459,29.444,0
7.6459,29.516,0
7.6459,29.588,0
7.6459,29.661,0
7.6459,29.733,0
7.6459,29.806,0
7.6459,29.878,0
7.6459,29.95,0
7.6459,30.023,0
7.6459,30.095,0
7.6459,30.168,0
7.6459,30.24,0
7.6459,30.312,0
7.6459,30.385,0
7.6459,30.457,0
7.6459,30.53,0
7.6459,30.602,0
7.6838,27.778,0
7.6838,27.851,0
7.6838,27.923,0
7.6838,27.995,0
7.6838,28.068,0
7.6838,28.14,0
7.6838,28.213,0
7.6838,28.285,0
7.6838,28.357,0
7.6838,28.43,0
7.6838,28.502,0
7.6838,28.575,0
7.6838,28.647,0
7.6838,28.719,0
7.6838,28.792,0
7.6838,28.864,0
7.6838,28.937,0
7.6838,29.009,0
7.6838,29.081,0
7.6838,29.154,0
7.6838,29.226,0
7.6838,29.299,0
7.6838,29.371,0
7.6838,29.444,0
7.6838,29.516,0
7.6838,29.588,0
7.6838,29.661,0
7.6838,29.733,0
7.6838,29.806,0
7.6838,29.878,0
7.6838,29.95,0
7.6838,30.023,0
7.6838,30.095,0
7.6838,30.168,0
7.6838,30.24,0
7.6838,30.312,0
7.6838,30.385,0
7.6838,30.457,0
7.6838,30.53,0
7.6838,30.602,0
7.7217,27.778,0
7.7217,27.851,0
7.7217,27.923,0
7.7217,27.995,0
7.7217,28.068,0
7.7217,28.14,0
7.7217,28.213,0
7.7217,28.285,0
7.7217,28.357,0
7.7217,28.43,0
7.7217,28.502,0
7.7217,28.575,0
7.7217,28.647,0
7.7217,28.719,0
7.7217,28.792,0
7.7217,28.864,0
7.7217,28.937,0
7.7217,29.009,0
7.7217,29.081,0
7.7217,29.154,0
7.7217,29.226,0
7.7217,29.299,0
7.7217,29.371,0
7.7217,29.444,0
7.7217,29.516,0
7.7217,29.588,0
7.7217,29.661,0
7.7217,29.733,0
7.7217,29.806,0
7.7217,29.878,0
7.7217,29.95,0
7.7217,30.023,0
7.7217,30.095,0
7.7217,30.168,0
7.7217,30.24,0
7.7217,30.312,0
7.7217,30.385,0
7.7217,30.457,0
7.7217,30.53,0
7.7217,30.602,0
7.7596,27.778,0
7.7596,27.851,0
7.7596,27.923,0
7.7596,27.995,0
7.7596,28.068,0
7.7596,28.14,0
7.7596,28.213,0
7.7596,28.285,0
7.7596,28.357,0
7.7596,28.43,0
7.7596,28.502,0
7.7596,28.575,0
7.7596,28.647,0
7.7596,28.719,0
7.7596,28.792,0
7.7596,28.864,0
7.7596,28.937,0
7.7596,29.009,0
7.7596,29.081,0
7.7596,29.154,0
7.7596,29.226,0
7.7596,29.299,0
7.7596,29.371,0
7.7596,29.444,0
7.7596,29.516,0
7.7596,29.588,0
7.7596,29.661,0
7.7596,29.733,0
7.7596,29.806,0
7.7596,29.878,0
7.7596,29.95,0
7.7596,30.023,0
7.7596,30.095,0
7.7596,30.168,0
7.7596,30.24,0
7.7596,30.312,0
7.7596,30.385,0
7.7596,30.457,0
7.7596,30.53,0
7.7596,30.602,0
7.7974,27.778,0
7.7974,27.851,0
7.7974,27.923,0
7.7974,27.995,0
7.7974,28.068,0
7.7974,28.14,0
7.7974,28.213,0
7.7974,28.285,0
7.7974,28.357,0
7.7974,28.43,0
7.7974,28.502,0
7.7974,28.575,0
7.7974,28.647,0
7.7974,28.719,0
7.7974,28.792,0
7.7974,28.864,0
7.7974,28.937,0
7.7974,29.009,0
7.7974,29.081,0
7.7974,29.154,0
7.7974,29.226,0
7.7974,29.299,0
7.7974,29.371,0
7.7974,29.444,0
7.7974,29.516,0
7.7974,29.588,0
7.7974,29.661,0
7.7974,29.733,0
7.7974,29.806,0
7.7974,29.878,0
7.7974,29.95,0
7.7974,30.023,0
7.7974,30.095,0
7.7974,30.168,0
7.7974,30.24,0
7.7974,30.312,0
7.7974,30.385,0
7.7974,30.457,0
7.7974,30.53,0
7.7974,30.602,0
7.8353,27.778,0
7.8353,27.851,0
7.8353,27.923,0
7.8353,27.995,0
7.8353,28.068,0
7.8353,28.14,0
7.8353,28.213,0
7.8353,28.285,0
7.8353,28.357,0
7.8353,28.43,0
7.8353,28.502,0
7.8353,28.575,0
7.8353,28.647,0
7.8353,28.719,0
7.8353,28.792,0
7.8353,28.864,0
7.8353,28.937,0
7.8353,29.009,0
7.8353,29.081,0
7.8353,29.154,0
7.8353,29.226,0
7.8353,29.299,0
7.8353,29.371,0
7.8353,29.444,0
7.8353,29.516,0
7.8353,29.588,0
7.8353,29.661,0
7.8353,29.733,0
7.8353,29.806,0
7.8353,29.878,0
7.8353,29.95,0
7.8353,30.023,0
7.8353,30.095,0
7.8353,30.168,0
7.8353,30.24,0
7.8353,30.312,0
7.8353,30.385,0
7.8353,30.457,0
7.8353,30.53,0
7.8353,30.602,0
7.8732,27.778,0
7.8732,27.851,0
7.8732,27.923,0
7.8732,27.995,0
7.8732,28.068,0
7.8732,28.14,0
7.8732,28.213,0
7.8732,28.285,0
7.8732,28.357,0
7.8732,28.43,0
7.8732,28.502,0
7.8732,28.575,0
7.8732,28.647,0
7.8732,28.719,0
7.8732,28.792,0
7.8732,28.864,0
7.8732,28.937,0
7.8732,29.009,0
7.8732,29.081,0
7.8732,29.154,0
7.8732,29.226,0
7.8732,29.299,0
7.8732,29.371,0
7.8732,29.444,0
7.8732,29.516,0
7.8732,29.588,0
7.8732,29.661,0
7.8732,29.733,0
7.8732,29.806,0
7.8732,29.878,0
7.8732,29.95,0
7.8732,30.023,0
7.8732,30.095,0
7.8732,30.168,0
7.8732,30.24,0
7.8732,30.312,0
7.8732,30.385,0
7.8732,30.457,0
7.8732,30.53,0
7.8732,30.602,0
7.9111,27.778,0
7.9111,27.851,0
7.9111,27.923,0
7.9111,27.995,0
7.9111,28.068,0
7.9111,28.14,0
7.9111,28.213,0
7.9111,28.285,0
7.9111,28.357,0
7.9111,28.43,0
7.9111,28.502,0
7.9111,28.575,0
7.9111,28.647,0
7.9111,28.719,0
7.9111,28.792,0
7.9111,28.864,0
7.9111,28.937,0
7.9111,29.009,0
7.9111,29.081,0
7.9111,29.154,0
7.9111,29.226,0
7.9111,29.299,0
7.9111,29.371,0
7.9111,29.444,0
7.9111,29.516,0
7.9111,29.588,0
7.9111,29.661,0
7.9111,29.733,0
7.9111,29.806,0
7.9111,29.878,0
7.9111,29.95,0
7.9111,30.023,0
7.9111,30.095,0
7.9111,30.168,0
7.9111,30.24,0
7.9111,30.312,0
7.9111,30.385,0
7.9111,30.457,0
7.9111,30.53,0
7.9111,30.602,0
7.9489,27.778,0
7.9489,27.851,0
7.9489,27.923,0
7.9489,27.995,0
7.9489,28.068,0
7.9489,28.14,0
7.9489,28.213,0
7.9489,28.285,0
7.9489,28.357,0
7.9489,28.43,0
7.9489,28.502,0
7.9489,28.575,0
7.9489,28.647,0
7.9489,28.719,0
7.9489,28.792,0
7.9489,28.864,0
7.9489,28.937,0
7.9489,29.009,0
7.9489,29.081,0
7.9489,29.154,0
7.9489,29.226,0
7.9489,29.299,0
7.9489,29.371,0
7.9489,29.444,0
7.9489,29.516,0
7.9489,29.588,0
7.9489,29.661,0
7.9489,29.733,0
7.9489,29.806,0
7.9489,29.878,0
7.9489,29.95,0
7.9489,30.023,0
7.9489,30.095,0
7.9489,30.168,0
7.9489,30.24,0
7.9489,30.312,0
7.9489,30.385,0
7.9489,30.457,0
7.9489,30.53,0
7.9489,30.602,0
7.9868,27.778,0
7.9868,27.851,0
7.9868,27.923,0
7.9868,27.995,0
7.9868,28.068,0
7.9868,28.14,0
7.9868,28.213,0
7.9868,28.285,0
7.9868,28.357,0
7.9868,28.43,0
7.9868,28.502,0
7.9868,28.575,0
7.9868,28.647,0
7.9868,28.719,0
7.9868,28.792,0
7.9868,28.864,0
7.9868,28.937,0
7.9868,29.009,0
7.9868,29.081,0
7.9868,29.154,0
7.9868,29.226,0
7.9868,29.299,0
7.9868,29.371,0
7.9868,29.444,0
7.9868,29.516,0
7.9868,29.588,0
7.9868,29.661,0
7.9868,29.733,0
7.9868,29.806,0
7.9868,29.878,0
7.9868,29.95,0
7.9868,30.023,0
7.9868,30.095,0
7.9868,30.168,0
7.9868,30.24,0
7.9868,30.312,0
7.9868,30.385,0
7.9868,30.457,0
7.9868,30.53,0
7.9868,30.602,0
8.0247,27.778,0
8.0247,27.851,0
8.0247,27.923,0
8.0247,27.995,0
8.0247,28.068,0
8.0247,28.14,0
8.0247,28.213,0
8.0247,28.285,0
8.0247,28.357,0
8.0247,28.43,0
8.0247,28.502,0
8.0247,28.575,0
8.0247,28.647,0
8.0247,28.719,0
8.0247,28.792,0
8.0247,28.864,0
8.0247,28.937,0
8.0247,29.009,0
8.0247,29.081,0
8.0247,29.154,0
8.0247,29.226,0
8.0247,29.299,0
8.0247,29.371,0
8.0247,29.444,0
8.0247,29.516,0
8.0247,29.588,0
8.0247,29.661,0
8.0247,29.733,0
8.0247,29.806,0
8.0247,29.878,0
8.0247,29.95,0
8.0247,30.023,0
8.0247,30.095,0
8.0247,30.168,0
8.0247,30.24,0
8.0247,30.312,0
8.0247,30.385,0
8.0247,30.457,0
8.0247,30.53,0
8.0247,30.602,0
8.0626,27.778,0
8.0626,27.851,0
8.0626,27.923,0
8.0626,27.995,0
8.0626,28.068,0
8.0626,28.14,0
8.0626,28.213,0
8.0626,28.285,0
8.0626,28.357,0
8.0626,28.43,0
8.0626,28.502,0
8.0626,28.575,0
8.0626,28.647,0
8.0626,28.719,0
8.0626,28.792,0
8.0626,28.864,0
8.0626,28.937,0
8.0626,29.009,0
8.0626,29.081,0
8.0626,29.154,0
8.0626,29.226,0
8.0626,29.299,0
8.0626,29.371,0
8.0626,29.444,0
8.0626,29.516,0
8.0626,29.588,0
8.0626,29.661,0
8.0626,29.733,0
8.0626,29.806,0
8.0626,29.878,0
8.0626,29.95,0
8.0626,30.023,0
8.0626,30.095,0
8.0626,30.168,0
8.0626,30.24,0
8.0626,30.312,0
8.0626,30.385,0
8.0626,30.457,0
8.0626,30.53,0
8.0626,30.602,0
8.1005,27.778,0
8.1005,27.851,0
8.1005,27.923,0
8.1005,27.995,0
8.1005,28.068,0
8.1005,28.14,0
8.1005,28.213,0
8.1005,28.285,0
8.1005,28.357,0
8.1005,28.43,0
8.1005,28.502,0
8.1005,28.575,0
8.1005,28.647,0
8.1005,28.719,0
8.1005,28.792,0
8.1005,28.864,0
8.1005,28.937,0
8.1005,29.009,0
8.1005,29.081,0
8.1005,29.154,0
8.1005,29.226,0
8.1005,29.299,0
8.1005,29.371,0
8.1005,29.444,0
8.1005,29.516,0
8.1005,29.588,0
8.1005,29.661,0
8.1005,29.733,0
8.1005,29.806,0
8.1005,29.878,0
8.1005,29.95,0
8.1005,30.023,0
8.1005,30.095,0
8.1005,30.168,0
8.1005,30.24,0
8.1005,30.312,0
8.1005,30.385,0
8.1005,30.457,0
8.1005,30.53,0
8.1005,30.602,0
8.1383,27.778,0
8.1383,27.851,0
8.1383,27.923,0
8.1383,27.995,0
8.1383,28.068,0
8.1383,28.14,0
8.1383,28.213,0
8.1383,28.285,0
8.1383,28.357,0
8.1383,28.43,0
8.1383,28.502,0
8.1383,28.575,0
8.1383,28.647,0
8.1383,28.719,0
8.1383,28.792,0
8.1383,28.864,0
8.1383,28.937,0
8.1383,29.009,0
8.1383,29.081,0
8.1383,29.154,0
8.1383,29.226,0
8.1383,29.299,0
8.1383,29.371,0
8.1383,29.444,0
8.1383,29.516,0
8.1383,29.588,0
8.1383,29.661,0
8.1383,29.733,0
8.1383,29.806,0
8.1383,29.878,0
8.1383,29.95,0
8.1383,30.023,0
8.1383,30.095,0
8.1383,30.168,0
8.1383,30.24,0
8.1383,30.312,0
8.1383,30.385,0
8.1383,30.457,0
8.1383,30.53,0
8.1383,30.602,0
8.1762,27.778,0
8.1762,27.851,0
8.1762,27.923,0
8.1762,27.995,0
8.1762,28.068,0
8.1762,28.14,0
8.1762,28.213,0
8.1762,28.285,0
8.1762,28.357,0
8.1762,28.43,0
8.1762,28.502,0
8.1762,28.575,0
8.1762,28.647,0
8.1762,28.719,0
8.1762,28.792,0
8.1762,28.864,0
8.1762,28.937,0
8.1762,29.009,0
8.1762,29.081,0
8.1762,29.154,0
8.1762,29.226,0
8.1762,29.299,0
8.1762,29.371,0
8.1762,29.444,0
8.1762,29.516,0
8.1762,29.588,0
8.1762,29.661,0
8.1762,29.733,0
8.1762,29.806,0
8.1762,29.878,0
8.1762,29.95,0
8.1762,30.023,0
8.1762,30.095,0
8.1762,30.168,0
8.1762,30.24,0
8.1762,30.312,0
8.1762,30.385,0
8.1762,30.457,0
8.1762,30.53,0
8.1762,30.602,0
8.2141,27.778,0
8.2141,27.851,0
8.2141,27.923,0
8.2141,27.995,0
8.2141,28.068,0
8.2141,28.14,0
8.2141,28.213,0
8.2141,28.285,0
8.2141,28.357,0
8.2141,28.43,0
8.2141,28.502,0
8.2141,28.575,0
8.2141,28.647,0
8.2141,28.719,0
8.2141,28.792,0
8.2141,28.864,0
8.2141,28.937,0
8.2141,29.009,0
8.2141,29.081,0
8.2141,29.154,0
8.2141,29.226,0
8.2141,29.299,0
8.2141,29.371,0
8.2141,29.444,0
8.2141,29.516,0
8.2141,29.588,0
8.2141,29.661,0
8.2141,29.733,0
8.2141,29.806,0
8.2141,29.878,0
8.2141,29.95,0
8.2141,30.023,0
8.2141,30.095,0
8.2141,30.168,0
8.2141,30.24,0
8.2141,30.312,0
8.2141,30.385,0
8.2141,30.457,0
8.2141,30.53,0
8.2141,30.602,0
8.252,27.778,0
8.252,27.851,0
8.252,27.923,0
8.252,27.995,0
8.252,28.068,0
8.252,28.14,0
8.252,28.213,0
8.252,28.285,0
8.252,28.357,0
8.252,28.43,0
8.252,28.502,0
8.252,28.575,0
8.252,28.647,0
8.252,28.719,0
8.252,28.792,0
8.252,28.864,0
8.252,28.937,0
8.252,29.009,0
8.252,29.081,0
8.252,29.154,0
8.252,29.226,0
8.252,29.299,0
8.252,29.371,0
8.252,29.444,0
8.252,29.516,0
8.252,29.588,0
8.252,29.661,0
8.252,29.733,0
8.252,29.806,0
8.252,29.878,0
8.252,29.95,0
8.252,30.023,0
8.252,30.095,0
8.252,30.168,0
8.252,30.24,0
8.252,30.312,0
8.252,30.385,0
8.252,30.457,0
8.252,30.53,0
8.252,30.602,0
8.2898,27.778,0
8.2898,27.851,0
8.2898,27.923,0
8.2898,27.995,0
8.2898,28.068,0
8.2898,28.14,0
8.2898,28.213,0
8.2898,28.285,0
8.2898,28.357,0
8.2898,28.43,0
8.2898,28.502,0
8.2898,28.575,0
8.2898,28.647,0
8.2898,28.719,0
8.2898,28.792,0
8.2898,28.864,0
8.2898,28.937,0
8.2898,29.009,0
8.2898,29.081,0
8.2898,29.154,0
8.2898,29.226,0
8.2898,29.299,0
8.2898,29.371,0
8.2898,29.444,0
8.2898,29.516,0
8.2898,29.588,0
8.2898,29.661,0
8.2898,29.733,0
8.2898,29.806,0
8.2898,29.878,0
8.2898,29.95,0
8.2898,30.023,0
8.2898,30.095,0
8.2898,30.168,0
8.2898,30.24,0
8.2898,30.312,0
8.2898,30.385,0
8.2898,30.457,0
8.2898,30.53,0
8.2898,30.602,0
8.3277,27.778,0
8.3277,27.851,0
8.3277,27.923,0
8.3277,27.995,0
8.3277,28.068,0
8.3277,28.14,0
8.3277,28.213,0
8.3277,28.285,0
8.3277,28.357,0
8.3277,28.43,0
8.3277,28.502,0
8.3277,28.575,0
8.3277,28.647,0
8.3277,28.719,0
8.3277,28.792,0
8.3277,28.864,0
8.3277,28.937,0
8.3277,29.009,0
8.3277,29.081,0
8.3277,29.154,0
8.3277,29.226,0
8.3277,29.299,0
8.3277,29.371,0
8.3277,29.444,0
8.3277,29.516,0
8.3277,29.588,0
8.3277,29.661,0
8.3277,29.733,0
8.3277,29.806,0
8.3277,29.878,0
8.3277,29.95,0
8.3277,30.023,0
8.3277,30.095,0
8.3277,30.168,0
8.3277,30.24,0
8.3277,30.312,0
8.3277,30.385,0
8.3277,30.457,0
8.3277,30.53,0
8.3277,30.602,0
8.3656,27.778,0
8.3656,27.851,0
8.3656,27.923,0
8.3656,27.995,0
8.3656,28.068,0
8.3656,28.14,0
8.3656,28.213,0
8.3656,28.285,0
8.3656,28.357,0
8.3656,28.43,0
8.3656,28.502,0
8.3656,28.575,0
8.3656,28.647,0
8.3656,28.719,0
8.3656,28.792,0
8.3656,28.864,0
8.3656,28.937,0
8.3656,29.009,0
8.3656,29.081,0
8.3656,29.154,0
8.3656,29.226,0
8.3656,29.299,0
8.3656,29.371,0
8.3656,29.444,0
8.3656,29.516,0
8.3656,29.588,0
8.3656,29.661,0
8.3656,29.733,0
8.3656,29.806,0
8.3656,29.878,0
8.3656,29.95,0
8.3656,30.023,0
8.3656,30.095,0
8.3656,30.168,0
8.3656,30.24,0
8.3656,30.312,0
8.3656,30.385,0
8.3656,30.457,0
8.3656,30.53,0
8.3656,30.602,0
8.4035,27.778,0
8.4035,27.851,0
8.4035,27.923,0
8.4035,27.995,0
8.4035,28.068,0
8.4035,28.14,0
8.4035,28.213,0
8.4035,28.285,0
8.4035,28.357,0
8.4035,28.43,0
8.4035,28.502,0
8.4035,28.575,0
8.4035,28.647,0
8.4035,28.719,0
8.4035,28.792,0
8.4035,28.864,0
8.4035,28.937,0
8.4035,29.009,0
8.4035,29.081,0
8.4035,29.154,0
8.4035,29.226,0
8.4035,29.299,0
8.4035,29.371,0
8.4035,29.444,0
8.4035,29.516,0
8.4035,29.588,0
8.4035,29.661,0
8.4035,29.733,0
8.4035,29.806,0
8.4035,29.878,0
8.4035,29.95,0
8.4035,30.023,0
8.4035,30.095,0
8.4035,30.168,0
8.4035,30.24,0
8.4035,30.312,0
8.4035,30.385,0
8.4035,30.457,0
8.4035,30.53,0
8.4035,30.602,0
8.4414,27.778,0
8.4414,27.851,0
8.4414,27.923,0
8.4414,27.995,0
8.4414,28.068,0
8.4414,28.14,0
8.4414,28.213,0
8.4414,28.285,0
8.4414,28.357,0
8.4414,28.43,0
8.4414,28.502,0
8.4414,28.575,0
8.4414,28.647,0
8.4414,28.719,0
8.4414,28.792,0
8.4414,28.864,0
8.4414,28.937,0
8.4414,29.009,0
8.4414,29.081,0
8.4414,29.154,0
8.4414,29.226,0
8.4414,29.299,0
8.4414,29.371,0
8.4414,29.444,0
8.4414,29.516,0
8.4414,29.588,0
8.4414,29.661,0
8.4414,29.733,0
8.4414,29.806,0
8.4414,29.878,0
8.4414,29.95,0
8.4414,30.023,0
8.4414,30.095,0
8.4414,30.168,0
8.4414,30.24,0
8.4414,30.312,0
8.4414,30.385,0
8.4414,30.457,0
8.4414,30.53,0
8.4414,30.602,0
8.4792,27.778,0
8.4792,27.851,0
8.4792,27.923,0
8.4792,27.995,0
8.4792,28.068,0
8.4792,28.14,0
8.4792,28.213,0
8.4792,28.285,0
8.4792,28.357,0
8.4792,28.43,0
8.4792,28.502,0
8.4792,28.575,0
8.4792,28.647,0
8.4792,28.719,0
8.4792,28.792,0
8.4792,28.864,0
8.4792,28.937,0
8.4792,29.009,0
8.4792,29.081,0
8.4792,29.154,0
8.4792,29.226,0
8.4792,29.299,0
8.4792,29.371,0
8.4792,29.444,0
8.4792,29.516,0
8.4792,29.588,0
8.4792,29.661,0
8.4792,29.733,0
8.4792,29.806,0
8.4792,29.878,0
8.4792,29.95,0
8.4792,30.023,0
8.4792,30.095,0
8.4792,30.168,0
8.4792,30.24,0
8.4792,30.312,0
8.4792,30.385,0
8.4792,30.457,0
8.4792,30.53,0
8.4792,30.602,0
8.5171,27.778,0
8.5171,27.851,0
8.5171,27.923,0
8.5171,27.995,0
8.5171,28.068,0
8.5171,28.14,0
8.5171,28.213,0
8.5171,28.285,0
8.5171,28.357,0
8.5171,28.43,0
8.5171,28.502,0
8.5171,28.575,0
8.5171,28.647,0
8.5171,28.719,0
8.5171,28.792,0
8.5171,28.864,0
8.5171,28.937,0
8.5171,29.009,0
8.5171,29.081,0
8.5171,29.154,0
8.5171,29.226,0
8.5171,29.299,0
8.5171,29.371,0
8.5171,29.444,0
8.5171,29.516,0
8.5171,29.588,0
8.5171,29.661,0
8.5171,29.733,0
8.5171,29.806,0
8.5171,29.878,0
8.5171,29.95,0
8.5171,30.023,0
8.5171,30.095,0
8.5171,30.168,0
8.5171,30.24,0
8.5171,30.312,0
8.5171,30.385,0
8.5171,30.457,0
8.5171,30.53,0
8.5171,30.602,0
8.555,27.778,0
8.555,27.851,0
8.555,27.923,0
8.555,27.995,0
8.555,28.068,0
8.555,28.14,0
8.555,28.213,0
8.555,28.285,0
8.555,28.357,0
8.555,28.43,0
8.555,28.502,0
8.555,28.575,0
8.555,28.647,0
8.555,28.719,0
8.555,28.792,0
8.555,28.864,0
8.555,28.937,0
8.555,29.009,0
8.555,29.081,0
8.555,29.154,0
8.555,29.226,0
8.555,29.299,0
8.555,29.371,0
8.555,29.444,0
8.555,29.516,0
8.555,29.588,0
8.555,29.661,0
8.555,29.733,0
8.555,29.806,0
8.555,29.878,0
8.555,29.95,0
8.555,30.023,0
8.555,30.095,0
8.555,30.168,0
8.555,30.24,0
8.555,30.312,0
8.555,30.385,0
8.555,30.457,0
8.555,30.53,0
8.555,30.602,0
8.5929,27.778,0
8.5929,27.851,0
8.5929,27.923,0
8.5929,27.995,0
8.5929,28.068,0
8.5929,28.14,0
8.5929,28.213,0
8.5929,28.285,0
8.5929,28.357,0
8.5929,28.43,0
8.5929,28.502,0
8.5929,28.575,0
8.5929,28.647,0
8.5929,28.719,0
8.5929,28.792,0
8.5929,28.864,0
8.5929,28.937,0
8.5929,29.009,0
8.5929,29.081,0
8.5929,29.154,0
8.5929,29.226,0
8.5929,29.299,0
8.5929,29.371,0
8.5929,29.444,0
8.5929,29.516,0
8.5929,29.588,0
8.5929,29.661,0
8.5929,29.733,0
8.5929,29.806,0
8.5929,29.878,0
8.5929,29.95,0
8.5929,30.023,0
8.5929,30.095,0
8.5929,30.168,0
8.5929,30.24,0
8.5929,30.312,0
8.5929,30.385,0
8.5929,30.457,0
8.5929,30.53,0
8.5929,30.602,0
8.6307,27.778,0
8.6307,27.851,0
8.6307,27.923,0
8.6307,27.995,0
8.6307,28.068,0
8.6307,28.14,0
8.6307,28.213,0
8.6307,28.285,0
8.6307,28.357,0
8.6307,28.43,0
8.6307,28.502,0
8.6307,28.575,0
8.6307,28.647,0
8.6307,28.719,0
8.6307,28.792,0
8.6307,28.864,0
8.6307,28.937,0
8.6307,29.009,0
8.6307,29.081,0
8.6307,29.154,0
8.6307,29.226,0
8.6307,29.299,0
8.6307,29.371,0
8.6307,29.444,0
8.6307,29.516,0
8.6307,29.588,0
8.6307,29.661,0
8.6307,29.733,0
8.6307,29.806,0
8.6307,29.878,0
8.6307,29.95,0
8.6307,30.023,0
8.6307,30.095,0
8.6307,30.168,0
8.6307,30.24,0
8.6307,30.312,0
8.6307,30.385,0
8.6307,30.457,0
8.6307,30.53,0
8.6307,30.602,0
8.6686,27.778,0
8.6686,27.851,0
8.6686,27.923,0
8.6686,27.995,0
8.6686,28.068,0
8.6686,28.14,0
8.6686,28.213,0
8.6686,28.285,0
8.6686,28.357,0
8.6686,28.43,0
8.6686,28.502,0
8.6686,28.575,0
8.6686,28.647,0
8.6686,28.719,0
8.6686,28.792,0
8.6686,28.864,0
8.6686,28.937,0
8.6686,29.009,0
8.6686,29.081,0
8.6686,29.154,0
8.6686,29.226,0
8.6686,29.299,0
8.6686,29.371,0
8.6686,29.444,0
8.6686,29.516,0
8.6686,29.588,0
8.6686,29.661,0
8.6686,29.733,0
8.6686,29.806,0
8.6686,29.878,0
8.6686,29.95,0
8.6686,30.023,0
8.6686,30.095,0
8.6686,30.168,0
8.6686,30.24,0
8.6686,30.312,0
8.6686,30.385,0
8.6686,30.457,0
8.6686,30.53,0
8.6686,30.602,0
8.7065,27.778,0
8.7065,27.851,0
8.7065,27.923,0
8.7065,27.995,0
8.7065,28.068,0
8.7065,28.14,0
8.7065,28.213,0
8.7065,28.285,0
8.7065,28.357,0
8.7065,28.43,0
8.7065,28.502,0
8.7065,28.575,0
8.7065,28.647,0
8.7065,28.719,0
8.7065,28.792,0
8.7065,28.864,0
8.7065,28.937,0
8.7065,29.009,0
8.7065,29.081,0
8.7065,29.154,0
8.7065,29.226,0
8.7065,29.299,0
8.7065,29.371,0
8.7065,29.444,0
8.7065,29.516,0
8.7065,29.588,0
8.7065,29.661,0
8.7065,29.733,0
8.7065,29.806,0
8.7065,29.878,0
8.7065,29.95,0
8.7065,30.023,0
8.7065,30.095,0
8.7065,30.168,0
8.7065,30.24,0
8.7065,30.312,0
8.7065,30.385,0
8.7065,30.457,0
8.7065,30.53,0
8.7065,30.602,0
8.7444,27.778,0
8.7444,27.851,0
8.7444,27.923,0
8.7444,27.995,0
8.7444,28.068,0
8.7444,28.14,0
8.7444,28.213,0
8.7444,28.285,0
8.7444,28.357,0
8.7444,28.43,0
8.7444,28.502,0
8.7444,28.575,0
8.7444,28.647,0
8.7444,28.719,0
8.7444,28.792,0
8.7444,28.864,0
8.7444,28.937,0
8.7444,29.009,0
8.7444,29.081,0
8.7444,29.154,0
8.7444,29.226,0
8.7444,29.299,0
8.7444,29.371,0
8.7444,29.444,0
8.7444,29.516,0
8.7444,29.588,0
8.7444,29.661,0
8.7444,29.733,0
8.7444,29.806,0
8.7444,29.878,0
8.7444,29.95,0
8.7444,30.023,0
8.7444,30.095,0
8.7444,30.168,0
8.7444,30.24,0
8.7444,30.312,0
8.7444,30.385,0
8.7444,30.457,0
8.7444,30.53,0
8.7444,30.602,0
8.7823,27.778,0
8.7823,27.851,0
8.7823,27.923,0
8.7823,27.995,0
8.7823,28.068,0
8.7823,28.14,0
8.7823,28.213,0
8.7823,28.285,0
8.7823,28.357,0
8.7823,28.43,0
8.7823,28.502,0
8.7823,28.575,0
8.7823,28.647,0
8.7823,28.719,0
8.7823,28.792,0
8.7823,28.864,0
8.7823,28.937,0
8.7823,29.009,0
8.7823,29.081,0
8.7823,29.154,0
8.7823,29.226,0
8.7823,29.299,0
8.7823,29.371,0
8.7823,29.444,0
8.7823,29.516,0
8.7823,29.588,0
8.7823,29.661,0
8.7823,29.733,0
8.7823,29.806,0
8.7823,29.878,0
8.7823,29.95,0
8.7823,30.023,0
8.7823,30.095,0
8.7823,30.168,0
8.7823,30.24,0
8.7823,30.312,0
8.7823,30.385,0
8.7823,30.457,0
8.7823,30.53,0
8.7823,30.602,0
8.8201,27.778,0
8.8201,27.851,0
8.8201,27.923,0
8.8201,27.995,0
8.8201,28.068,0
8.8201,28.14,0
8.8201,28.213,0
8.8201,28.285,0
8.8201,28.357,0
8.8201,28.43,0
8.8201,28.502,0
8.8201,28.575,0
8.8201,28.647,0
8.8201,28.719,0
8.8201,28.792,0
8.8201,28.864,0
8.8201,28.937,0
8.8201,29.009,0
8.8201,29.081,0
8.8201,29.154,0
8.8201,29.226,0
8.8201,29.299,0
8.8201,29.371,0
8.8201,29.444,0
8.8201,29.516,0
8.8201,29.588,0
8.8201,29.661,0
8.8201,29.733,0
8.8201,29.806,0
8.8201,29.878,0
8.8201,29.95,0
8.8201,30.023,0
8.8201,30.095,0
8.8201,30.168,0
8.8201,30.24,0
8.8201,30.312,0
8.8201,30.385,0
8.8201,30.457,0
8.8201,30.53,0
8.8201,30.602,0
8.858,27.778,0
8.858,27.851,0
8.858,27.923,0
8.858,27.995,0
8.858,28.068,0
8.858,28.14,0
8.858,28.213,0
8.858,28.285,0
8.858,28.357,0
8.858,28.43,0
8.858,28.502,0
8.858,28.575,0
8.858,28.647,0
8.858,28.719,0
8.858,28.792,0
8.858,28.864,0
8.858,28.937,0
8.858,29.009,0
8.858,29.081,0
8.858,29.154,0
8.858,29.226,0
8.858,29.299,0
8.858,29.371,0
8.858,29.444,0
8.858,29.516,0
8.858,29.588,0
8.858,29.661,0
8.858,29.733,0
8.858,29.806,0
8.858,29.878,0
8.858,29.95,0
8.858,30.023,0
8.858,30.095,0
8.858,30.168,0
8.858,30.24,0
8.858,30.312,0
8.858,30.385,0
8.858,30.457,0
8.858,30.53,0
8.858,30.602,0
8.8959,27.778,10.341
8.8959,27.851,10.278
8.8959,27.923,0
8.8959,27.995,0
8.8959,28.068,0
8.8959,28.14,0
8.8959,28.213,0
8.8959,28.285,0
8.8959,28.357,0
8.8959,28.43,0
8.8959,28.502,0
8.8959,28.575,0
8.8959,28.647,0
8.8959,28.719,0
8.8959,28.792,0
8.8959,28.864,0
8.8959,28.937,0
8.8959,29.009,0
8.8959,29.081,0
8.8959,29.154,0
8.8959,29.226,0
8.8959,29.299,0
8.8959,29.371,0
8.8959,29.444,0
8.8959,29.516,0
8.8959,29.588,0
8.8959,29.661,0
8.8959,29.733,0
8.8959,29.806,0
8.8959,29.878,0
8.8959,29.95,0
8.8959,30.023,0
8.8959,30.095,0
8.8959,30.168,0
8.8959,30.24,0
8.8959,30.312,0
8.8959,30.385,0
8.8959,30.457,0
8.8959,30.53,0
8.8959,30.602,0
8.9338,27.778,10.446
8.9338,27.851,10.389
8.9338,27.923,0
8.9338,27.995,0
8.9338,28.068,0
8.9338,28.14,0
8.9338,28.213,9.9063
8.9338,28.285,0
8.9338,28.357,0
8.9338,28.43,0
8.9338,28.502,0
8.9338,28.575,0
8.9338,28.647,0
8.9338,28.719,0
8.9338,28.792,0
8.9338,28.864,0
8.9338,28.937,0
8.9338,29.009,0
8.9338,29.081,0
8.9338,29.154,0
8.9338,29.226,0
8.9338,29.299,0
8.9338,29.371,0
8.9338,29.444,0
8.9338,29.516,0
8.9338,29.588,0
8.9338,29.661,0
8.9338,29.733,0
8.9338,29.806,0
8.9338,29.878,0
8.9338,29.95,0
8.9338,30.023,0
8.9338,30.095,0
8.9338,30.168,0
8.9338,30.24,0
8.9338,30.312,0
8.9338,30.385,0
8.9338,30.457,0
8.9338,30.53,0
8.9338,30.602,0
8.9717,27.778,10.549
8.9717,27.851,10.496
8.9717,27.923,0
8.9717,27.995,10.361
8.9717,28.068,10.278
8.9717,28.14,10.179
8.9717,28.213,10.053
8.9717,28.285,9.9138
8.9717,28.357,9.75
8.9717,28.43,9.5754
8.9717,28.502,0
8.9717,28.575,0
8.9717,28.647,0
8.9717,28.719,0
8.9717,28.792,0
8.9717,28.864,0
8.9717,28.937,0
8.9717,29.009,0
8.9717,29.081,0
8.9717,29.154,0
8.9717,29.226,0
8.9717,29.299,0
8.9717,29.371,0
8.9717,29.444,0
8.9717,29.516,0
8.9717,29.588,0
8.9717,29.661,0
8.9717,29.733,0
8.9717,29.806,0
8.9717,29.878,0
8.9717,29.95,0
8.9717,30.023,0
8.9717,30.095,0
8.9717,30.168,0
8.9717,30.24,0
8.9717,30.312,0
8.9717,30.385,0
8.9717,30.457,0
8.9717,30.53,0
8.9717,30.602,0
9.0095,27.778,10.649
9.0095,27.851,10.6
9.0095,27.923,10.543
9.0095,27.995,10.475
9.0095,28.068,10.4
9.0095,28.14,10.307
9.0095,28.213,10.196
9.0095,28.285,10.067
9.0095,28.357,9.9151
9.0095,28.43,9.7426
9.0095,28.502,0
9.0095,28.575,0
9.0095,28.647,0
9.0095,28.719,0
9.0095,28.792,0
9.0095,28.864,0
9.0095,28.937,0
9.0095,29.009,0
9.0095,29.081,0
9.0095,29.154,0
9.0095,29.226,0
9.0095,29.299,0
9.0095,29.371,0
9.0095,29.444,0
9.0095,29.516,0
9.0095,29.588,0
9.0095,29.661,0
9.0095,29.733,0
9.0095,29.806,0
9.0095,29.878,0
9.0095,29.95,0
9.0095,30.023,0
9.0095,30.095,0
9.0095,30.168,0
9.0095,30.24,0
9.0095,30.312,0
9.0095,30.385,0
9.0095,30.457,0
9.0095,30.53,0
9.0095,30.602,0
9.0474,27.778,10.746
9.0474,27.851,10.703
9.0474,27.923,10.65
9.0474,27.995,10.588
9.0474,28.068,10.519
9.0474,28.14,10.433
9.0474,28.213,10.336
9.0474,28.285,10.216
9.0474,28.357,10.075
9.0474,28.43,9.9105
9.0474,28.502,0
9.0474,28.575,0
9.0474,28.647,0
9.0474,28.719,0
9.0474,28.792,0
9.0474,28.864,0
9.0474,28.937,0
9.0474,29.009,0
9.0474,29.081,0
9.0474,29.154,0
9.0474,29.226,0
9.0474,29.299,0
9.0474,29.371,0
9.0474,29.444,0
9.0474,29.516,0
9.0474,29.588,0
9.0474,29.661,0
9.0474,29.733,0
9.0474,29.806,0
9.0474,29.878,0
9.0474,29.95,0
9.0474,30.023,0
9.0474,30.095,0
9.0474,30.168,0
9.0474,30.24,0
9.0474,30.312,0
9.0474,30.385,0
9.0474,30.457,0
9.0474,30.53,0
9.0474,30.602,0
9.0853,27.778,10.84
9.0853,27.851,10.802
9.0853,27.923,10.755
9.0853,27.995,10.697
9.0853,28.068,10.631
9.0853,28.14,10.556
9.0853,28.213,10.463
9.0853,28.285,10.355
9.0853,28.357,10.225
9.0853,28.43,10.075
9.0853,28.502,9.902
9.0853,28.575,9.7258
9.0853,28.647,0
9.0853,28.719,0
9.0853,28.792,0
9.0853,28.864,0
9.0853,28.937,0
9.0853,29.009,0
9.0853,29.081,0
9.0853,29.154,0
9.0853,29.226,0
9.0853,29.299,0
9.0853,29.371,0
9.0853,29.444,0
9.0853,29.516,0
9.0853,29.588,0
9.0853,29.661,0
9.0853,29.733,0
9.0853,29.806,0
9.0853,29.878,0
9.0853,29.95,0
9.0853,30.023,0
9.0853,30.095,0
9.0853,30.168,0
9.0853,30.24,0
9.0853,30.312,0
9.0853,30.385,0
9.0853,30.457,0
9.0853,30.53,0
9.0853,30.602,0
9.1232,27.778,10.933
9.1232,27.851,10.899
9.1232,27.923,10.856
9.1232,27.995,10.804
9.1232,28.068,10.742
9.1232,28.14,10.671
9.1232,28.213,10.589
9.1232,28.285,10.492
9.1232,28.357,10.369
9.1232,28.43,10.234
9.1232,28.502,10.068
9.1232,28.575,9.8903
9.1232,28.647,0
9.1232,28.719,9.6004
9.1232,28.792,0
9.1232,28.864,0
9.1232,28.937,0
9.1232,29.009,0
9.1232,29.081,0
9.1232,29.154,0
9.1232,29.226,0
9.1232,29.299,0
9.1232,29.371,0
9.1232,29.444,0
9.1232,29.516,0
9.1232,29.588,0
9.1232,29.661,0
9.1232,29.733,0
9.1232,29.806,0
9.1232,29.878,0
9.1232,29.95,0
9.1232,30.023,0
9.1232,30.095,0
9.1232,30.168,0
9.1232,30.24,0
9.1232,30.312,0
9.1232,30.385,0
9.1232,30.457,0
9.1232,30.53,0
9.1232,30.602,0
9.161,27.778,11.027
9.161,27.851,10.993
9.161,27.923,10.956
9.161,27.995,10.909
9.161,28.068,10.852
9.161,28.14,10.785
9.161,28.213,10.711
9.161,28.285,10.622
9.161,28.357,10.511
9.161,28.43,10.383
9.161,28.502,10.23
9.161,28.575,10.058
9.161,28.647,9.8842
9.161,28.719,9.7327
9.161,28.792,9.6357
9.161,28.864,0
9.161,28.937,0
9.161,29.009,0
9.161,29.081,0
9.161,29.154,0
9.161,29.226,0
9.161,29.299,0
9.161,29.371,0
9.161,29.444,0
9.161,29.516,0
9.161,29.588,0
9.161,29.661,0
9.161,29.733,0
9.161,29.806,0
9.161,29.878,0
9.161,29.95,0
9.161,30.023,0
9.161,30.095,0
9.161,30.168,0
9.161,30.24,0
9.161,30.312,0
9.161,30.385,0
9.161,30.457,0
9.161,30.53,0
9.161,30.602,0
9.1989,27.778,11.118
9.1989,27.851,11.086
9.1989,27.923,11.054
9.1989,27.995,11.01
9.1989,28.068,10.959
9.1989,28.14,10.897
9.1989,28.213,10.826
9.1989,28.285,10.746
9.1989,28.357,10.648
9.1989,28.43,10.527
9.1989,28.502,10.39
9.1989,28.575,10.225
9.1989,28.647,10.049
9.1989,28.719,9.8868
9.1989,28.792,9.7525
9.1989,28.864,9.6718
9.1989,28.937,0
9.1989,29.009,0
9.1989,29.081,0
9.1989,29.154,0
9.1989,29.226,0
9.1989,29.299,0
9.1989,29.371,0
9.1989,29.444,0
9.1989,29.516,0
9.1989,29.588,0
9.1989,29.661,0
9.1989,29.733,0
9.1989,29.806,0
9.1989,29.878,0
9.1989,29.95,0
9.1989,30.023,0
9.1989,30.095,0
9.1989,30.168,0
9.1989,30.24,0
9.1989,30.312,0
9.1989,30.385,0
9.1989,30.457,0
9.1989,30.53,0
9.1989,30.602,0
9.2368,27.778,11.204
9.2368,27.851,11.18
9.2368,27.923,11.147
9.2368,27.995,11.11
9.2368,28.068,11.062
9.2368,28.14,11.006
9.2368,28.213,10.94
9.2368,28.285,10.867
9.2368,28.357,10.775
9.2368,28.43,10.668
9.2368,28.502,10.543
9.2368,28.575,10.389
9.2368,28.647,10.217
9.2368,28.719,10.045
9.2368,28.792,9.8917
9.2368,28.864,9.7888
9.2368,28.937,9.7116
9.2368,29.009,0
9.2368,29.081,0
9.2368,29.154,0
9.2368,29.226,0
9.2368,29.299,0
9.2368,29.371,0
9.2368,29.444,0
9.2368,29.516,0
9.2368,29.588,0
9.2368,29.661,0
9.2368,29.733,0
9.2368,29.806,0
9.2368,29.878,0
9.2368,29.95,0
9.2368,30.023,0
9.2368,30.095,0
9.2368,30.168,0
9.2368,30.24,0
9.2368,30.312,0
9.2368,30.385,0
9.2368,30.457,0
9.2368,30.53,0
9.2368,30.602,0
9.2747,27.778,11.285
9.2747,27.851,11.271
9.2747,27.923,11.24
9.2747,27.995,11.208
9.2747,28.068,11.164
9.2747,28.14,11.112
9.2747,28.213,11.052
9.2747,28.285,10.983
9.2747,28.357,10.901
9.2747,28.43,10.805
9.2747,28.502,10.689
9.2747,28.575,10.546
9.2747,28.647,10.385
9.2747,28.719,10.212
9.2747,28.792,10.046
9.2747,28.864,9.9057
9.2747,28.937,9.8198
9.2747,29.009,0
9.2747,29.081,0
9.2747,29.154,0
9.2747,29.226,0
9.2747,29.299,0
9.2747,29.371,0
9.2747,29.444,0
9.2747,29.516,0
9.2747,29.588,0
9.2747,29.661,0
9.2747,29.733,0
9.2747,29.806,0
9.2747,29.878,0
9.2747,29.95,0
9.2747,30.023,0
9.2747,30.095,0
9.2747,30.168,0
9.2747,30.24,0
9.2747,30.312,0
9.2747,30.385,0
9.2747,30.457,0
9.2747,30.53,0
9.2747,30.602,0
9.3126,27.778,11.372
9.3126,27.851,11.355
9.3126,27.923,11.333
9.3126,27.995,11.3
9.3126,28.068,11.264
9.3126,28.14,11.216
9.3126,28.213,11.161
9.3126,28.285,11.095
9.3126,28.357,11.021
9.3126,28.43,10.931
9.3126,28.502,10.827
9.3126,28.575,10.699
9.3126,28.647,10.547
9.3126,28.719,10.382
9.3126,28.792,10.206
9.3126,28.864,10.049
9.3126,28.937,9.9281
9.3126,29.009,9.8634
9.3126,29.081,0
9.3126,29.154,0
9.3126,29.226,0
9.3126,29.299,0
9.3126,29.371,0
9.3126,29.444,0
9.3126,29.516,0
9.3126,29.588,0
9.3126,29.661,0
9.3126,29.733,0
9.3126,29.806,0
9.3126,29.878,0
9.3126,29.95,0
9.3126,30.023,0
9.3126,30.095,0
9.3126,30.168,0
9.3126,30.24,0
9.3126,30.312,0
9.3126,30.385,0
9.3126,30.457,0
9.3126,30.53,0
9.3126,30.602,0
9.3504,27.778,11.459
9.3504,27.851,11.437
9.3504,27.923,11.417
9.3504,27.995,11.393
9.3504,28.068,11.361
9.3504,28.14,11.318
9.3504,28.213,11.266
9.3504,28.285,11.207
9.3504,28.357,11.135
9.3504,28.43,11.056
9.3504,28.502,10.962
9.3504,28.575,10.842
9.3504,28.647,10.704
9.3504,28.719,10.552
9.3504,28.792,10.37
9.3504,28.864,10.203
9.3504,28.937,10.054
9.3504,29.009,9.9718
9.3504,29.081,9.9091
9.3504,29.154,0
9.3504,29.226,0
9.3504,29.299,0
9.3504,29.371,0
9.3504,29.444,0
9.3504,29.516,0
9.3504,29.588,0
9.3504,29.661,0
9.3504,29.733,0
9.3504,29.806,0
9.3504,29.878,0
9.3504,29.95,0
9.3504,30.023,0
9.3504,30.095,0
9.3504,30.168,0
9.3504,30.24,0
9.3504,30.312,0
9.3504,30.385,0
9.3504,30.457,0
9.3504,30.53,0
9.3504,30.602,0
9.3883,27.778,11.544
9.3883,27.851,11.524
9.3883,27.923,11.501
9.3883,27.995,11.486
9.3883,28.068,11.455
9.3883,28.14,11.417
9.3883,28.213,11.37
9.3883,28.285,11.315
9.3883,28.357,11.25
9.3883,28.43,11.176
9.3883,28.502,11.089
9.3883,28.575,10.983
9.3883,28.647,10.857
9.3883,28.719,10.71
9.3883,28.792,10.542
9.3883,28.864,10.364
9.3883,28.937,10.197
9.3883,29.009,10.08
9.3883,29.081,10.018
9.3883,29.154,9.9547
9.3883,29.226,0
9.3883,29.299,0
9.3883,29.371,0
9.3883,29.444,0
9.3883,29.516,0
9.3883,29.588,0
9.3883,29.661,0
9.3883,29.733,0
9.3883,29.806,0
9.3883,29.878,0
9.3883,29.95,0
9.3883,30.023,0
9.3883,30.095,0
9.3883,30.168,0
9.3883,30.24,0
9.3883,30.312,0
9.3883,30.385,0
9.3883,30.457,0
9.3883,30.53,0
9.3883,30.602,0
9.4262,27.778,11.629
9.4262,27.851,11.611
9.4262,27.923,11.589
9.4262,27.995,11.569
9.4262,28.068,11.546
9.4262,28.14,11.512
9.4262,28.213,11.472
9.4262,28.285,11.421
9.4262,28.357,11.361
9.4262,28.43,11.29
9.4262,28.502,11.212
9.4262,28.575,11.116
9.4262,28.647,10.999
9.4262,28.719,10.867
9.4262,28.792,10.707
9.4262,28.864,10.529
9.4262,28.937,10.353
9.4262,29.009,10.212
9.4262,29.081,10.126
9.4262,29.154,10.066
9.4262,29.226,0
9.4262,29.299,0
9.4262,29.371,0
9.4262,29.444,0
9.4262,29.516,0
9.4262,29.588,0
9.4262,29.661,0
9.4262,29.733,0
9.4262,29.806,0
9.4262,29.878,0
9.4262,29.95,0
9.4262,30.023,0
9.4262,30.095,0
9.4262,30.168,0
9.4262,30.24,0
9.4262,30.312,0
9.4262,30.385,0
9.4262,30.457,0
9.4262,30.53,0
9.4262,30.602,0
9.4641,27.778,11.713
9.4641,27.851,11.697
9.4641,27.923,11.677
9.4641,27.995,11.653
9.4641,28.068,11.639
9.4641,28.14,11.605
9.4641,28.213,11.571
9.4641,28.285,11.524
9.4641,28.357,11.469
9.4641,28.43,11.405
9.4641,28.502,11.333
9.4641,28.575,11.243
9.4641,28.647,11.14
9.4641,28.719,11.017
9.4641,28.792,10.866
9.4641,28.864,10.702
9.4641,28.937,10.521
9.4641,29.009,10.359
9.4641,29.081,10.248
9.4641,29.154,10.177
9.4641,29.226,10.106
9.4641,29.299,0
9.4641,29.371,0
9.4641,29.444,0
9.4641,29.516,0
9.4641,29.588,0
9.4641,29.661,0
9.4641,29.733,0
9.4641,29.806,0
9.4641,29.878,0
9.4641,29.95,0
9.4641,30.023,0
9.4641,30.095,0
9.4641,30.168,0
9.4641,30.24,0
9.4641,30.312,0
9.4641,30.385,0
9.4641,30.457,0
9.4641,30.53,0
9.4641,30.602,0
9.5019,27.778,11.798
9.5019,27.851,11.781
9.5019,27.923,11.764
9.5019,27.995,11.742
9.5019,28.068,11.724
9.5019,28.14,11.699
9.5019,28.213,11.665
9.5019,28.285,11.625
9.5019,28.357,11.575
9.5019,28.43,11.515
9.5019,28.502,11.446
9.5019,28.575,11.369
9.5019,28.647,11.272
9.5019,28.719,11.159
9.5019,28.792,11.021
9.5019,28.864,10.866
9.5019,28.937,10.694
9.5019,29.009,10.517
9.5019,29.081,10.381
9.5019,29.154,10.291
9.5019,29.226,10.218
9.5019,29.299,10.146
9.5019,29.371,0
9.5019,29.444,0
9.5019,29.516,0
9.5019,29.588,0
9.5019,29.661,0
9.5019,29.733,0
9.5019,29.806,0
9.5019,29.878,0
9.5019,29.95,0
9.5019,30.023,0
9.5019,30.095,0
9.5019,30.168,0
9.5019,30.24,0
9.5019,30.312,0
9.5019,30.385,0
9.5019,30.457,0
9.5019,30.53,0
9.5019,30.602,0
9.5398,27.778,11.881
9.5398,27.851,11.866
9.5398,27.923,11.849
9.5398,27.995,11.829
9.5398,28.068,11.806
9.5398,28.14,11.791
9.5398,28.213,11.758
9.5398,28.285,11.724
9.5398,28.357,11.678
9.5398,28.43,11.623
9.5398,28.502,11.559
9.5398,28.575,11.49
9.5398,28.647,11.399
9.5398,28.719,11.297
9.5398,28.792,11.171
9.5398,28.864,11.025
9.5398,28.937,10.865
9.5398,29.009,10.68
9.5398,29.081,10.524
9.5398,29.154,10.407
9.5398,29.226,10.329
9.5398,29.299,10.26
9.5398,29.371,10.186
9.5398,29.444,0
9.5398,29.516,0
9.5398,29.588,0
9.5398,29.661,0
9.5398,29.733,0
9.5398,29.806,0
9.5398,29.878,0
9.5398,29.95,0
9.5398,30.023,0
9.5398,30.095,0
9.5398,30.168,0
9.5398,30.24,0
9.5398,30.312,0
9.5398,30.385,0
9.5398,30.457,0
9.5398,30.53,0
9.5398,30.602,0
9.5777,27.778,11.962
9.5777,27.851,11.951
9.5777,27.923,11.933
9.5777,27.995,11.916
9.5777,28.068,11.895
9.5777,28.14,11.879
9.5777,28.213,11.852
9.5777,28.285,11.819
9.5777,28.357,11.779
9.5777,28.43,11.729
9.5777,28.502,11.67
9.5777,28.575,11.602
9.5777,28.647,11.524
9.5777,28.719,11.431
9.5777,28.792,11.314
9.5777,28.864,11.18
9.5777,28.937,11.028
9.5777,29.009,10.853
9.5777,29.081,10.681
9.5777,29.154,10.53
9.5777,29.226,10.444
9.5777,29.299,10.374
9.5777,29.371,10.303
9.5777,29.444,0
9.5777,29.516,0
9.5777,29.588,0
9.5777,29.661,0
9.5777,29.733,0
9.5777,29.806,0
9.5777,29.878,0
9.5777,29.95,0
9.5777,30.023,0
9.5777,30.095,0
9.5777,30.168,0
9.5777,30.24,0
9.5777,30.312,0
9.5777,30.385,0
9.5777,30.457,0
9.5777,30.53,0
9.5777,30.602,0
9.6156,27.778,12.045
9.6156,27.851,12.033
9.6156,27.923,12.017
9.6156,27.995,12.001
9.6156,28.068,11.982
9.6156,28.14,11.96
9.6156,28.213,11.944
9.6156,28.285,11.912
9.6156,28.357,11.877
9.6156,28.43,11.832
9.6156,28.502,11.778
9.6156,28.575,11.714
9.6156,28.647,11.645
9.6156,28.719,11.556
9.6156,28.792,11.455
9.6156,28.864,11.329
9.6156,28.937,11.185
9.6156,29.009,11.024
9.6156,29.081,10.845
9.6156,29.154,10.679
9.6156,29.226,10.56
9.6156,29.299,10.482
9.6156,29.371,10.418
9.6156,29.444,10.344
9.6156,29.516,0
9.6156,29.588,0
9.6156,29.661,0
9.6156,29.733,0
9.6156,29.806,0
9.6156,29.878,0
9.6156,29.95,0
9.6156,30.023,0
9.6156,30.095,0
9.6156,30.168,0
9.6156,30.24,0
9.6156,30.312,0
9.6156,30.385,0
9.6156,30.457,0
9.6156,30.53,0
9.6156,30.602,0
9.6535,27.778,12.125
9.6535,27.851,12.115
9.6535,27.923,12.103
9.6535,27.995,12.086
9.6535,28.068,12.069
9.6535,28.14,12.047
9.6535,28.213,12.031
9.6535,28.285,12.005
9.6535,28.357,11.973
9.6535,28.43,11.933
9.6535,28.502,11.883
9.6535,28.575,11.825
9.6535,28.647,11.757
9.6535,28.719,11.68
9.6535,28.792,11.589
9.6535,28.864,11.471
9.6535,28.937,11.342
9.6535,29.009,11.186
9.6535,29.081,11.013
9.6535,29.154,10.837
9.6535,29.226,10.687
9.6535,29.299,10.59
9.6535,29.371,10.528
9.6535,29.444,10.461
9.6535,29.516,10.375
9.6535,29.588,10.281
9.6535,29.661,0
9.6535,29.733,0
9.6535,29.806,0
9.6535,29.878,0
9.6535,29.95,0
9.6535,30.023,0
9.6535,30.095,0
9.6535,30.168,0
9.6535,30.24,0
9.6535,30.312,0
9.6535,30.385,0
9.6535,30.457,0
9.6535,30.53,0
9.6535,30.602,0
9.6913,27.778,12.204
9.6913,27.851,12.197
9.6913,27.923,12.185
9.6913,27.995,12.17
9.6913,28.068,12.154
9.6913,28.14,12.135
9.6913,28.213,12.112
9.6913,28.285,12.098
9.6913,28.357,12.065
9.6913,28.43,12.031
9.6913,28.502,11.986
9.6913,28.575,11.932
9.6913,28.647,11.869
9.6913,28.719,11.796
9.6913,28.792,11.713
9.6913,28.864,11.612
9.6913,28.937,11.49
9.6913,29.009,11.344
9.6913,29.081,11.181
9.6913,29.154,11.004
9.6913,29.226,10.836
9.6913,29.299,10.71
9.6913,29.371,10.638
9.6913,29.444,10.576
9.6913,29.516,10.495
9.6913,29.588,10.41
9.6913,29.661,0
9.6913,29.733,0
9.6913,29.806,0
9.6913,29.878,0
9.6913,29.95,0
9.6913,30.023,0
9.6913,30.095,0
9.6913,30.168,0
9.6913,30.24,0
9.6913,30.312,0
9.6913,30.385,0
9.6913,30.457,0
9.6913,30.53,0
9.6913,30.602,0
9.7292,27.778,12.282
9.7292,27.851,12.277
9.7292,27.923,12.267
9.7292,27.995,12.255
9.7292,28.068,12.238
9.7292,28.14,12.221
9.7292,28.213,12.2
9.7292,28.285,12.185
9.7292,28.357,12.159
9.7292,28.43,12.127
9.7292,28.502,12.086
9.7292,28.575,12.038
9.7292,28.647,11.979
9.7292,28.719,11.911
9.7292,28.792,11.836
9.7292,28.864,11.746
9.7292,28.937,11.63
9.7292,29.009,11.5
9.7292,29.081,11.343
9.7292,29.154,11.173
9.7292,29.226,10.996
9.7292,29.299,10.851
9.7292,29.371,10.754
9.7292,29.444,10.686
9.7292,29.516,10.613
9.7292,29.588,10.539
9.7292,29.661,10.434
9.7292,29.733,0
9.7292,29.806,0
9.7292,29.878,0
9.7292,29.95,0
9.7292,30.023,0
9.7292,30.095,0
9.7292,30.168,0
9.7292,30.24,0
9.7292,30.312,0
9.7292,30.385,0
9.7292,30.457,0
9.7292,30.53,0
9.7292,30.602,0
9.7671,27.778,12.359
9.7671,27.851,12.356
9.7671,27.923,12.349
9.7671,27.995,12.337
9.7671,28.068,12.322
9.7671,28.14,12.306
9.7671,28.213,12.287
9.7671,28.285,12.266
9.7671,28.357,12.251
9.7671,28.43,12.218
9.7671,28.502,12.185
9.7671,28.575,12.14
9.7671,28.647,12.087
9.7671,28.719,12.024
9.7671,28.792,11.952
9.7671,28.864,11.868
9.7671,28.937,11.769
9.7671,29.009,11.647
9.7671,29.081,11.507
9.7671,29.154,11.343
9.7671,29.226,11.163
9.7671,29.299,11
9.7671,29.371,10.875
9.7671,29.444,10.797
9.7671,29.516,10.729
9.7671,29.588,10.655
9.7671,29.661,10.564
9.7671,29.733,10.453
9.7671,29.806,0
9.7671,29.878,0
9.7671,29.95,0
9.7671,30.023,0
9.7671,30.095,0
9.7671,30.168,0
9.7671,30.24,0
9.7671,30.312,0
9.7671,30.385,0
9.7671,30.457,0
9.7671,30.53,0
9.7671,30.602,0
9.805,27.778,12.435
9.805,27.851,12.433
9.805,27.923,12.429
9.805,27.995,12.419
9.805,28.068,12.407
9.805,28.14,12.39
9.805,28.213,12.374
9.805,28.285,12.353
9.805,28.357,12.338
9.805,28.43,12.312
9.805,28.502,12.28
9.805,28.575,12.24
9.805,28.647,12.192
9.805,28.719,12.134
9.805,28.792,12.066
9.805,28.864,11.992
9.805,28.937,11.897
9.805,29.009,11.787
9.805,29.081,11.655
9.805,29.154,11.507
9.805,29.226,11.333
9.805,29.299,11.156
9.805,29.371,11.005
9.805,29.444,10.912
9.805,29.516,10.845
9.805,29.588,10.77
9.805,29.661,10.692
9.805,29.733,10.591
9.805,29.806,0
9.805,29.878,0
9.805,29.95,0
9.805,30.023,0
9.805,30.095,0
9.805,30.168,0
9.805,30.24,0
9.805,30.312,0
9.805,30.385,0
9.805,30.457,0
9.805,30.53,0
9.805,30.602,0
9.8428,27.778,12.511
9.8428,27.851,12.51
9.8428,27.923,12.507
9.8428,27.995,12.502
9.8428,28.068,12.489
9.8428,28.14,12.474
9.8428,28.213,12.459
9.8428,28.285,12.44
9.8428,28.357,12.418
9.8428,28.43,12.404
9.8428,28.502,12.372
9.8428,28.575,12.338
9.8428,28.647,12.294
9.8428,28.719,12.241
9.8428,28.792,12.179
9.8428,28.864,12.107
9.8428,28.937,12.024
9.8428,29.009,11.926
9.8428,29.081,11.807
9.8428,29.154,11.662
9.8428,29.226,11.502
9.8428,29.299,11.319
9.8428,29.371,11.15
9.8428,29.444,11.03
9.8428,29.516,10.949
9.8428,29.588,10.883
9.8428,29.661,10.808
9.8428,29.733,10.724
9.8428,29.806,10.609
9.8428,29.878,0
9.8428,29.95,0
9.8428,30.023,0
9.8428,30.095,0
9.8428,30.168,0
9.8428,30.24,0
9.8428,30.312,0
9.8428,30.385,0
9.8428,30.457,0
9.8428,30.53,0
9.8428,30.602,0
9.8807,27.778,12.586
9.8807,27.851,12.587
9.8807,27.923,12.585
9.8807,27.995,12.581
9.8807,28.068,12.571
9.8807,28.14,12.56
9.8807,28.213,12.543
9.8807,28.285,12.526
9.8807,28.357,12.506
9.8807,28.43,12.49
9.8807,28.502,12.465
9.8807,28.575,12.433
9.8807,28.647,12.394
9.8807,28.719,12.346
9.8807,28.792,12.289
9.8807,28.864,12.221
9.8807,28.937,12.147
9.8807,29.009,12.053
9.8807,29.081,11.945
9.8807,29.154,11.814
9.8807,29.226,11.667
9.8807,29.299,11.487
9.8807,29.371,11.316
9.8807,29.444,11.164
9.8807,29.516,11.054
9.8807,29.588,10.993
9.8807,29.661,10.923
9.8807,29.733,10.844
9.8807,29.806,10.747
9.8807,29.878,10.626
9.8807,29.95,0
9.8807,30.023,0
9.8807,30.095,0
9.8807,30.168,0
9.8807,30.24,0
9.8807,30.312,0
9.8807,30.385,0
9.8807,30.457,0
9.8807,30.53,0
9.8807,30.602,0
9.9186,27.778,12.661
9.9186,27.851,12.662
9.9186,27.923,12.662
9.9186,27.995,12.659
9.9186,28.068,12.654
9.9186,28.14,12.642
9.9186,28.213,12.627
9.9186,28.285,12.611
9.9186,28.357,12.593
9.9186,28.43,12.571
9.9186,28.502,12.557
9.9186,28.575,12.525
9.9186,28.647,12.492
9.9186,28.719,12.448
9.9186,28.792,12.396
9.9186,28.864,12.334
9.9186,28.937,12.263
9.9186,29.009,12.18
9.9186,29.081,12.083
9.9186,29.154,11.959
9.9186,29.226,11.821
9.9186,29.299,11.658
9.9186,29.371,11.485
9.9186,29.444,11.315
9.9186,29.516,11.179
9.9186,29.588,11.103
9.9186,29.661,11.036
9.9186,29.733,10.964
9.9186,29.806,10.878
9.9186,29.878,10.778
9.9186,29.95,10.627
9.9186,30.023,0
9.9186,30.095,0
9.9186,30.168,0
9.9186,30.24,0
9.9186,30.312,0
9.9186,30.385,0
9.9186,30.457,0
9.9186,30.53,0
9.9186,30.602,0
9.9565,27.778,12.726
9.9565,27.851,12.737
9.9565,27.923,12.738
9.9565,27.995,12.737
9.9565,28.068,12.733
9.9565,28.14,12.724
9.9565,28.213,12.713
9.9565,28.285,12.695
9.9565,28.357,12.679
9.9565,28.43,12.659
9.9565,28.502,12.642
9.9565,28.575,12.619
9.9565,28.647,12.587
9.9565,28.719,12.548
9.9565,28.792,12.5
9.9565,28.864,12.443
9.9565,28.937,12.377
9.9565,29.009,12.303
9.9565,29.081,12.21
9.9565,29.154,12.102
9.9565,29.226,11.973
9.9565,29.299,11.822
9.9565,29.371,11.65
9.9565,29.444,11.477
9.9565,29.516,11.321
9.9565,29.588,11.217
9.9565,29.661,11.146
9.9565,29.733,11.079
9.9565,29.806,10.999
9.9565,29.878,10.909
9.9565,29.95,10.786
9.9565,30.023,10.628
9.9565,30.095,0
9.9565,30.168,0
9.9565,30.24,0
9.9565,30.312,0
9.9565,30.385,0
9.9565,30.457,0
9.9565,30.53,0
9.9565,30.602,0
9.9944,27.778,12.793
9.9944,27.851,12.811
9.9944,27.923,12.814
9.9944,27.995,12.814
9.9944,28.068,12.811
9.9944,28.14,12.806
9.9944,28.213,12.794
9.9944,28.285,12.78
9.9944,28.357,12.764
9.9944,28.43,12.746
9.9944,28.502,12.724
9.9944,28.575,12.71
9.9944,28.647,12.679
9.9944,28.719,12.646
9.9944,28.792,12.602
9.9944,28.864,12.55
9.9944,28.937,12.489
9.9944,29.009,12.418
9.9944,29.081,12.337
9.9944,29.154,12.241
9.9944,29.226,12.117
9.9944,29.299,11.981
9.9944,29.371,11.815
9.9944,29.444,11.645
9.9944,29.516,11.477
9.9944,29.588,11.332
9.9944,29.661,11.257
9.9944,29.733,11.192
9.9944,29.806,11.12
9.9944,29.878,11.034
9.9944,29.95,10.928
9.9944,30.023,10.79
9.9944,30.095,10.609
9.9944,30.168,0
9.9944,30.24,0
9.9944,30.312,0
9.9944,30.385,0
9.9944,30.457,0
9.9944,30.53,0
9.9944,30.602,0
10.032,27.778,12.868
10.032,27.851,12.876
10.032,27.923,12.889
10.032,27.995,12.89
10.032,28.068,12.889
10.032,28.14,12.885
10.032,28.213,12.876
10.032,28.285,12.865
10.032,28.357,12.848
10.032,28.43,12.832
10.032,28.502,12.812
10.032,28.575,12.793
10.032,28.647,12.772
10.032,28.719,12.74
10.032,28.792,12.702
10.032,28.864,12.655
10.032,28.937,12.598
10.032,29.009,12.532
10.032,29.081,12.46
10.032,29.154,12.367
10.032,29.226,12.261
10.032,29.299,12.132
10.032,29.371,11.982
10.032,29.444,11.81
10.032,29.516,11.637
10.032,29.588,11.478
10.032,29.661,11.372
10.032,29.733,11.303
10.032,29.806,11.234
10.032,29.878,11.156
10.032,29.95,11.07
10.032,30.023,10.946
10.032,30.095,10.783
10.032,30.168,0
10.032,30.24,0
10.032,30.312,0
10.032,30.385,0
10.032,30.457,0
10.032,30.53,0
10.032,30.602,0
10.07,27.778,12.94
10.07,27.851,12.944
10.07,27.923,12.96
10.07,27.995,12.965
10.07,28.068,12.965
10.07,28.14,12.963
10.07,28.213,12.958
10.07,28.285,12.946
10.07,28.357,12.934
10.07,28.43,12.917
10.07,28.502,12.899
10.07,28.575,12.877
10.07,28.647,12.864
10.07,28.719,12.833
10.07,28.792,12.8
10.07,28.864,12.757
10.07,28.937,12.705
10.07,29.009,12.644
10.07,29.081,12.574
10.07,29.154,12.493
10.07,29.226,12.398
10.07,29.299,12.276
10.07,29.371,12.141
10.07,29.444,11.975
10.07,29.516,11.803
10.07,29.588,11.634
10.07,29.661,11.489
10.07,29.733,11.409
10.07,29.806,11.347
10.07,29.878,11.274
10.07,29.95,11.193
10.07,30.023,11.085
10.07,30.095,10.943
10.07,30.168,0
10.07,30.24,0
10.07,30.312,0
10.07,30.385,0
10.07,30.457,0
10.07,30.53,0
10.07,30.602,0
10.108,27.778,13.01
10.108,27.851,13.018
10.108,27.923,13.024
10.108,27.995,13.04
10.108,28.068,13.041
10.108,28.14,13.041
10.108,28.213,13.037
10.108,28.285,13.03
10.108,28.357,13.018
10.108,28.43,13.001
10.108,28.502,12.985
10.108,28.575,12.965
10.108,28.647,12.946
10.108,28.719,12.926
10.108,28.792,12.893
10.108,28.864,12.857
10.108,28.937,12.809
10.108,29.009,12.754
10.108,29.081,12.688
10.108,29.154,12.616
10.108,29.226,12.523
10.108,29.299,12.419
10.108,29.371,12.292
10.108,29.444,12.142
10.108,29.516,11.972
10.108,29.588,11.796
10.108,29.661,11.636
10.108,29.733,11.524
10.108,29.806,11.457
10.108,29.878,11.391
10.108,29.95,11.315
10.108,30.023,11.225
10.108,30.095,11.095
10.108,30.168,10.943
10.108,30.24,0
10.108,30.312,0
10.108,30.385,0
10.108,30.457,0
10.108,30.53,0
10.108,30.602,0
10.146,27.778,13.078
10.146,27.851,13.088
10.146,27.923,13.094
10.146,27.995,13.11
10.146,28.068,13.116
10.146,28.14,13.117
10.146,28.213,13.115
10.146,28.285,13.111
10.146,28.357,13.1
10.146,28.43,13.087
10.146,28.502,13.07
10.146,28.575,13.053
10.146,28.647,13.031
10.146,28.719,13.017
10.146,28.792,12.987
10.146,28.864,12.955
10.146,28.937,12.911
10.146,29.009,12.86
10.146,29.081,12.8
10.146,29.154,12.729
10.146,29.226,12.65
10.146,29.299,12.555
10.146,29.371,12.434
10.146,29.444,12.301
10.146,29.516,12.138
10.146,29.588,11.961
10.146,29.661,11.794
10.146,29.733,11.656
10.146,29.806,11.564
10.146,29.878,11.501
10.146,29.95,11.432
10.146,30.023,11.347
10.146,30.095,11.24
10.146,30.168,11.106
10.146,30.24,0
10.146,30.312,0
10.146,30.385,0
10.146,30.457,0
10.146,30.53,0
10.146,30.602,0
10.184,27.778,13.144
10.184,27.851,13.157
10.184,27.923,13.167
10.184,27.995,13.174
10.184,28.068,13.19
10.184,28.14,13.193
10.184,28.213,13.192
10.184,28.285,13.189
10.184,28.357,13.184
10.184,28.43,13.171
10.184,28.502,13.155
10.184,28.575,13.139
10.184,28.647,13.119
10.184,28.719,13.097
10.184,28.792,13.08
10.184,28.864,13.047
10.184,28.937,13.011
10.184,29.009,12.964
10.184,29.081,12.909
10.184,29.154,12.844
10.184,29.226,12.772
10.184,29.299,12.681
10.184,29.371,12.577
10.184,29.444,12.451
10.184,29.516,12.303
10.184,29.588,12.132
10.184,29.661,11.957
10.184,29.733,11.797
10.184,29.806,11.681
10.184,29.878,11.612
10.184,29.95,11.547
10.184,30.023,11.469
10.184,30.095,11.377
10.184,30.168,11.258
10.184,30.24,11.108
10.184,30.312,0
10.184,30.385,0
10.184,30.457,0
10.184,30.53,0
10.184,30.602,0
10.222,27.778,13.208
10.222,27.851,13.223
10.222,27.923,13.236
10.222,27.995,13.243
10.222,28.068,13.258
10.222,28.14,13.262
10.222,28.213,13.269
10.222,28.285,13.267
10.222,28.357,13.263
10.222,28.43,13.253
10.222,28.502,13.242
10.222,28.575,13.224
10.222,28.647,13.206
10.222,28.719,13.185
10.222,28.792,13.167
10.222,28.864,13.141
10.222,28.937,13.108
10.222,29.009,13.067
10.222,29.081,13.016
10.222,29.154,12.956
10.222,29.226,12.885
10.222,29.299,12.807
10.222,29.371,12.712
10.222,29.444,12.593
10.222,29.516,12.461
10.222,29.588,12.3
10.222,29.661,12.122
10.222,29.733,11.949
10.222,29.806,11.814
10.222,29.878,11.721
10.222,29.95,11.659
10.222,30.023,11.586
10.222,30.095,11.506
10.222,30.168,11.406
10.222,30.24,11.274
10.222,30.312,11.1
10.222,30.385,10.887
10.222,30.457,0
10.222,30.53,0
10.222,30.602,0
10.26,27.778,13.264
10.26,27.851,13.285
10.26,27.923,13.301
10.26,27.995,13.314
10.26,28.068,13.324
10.26,28.14,13.326
10.26,28.213,13.344
10.26,28.285,13.344
10.26,28.357,13.342
10.26,28.43,13.337
10.26,28.502,13.324
10.26,28.575,13.31
10.26,28.647,13.293
10.26,28.719,13.273
10.26,28.792,13.249
10.26,28.864,13.235
10.26,28.937,13.201
10.26,29.009,13.167
10.26,29.081,13.12
10.26,29.154,13.065
10.26,29.226,13.001
10.26,29.299,12.927
10.26,29.371,12.839
10.26,29.444,12.736
10.26,29.516,12.61
10.26,29.588,12.464
10.26,29.661,12.294
10.26,29.733,12.117
10.26,29.806,11.957
10.26,29.878,11.833
10.26,29.95,11.77
10.26,30.023,11.702
10.26,30.095,11.626
10.26,30.168,11.538
10.26,30.24,11.418
10.26,30.312,11.268
10.26,30.385,11.088
10.26,30.457,0
10.26,30.53,0
10.26,30.602,0
10.297,27.778,13.31
10.297,27.851,13.342
10.297,27.923,13.364
10.297,27.995,13.38
10.297,28.068,13.392
10.297,28.14,13.4
10.297,28.213,13.411
10.297,28.285,13.42
10.297,28.357,13.419
10.297,28.43,13.416
10.297,28.502,13.408
10.297,28.575,13.395
10.297,28.647,13.378
10.297,28.719,13.361
10.297,28.792,13.339
10.297,28.864,13.32
10.297,28.937,13.297
10.297,29.009,13.263
10.297,29.081,13.222
10.297,29.154,13.172
10.297,29.226,13.113
10.297,29.299,13.042
10.297,29.371,12.965
10.297,29.444,12.87
10.297,29.516,12.753
10.297,29.588,12.621
10.297,29.661,12.461
10.297,29.733,12.288
10.297,29.806,12.111
10.297,29.878,11.968
10.297,29.95,11.877
10.297,30.023,11.814
10.297,30.095,11.743
10.297,30.168,11.665
10.297,30.24,11.56
10.297,30.312,11.427
10.297,30.385,11.26
10.297,30.457,11.052
10.297,30.53,0
10.297,30.602,0
10.335,27.778,13.346
10.335,27.851,13.385
10.335,27.923,13.417
10.335,27.995,13.44
10.335,28.068,13.457
10.335,28.14,13.47
10.335,28.213,13.475
10.335,28.285,13.493
10.335,28.357,13.496
10.335,28.43,13.494
10.335,28.502,13.49
10.335,28.575,13.479
10.335,28.647,13.465
10.335,28.719,13.447
10.335,28.792,13.428
10.335,28.864,13.405
10.335,28.937,13.389
10.335,29.009,13.357
10.335,29.081,13.323
10.335,29.154,13.277
10.335,29.226,13.222
10.335,29.299,13.158
10.335,29.371,13.088
10.335,29.444,12.997
10.335,29.516,12.895
10.335,29.588,12.771
10.335,29.661,12.626
10.335,29.733,12.457
10.335,29.806,12.276
10.335,29.878,12.113
10.335,29.95,11.982
10.335,30.023,11.925
10.335,30.095,11.856
10.335,30.168,11.783
10.335,30.24,11.692
10.335,30.312,11.58
10.335,30.385,11.429
10.335,30.457,11.25
10.335,30.53,0
10.335,30.602,0
10.373,27.778,13.19
10.373,27.851,13.371
10.373,27.923,13.45
10.373,27.995,13.491
10.373,28.068,13.517
10.373,28.14,13.535
10.373,28.213,13.547
10.373,28.285,13.556
10.373,28.357,13.571
10.373,28.43,13.571
10.373,28.502,13.569
10.373,28.575,13.563
10.373,28.647,13.55
10.373,28.719,13.533
10.373,28.792,13.516
10.373,28.864,13.495
10.373,28.937,13.47
10.373,29.009,13.453
10.373,29.081,13.418
10.373,29.154,13.379
10.373,29.226,13.329
10.373,29.299,13.27
10.373,29.371,13.201
10.373,29.444,13.124
10.373,29.516,13.027
10.373,29.588,12.915
10.373,29.661,12.782
10.373,29.733,12.623
10.373,29.806,12.448
10.373,29.878,12.273
10.373,29.95,12.127
10.373,30.023,12.031
10.373,30.095,11.967
10.373,30.168,11.9
10.373,30.24,11.821
10.373,30.312,11.728
10.373,30.385,11.594
10.373,30.457,11.424
10.373,30.53,11.218
10.373,30.602,0
10.411,27.778,0
10.411,27.851,13.259
10.411,27.923,13.447
10.411,27.995,13.523
10.411,28.068,13.566
10.411,28.14,13.594
10.411,28.213,13.611
10.411,28.285,13.622
10.411,28.357,13.636
10.411,28.43,13.646
10.411,28.502,13.647
10.411,28.575,13.643
10.411,28.647,13.633
10.411,28.719,13.621
10.411,28.792,13.602
10.411,28.864,13.584
10.411,28.937,13.561
10.411,29.009,13.544
10.411,29.081,13.514
10.411,29.154,13.48
10.411,29.226,13.434
10.411,29.299,13.38
10.411,29.371,13.316
10.411,29.444,13.242
10.411,29.516,13.157
10.411,29.588,13.057
10.411,29.661,12.929
10.411,29.733,12.788
10.411,29.806,12.622
10.411,29.878,12.445
10.411,29.95,12.278
10.411,30.023,12.14
10.411,30.095,12.077
10.411,30.168,12.015
10.411,30.24,11.939
10.411,30.312,11.855
10.411,30.385,11.742
10.411,30.457,11.592
10.411,30.53,11.415
10.411,30.602,11.174
10.449,27.778,0
10.449,27.851,0
10.449,27.923,0
10.449,27.995,13.483
10.449,28.068,13.565
10.449,28.14,13.632
10.449,28.213,13.666
10.449,28.285,13.688
10.449,28.357,13.699
10.449,28.43,13.709
10.449,28.502,13.723
10.449,28.575,13.722
10.449,28.647,13.717
10.449,28.719,13.705
10.449,28.792,13.692
10.449,28.864,13.672
10.449,28.937,13.651
10.449,29.009,13.626
10.449,29.081,13.61
10.449,29.154,13.577
10.449,29.226,13.537
10.449,29.299,13.487
10.449,29.371,13.429
10.449,29.444,13.36
10.449,29.516,13.284
10.449,29.588,13.191
10.449,29.661,13.076
10.449,29.733,12.943
10.449,29.806,12.788
10.449,29.878,12.611
10.449,29.95,12.44
10.449,30.023,12.291
10.449,30.095,12.187
10.449,30.168,12.127
10.449,30.24,12.054
10.449,30.312,11.978
10.449,30.385,11.883
10.449,30.457,11.753
10.449,30.53,11.592
10.449,30.602,11.386
10.487,27.778,0
10.487,27.851,0
10.487,27.923,0
10.487,27.995,0
10.487,28.068,13.419
10.487,28.14,13.633
10.487,28.213,13.705
10.487,28.285,13.743
10.487,28.357,13.765
10.487,28.43,13.775
10.487,28.502,13.788
10.487,28.575,13.799
10.487,28.647,13.797
10.487,28.719,13.791
10.487,28.792,13.777
10.487,28.864,13.759
10.487,28.937,13.741
10.487,29.009,13.718
10.487,29.081,13.695
10.487,29.154,13.672
10.487,29.226,13.636
10.487,29.299,13.593
10.487,29.371,13.539
10.487,29.444,13.476
10.487,29.516,13.404
10.487,29.588,13.318
10.487,29.661,13.219
10.487,29.733,13.097
10.487,29.806,12.952
10.487,29.878,12.784
10.487,29.95,12.605
10.487,30.023,12.438
10.487,30.095,12.305
10.487,30.168,12.238
10.487,30.24,12.166
10.487,30.312,12.096
10.487,30.385,12.014
10.487,30.457,11.903
10.487,30.53,11.759
10.487,30.602,11.588
10.525,27.778,0
10.525,27.851,0
10.525,27.923,0
10.525,27.995,0
10.525,28.068,0
10.525,28.14,0
10.525,28.213,13.644
10.525,28.285,13.755
10.525,28.357,13.811
10.525,28.43,13.837
10.525,28.502,13.851
10.525,28.575,13.866
10.525,28.647,13.875
10.525,28.719,13.872
10.525,28.792,13.864
10.525,28.864,13.849
10.525,28.937,13.83
10.525,29.009,13.809
10.525,29.081,13.784
10.525,29.154,13.769
10.525,29.226,13.733
10.525,29.299,13.697
10.525,29.371,13.647
10.525,29.444,13.589
10.525,29.516,13.521
10.525,29.588,13.446
10.525,29.661,13.352
10.525,29.733,13.24
10.525,29.806,13.107
10.525,29.878,12.951
10.525,29.95,12.78
10.525,30.023,12.6
10.525,30.095,12.447
10.525,30.168,12.344
10.525,30.24,12.281
10.525,30.312,12.211
10.525,30.385,12.136
10.525,30.457,12.045
10.525,30.53,11.916
10.525,30.602,11.759
10.563,27.778,0
10.563,27.851,0
10.563,27.923,0
10.563,27.995,0
10.563,28.068,0
10.563,28.14,0
10.563,28.213,0
10.563,28.285,0
10.563,28.357,13.755
10.563,28.43,13.877
10.563,28.502,13.912
10.563,28.575,13.926
10.563,28.647,13.939
10.563,28.719,13.95
10.563,28.792,13.947
10.563,28.864,13.938
10.563,28.937,13.92
10.563,29.009,13.9
10.563,29.081,13.878
10.563,29.154,13.858
10.563,29.226,13.832
10.563,29.299,13.798
10.563,29.371,13.754
10.563,29.444,13.701
10.563,29.516,13.638
10.563,29.588,13.564
10.563,29.661,13.482
10.563,29.733,13.383
10.563,29.806,13.262
10.563,29.878,13.116
10.563,29.95,12.953
10.563,30.023,12.775
10.563,30.095,12.6
10.563,30.168,12.47
10.563,30.24,12.395
10.563,30.312,12.325
10.563,30.385,12.255
10.563,30.457,12.173
10.563,30.53,12.063
10.563,30.602,11.924
10.6,27.778,0
10.6,27.851,0
10.6,27.923,0
10.6,27.995,0
10.6,28.068,0
10.6,28.14,0
10.6,28.213,0
10.6,28.285,0
10.6,28.357,0
10.6,28.43,13.776
10.6,28.502,13.939
10.6,28.575,13.985
10.6,28.647,14
10.6,28.719,14.017
10.6,28.792,14.025
10.6,28.864,14.022
10.6,28.937,14.011
10.6,29.009,13.993
10.6,29.081,13.97
10.6,29.154,13.945
10.6,29.226,13.923
10.6,29.299,13.895
10.6,29.371,13.859
10.6,29.444,13.81
10.6,29.516,13.752
10.6,29.588,13.684
10.6,29.661,13.609
10.6,29.733,13.514
10.6,29.806,13.406
10.6,29.878,13.274
10.6,29.95,13.125
10.6,30.023,12.948
10.6,30.095,12.773
10.6,30.168,12.615
10.6,30.24,12.502
10.6,30.312,12.44
10.6,30.385,12.372
10.6,30.457,12.296
10.6,30.53,12.201
10.6,30.602,12.082
10.638,27.778,0
10.638,27.851,0
10.638,27.923,0
10.638,27.995,0
10.638,28.068,0
10.638,28.14,0
10.638,28.213,0
10.638,28.285,0
10.638,28.357,0
10.638,28.43,0
10.638,28.502,0
10.638,28.575,13.972
10.638,28.647,14.039
10.638,28.719,14.074
10.638,28.792,14.094
10.638,28.864,14.101
10.638,28.937,14.097
10.638,29.009,14.082
10.638,29.081,14.064
10.638,29.154,14.04
10.638,29.226,14.013
10.638,29.299,13.991
10.638,29.371,13.958
10.638,29.444,13.918
10.638,29.516,13.865
10.638,29.588,13.803
10.638,29.661,13.729
10.638,29.733,13.648
10.638,29.806,13.551
10.638,29.878,13.426
10.638,29.95,13.289
10.638,30.023,13.125
10.638,30.095,12.945
10.638,30.168,12.774
10.638,30.24,12.636
10.638,30.312,12.549
10.638,30.385,12.488
10.638,30.457,12.417
10.638,30.53,12.333
10.638,30.602,12.228
10.676,27.778,0
10.676,27.851,0
10.676,27.923,0
10.676,27.995,0
10.676,28.068,0
10.676,28.14,0
10.676,28.213,0
10.676,28.285,0
10.676,28.357,0
10.676,28.43,0
10.676,28.502,0
10.676,28.575,0
10.676,28.647,13.982
10.676,28.719,14.111
10.676,28.792,14.146
10.676,28.864,14.167
10.676,28.937,14.177
10.676,29.009,14.171
10.676,29.081,14.155
10.676,29.154,14.133
10.676,29.226,14.11
10.676,29.299,14.081
10.676,29.371,14.061
10.676,29.444,14.025
10.676,29.516,13.976
10.676,29.588,13.919
10.676,29.661,13.852
10.676,29.733,13.778
10.676,29.806,13.683
10.676,29.878,13.577
10.676,29.95,13.446
10.676,30.023,13.295
10.676,30.095,13.119
10.676,30.168,12.942
10.676,30.24,12.783
10.676,30.312,12.662
10.676,30.385,12.6
10.676,30.457,12.535
10.676,30.53,12.459
10.676,30.602,12.368
10.714,27.778,0
10.714,27.851,0
10.714,27.923,0
10.714,27.995,0
10.714,28.068,0
10.714,28.14,0
10.714,28.213,0
10.714,28.285,0
10.714,28.357,0
10.714,28.43,0
10.714,28.502,0
10.714,28.575,0
10.714,28.647,0
10.714,28.719,0
10.714,28.792,14.16
10.714,28.864,14.208
10.714,28.937,14.241
10.714,29.009,14.253
10.714,29.081,14.246
10.714,29.154,14.228
10.714,29.226,14.205
10.714,29.299,14.18
10.714,29.371,14.158
10.714,29.444,14.126
10.714,29.516,14.087
10.714,29.588,14.034
10.714,29.661,13.972
10.714,29.733,13.899
10.714,29.806,13.819
10.714,29.878,13.716
10.714,29.95,13.599
10.714,30.023,13.464
10.714,30.095,13.298
10.714,30.168,13.119
10.714,30.24,12.947
10.714,30.312,12.802
10.714,30.385,12.709
10.714,30.457,12.65
10.714,30.53,12.579
10.714,30.602,12.5
10.752,27.778,0
10.752,27.851,0
10.752,27.923,0
10.752,27.995,0
10.752,28.068,0
10.752,28.14,0
10.752,28.213,0
10.752,28.285,0
10.752,28.357,0
10.752,28.43,0
10.752,28.502,0
10.752,28.575,0
10.752,28.647,0
10.752,28.719,0
10.752,28.792,0
10.752,28.864,14.13
10.752,28.937,14.25
10.752,29.009,14.311
10.752,29.081,14.328
10.752,29.154,14.322
10.752,29.226,14.303
10.752,29.299,14.278
10.752,29.371,14.25
10.752,29.444,14.227
10.752,29.516,14.191
10.752,29.588,14.148
10.752,29.661,14.091
10.752,29.733,14.024
10.752,29.806,13.945
10.752,29.878,13.858
10.752,29.95,13.752
10.752,30.023,13.62
10.752,30.095,13.471
10.752,30.168,13.294
10.752,30.24,13.12
10.752,30.312,12.954
10.752,30.385,12.823
10.752,30.457,12.761
10.752,30.53,12.693
10.752,30.602,12.622
10.79,27.778,0
10.79,27.851,0
10.79,27.923,0
10.79,27.995,0
10.79,28.068,0
10.79,28.14,0
10.79,28.213,0
10.79,28.285,0
10.79,28.357,0
10.79,28.43,0
10.79,28.502,0
10.79,28.575,0
10.79,28.647,0
10.79,28.719,0
10.79,28.792,0
10.79,28.864,0
10.79,28.937,0
10.79,29.009,14.305
10.79,29.081,14.377
10.79,29.154,14.403
10.79,29.226,14.399
10.79,29.299,14.379
10.79,29.371,14.352
10.79,29.444,14.321
10.79,29.516,14.295
10.79,29.588,14.26
10.79,29.661,14.209
10.79,29.733,14.148
10.79,29.806,14.075
10.79,29.878,13.996
10.79,29.95,13.894
10.79,30.023,13.779
10.79,30.095,13.638
10.79,30.168,13.481
10.79,30.24,13.302
10.79,30.312,13.12
10.79,30.385,12.971
10.79,30.457,12.867
10.79,30.53,12.809
10.79,30.602,12.741
10.828,27.778,0
10.828,27.851,0
10.828,27.923,0
10.828,27.995,0
10.828,28.068,0
10.828,28.14,0
10.828,28.213,0
10.828,28.285,0
10.828,28.357,0
10.828,28.43,0
10.828,28.502,0
10.828,28.575,0
10.828,28.647,0
10.828,28.719,0
10.828,28.792,0
10.828,28.864,0
10.828,28.937,0
10.828,29.009,0
10.828,29.081,0
10.828,29.154,14.435
10.828,29.226,14.467
10.828,29.299,14.477
10.828,29.371,14.456
10.828,29.444,14.426
10.828,29.516,14.393
10.828,29.588,14.369
10.828,29.661,14.326
10.828,29.733,14.27
10.828,29.806,14.204
10.828,29.878,14.125
10.828,29.95,14.039
10.828,30.023,13.936
10.828,30.095,13.803
10.828,30.168,13.657
10.828,30.24,13.484
10.828,30.312,13.297
10.828,30.385,13.13
10.828,30.457,12.996
10.828,30.53,12.929
10.828,30.602,12.859
10.866,27.778,0
10.866,27.851,0
10.866,27.923,0
10.866,27.995,0
10.866,28.068,0
10.866,28.14,0
10.866,28.213,0
10.866,28.285,0
10.866,28.357,0
10.866,28.43,0
10.866,28.502,0
10.866,28.575,0
10.866,28.647,0
10.866,28.719,0
10.866,28.792,0
10.866,28.864,0
10.866,28.937,0
10.866,29.009,0
10.866,29.081,0
10.866,29.154,0
10.866,29.226,14.437
10.866,29.299,14.539
10.866,29.371,14.554
10.866,29.444,14.533
10.866,29.516,14.501
10.866,29.588,14.47
10.866,29.661,14.439
10.866,29.733,14.392
10.866,29.806,14.332
10.866,29.878,14.26
10.866,29.95,14.175
10.866,30.023,14.081
10.866,30.095,13.968
10.866,30.168,13.83
10.866,30.24,13.667
10.866,30.312,13.486
10.866,30.385,13.304
10.866,30.457,13.147
10.866,30.53,13.035
10.866,30.602,12.981
10.903,27.778,0
10.903,27.851,0
10.903,27.923,0
10.903,27.995,0
10.903,28.068,0
10.903,28.14,0
10.903,28.213,0
10.903,28.285,0
10.903,28.357,0
10.903,28.43,0
10.903,28.502,0
10.903,28.575,0
10.903,28.647,0
10.903,28.719,0
10.903,28.792,0
10.903,28.864,0
10.903,28.937,0
10.903,29.009,0
10.903,29.081,0
10.903,29.154,0
10.903,29.226,0
10.903,29.299,0
10.903,29.371,14.604
10.903,29.444,14.632
10.903,29.516,14.613
10.903,29.588,14.579
10.903,29.661,14.547
10.903,29.733,14.51
10.903,29.806,14.46
10.903,29.878,14.394
10.903,29.95,14.316
10.903,30.023,14.231
10.903,30.095,14.122
10.903,30.168,13.998
10.903,30.24,13.847
10.903,30.312,13.68
10.903,30.385,13.493
10.903,30.457,13.321
10.903,30.53,13.174
10.903,30.602,13.092
10.941,27.778,0
10.941,27.851,0
10.941,27.923,0
10.941,27.995,0
10.941,28.068,0
10.941,28.14,0
10.941,28.213,0
10.941,28.285,0
10.941,28.357,0
10.941,28.43,0
10.941,28.502,0
10.941,28.575,0
10.941,28.647,0
10.941,28.719,0
10.941,28.792,0
10.941,28.864,0
10.941,28.937,0
10.941,29.009,0
10.941,29.081,0
10.941,29.154,0
10.941,29.226,0
10.941,29.299,0
10.941,29.371,0
10.941,29.444,14.646
10.941,29.516,14.689
10.941,29.588,14.694
10.941,29.661,14.658
10.941,29.733,14.62
10.941,29.806,14.58
10.941,29.878,14.529
10.941,29.95,14.458
10.941,30.023,14.373
10.941,30.095,14.28
10.941,30.168,14.166
10.941,30.24,14.028
10.941,30.312,13.871
10.941,30.385,13.695
10.941,30.457,13.504
10.941,30.53,13.335
10.941,30.602,13.214
10.979,27.778,0
10.979,27.851,0
10.979,27.923,0
10.979,27.995,0
10.979,28.068,0
10.979,28.14,0
10.979,28.213,0
10.979,28.285,0
10.979,28.357,0
10.979,28.43,0
10.979,28.502,0
10.979,28.575,0
10.979,28.647,0
10.979,28.719,0
10.979,28.792,0
10.979,28.864,0
10.979,28.937,0
10.979,29.009,0
10.979,29.081,0
10.979,29.154,0
10.979,29.226,0
10.979,29.299,0
10.979,29.371,0
10.979,29.444,0
10.979,29.516,0
10.979,29.588,14.746
10.979,29.661,14.772
10.979,29.733,14.741
10.979,29.806,14.694
10.979,29.878,14.659
10.979,29.95,14.6
10.979,30.023,14.523
10.979,30.095,14.431
10.979,30.168,14.331
10.979,30.24,14.211
10.979,30.312,14.063
10.979,30.385,13.891
10.979,30.457,13.7
10.979,30.53,13.52
10.979,30.602,13.362
11.017,27.778,0
11.017,27.851,0
11.017,27.923,0
11.017,27.995,0
11.017,28.068,0
11.017,28.14,0
11.017,28.213,0
11.017,28.285,0
11.017,28.357,0
11.017,28.43,0
11.017,28.502,0
11.017,28.575,0
11.017,28.647,0
11.017,28.719,0
11.017,28.792,0
11.017,28.864,0
11.017,28.937,0
11.017,29.009,0
11.017,29.081,0
11.017,29.154,0
11.017,29.226,0
11.017,29.299,0
11.017,29.371,0
11.017,29.444,0
11.017,29.516,0
11.017,29.588,0
11.017,29.661,14.776
11.017,29.733,14.844
11.017,29.806,14.83
11.017,29.878,14.779
11.017,29.95,14.736
11.017,30.023,14.674
11.017,30.095,14.59
11.017,30.168,14.491
11.017,30.24,14.382
11.017,30.312,14.251
11.017,30.385,14.089
11.017,30.457,13.911
11.017,30.53,13.728
11.017,30.602,13.543
11.055,27.778,0
11.055,27.851,0
11.055,27.923,0
11.055,27.995,0
11.055,28.068,0
11.055,28.14,0
11.055,28.213,0
11.055,28.285,0
11.055,28.357,0
11.055,28.43,0
11.055,28.502,0
11.055,28.575,0
11.055,28.647,0
11.055,28.719,0
11.055,28.792,0
11.055,28.864,0
11.055,28.937,0
11.055,29.009,0
11.055,29.081,0
11.055,29.154,0
11.055,29.226,0
11.055,29.299,0
11.055,29.371,0
11.055,29.444,0
11.055,29.516,0
11.055,29.588,0
11.055,29.661,0
11.055,29.733,0
11.055,29.806,14.912
11.055,29.878,14.915
11.055,29.95,14.862
11.055,30.023,14.81
11.055,30.095,14.751
11.055,30.168,14.66
11.055,30.24,14.557
11.055,30.312,14.435
11.055,30.385,14.292
11.055,30.457,14.124
11.055,30.53,13.935
11.055,30.602,13.736
11.093,27.778,0
11.093,27.851,0
11.093,27.923,0
11.093,27.995,0
11.093,28.068,0
11.093,28.14,0
11.093,28.213,0
11.093,28.285,0
11.093,28.357,0
11.093,28.43,0
11.093,28.502,0
11.093,28.575,0
11.093,28.647,0
11.093,28.719,0
11.093,28.792,0
11.093,28.864,0
11.093,28.937,0
11.093,29.009,0
11.093,29.081,0
11.093,29.154,0
11.093,29.226,0
11.093,29.299,0
11.093,29.371,0
11.093,29.444,0
11.093,29.516,0
11.093,29.588,0
11.093,29.661,0
11.093,29.733,0
11.093,29.806,0
11.093,29.878,0
11.093,29.95,14.991
11.093,30.023,14.953
11.093,30.095,14.903
11.093,30.168,14.83
11.093,30.24,14.735
11.093,30.312,14.626
11.093,30.385,14.492
11.093,30.457,14.341
11.093,30.53,14.156
11.093,30.602,13.961
11.131,27.778,0
11.131,27.851,0
11.131,27.923,0
11.131,27.995,0
11.131,28.068,0
11.131,28.14,0
11.131,28.213,0
11.131,28.285,0
11.131,28.357,0
11.131,28.43,0
11.131,28.502,0
11.131,28.575,0
11.131,28.647,0
11.131,28.719,0
11.131,28.792,0
11.131,28.864,0
11.131,28.937,0
11.131,29.009,0
11.131,29.081,0
11.131,29.154,0
11.131,29.226,0
11.131,29.299,0
11.131,29.371,0
11.131,29.444,0
11.131,29.516,0
11.131,29.588,0
11.131,29.661,0
11.131,29.733,0
11.131,29.806,0
11.131,29.878,0
11.131,29.95,0
11.131,30.023,15.055
11.131,30.095,15.056
11.131,30.168,14.996
11.131,30.24,14.916
11.131,30.312,14.815
11.131,30.385,14.696
11.131,30.457,14.553
11.131,30.53,14.389
11.131,30.602,14.198
11.169,27.778,0
11.169,27.851,0
11.169,27.923,0
11.169,27.995,0
11.169,28.068,0
11.169,28.14,0
11.169,28.213,0
11.169,28.285,0
11.169,28.357,0
11.169,28.43,0
11.169,28.502,0
11.169,28.575,0
11.169,28.647,0
11.169,28.719,0
11.169,28.792,0
11.169,28.864,0
11.169,28.937,0
11.169,29.009,0
11.169,29.081,0
11.169,29.154,0
11.169,29.226,0
11.169,29.299,0
11.169,29.371,0
11.169,29.444,0
11.169,29.516,0
11.169,29.588,0
11.169,29.661,0
11.169,29.733,0
11.169,29.806,0
11.169,29.878,0
11.169,29.95,0
11.169,30.023,0
11.169,30.095,0
11.169,30.168,15.154
11.169,30.24,15.075
11.169,30.312,15.011
11.169,30.385,14.902
11.169,30.457,14.775
11.169,30.53,14.617
11.169,30.602,14.444
11.206,27.778,0
11.206,27.851,0
11.206,27.923,0
11.206,27.995,0
11.206,28.068,0
11.206,28.14,0
11.206,28.213,0
11.206,28.285,0
11.206,28.357,0
11.206,28.43,0
11.206,28.502,0
11.206,28.575,0
11.206,28.647,0
11.206,28.719,0
11.206,28.792,0
11.206,28.864,0
11.206,28.937,0
11.206,29.009,0
11.206,29.081,0
11.206,29.154,0
11.206,29.226,0
11.206,29.299,0
11.206,29.371,0
11.206,29.444,0
11.206,29.516,0
11.206,29.588,0
11.206,29.661,0
11.206,29.733,0
11.206,29.806,0
11.206,29.878,0
11.206,29.95,0
11.206,30.023,0
11.206,30.095,0
11.206,30.168,0
11.206,30.24,0
11.206,30.312,15.188
11.206,30.385,15.109
11.206,30.457,14.998
11.206,30.53,14.856
11.206,30.602,14.695
11.244,27.778,0
11.244,27.851,0
11.244,27.923,0
11.244,27.995,0
11.244,28.068,0
11.244,28.14,0
11.244,28.213,0
11.244,28.285,0
11.244,28.357,0
11.244,28.43,0
11.244,28.502,0
11.244,28.575,0
11.244,28.647,0
11.244,28.719,0
11.244,28.792,0
11.244,28.864,0
11.244,28.937,0
11.244,29.009,0
11.244,29.081,0
11.244,29.154,0
11.244,29.226,0
11.244,29.299,0
11.244,29.371,0
11.244,29.444,0
11.244,29.516,0
11.244,29.588,0
11.244,29.661,0
11.244,29.733,0
11.244,29.806,0
11.244,29.878,0
11.244,29.95,0
11.244,30.023,0
11.244,30.095,0
11.244,30.168,0
11.244,30.24,0
11.244,30.312,0
11.244,30.385,15.305
11.244,30.457,15.204
11.244,30.53,15.106
11.244,30.602,14.947
11.282,27.778,0
11.282,27.851,0
11.282,27.923,0
11.282,27.995,0
11.282,28.068,0
11.282,28.14,0
11.282,28.213,0
11.282,28.285,0
11.282,28.357,0
11.282,28.43,0
11.282,28.502,0
11.282,28.575,0
11.282,28.647,0
11.282,28.719,0
11.282,28.792,0
11.282,28.864,0
11.282,28.937,0
11.282,29.009,0
11.282,29.081,0
11.282,29.154,0
11.282,29.226,0
11.282,29.299,0
11.282,29.371,0
11.282,29.444,0
11.282,29.516,0
11.282,29.588,0
11.282,29.661,0
11.282,29.733,0
11.282,29.806,0
11.282,29.878,0
11.282,29.95,0
11.282,30.023,0
11.282,30.095,0
11.282,30.168,0
11.282,30.24,0
11.282,30.312,0
11.282,30.385,0
11.282,30.457,0
11.282,30.53,15.327
11.282,30.602,15.229
11.32,27.778,0
11.32,27.851,0
11.32,27.923,0
11.32,27.995,0
11.32,28.068,0
11.32,28.14,0
11.32,28.213,0
11.32,28.285,0
11.32,28.357,0
11.32,28.43,0
11.32,28.502,0
11.32,28.575,0
11.32,28.647,0
11.32,28.719,0
11.32,28.792,0
11.32,28.864,0
11.32,28.937,0
11.32,29.009,0
11.32,29.081,0
11.32,29.154,0
11.32,29.226,0
11.32,29.299,0
11.32,29.371,0
11.32,29.444,0
11.32,29.516,0
11.32,29.588,0
11.32,29.661,0
11.32,29.733,0
11.32,29.806,0
11.32,29.878,0
11.32,29.95,0
11.32,30.023,0
11.32,30.095,0
11.32,30.168,0
11.32,30.24,0
11.32,30.312,0
11.32,30.385,0
11.32,30.457,0
11.32,30.53,0
11.32,30.602,0
11.358,27.778,0
11.358,27.851,0
11.358,27.923,0
11.358,27.995,0
11.358,28.068,0
11.358,28.14,0
11.358,28.213,0
11.358,28.285,0
11.358,28.357,0
11.358,28.43,0
11.358,28.502,0
11.358,28.575,0
11.358,28.647,0
11.358,28.719,0
11.358,28.792,0
11.358,28.864,0
11.358,28.937,0
11.358,29.009,0
11.358,29.081,0
11.358,29.154,0
11.358,29.226,0
11.358,29.299,0
11.358,29.371,0
11.358,29.444,0
11.358,29.516,0
11.358,29.588,0
11.358,29.661,0
11.358,29.733,0
11.358,29.806,0
11.358,29.878,0
11.358,29.95,0
11.358,30.023,0
11.358,30.095,0
11.358,30.168,0
11.358,30.24,0
11.358,30.312,0
11.358,30.385,0
11.358,30.457,0
11.358,30.53,0
11.358,30.602,0
11.396,27.778,0
11.396,27.851,0
11.396,27.923,0
11.396,27.995,0
11.396,28.068,0
11.396,28.14,0
11.396,28.213,0
11.396,28.285,0
11.396,28.357,0
11.396,28.43,0
11.396,28.502,0
11.396,28.575,0
11.396,28.647,0
11.396,28.719,0
11.396,28.792,0
11.396,28.864,0
11.396,28.937,0
11.396,29.009,0
11.396,29.081,0
11.396,29.154,0
11.396,29.226,0
11.396,29.299,0
11.396,29.371,0
11.396,29.444,0
11.396,29.516,0
11.396,29.588,0
11.396,29.661,0
11.396,29.733,0
11.396,29.806,0
11.396,29.878,0
11.396,29.95,0
11.396,30.023,0
11.396,30.095,0
11.396,30.168,0
11.396,30.24,0
11.396,30.312,0
11.396,30.385,0
11.396,30.457,0
11.396,30.53,0
11.396,30.602,0
11.434,27.778,0
11.434,27.851,0
11.434,27.923,0
11.434,27.995,0
11.434,28.068,0
11.434,28.14,0
11.434,28.213,0
11.434,28.285,0
11.434,28.357,0
11.434,28.43,0
11.434,28.502,0
11.434,28.575,0
11.434,28.647,0
11.434,28.719,0
11.434,28.792,0
11.434,28.864,0
11.434,28.937,0
11.434,29.009,0
11.434,29.081,0
11.434,29.154,0
11.434,29.226,0
11.434,29.299,0
11.434,29.371,0
11.434,29.444,0
11.434,29.516,0
11.434,29.588,0
11.434,29.661,0
11.434,29.733,0
11.434,29.806,0
11.434,29.878,0
11.434,29.95,0
11.434,30.023,0
11.434,30.095,0
11.434,30.168,0
11.434,30.24,0
11.434,30.312,0
11.434,30.385,0
11.434,30.457,0
11.434,30.53,0
11.434,30.602,0
11.472,27.778,0
11.472,27.851,0
11.472,27.923,0
11.472,27.995,0
11.472,28.068,0
11.472,28.14,0
11.472,28.213,0
11.472,28.285,0
11.472,28.357,0
11.472,28.43,0
11.472,28.502,0
11.472,28.575,0
11.472,28.647,0
11.472,28.719,0
11.472,28.792,0
11.472,28.864,0
11.472,28.937,0
11.472,29.009,0
11.472,29.081,0
11.472,29.154,0
11.472,29.226,0
11.472,29.299,0
11.472,29.371,0
11.472,29.444,0
11.472,29.516,0
11.472,29.588,0
11.472,29.661,0
11.472,29.733,0
11.472,29.806,0
11.472,29.878,0
11.472,29.95,0
11.472,30.023,0
11.472,30.095,0
11.472,30.168,0
11.472,30.24,0
11.472,30.312,0
11.472,30.385,0
11.472,30.457,0
11.472,30.53,0
11.472,30.602,0
11.509,27.778,0
11.509,27.851,0
11.509,27.923,0
11.509,27.995,0
11.509,28.068,0
11.509,28.14,0
11.509,28.213,0
11.509,28.285,0
11.509,28.357,0
11.509,28.43,0
11.509,28.502,0
11.509,28.575,0
11.509,28.647,0
11.509,28.719,0
11.509,28.792,0
11.509,28.864,0
11.509,28.937,0
11.509,29.009,0
11.509,29.081,0
11.509,29.154,0
11.509,29.226,0
11.509,29.299,0
11.509,29.371,0
11.509,29.444,0
11.509,29.516,0
11.509,29.588,0
11.509,29.661,0
11.509,29.733,0
11.509,29.806,0
11.509,29.878,0
11.509,29.95,0
11.509,30.023,0
11.509,30.095,0
11.509,30.168,0
11.509,30.24,0
11.509,30.312,0
11.509,30.385,0
11.509,30.457,0
11.509,30.53,0
11.509,30.602,0
11.547,27.778,0
11.547,27.851,0
11.547,27.923,0
11.547,27.995,0
11.547,28.068,0
11.547,28.14,0
11.547,28.213,0
11.547,28.285,0
11.547,28.357,0
11.547,28.43,0
11.547,28.502,0
11.547,28.575,0
11.547,28.647,0
11.547,28.719,0
11.547,28.792,0
11.547,28.864,0
11.547,28.937,0
11.547,29.009,0
11.547,29.081,0
11.547,29.154,0
11.547,29.226,0
11.547,29.299,0
11.547,29.371,0
11.547,29.444,0
11.547,29.516,0
11.547,29.588,0
11.547,29.661,0
11.547,29.733,0
11.547,29.806,0
11.547,29.878,0
11.547,29.95,0
11.547,30.023,0
11.547,30.095,0
11.547,30.168,0
11.547,30.24,0
11.547,30.312,0
11.547,30.385,0
11.547,30.457,0
11.547,30.53,0
11.547,30.602,0
11.585,27.778,0
11.585,27.851,0
11.585,27.923,0
11.585,27.995,0
11.585,28.068,0
11.585,28.14,0
11.585,28.213,0
11.585,28.285,0
11.585,28.357,0
11.585,28.43,0
11.585,28.502,0
11.585,28.575,0
11.585,28.647,0
11.585,28.719,0
11.585,28.792,0
11.585,28.864,0
11.585,28.937,0
11.585,29.009,0
11.585,29.081,0
11.585,29.154,0
11.585,29.226,0
11.585,29.299,0
11.585,29.371,0
11.585,29.444,0
11.585,29.516,0
11.585,29.588,0
11.585,29.661,0
11.585,29.733,0
11.585,29.806,0
11.585,29.878,0
11.585,29.95,0
11.585,30.023,0
11.585,30.095,0
11.585,30.168,0
11.585,30.24,0
11.585,30.312,0
11.585,30.385,0
11.585,30.457,0
11.585,30.53,0
11.585,30.602,0
11.623,27.778,0
11.623,27.851,0
11.623,27.923,0
11.623,27.995,0
11.623,28.068,0
11.623,28.14,0
11.623,28.213,0
11.623,28.285,0
11.623,28.357,0
11.623,28.43,0
11.623,28.502,0
11.623,28.575,0
11.623,28.647,0
11.623,28.719,0
11.623,28.792,0
11.623,28.864,0
11.623,28.937,0
11.623,29.009,0
11.623,29.081,0
11.623,29.154,0
11.623,29.226,0
11.623,29.299,0
11.623,29.371,0
11.623,29.444,0
11.623,29.516,0
11.623,29.588,0
11.623,29.661,0
11.623,29.733,0
11.623,29.806,0
11.623,29.878,0
11.623,29.95,0
11.623,30.023,0
11.623,30.095,0
11.623,30.168,0
11.623,30.24,0
11.623,30.312,0
11.623,30.385,0
11.623,30.457,0
11.623,30.53,0
11.623,30.602,0
11.661,27.778,0
11.661,27.851,0
11.661,27.923,0
11.661,27.995,0
11.661,28.068,0
11.661,28.14,0
11.661,28.213,0
11.661,28.285,0
11.661,28.357,0
11.661,28.43,0
11.661,28.502,0
11.661,28.575,0
11.661,28.647,0
11.661,28.719,0
11.661,28.792,0
11.661,28.864,0
11.661,28.937,0
11.661,29.009,0
11.661,29.081,0
11.661,29.154,0
11.661,29.226,0
11.661,29.299,0
11.661,29.371,0
11.661,29.444,0
11.661,29.516,0
11.661,29.588,0
11.661,29.661,0
11.661,29.733,0
11.661,29.806,0
11.661,29.878,0
11.661,29.95,0
11.661,30.023,0
11.661,30.095,0
11.661,30.168,0
11.661,30.24,0
11.661,30.312,0
11.661,30.385,0
11.661,30.457,0
11.661,30.53,0
11.661,30.602,0
11.699,27.778,0
11.699,27.851,0
11.699,27.923,0
11.699,27.995,0
11.699,28.068,0
11.699,28.14,0
11.699,28.213,0
11.699,28.285,0
11.699,28.357,0
11.699,28.43,0
11.699,28.502,0
11.699,28.575,0
11.699,28.647,0
11.699,28.719,0
11.699,28.792,0
11.699,28.864,0
11.699,28.937,0
11.699,29.009,0
11.699,29.081,0
11.699,29.154,0
11.699,29.226,0
11.699,29.299,0
11.699,29.371,0
11.699,29.444,0
11.699,29.516,0
11.699,29.588,0
11.699,29.661,0
11.699,29.733,0
11.699,29.806,0
11.699,29.878,0
11.699,29.95,0
11.699,30.023,0
11.699,30.095,0
11.699,30.168,0
11.699,30.24,0
11.699,30.312,0
11.699,30.385,0
11.699,30.457,0
11.699,30.53,0
11.699,30.602,0
11.737,27.778,0
11.737,27.851,0
11.737,27.923,0
11.737,27.995,0
11.737,28.068,0
11.737,28.14,0
11.737,28.213,0
11.737,28.285,0
11.737,28.357,0
11.737,28.43,0
11.737,28.502,0
11.737,28.575,0
11.737,28.647,0
11.737,28.719,0
11.737,28.792,0
11.737,28.864,0
11.737,28.937,0
11.737,29.009,0
11.737,29.081,0
11.737,29.154,0
11.737,29.226,0
11.737,29.299,0
11.737,29.371,0
11.737,29.444,0
11.737,29.516,0
11.737,29.588,0
11.737,29.661,0
11.737,29.733,0
11.737,29.806,0
11.737,29.878,0
11.737,29.95,0
11.737,30.023,0
11.737,30.095,0
11.737,30.168,0
11.737,30.24,0
11.737,30.312,0
11.737,30.385,0
11.737,30.457,0
11.737,30.53,0
11.737,30.602,0
11.775,27.778,0
11.775,27.851,0
11.775,27.923,0
11.775,27.995,0
11.775,28.068,0
11.775,28.14,0
11.775,28.213,0
11.775,28.285,0
11.775,28.357,0
11.775,28.43,0
11.775,28.502,0
11.775,28.575,0
11.775,28.647,0
11.775,28.719,0
11.775,28.792,0
11.775,28.864,0
11.775,28.937,0
11.775,29.009,0
11.775,29.081,0
11.775,29.154,0
11.775,29.226,0
11.775,29.299,0
11.775,29.371,0
11.775,29.444,0
11.775,29.516,0
11.775,29.588,0
11.775,29.661,0
11.775,29.733,0
11.775,29.806,0
11.775,29.878,0
11.775,29.95,0
11.775,30.023,0
11.775,30.095,0
11.775,30.168,0
11.775,30.24,0
11.775,30.312,0
11.775,30.385,0
11.775,30.457,0
11.775,30.53,0
11.775,30.602,0
11.813,27.778,0
11.813,27.851,0
11.813,27.923,0
11.813,27.995,0
11.813,28.068,0
11.813,28.14,0
11.813,28.213,0
11.813,28.285,0
11.813,28.357,0
11.813,28.43,0
11.813,28.502,0
11.813,28.575,0
11.813,28.647,0
11.813,28.719,0
11.813,28.792,0
11.813,28.864,0
11.813,28.937,0
11.813,29.009,0
11.813,29.081,0
11.813,29.154,0
11.813,29.226,0
11.813,29.299,0
11.813,29.371,0
11.813,29.444,0
11.813,29.516,0
11.813,29.588,0
11.813,29.661,0
11.813,29.733,0
11.813,29.806,0
11.813,29.878,0
11.813,29.95,0
11.813,30.023,0
11.813,30.095,0
11.813,30.168,0
11.813,30.24,0
11.813,30.312,0
11.813,30.385,0
11.813,30.457,0
11.813,30.53,0
11.813,30.602,0
11.85,27.778,0
11.85,27.851,0
11.85,27.923,0
11.85,27.995,0
11.85,28.068,0
11.85,28.14,0
11.85,28.213,0
11.85,28.285,0
11.85,28.357,0
11.85,28.43,0
11.85,28.502,0
11.85,28.575,0
11.85,28.647,0
11.85,28.719,0
11.85,28.792,0
11.85,28.864,0
11.85,28.937,0
11.85,29.009,0
11.85,29.081,0
11.85,29.154,0
11.85,29.226,0
11.85,29.299,0
11.85,29.371,0
11.85,29.444,0
11.85,29.516,0
11.85,29.588,0
11.85,29.661,0
11.85,29.733,0
11.85,29.806,0
11.85,29.878,0
11.85,29.95,0
11.85,30.023,0
11.85,30.095,0
11.85,30.168,0
11.85,30.24,0
11.85,30.312,0
11.85,30.385,0
11.85,30.457,0
11.85,30.53,0
11.85,30.602,0
11.888,27.778,0
11.888,27.851,0
11.888,27.923,0
11.888,27.995,0
11.888,28.068,0
11.888,28.14,0
11.888,28.213,0
11.888,28.285,0
11.888,28.357,0
11.888,28.43,0
11.888,28.502,0
11.888,28.575,0
11.888,28.647,0
11.888,28.719,0
11.888,28.792,0
11.888,28.864,0
11.888,28.937,0
11.888,29.009,0
11.888,29.081,0
11.888,29.154,0
11.888,29.226,0
11.888,29.299,0
11.888,29.371,0
11.888,29.444,0
11.888,29.516,0
11.888,29.588,0
11.888,29.661,0
11.888,29.733,0
11.888,29.806,0
11.888,29.878,0
11.888,29.95,0
11.888,30.023,0
11.888,30.095,0
11.888,30.168,0
11.888,30.24,0
11.888,30.312,0
11.888,30.385,0
11.888,30.457,0
11.888,30.53,0
11.888,30.602,0
11.926,27.778,0
11.926,27.851,0
11.926,27.923,0
11.926,27.995,0
11.926,28.068,0
11.926,28.14,0
11.926,28.213,0
11.926,28.285,0
11.926,28.357,0
11.926,28.43,0
11.926,28.502,0
11.926,28.575,0
11.926,28.647,0
11.926,28.719,0
11.926,28.792,0
11.926,28.864,0
11.926,28.937,0
11.926,29.009,0
11.926,29.081,0
11.926,29.154,0
11.926,29.226,0
11.926,29.299,0
11.926,29.371,0
11.926,29.444,0
11.926,29.516,0
11.926,29.588,0
11.926,29.661,0
11.926,29.733,0
11.926,29.806,0
11.926,29.878,0
11.926,29.95,0
11.926,30.023,0
11.926,30.095,0
11.926,30.168,0
11.926,30.24,0
11.926,30.312,0
11.926,30.385,0
11.926,30.457,0
11.926,30.53,0
11.926,30.602,0
11.964,27.778,0
11.964,27.851,0
11.964,27.923,0
11.964,27.995,0
11.964,28.068,0
11.964,28.14,0
11.964,28.213,0
11.964,28.285,0
11.964,28.357,0
11.964,28.43,0
11.964,28.502,0
11.964,28.575,0
11.964,28.647,0
11.964,28.719,0
11.964,28.792,0
11.964,28.864,0
11.964,28.937,0
11.964,29.009,0
11.964,29.081,0
11.964,29.154,0
11.964,29.226,0
11.964,29.299,0
11.964,29.371,0
11.964,29.444,0
11.964,29.516,0
11.964,29.588,0
11.964,29.661,0
11.964,29.733,0
11.964,29.806,0
11.964,29.878,0
11.964,29.95,0
11.964,30.023,0
11.964,30.095,0
11.964,30.168,0
11.964,30.24,0
11.964,30.312,0
11.964,30.385,0
11.964,30.457,0
11.964,30.53,0
11.964,30.602,0
